This is pdfTeX, Version 3.1415926-2.3-1.40.12 (MiKTeX 2.9) (preloaded format=pdflatex 2012.8.29)  8 SEP 2015 16:44
entering extended mode
**C:/Users/Evan/Google*Drive/FDCL/Evan/Publications/ACC16.1/ACC16.1[Conflict].t
ex

("C:/Users/Evan/Google Drive/FDCL/Evan/Publications/ACC16.1/ACC16.1[Conflict].t
ex"
LaTeX2e <2011/06/27>
Babel <v3.8m> and hyphenation patterns for english, afrikaans, ancientgreek, ar
abic, armenian, assamese, basque, bengali, bokmal, bulgarian, catalan, coptic, 
croatian, czech, danish, dutch, esperanto, estonian, farsi, finnish, french, ga
lician, german, german-x-2009-06-19, greek, gujarati, hindi, hungarian, iceland
ic, indonesian, interlingua, irish, italian, kannada, kurmanji, lao, latin, lat
vian, lithuanian, malayalam, marathi, mongolian, mongolianlmc, monogreek, ngerm
an, ngerman-x-2009-06-19, nynorsk, oriya, panjabi, pinyin, polish, portuguese, 
romanian, russian, sanskrit, serbian, slovak, slovenian, spanish, swedish, swis
sgerman, tamil, telugu, turkish, turkmen, ukenglish, ukrainian, uppersorbian, u
senglishmax, welsh, loaded.
("C:\Users\Evan\Google Drive\FDCL\Evan\Publications\ACC16.1\ieeeconf.cls"
Document Class: ieeeconf 2004/1/15 revision V1.6b by Pradeep Misra
\@IEEEtrantmpdimenA=\dimen102
\@IEEEtrantmpdimenB=\dimen103
\@IEEEtrantmpcountA=\count79
\@IEEEtrantmpcountB=\count80
\@IEEEtrantmptoksA=\toks14
LaTeX Font Info:    Try loading font information for OT1+ptm on input line 792.

("C:\Program Files (x86)\MiKTeX 2.9\tex\latex\psnfss\ot1ptm.fd"
File: ot1ptm.fd 2001/06/04 font definitions for OT1/ptm.
)
\@IEEEnormalsizefontbaselineskip=\skip41

-- This is a 10 point document.
\normalsizebaselineskip=\skip42
\normaljot=\skip43
LaTeX Font Info:    Font shape `OT1/ptm/bx/n' in size <5> not available
(Font)              Font shape `OT1/ptm/b/n' tried instead on input line 1111.
LaTeX Font Info:    Font shape `OT1/ptm/bx/it' in size <5> not available
(Font)              Font shape `OT1/ptm/b/it' tried instead on input line 1111.

LaTeX Font Info:    Font shape `OT1/ptm/bx/n' in size <7> not available
(Font)              Font shape `OT1/ptm/b/n' tried instead on input line 1111.
LaTeX Font Info:    Font shape `OT1/ptm/bx/it' in size <7> not available
(Font)              Font shape `OT1/ptm/b/it' tried instead on input line 1111.

LaTeX Font Info:    Font shape `OT1/ptm/bx/n' in size <8> not available
(Font)              Font shape `OT1/ptm/b/n' tried instead on input line 1111.
LaTeX Font Info:    Font shape `OT1/ptm/bx/it' in size <8> not available
(Font)              Font shape `OT1/ptm/b/it' tried instead on input line 1111.

LaTeX Font Info:    Font shape `OT1/ptm/bx/n' in size <9> not available
(Font)              Font shape `OT1/ptm/b/n' tried instead on input line 1111.
LaTeX Font Info:    Font shape `OT1/ptm/bx/it' in size <9> not available
(Font)              Font shape `OT1/ptm/b/it' tried instead on input line 1111.

LaTeX Font Info:    Font shape `OT1/ptm/bx/n' in size <10> not available
(Font)              Font shape `OT1/ptm/b/n' tried instead on input line 1111.
LaTeX Font Info:    Font shape `OT1/ptm/bx/it' in size <10> not available
(Font)              Font shape `OT1/ptm/b/it' tried instead on input line 1111.

LaTeX Font Info:    Font shape `OT1/ptm/bx/n' in size <11> not available
(Font)              Font shape `OT1/ptm/b/n' tried instead on input line 1111.
LaTeX Font Info:    Font shape `OT1/ptm/bx/it' in size <11> not available
(Font)              Font shape `OT1/ptm/b/it' tried instead on input line 1111.

LaTeX Font Info:    Font shape `OT1/ptm/bx/n' in size <12> not available
(Font)              Font shape `OT1/ptm/b/n' tried instead on input line 1111.
LaTeX Font Info:    Font shape `OT1/ptm/bx/it' in size <12> not available
(Font)              Font shape `OT1/ptm/b/it' tried instead on input line 1111.

LaTeX Font Info:    Font shape `OT1/ptm/bx/n' in size <16> not available
(Font)              Font shape `OT1/ptm/b/n' tried instead on input line 1111.
LaTeX Font Info:    Font shape `OT1/ptm/bx/it' in size <16> not available
(Font)              Font shape `OT1/ptm/b/it' tried instead on input line 1111.

LaTeX Font Info:    Font shape `OT1/ptm/bx/n' in size <20> not available
(Font)              Font shape `OT1/ptm/b/n' tried instead on input line 1111.
LaTeX Font Info:    Font shape `OT1/ptm/bx/it' in size <20> not available
(Font)              Font shape `OT1/ptm/b/it' tried instead on input line 1111.

LaTeX Font Info:    Font shape `OT1/ptm/bx/n' in size <24> not available
(Font)              Font shape `OT1/ptm/b/n' tried instead on input line 1111.
LaTeX Font Info:    Font shape `OT1/ptm/bx/it' in size <24> not available
(Font)              Font shape `OT1/ptm/b/it' tried instead on input line 1111.

\IEEEilabelindentA=\dimen104
\IEEEilabelindentB=\dimen105
\IEEEilabelindent=\dimen106
\IEEEelabelindent=\dimen107
\IEEEdlabelindent=\dimen108
\labelindent=\dimen109
\IEEEiednormlabelsep=\dimen110
\IEEEiedmathlabelsep=\dimen111
\IEEEiedtopsep=\skip44
\c@section=\count81
\c@subsection=\count82
\c@subsubsection=\count83
\c@paragraph=\count84
\c@IEEEsubequation=\count85
\abovecaptionskip=\skip45
\belowcaptionskip=\skip46
\c@figure=\count86
\c@table=\count87
\@IEEEeqnnumcols=\count88
\@IEEEeqncolcnt=\count89
\@IEEEtmpitemindent=\dimen112
\c@biography=\count90
\@IEEEtranrubishbin=\box26
)
** ATTENTION: Overriding command lockouts (line 2).
** ATTENTION: Overriding IEEE standard margins (line 2).
("C:\Program Files (x86)\MiKTeX 2.9\tex\latex\ams\math\amsmath.sty"
Package: amsmath 2000/07/18 v2.13 AMS math features
\@mathmargin=\skip47

For additional information on amsmath, use the `?' option.
("C:\Program Files (x86)\MiKTeX 2.9\tex\latex\ams\math\amstext.sty"
Package: amstext 2000/06/29 v2.01

("C:\Program Files (x86)\MiKTeX 2.9\tex\latex\ams\math\amsgen.sty"
File: amsgen.sty 1999/11/30 v2.0
\@emptytoks=\toks15
\ex@=\dimen113
))
("C:\Program Files (x86)\MiKTeX 2.9\tex\latex\ams\math\amsbsy.sty"
Package: amsbsy 1999/11/29 v1.2d
\pmbraise@=\dimen114
)
("C:\Program Files (x86)\MiKTeX 2.9\tex\latex\ams\math\amsopn.sty"
Package: amsopn 1999/12/14 v2.01 operator names
)
\inf@bad=\count91
LaTeX Info: Redefining \frac on input line 211.
\uproot@=\count92
\leftroot@=\count93
LaTeX Info: Redefining \overline on input line 307.
\classnum@=\count94
\DOTSCASE@=\count95
LaTeX Info: Redefining \ldots on input line 379.
LaTeX Info: Redefining \dots on input line 382.
LaTeX Info: Redefining \cdots on input line 467.
\Mathstrutbox@=\box27
\strutbox@=\box28
\big@size=\dimen115
LaTeX Font Info:    Redeclaring font encoding OML on input line 567.
LaTeX Font Info:    Redeclaring font encoding OMS on input line 568.
\macc@depth=\count96
\c@MaxMatrixCols=\count97
\dotsspace@=\muskip10
\c@parentequation=\count98
\dspbrk@lvl=\count99
\tag@help=\toks16
\row@=\count100
\column@=\count101
\maxfields@=\count102
\andhelp@=\toks17
\eqnshift@=\dimen116
\alignsep@=\dimen117
\tagshift@=\dimen118
\tagwidth@=\dimen119
\totwidth@=\dimen120
\lineht@=\dimen121
\@envbody=\toks18
\multlinegap=\skip48
\multlinetaggap=\skip49
\mathdisplay@stack=\toks19
LaTeX Info: Redefining \[ on input line 2666.
LaTeX Info: Redefining \] on input line 2667.
)
("C:\Program Files (x86)\MiKTeX 2.9\tex\latex\amsfonts\amssymb.sty"
Package: amssymb 2009/06/22 v3.00

("C:\Program Files (x86)\MiKTeX 2.9\tex\latex\amsfonts\amsfonts.sty"
Package: amsfonts 2009/06/22 v3.00 Basic AMSFonts support
\symAMSa=\mathgroup4
\symAMSb=\mathgroup5
LaTeX Font Info:    Overwriting math alphabet `\mathfrak' in version `bold'
(Font)                  U/euf/m/n --> U/euf/b/n on input line 96.
))
("C:\Program Files (x86)\MiKTeX 2.9\tex\latex\ltxmisc\url.sty"
\Urlmuskip=\muskip11
Package: url 2006/04/12  ver 3.3  Verb mode for urls, etc.
)
("C:\Program Files (x86)\MiKTeX 2.9\tex\latex\psnfss\times.sty"
Package: times 2005/04/12 PSNFSS-v9.2a (SPQR) 
)
("C:\Program Files (x86)\MiKTeX 2.9\tex\latex\subfigure\subfigure.sty"
Package: subfigure 2002/07/30 v2.1.4 subfigure package
\subfigtopskip=\skip50
\subfigcapskip=\skip51
\subfigcaptopadj=\dimen122
\subfigbottomskip=\skip52
\subfigcapmargin=\dimen123
\subfiglabelskip=\skip53
\c@subfigure=\count103
\c@lofdepth=\count104
\c@subtable=\count105
\c@lotdepth=\count106

****************************************
* Local config file subfigure.cfg used *
****************************************
("C:\Program Files (x86)\MiKTeX 2.9\tex\latex\subfigure\subfigure.cfg")
\subfig@top=\skip54
\subfig@bottom=\skip55
)
("C:\Program Files (x86)\MiKTeX 2.9\tex\latex\graphics\graphicx.sty"
Package: graphicx 1999/02/16 v1.0f Enhanced LaTeX Graphics (DPC,SPQR)

("C:\Program Files (x86)\MiKTeX 2.9\tex\latex\graphics\keyval.sty"
Package: keyval 1999/03/16 v1.13 key=value parser (DPC)
\KV@toks@=\toks20
)
("C:\Program Files (x86)\MiKTeX 2.9\tex\latex\graphics\graphics.sty"
Package: graphics 2009/02/05 v1.0o Standard LaTeX Graphics (DPC,SPQR)

("C:\Program Files (x86)\MiKTeX 2.9\tex\latex\graphics\trig.sty"
Package: trig 1999/03/16 v1.09 sin cos tan (DPC)
)
("C:\Program Files (x86)\MiKTeX 2.9\tex\latex\00miktex\graphics.cfg"
File: graphics.cfg 2007/01/18 v1.5 graphics configuration of teTeX/TeXLive
)
Package graphics Info: Driver file: pdftex.def on input line 91.

("C:\Program Files (x86)\MiKTeX 2.9\tex\latex\pdftex-def\pdftex.def"
File: pdftex.def 2011/05/27 v0.06d Graphics/color for pdfTeX

("C:\Program Files (x86)\MiKTeX 2.9\tex\generic\oberdiek\infwarerr.sty"
Package: infwarerr 2010/04/08 v1.3 Providing info/warning/error messages (HO)
)
("C:\Program Files (x86)\MiKTeX 2.9\tex\generic\oberdiek\ltxcmds.sty"
Package: ltxcmds 2011/11/09 v1.22 LaTeX kernel commands for general use (HO)
)
\Gread@gobject=\count107
))
\Gin@req@height=\dimen124
\Gin@req@width=\dimen125
)
("C:\Program Files (x86)\MiKTeX 2.9\tex\latex\tools\theorem.sty"
Package: theorem 1995/11/23 v2.2c Theorem extension package (FMi)
\theorem@style=\toks21
\theorem@bodyfont=\toks22
\theorempreskipamount=\skip56
\theorempostskipamount=\skip57

("C:\Program Files (x86)\MiKTeX 2.9\tex\latex\tools\thp.sty"
File: thp.sty 1995/11/23 v2.2c Theorem extension package (FMi)
))
("C:\Program Files (x86)\MiKTeX 2.9\tex\latex\hyperref\hyperref.sty"
Package: hyperref 2012/05/13 v6.82q Hypertext links for LaTeX

("C:\Program Files (x86)\MiKTeX 2.9\tex\generic\oberdiek\hobsub-hyperref.sty"
Package: hobsub-hyperref 2012/04/25 v1.12 Bundle oberdiek, subset hyperref (HO)


("C:\Program Files (x86)\MiKTeX 2.9\tex\generic\oberdiek\hobsub-generic.sty"
Package: hobsub-generic 2012/04/25 v1.12 Bundle oberdiek, subset generic (HO)
Package: hobsub 2012/04/25 v1.12 Construct package bundles (HO)
Package hobsub Info: Skipping package `infwarerr' (already loaded).
Package hobsub Info: Skipping package `ltxcmds' (already loaded).
Package: ifluatex 2010/03/01 v1.3 Provides the ifluatex switch (HO)
Package ifluatex Info: LuaTeX not detected.
Package: ifvtex 2010/03/01 v1.5 Detect VTeX and its facilities (HO)
Package ifvtex Info: VTeX not detected.
Package: intcalc 2007/09/27 v1.1 Expandable calculations with integers (HO)
Package: ifpdf 2011/01/30 v2.3 Provides the ifpdf switch (HO)
Package ifpdf Info: pdfTeX in PDF mode is detected.
Package: etexcmds 2011/02/16 v1.5 Avoid name clashes with e-TeX commands (HO)
Package etexcmds Info: Could not find \expanded.
(etexcmds)             That can mean that you are not using pdfTeX 1.50 or
(etexcmds)             that some package has redefined \expanded.
(etexcmds)             In the latter case, load this package earlier.
Package: kvsetkeys 2012/04/25 v1.16 Key value parser (HO)
Package: kvdefinekeys 2011/04/07 v1.3 Define keys (HO)
Package: pdftexcmds 2011/11/29 v0.20 Utility functions of pdfTeX for LuaTeX (HO
)
Package pdftexcmds Info: LuaTeX not detected.
Package pdftexcmds Info: \pdf@primitive is available.
Package pdftexcmds Info: \pdf@ifprimitive is available.
Package pdftexcmds Info: \pdfdraftmode found.
Package: pdfescape 2011/11/25 v1.13 Implements pdfTeX's escape features (HO)
Package: bigintcalc 2012/04/08 v1.3 Expandable calculations on big integers (HO
)
Package: bitset 2011/01/30 v1.1 Handle bit-vector datatype (HO)
Package: uniquecounter 2011/01/30 v1.2 Provide unlimited unique counter (HO)
)
Package hobsub Info: Skipping package `hobsub' (already loaded).
Package: letltxmacro 2010/09/02 v1.4 Let assignment for LaTeX macros (HO)
Package: hopatch 2011/06/24 v1.1 Wrapper for package hooks (HO)
Package: xcolor-patch 2011/01/30 xcolor patch
Package: atveryend 2011/06/30 v1.8 Hooks at the very end of document (HO)
Package atveryend Info: \enddocument detected (standard20110627).
Package: atbegshi 2011/10/05 v1.16 At begin shipout hook (HO)
Package: refcount 2011/10/16 v3.4 Data extraction from label references (HO)
Package: hycolor 2011/01/30 v1.7 Color options for hyperref/bookmark (HO)
)
("C:\Program Files (x86)\MiKTeX 2.9\tex\generic\ifxetex\ifxetex.sty"
Package: ifxetex 2010/09/12 v0.6 Provides ifxetex conditional
)
("C:\Program Files (x86)\MiKTeX 2.9\tex\latex\oberdiek\kvoptions.sty"
Package: kvoptions 2011/06/30 v3.11 Key value format for package options (HO)
)
\@linkdim=\dimen126
\Hy@linkcounter=\count108
\Hy@pagecounter=\count109

("C:\Program Files (x86)\MiKTeX 2.9\tex\latex\hyperref\pd1enc.def"
File: pd1enc.def 2012/05/13 v6.82q Hyperref: PDFDocEncoding definition (HO)
)
\Hy@SavedSpaceFactor=\count110

("C:\Program Files (x86)\MiKTeX 2.9\tex\latex\00miktex\hyperref.cfg"
File: hyperref.cfg 2002/06/06 v1.2 hyperref configuration of TeXLive
)
Package hyperref Info: Hyper figures OFF on input line 4062.
Package hyperref Info: Link nesting OFF on input line 4067.
Package hyperref Info: Hyper index ON on input line 4070.
Package hyperref Info: Plain pages OFF on input line 4077.
Package hyperref Info: Backreferencing OFF on input line 4082.
Package hyperref Info: Implicit mode ON; LaTeX internals redefined.
Package hyperref Info: Bookmarks ON on input line 4300.
\c@Hy@tempcnt=\count111
LaTeX Info: Redefining \url on input line 4653.
\Fld@menulength=\count112
\Field@Width=\dimen127
\Fld@charsize=\dimen128
Package hyperref Info: Hyper figures OFF on input line 5773.
Package hyperref Info: Link nesting OFF on input line 5778.
Package hyperref Info: Hyper index ON on input line 5781.
Package hyperref Info: backreferencing OFF on input line 5788.
Package hyperref Info: Link coloring OFF on input line 5793.
Package hyperref Info: Link coloring with OCG OFF on input line 5798.
Package hyperref Info: PDF/A mode OFF on input line 5803.
LaTeX Info: Redefining \ref on input line 5843.
LaTeX Info: Redefining \pageref on input line 5847.
\Hy@abspage=\count113
\c@Item=\count114
\c@Hfootnote=\count115
)

Package hyperref Message: Driver (autodetected): hpdftex.

("C:\Program Files (x86)\MiKTeX 2.9\tex\latex\hyperref\hpdftex.def"
File: hpdftex.def 2012/05/13 v6.82q Hyperref driver for pdfTeX
\Fld@listcount=\count116
\c@bookmark@seq@number=\count117

("C:\Program Files (x86)\MiKTeX 2.9\tex\latex\oberdiek\rerunfilecheck.sty"
Package: rerunfilecheck 2011/04/15 v1.7 Rerun checks for auxiliary files (HO)
Package uniquecounter Info: New unique counter `rerunfilecheck' on input line 2
82.
)
\Hy@SectionHShift=\skip58
)
("C:\Program Files (x86)\MiKTeX 2.9\tex\latex\graphics\color.sty"
Package: color 2005/11/14 v1.0j Standard LaTeX Color (DPC)

("C:\Program Files (x86)\MiKTeX 2.9\tex\latex\00miktex\color.cfg"
File: color.cfg 2007/01/18 v1.5 color configuration of teTeX/TeXLive
)
Package color Info: Driver file: pdftex.def on input line 130.
)
("C:\Program Files (x86)\MiKTeX 2.9\tex\latex\comment\comment.sty"
\CommentStream=\write3

Excluding comment 'comment')
("C:\Program Files (x86)\MiKTeX 2.9\tex\latex\csquotes\csquotes.sty"
Package: csquotes 2011/10/22 v5.1d context-sensitive quotations

("C:\Program Files (x86)\MiKTeX 2.9\tex\latex\etoolbox\etoolbox.sty"
Package: etoolbox 2011/01/03 v2.1 e-TeX tools for LaTeX

("C:\Program Files (x86)\MiKTeX 2.9\tex\latex\misc\etex.sty"
Package: etex 1998/03/26 v2.0 eTeX basic definition package (PEB)
\et@xins=\count118
)
\etb@tempcnta=\count119
)
\csq@reset=\count120
\csq@gtype=\count121
\csq@glevel=\count122
\csq@qlevel=\count123
\csq@maxlvl=\count124
\csq@tshold=\count125
\csq@ltx@everypar=\toks23

("C:\Program Files (x86)\MiKTeX 2.9\tex\latex\csquotes\csquotes.def"
File: csquotes.def 2011/10/22 v5.1d csquotes generic definitions
)
Package csquotes Info: Trying to load configuration file 'csquotes.cfg'...
Package csquotes Info: ... configuration file loaded successfully.

("C:\Program Files (x86)\MiKTeX 2.9\tex\latex\csquotes\csquotes.cfg"
File: csquotes.cfg 
))
("C:\Program Files (x86)\MiKTeX 2.9\tex\latex\eepic\epic.sty"
Enhancements to Picture Environment. Version 1.2 - Released June 1, 1986
\@@multicnt=\count126
\d@lta=\count127
\@delta=\dimen129
\@@delta=\dimen130
\@gridcnt=\count128
\@joinkind=\count129
\@dotgap=\dimen131
\@ddotgap=\dimen132
\@x@diff=\count130
\@y@diff=\count131
\x@diff=\dimen133
\y@diff=\dimen134
\@dotbox=\box29
\num@segments=\count132
\num@segmentsi=\count133
\@datafile=\read1
) ("C:\Program Files (x86)\MiKTeX 2.9\tex\latex\eepic\eepic.sty"
Extension to Epic and LaTeX. Version 1.1e - Released Dec 21, 1999
\@gphlinewidth=\count134
\@eepictcnt=\count135
\@tempdimc=\dimen135
\maxovaldiam=\dimen136
\@filltype=\box30
) ("C:\Program Files (x86)\MiKTeX 2.9\tex\latex\algorithm2e\algorithm2e.sty"
Package: algorithm2e 2013/01/06 v5.00 algorithms environments
\c@AlgoLine=\count136

("C:\Program Files (x86)\MiKTeX 2.9\tex\latex\base\ifthen.sty"
Package: ifthen 2001/05/26 v1.1c Standard LaTeX ifthen package (DPC)
)
("C:\Program Files (x86)\MiKTeX 2.9\tex\latex\tools\xspace.sty"
Package: xspace 2009/10/20 v1.13 Space after command names (DPC,MH)
)
("C:\Program Files (x86)\MiKTeX 2.9\tex\latex\ltxmisc\relsize.sty"
Package: relsize 2003/07/04 ver 3.1
)
********************************************************
Package `algorithm2e' Release 5.0 -- january 06 2013 --
- algorithm2e-announce@lirmm.fr mailing list for announcement about releases
- algorithm2e-discussion@lirmm.fr mailing list for discussion about package
subscribe by emailing sympa@lirmm.fr with 'subscribe <list> <firstname name>'
- Author: Christophe Fiorio (cfiorio@um2.fr)
********************************************************
\skiptotal=\skip59
\skiplinenumber=\skip60
\skiprule=\skip61
\skiphlne=\skip62
\skiptext=\skip63
\skiplength=\skip64
\algomargin=\skip65
\skipalgocfslide=\skip66
\algowidth=\dimen137
\inoutsize=\dimen138
\inoutindent=\dimen139
\interspacetitleruled=\dimen140
\interspacealgoruled=\dimen141
\interspacetitleboxruled=\dimen142
\algocf@inoutbox=\box31
\algocf@inputbox=\box32
\AlCapSkip=\skip67
\AlCapHSkip=\skip68
\algoskipindent=\skip69
\algocf@nlbox=\box33
\algocf@hangingbox=\box34
\algocf@untilbox=\box35
\algocf@skipuntil=\skip70
\algocf@capbox=\box36
\algoheightruledefault=\skip71
\algoheightrule=\skip72
\algotitleheightruledefault=\skip73
\algotitleheightrule=\skip74
\c@algocfline=\count137
\c@algocfproc=\count138
\c@algocf=\count139
\algocf@algoframe=\box37
\algocf@algobox=\box38
)
\c@definition=\count140
\c@lem=\count141
\c@prop=\count142
\c@cor=\count143
\c@remark=\count144
Package csquotes Info: Checking for multilingual support...
Package csquotes Info: ... none found.

("C:\Users\Evan\Google Drive\FDCL\Evan\Publications\ACC16.1\ACC16.1[Conflict].a
ux")
LaTeX Font Info:    Checking defaults for OML/cmm/m/it on input line 81.
LaTeX Font Info:    ... okay on input line 81.
LaTeX Font Info:    Checking defaults for T1/cmr/m/n on input line 81.
LaTeX Font Info:    ... okay on input line 81.
LaTeX Font Info:    Checking defaults for OT1/cmr/m/n on input line 81.
LaTeX Font Info:    ... okay on input line 81.
LaTeX Font Info:    Checking defaults for OMS/cmsy/m/n on input line 81.
LaTeX Font Info:    ... okay on input line 81.
LaTeX Font Info:    Checking defaults for OMX/cmex/m/n on input line 81.
LaTeX Font Info:    ... okay on input line 81.
LaTeX Font Info:    Checking defaults for U/cmr/m/n on input line 81.
LaTeX Font Info:    ... okay on input line 81.
LaTeX Font Info:    Checking defaults for PD1/pdf/m/n on input line 81.
LaTeX Font Info:    ... okay on input line 81.
 ("C:\Program Files (x86)\MiKTeX 2.9\tex\context\base\supp-pdf.mkii"
[Loading MPS to PDF converter (version 2006.09.02).]
\scratchcounter=\count145
\scratchdimen=\dimen143
\scratchbox=\box39
\nofMPsegments=\count146
\nofMParguments=\count147
\everyMPshowfont=\toks24
\MPscratchCnt=\count148
\MPscratchDim=\dimen144
\MPnumerator=\count149
\makeMPintoPDFobject=\count150
\everyMPtoPDFconversion=\toks25
)
\AtBeginShipoutBox=\box40
Package hyperref Info: Link coloring OFF on input line 81.
 ("C:\Program Files (x86)\MiKTeX 2.9\tex\latex\hyperref\nameref.sty"
Package: nameref 2010/04/30 v2.40 Cross-referencing by name of section

("C:\Program Files (x86)\MiKTeX 2.9\tex\generic\oberdiek\gettitlestring.sty"
Package: gettitlestring 2010/12/03 v1.4 Cleanup title references (HO)
)
\c@section@level=\count151
)
LaTeX Info: Redefining \ref on input line 81.
LaTeX Info: Redefining \pageref on input line 81.
LaTeX Info: Redefining \nameref on input line 81.

("C:\Users\Evan\Google Drive\FDCL\Evan\Publications\ACC16.1\ACC16.1[Conflict].o
ut")
("C:\Users\Evan\Google Drive\FDCL\Evan\Publications\ACC16.1\ACC16.1[Conflict].o
ut")
\@outlinefile=\write4
LaTeX Font Info:    Try loading font information for U+msa on input line 85.
 ("C:\Program Files (x86)\MiKTeX 2.9\tex\latex\amsfonts\umsa.fd"
File: umsa.fd 2009/06/22 v3.00 AMS symbols A
)
LaTeX Font Info:    Try loading font information for U+msb on input line 85.

("C:\Program Files (x86)\MiKTeX 2.9\tex\latex\amsfonts\umsb.fd"
File: umsb.fd 2009/06/22 v3.00 AMS symbols B
)
LaTeX Font Info:    Try loading font information for OT1+pcr on input line 85.

("C:\Program Files (x86)\MiKTeX 2.9\tex\latex\psnfss\ot1pcr.fd"
File: ot1pcr.fd 2001/06/04 font definitions for OT1/pcr.
)
LaTeX Font Info:    Try loading font information for OMS+pcr on input line 85.

("C:\Program Files (x86)\MiKTeX 2.9\tex\latex\psnfss\omspcr.fd"
File: omspcr.fd 
)
LaTeX Font Info:    Font shape `OMS/pcr/m/n' in size <8> not available
(Font)              Font shape `OMS/cmsy/m/n' tried instead on input line 85.

Underfull \hbox (badness 4634) in paragraph at lines 85--85
[][][]\OT1/ptm/m/n/8 Evan Kauf-man, Taey-oung Lee, Me-chan-i-cal and Aerospace 
En-
 []


Underfull \hbox (badness 8132) in paragraph at lines 85--85
\OT1/ptm/m/n/8 gi-neer-ing, George Wash-ing-ton Uni-ver-sity, Wash-ing-ton DC 2
0052
 []

[1{C:/ProgramData/MiKTeX/2.9/pdftex/config/pdftex.map}


] [2]
Underfull \hbox (badness 6608) in paragraph at lines 375--378
[]\OT1/ptm/m/n/10 Consider two cases with the ray in-verse sen-sor
 []


Underfull \hbox (badness 2237) in paragraph at lines 375--378
\OT1/ptm/m/n/10 model $\OML/cmm/m/it/10 P\OT1/cmr/m/n/10 (\OT1/cmr/bx/n/10 m[]\
OMS/cmsy/m/n/10 j\OML/cmm/m/it/10 z[]; X[]; Z[]\OT1/cmr/m/n/10 )$\OT1/ptm/m/n/1
0 : ei-ther mea-sure-ment ray
 []


Underfull \hbox (badness 2020) in paragraph at lines 375--378
$\OML/cmm/m/it/10 z[]$ \OT1/ptm/m/n/10 in-ter-sects with the cell, in which cas
e we have
 []

[3]
Overfull \hbox (4.97658pt too wide) in paragraph at lines 439--439
[] 
 []


LaTeX Warning: Reference `tab:Alg_ISM_2D' on page 4 undefined on input line 458
.

[4] <Compare_ISM_1.pdf, id=140, 259.99986pt x 260.67964pt>
File: Compare_ISM_1.pdf Graphic file (type pdf)

<use Compare_ISM_1.pdf>
Package pdftex.def Info: Compare_ISM_1.pdf used on input line 554.
(pdftex.def)             Requested size: 98.03131pt x 98.28574pt.

<Compare_Approx_1.pdf, id=141, 260.99207pt x 261.04141pt>
File: Compare_Approx_1.pdf Graphic file (type pdf)

<use Compare_Approx_1.pdf>
Package pdftex.def Info: Compare_Approx_1.pdf used on input line 554.
(pdftex.def)             Requested size: 98.26604pt x 98.28574pt.

<Compare_ISM_2.pdf, id=142, 260.52336pt x 259.99992pt>
File: Compare_ISM_2.pdf Graphic file (type pdf)
 <use Compare_ISM_2.pdf>
Package pdftex.def Info: Compare_ISM_2.pdf used on input line 562.
(pdftex.def)             Requested size: 98.48311pt x 98.28574pt.

<Compare_Approx_2.pdf, id=143, 260.75087pt x 261.04138pt>
File: Compare_Approx_2.pdf Graphic file (type pdf)

<use Compare_Approx_2.pdf>
Package pdftex.def Info: Compare_Approx_2.pdf used on input line 562.
(pdftex.def)             Requested size: 98.17522pt x 98.28574pt.

<Compare_ISM_3.pdf, id=144, 260.33975pt x 261.04138pt>
File: Compare_ISM_3.pdf Graphic file (type pdf)
 <use Compare_ISM_3.pdf>
Package pdftex.def Info: Compare_ISM_3.pdf used on input line 570.
(pdftex.def)             Requested size: 98.02043pt x 98.28574pt.

<Compare_Approx_3.pdf, id=145, 260.83588pt x 261.51283pt>
File: Compare_Approx_3.pdf Graphic file (type pdf)

<use Compare_Approx_3.pdf>
Package pdftex.def Info: Compare_Approx_3.pdf used on input line 570.
(pdftex.def)             Requested size: 98.0321pt x 98.28574pt.

<Compare_ISM_4.pdf, id=146, 260.61655pt x 261.43062pt>
File: Compare_ISM_4.pdf Graphic file (type pdf)
 <use Compare_ISM_4.pdf>
Package pdftex.def Info: Compare_ISM_4.pdf used on input line 578.
(pdftex.def)             Requested size: 97.97751pt x 98.28574pt.

<Compare_Approx_4.pdf, id=147, 259.45721pt x 260.02458pt>
File: Compare_Approx_4.pdf Graphic file (type pdf)

<use Compare_Approx_4.pdf>
Package pdftex.def Info: Compare_Approx_4.pdf used on input line 578.
(pdftex.def)             Requested size: 98.0682pt x 98.28574pt.

<Compare_ISM_5.pdf, id=148, 260.70427pt x 261.49094pt>
File: Compare_ISM_5.pdf Graphic file (type pdf)
 <use Compare_ISM_5.pdf>
Package pdftex.def Info: Compare_ISM_5.pdf used on input line 586.
(pdftex.def)             Requested size: 97.9906pt x 98.28574pt.

<Compare_Approx_5.pdf, id=149, 260.52066pt x 261.00305pt>
File: Compare_Approx_5.pdf Graphic file (type pdf)

<use Compare_Approx_5.pdf>
Package pdftex.def Info: Compare_Approx_5.pdf used on input line 586.
(pdftex.def)             Requested size: 98.10445pt x 98.28574pt.


LaTeX Warning: Float too large for page by 16.99619pt on input line 588.


LaTeX Warning: `h' float specifier changed to `ht'.

<EntropyEvolution.png, id=150, 421.575pt x 316.18124pt>
File: EntropyEvolution.png Graphic file (type png)

<use EntropyEvolution.png>
Package pdftex.def Info: EntropyEvolution.png used on input line 596.
(pdftex.def)             Requested size: 196.57523pt x 147.43283pt.

<Compare_ISM_H.pdf, id=151, 259.97795pt x 261.22232pt>
File: Compare_ISM_H.pdf Graphic file (type pdf)
 <use Compare_ISM_H.pdf>
Package pdftex.def Info: Compare_ISM_H.pdf used on input line 604.
(pdftex.def)             Requested size: 97.81677pt x 98.28574pt.

<Compare_Approx_H.pdf, id=152, 259.68463pt x 261.90205pt>
File: Compare_Approx_H.pdf Graphic file (type pdf)

<use Compare_Approx_H.pdf>
Package pdftex.def Info: Compare_Approx_H.pdf used on input line 604.
(pdftex.def)             Requested size: 97.45282pt x 98.28574pt.


LaTeX Warning: `h' float specifier changed to `ht'.

<TestSetup.png, id=154, 1339.0025pt x 752.8125pt>
File: TestSetup.png Graphic file (type png)
 <use TestSetup.png>
Package pdftex.def Info: TestSetup.png used on input line 629.
(pdftex.def)             Requested size: 131.10898pt x 73.71617pt.

<KinectView.png, id=155, 1241.63875pt x 827.09pt>
File: KinectView.png Graphic file (type png)
 <use KinectView.png>
Package pdftex.def Info: KinectView.png used on input line 629.
(pdftex.def)             Requested size: 110.66275pt x 73.71617pt.

<KinectDeskISM.png, id=157, 349.305pt x 348.30125pt>
File: KinectDeskISM.png Graphic file (type png)
 <use KinectDeskISM.png>
Package pdftex.def Info: KinectDeskISM.png used on input line 638.
(pdftex.def)             Requested size: 98.56691pt x 98.28574pt.

<KinectDeskApprox.png, id=158, 349.305pt x 348.30125pt>
File: KinectDeskApprox.png Graphic file (type png)

<use KinectDeskApprox.png>
Package pdftex.def Info: KinectDeskApprox.png used on input line 638.
(pdftex.def)             Requested size: 98.56691pt x 98.28574pt.

<KinectDeskISM_H.png, id=159, 350.30875pt x 349.305pt>
File: KinectDeskISM_H.png Graphic file (type png)

<use KinectDeskISM_H.png>
Package pdftex.def Info: KinectDeskISM_H.png used on input line 647.
(pdftex.def)             Requested size: 98.56685pt x 98.28574pt.

<KinectDeskApprox_H.png, id=160, 349.305pt x 347.2975pt>
File: KinectDeskApprox_H.png Graphic file (type png)

<use KinectDeskApprox_H.png>
Package pdftex.def Info: KinectDeskApprox_H.png used on input line 647.
(pdftex.def)             Requested size: 98.85472pt x 98.28574pt.


LaTeX Warning: `h' float specifier changed to `ht'.


("C:\Users\Evan\Google Drive\FDCL\Evan\Publications\ACC16.1\ACC16.1[Conflict].b
bl"
Underfull \hbox (badness 1484) in paragraph at lines 53--58
[]\OT1/ptm/m/n/8 H. Choset, K. Lynch, S. Hutchin-son, G. Kan-tor, W. Bur-gard,
 []

)

** Conference Paper **
Before submitting the final camera ready copy, remember to:

 1. Manually equalize the lengths of two columns on the last page
 of your paper;

 2. Ensure that any PostScript and/or PDF output post-processing
 uses only Type 1 fonts and that every step in the generation
 process uses the US letter (8.5in X 11in) paper size.

Package atveryend Info: Empty hook `BeforeClearDocument' on input line 679.
[5] [6 <C:/Users/Evan/Google Drive/FDCL/Evan/Publications/ACC16.1/Compare_ISM_1
.pdf> <C:/Users/Evan/Google Drive/FDCL/Evan/Publications/ACC16.1/Compare_Approx
_1.pdf> <C:/Users/Evan/Google Drive/FDCL/Evan/Publications/ACC16.1/Compare_ISM_
2.pdf> <C:/Users/Evan/Google Drive/FDCL/Evan/Publications/ACC16.1/Compare_Appro
x_2.pdf> <C:/Users/Evan/Google Drive/FDCL/Evan/Publications/ACC16.1/Compare_ISM
_3.pdf> <C:/Users/Evan/Google Drive/FDCL/Evan/Publications/ACC16.1/Compare_Appr
ox_3.pdf> <C:/Users/Evan/Google Drive/FDCL/Evan/Publications/ACC16.1/Compare_IS
M_4.pdf> <C:/Users/Evan/Google Drive/FDCL/Evan/Publications/ACC16.1/Compare_App
rox_4.pdf> <C:/Users/Evan/Google Drive/FDCL/Evan/Publications/ACC16.1/Compare_I
SM_5.pdf> <C:/Users/Evan/Google Drive/FDCL/Evan/Publications/ACC16.1/Compare_Ap
prox_5.pdf> <C:/Users/Evan/Google Drive/FDCL/Evan/Publications/ACC16.1/EntropyE
volution.png (PNG copy)> <C:/Users/Evan/Google Drive/FDCL/Evan/Publications/ACC
16.1/Compare_ISM_H.pdf> <C:/Users/Evan/Google Drive/FDCL/Evan/Publications/ACC1
6.1/Compare_Approx_H.pdf>] [7

 <C:/Users/Evan/Google Drive/FDCL/Evan/Publications/ACC16.1/TestSetup.png> <C:/
Users/Evan/Google Drive/FDCL/Evan/Publications/ACC16.1/KinectView.png> <C:/User
s/Evan/Google Drive/FDCL/Evan/Publications/ACC16.1/KinectDeskISM.png> <C:/Users
/Evan/Google Drive/FDCL/Evan/Publications/ACC16.1/KinectDeskApprox.png> <C:/Use
rs/Evan/Google Drive/FDCL/Evan/Publications/ACC16.1/KinectDeskISM_H.png> <C:/Us
ers/Evan/Google Drive/FDCL/Evan/Publications/ACC16.1/KinectDeskApprox_H.png>]
Package atveryend Info: Empty hook `AfterLastShipout' on input line 679.

("C:\Users\Evan\Google Drive\FDCL\Evan\Publications\ACC16.1\ACC16.1[Conflict].a
ux")
Package atveryend Info: Executing hook `AtVeryEndDocument' on input line 679.
Package atveryend Info: Executing hook `AtEndAfterFileList' on input line 679.
Package rerunfilecheck Info: File `ACC16.1[Conflict].out' has not changed.
(rerunfilecheck)             Checksum: EC911C52FE285024A08643366FF3A41E;805.


LaTeX Warning: There were undefined references.

Package atveryend Info: Empty hook `AtVeryVeryEnd' on input line 679.
 ) 
Here is how much of TeX's memory you used:
 9299 strings out of 494045
 136257 string characters out of 3148390
 281383 words of memory out of 3000000
 12368 multiletter control sequences out of 15000+200000
 42648 words of font info for 92 fonts, out of 3000000 for 9000
 715 hyphenation exceptions out of 8191
 30i,18n,30p,980b,438s stack positions out of 5000i,500n,10000p,200000b,50000s
{C:/Program Files (x86)/MiKTeX 2.9/fonts/enc/dvips/fontname/8r.enc}<C:/Progra
m Files (x86)/MiKTeX 2.9/fonts/type1/public/amsfonts/cm/cmbx10.pfb><C:/Program 
Files (x86)/MiKTeX 2.9/fonts/type1/public/amsfonts/cm/cmbx5.pfb><C:/Program Fil
es (x86)/MiKTeX 2.9/fonts/type1/public/amsfonts/cm/cmbx7.pfb><C:/Program Files 
(x86)/MiKTeX 2.9/fonts/type1/public/amsfonts/cm/cmex10.pfb><C:/Program Files (x
86)/MiKTeX 2.9/fonts/type1/public/amsfonts/cmextra/cmex7.pfb><C:/Program Files 
(x86)/MiKTeX 2.9/fonts/type1/public/amsfonts/cm/cmmi10.pfb><C:/Program Files (x
86)/MiKTeX 2.9/fonts/type1/public/amsfonts/cm/cmmi5.pfb><C:/Program Files (x86)
/MiKTeX 2.9/fonts/type1/public/amsfonts/cm/cmmi7.pfb><C:/Program Files (x86)/Mi
KTeX 2.9/fonts/type1/public/amsfonts/cm/cmmi8.pfb><C:/Program Files (x86)/MiKTe
X 2.9/fonts/type1/public/amsfonts/cm/cmr10.pfb><C:/Program Files (x86)/MiKTeX 2
.9/fonts/type1/public/amsfonts/cm/cmr5.pfb><C:/Program Files (x86)/MiKTeX 2.9/f
onts/type1/public/amsfonts/cm/cmr7.pfb><C:/Program Files (x86)/MiKTeX 2.9/fonts
/type1/public/amsfonts/cm/cmr8.pfb><C:/Program Files (x86)/MiKTeX 2.9/fonts/typ
e1/public/amsfonts/cm/cmsy10.pfb><C:/Program Files (x86)/MiKTeX 2.9/fonts/type1
/public/amsfonts/cm/cmsy5.pfb><C:/Program Files (x86)/MiKTeX 2.9/fonts/type1/pu
blic/amsfonts/cm/cmsy7.pfb><C:/Program Files (x86)/MiKTeX 2.9/fonts/type1/publi
c/amsfonts/cm/cmsy8.pfb><C:/Program Files (x86)/MiKTeX 2.9/fonts/type1/urw/cour
ier/ucrr8a.pfb><C:/Program Files (x86)/MiKTeX 2.9/fonts/type1/urw/times/utmb8a.
pfb><C:/Program Files (x86)/MiKTeX 2.9/fonts/type1/urw/times/utmbi8a.pfb><C:/Pr
ogram Files (x86)/MiKTeX 2.9/fonts/type1/urw/times/utmr8a.pfb><C:/Program Files
 (x86)/MiKTeX 2.9/fonts/type1/urw/times/utmri8a.pfb>
Output written on ACC16.1[Conflict].pdf (7 pages, 4803463 bytes).
PDF statistics:
 422 PDF objects out of 1000 (max. 8388607)
 82 named destinations out of 1000 (max. 500000)
 200 words of extra memory for PDF output out of 10000 (max. 10000000)

