This is pdfTeX, Version 3.1415926-2.3-1.40.12 (MiKTeX 2.9) (preloaded format=pdflatex 2012.10.8)  5 MAR 2014 13:16
entering extended mode
**C:/Users/evankaufman/Dropbox/Dr.*Lee*Research*Group/Evan/Publications/ASC*201
4/Presentation/ASC14_Presentation.tex

("C:/Users/evankaufman/Dropbox/Dr. Lee Research Group/Evan/Publications/ASC 201
4/Presentation/ASC14_Presentation.tex"
LaTeX2e <2011/06/27>
Babel <v3.8m> and hyphenation patterns for english, afrikaans, ancientgreek, ar
abic, armenian, assamese, basque, bengali, bokmal, bulgarian, catalan, coptic, 
croatian, czech, danish, dutch, esperanto, estonian, farsi, finnish, french, ga
lician, german, german-x-2009-06-19, greek, gujarati, hindi, hungarian, iceland
ic, indonesian, interlingua, irish, italian, kannada, kurmanji, lao, latin, lat
vian, lithuanian, malayalam, marathi, mongolian, mongolianlmc, monogreek, ngerm
an, ngerman-x-2009-06-19, nynorsk, oriya, panjabi, pinyin, polish, portuguese, 
romanian, russian, sanskrit, serbian, slovak, slovenian, spanish, swedish, swis
sgerman, tamil, telugu, turkish, turkmen, ukenglish, ukrainian, uppersorbian, u
senglishmax, welsh, loaded.

(C:\Users\evankaufman\AppData\Roaming\MiKTeX\2.9\tex\latex\beamer\base\beamer.c
ls
(C:\Users\evankaufman\AppData\Roaming\MiKTeX\2.9\tex\latex\beamer\base\beamerba
sercs.sty
Package: beamerbasercs 2013/01/04 (rcs-revision 9a97a4eee358)
)
Document Class: beamer 2013/01/04 3.26 A class for typesetting presentations (r
cs-revision e81e0c94bcc6)

(C:\Users\evankaufman\AppData\Roaming\MiKTeX\2.9\tex\latex\beamer\base\beamerba
semodes.sty
Package: beamerbasemodes 2012/04/15 (rcs-revision cc6557182d97)
\beamer@tempbox=\box26
\beamer@tempcount=\count79
\c@beamerpauses=\count80

(C:\Users\evankaufman\AppData\Roaming\MiKTeX\2.9\tex\latex\beamer\base\beamerba
sedecode.sty
Package: beamerbasedecode 2010/05/01 (rcs-revision efa082c6111d)
\beamer@slideinframe=\count81
\beamer@minimum=\count82
)
\beamer@commentbox=\box27
\beamer@modecount=\count83
)
("C:\Program Files (x86)\MiKTeX 2.9\tex\generic\oberdiek\ifpdf.sty"
Package: ifpdf 2011/01/30 v2.3 Provides the ifpdf switch (HO)
Package ifpdf Info: pdfTeX in PDF mode is detected.
)
\headheight=\dimen102
\headdp=\dimen103
\footheight=\dimen104
\sidebarheight=\dimen105
\beamer@tempdim=\dimen106
\beamer@finalheight=\dimen107
\beamer@animht=\dimen108
\beamer@animdp=\dimen109
\beamer@animwd=\dimen110
\beamer@leftmargin=\dimen111
\beamer@rightmargin=\dimen112
\beamer@leftsidebar=\dimen113
\beamer@rightsidebar=\dimen114
\beamer@boxsize=\dimen115
\beamer@vboxoffset=\dimen116
\beamer@descdefault=\dimen117
\beamer@descriptionwidth=\dimen118
\beamer@lastskip=\skip41
\beamer@areabox=\box28
\beamer@animcurrent=\box29
\beamer@animshowbox=\box30
\beamer@sectionbox=\box31
\beamer@logobox=\box32
\beamer@linebox=\box33
\beamer@sectioncount=\count84
\beamer@subsubsectionmax=\count85
\beamer@subsectionmax=\count86
\beamer@sectionmax=\count87
\beamer@totalheads=\count88
\beamer@headcounter=\count89
\beamer@partstartpage=\count90
\beamer@sectionstartpage=\count91
\beamer@subsectionstartpage=\count92
\beamer@animationtempa=\count93
\beamer@animationtempb=\count94
\beamer@xpos=\count95
\beamer@ypos=\count96
\beamer@showpartnumber=\count97
\beamer@currentsubsection=\count98
\beamer@coveringdepth=\count99
\beamer@sectionadjust=\count100
\beamer@tocsectionnumber=\count101

(C:\Users\evankaufman\AppData\Roaming\MiKTeX\2.9\tex\latex\beamer\base\beamerba
seoptions.sty
Package: beamerbaseoptions 2010/04/27 (rcs-revision 982469101dd6)
 ("C:\Program Files (x86)\MiKTeX 2.9\tex\latex\graphics\keyval.sty"
Package: keyval 1999/03/16 v1.13 key=value parser (DPC)
\KV@toks@=\toks14
))
\beamer@paperwidth=\skip42
\beamer@paperheight=\skip43
 ("C:\Program Files (x86)\MiKTeX 2.9\tex\latex\geometry\geometry.sty"
Package: geometry 2010/09/12 v5.6 Page Geometry

("C:\Program Files (x86)\MiKTeX 2.9\tex\generic\oberdiek\ifvtex.sty"
Package: ifvtex 2010/03/01 v1.5 Detect VTeX and its facilities (HO)
Package ifvtex Info: VTeX not detected.
)
("C:\Program Files (x86)\MiKTeX 2.9\tex\generic\ifxetex\ifxetex.sty"
Package: ifxetex 2010/09/12 v0.6 Provides ifxetex conditional
)
\Gm@cnth=\count102
\Gm@cntv=\count103
\c@Gm@tempcnt=\count104
\Gm@bindingoffset=\dimen119
\Gm@wd@mp=\dimen120
\Gm@odd@mp=\dimen121
\Gm@even@mp=\dimen122
\Gm@layoutwidth=\dimen123
\Gm@layoutheight=\dimen124
\Gm@layouthoffset=\dimen125
\Gm@layoutvoffset=\dimen126
\Gm@dimlist=\toks15

("C:\Program Files (x86)\MiKTeX 2.9\tex\latex\geometry\geometry.cfg"))
("C:\Program Files (x86)\MiKTeX 2.9\tex\latex\base\size11.clo"
File: size11.clo 2007/10/19 v1.4h Standard LaTeX file (size option)
)
(C:\Users\evankaufman\AppData\Roaming\MiKTeX\2.9\tex\latex\pgf\basiclayer\pgfco
re.sty ("C:\Program Files (x86)\MiKTeX 2.9\tex\latex\graphics\graphicx.sty"
Package: graphicx 1999/02/16 v1.0f Enhanced LaTeX Graphics (DPC,SPQR)

("C:\Program Files (x86)\MiKTeX 2.9\tex\latex\graphics\graphics.sty"
Package: graphics 2009/02/05 v1.0o Standard LaTeX Graphics (DPC,SPQR)

("C:\Program Files (x86)\MiKTeX 2.9\tex\latex\graphics\trig.sty"
Package: trig 1999/03/16 v1.09 sin cos tan (DPC)
)
("C:\Program Files (x86)\MiKTeX 2.9\tex\latex\00miktex\graphics.cfg"
File: graphics.cfg 2007/01/18 v1.5 graphics configuration of teTeX/TeXLive
)
Package graphics Info: Driver file: pdftex.def on input line 91.

("C:\Program Files (x86)\MiKTeX 2.9\tex\latex\pdftex-def\pdftex.def"
File: pdftex.def 2011/05/27 v0.06d Graphics/color for pdfTeX

("C:\Program Files (x86)\MiKTeX 2.9\tex\generic\oberdiek\infwarerr.sty"
Package: infwarerr 2010/04/08 v1.3 Providing info/warning/error messages (HO)
)
("C:\Program Files (x86)\MiKTeX 2.9\tex\generic\oberdiek\ltxcmds.sty"
Package: ltxcmds 2011/11/09 v1.22 LaTeX kernel commands for general use (HO)
)
\Gread@gobject=\count105
))
\Gin@req@height=\dimen127
\Gin@req@width=\dimen128
)
(C:\Users\evankaufman\AppData\Roaming\MiKTeX\2.9\tex\latex\pgf\systemlayer\pgfs
ys.sty
(C:\Users\evankaufman\AppData\Roaming\MiKTeX\2.9\tex\latex\pgf\utilities\pgfrcs
.sty
(C:\Users\evankaufman\AppData\Roaming\MiKTeX\2.9\tex\generic\pgf\utilities\pgfu
til-common.tex
\pgfutil@everybye=\toks16
)
(C:\Users\evankaufman\AppData\Roaming\MiKTeX\2.9\tex\generic\pgf\utilities\pgfu
til-latex.def
\pgfutil@abb=\box34

(C:\Users\evankaufman\AppData\Roaming\MiKTeX\2.9\tex\latex\ms\everyshi.sty
Package: everyshi 2001/05/15 v3.00 EveryShipout Package (MS)
))
(C:\Users\evankaufman\AppData\Roaming\MiKTeX\2.9\tex\generic\pgf\utilities\pgfr
cs.code.tex
Package: pgfrcs 2010/10/25 v2.10 (rcs-revision 1.24)
))
(C:\Users\evankaufman\AppData\Roaming\MiKTeX\2.9\tex\generic\pgf\systemlayer\pg
fsys.code.tex
Package: pgfsys 2010/06/30 v2.10 (rcs-revision 1.37)

(C:\Users\evankaufman\AppData\Roaming\MiKTeX\2.9\tex\generic\pgf\utilities\pgfk
eys.code.tex
\pgfkeys@pathtoks=\toks17
\pgfkeys@temptoks=\toks18

(C:\Users\evankaufman\AppData\Roaming\MiKTeX\2.9\tex\generic\pgf\utilities\pgfk
eysfiltered.code.tex
\pgfkeys@tmptoks=\toks19
))
\pgf@x=\dimen129
\pgf@y=\dimen130
\pgf@xa=\dimen131
\pgf@ya=\dimen132
\pgf@xb=\dimen133
\pgf@yb=\dimen134
\pgf@xc=\dimen135
\pgf@yc=\dimen136
\w@pgf@writea=\write3
\r@pgf@reada=\read1
\c@pgf@counta=\count106
\c@pgf@countb=\count107
\c@pgf@countc=\count108
\c@pgf@countd=\count109

(C:\Users\evankaufman\AppData\Roaming\MiKTeX\2.9\tex\generic\pgf\systemlayer\pg
f.cfg
File: pgf.cfg 2008/05/14  (rcs-revision 1.7)
)
Package pgfsys Info: Driver file for pgf: pgfsys-pdftex.def on input line 900.

(C:\Users\evankaufman\AppData\Roaming\MiKTeX\2.9\tex\generic\pgf\systemlayer\pg
fsys-pdftex.def
File: pgfsys-pdftex.def 2009/05/22  (rcs-revision 1.26)

(C:\Users\evankaufman\AppData\Roaming\MiKTeX\2.9\tex\generic\pgf\systemlayer\pg
fsys-common-pdf.def
File: pgfsys-common-pdf.def 2008/05/19  (rcs-revision 1.10)
)))
(C:\Users\evankaufman\AppData\Roaming\MiKTeX\2.9\tex\generic\pgf\systemlayer\pg
fsyssoftpath.code.tex
File: pgfsyssoftpath.code.tex 2008/07/18  (rcs-revision 1.7)
\pgfsyssoftpath@smallbuffer@items=\count110
\pgfsyssoftpath@bigbuffer@items=\count111
)
(C:\Users\evankaufman\AppData\Roaming\MiKTeX\2.9\tex\generic\pgf\systemlayer\pg
fsysprotocol.code.tex
File: pgfsysprotocol.code.tex 2006/10/16  (rcs-revision 1.4)
))
(C:\Users\evankaufman\AppData\Roaming\MiKTeX\2.9\tex\latex\xcolor\xcolor.sty
Package: xcolor 2007/01/21 v2.11 LaTeX color extensions (UK)

("C:\Program Files (x86)\MiKTeX 2.9\tex\latex\00miktex\color.cfg"
File: color.cfg 2007/01/18 v1.5 color configuration of teTeX/TeXLive
)
Package xcolor Info: Driver file: pdftex.def on input line 225.
Package xcolor Info: Model `cmy' substituted by `cmy0' on input line 1337.
Package xcolor Info: Model `hsb' substituted by `rgb' on input line 1341.
Package xcolor Info: Model `RGB' extended on input line 1353.
Package xcolor Info: Model `HTML' substituted by `rgb' on input line 1355.
Package xcolor Info: Model `Hsb' substituted by `hsb' on input line 1356.
Package xcolor Info: Model `tHsb' substituted by `hsb' on input line 1357.
Package xcolor Info: Model `HSB' substituted by `hsb' on input line 1358.
Package xcolor Info: Model `Gray' substituted by `gray' on input line 1359.
Package xcolor Info: Model `wave' substituted by `hsb' on input line 1360.
)
(C:\Users\evankaufman\AppData\Roaming\MiKTeX\2.9\tex\generic\pgf\basiclayer\pgf
core.code.tex
Package: pgfcore 2010/04/11 v2.10 (rcs-revision 1.7)

(C:\Users\evankaufman\AppData\Roaming\MiKTeX\2.9\tex\generic\pgf\math\pgfmath.c
ode.tex
(C:\Users\evankaufman\AppData\Roaming\MiKTeX\2.9\tex\generic\pgf\math\pgfmathca
lc.code.tex
(C:\Users\evankaufman\AppData\Roaming\MiKTeX\2.9\tex\generic\pgf\math\pgfmathut
il.code.tex)
(C:\Users\evankaufman\AppData\Roaming\MiKTeX\2.9\tex\generic\pgf\math\pgfmathpa
rser.code.tex
\pgfmath@dimen=\dimen137
\pgfmath@count=\count112
\pgfmath@box=\box35
\pgfmath@toks=\toks20
\pgfmath@stack@operand=\toks21
\pgfmath@stack@operation=\toks22
)
(C:\Users\evankaufman\AppData\Roaming\MiKTeX\2.9\tex\generic\pgf\math\pgfmathfu
nctions.code.tex
(C:\Users\evankaufman\AppData\Roaming\MiKTeX\2.9\tex\generic\pgf\math\pgfmathfu
nctions.basic.code.tex)
(C:\Users\evankaufman\AppData\Roaming\MiKTeX\2.9\tex\generic\pgf\math\pgfmathfu
nctions.trigonometric.code.tex)
(C:\Users\evankaufman\AppData\Roaming\MiKTeX\2.9\tex\generic\pgf\math\pgfmathfu
nctions.random.code.tex)
(C:\Users\evankaufman\AppData\Roaming\MiKTeX\2.9\tex\generic\pgf\math\pgfmathfu
nctions.comparison.code.tex)
(C:\Users\evankaufman\AppData\Roaming\MiKTeX\2.9\tex\generic\pgf\math\pgfmathfu
nctions.base.code.tex)
(C:\Users\evankaufman\AppData\Roaming\MiKTeX\2.9\tex\generic\pgf\math\pgfmathfu
nctions.round.code.tex)
(C:\Users\evankaufman\AppData\Roaming\MiKTeX\2.9\tex\generic\pgf\math\pgfmathfu
nctions.misc.code.tex)))
(C:\Users\evankaufman\AppData\Roaming\MiKTeX\2.9\tex\generic\pgf\math\pgfmathfl
oat.code.tex
\c@pgfmathroundto@lastzeros=\count113
))
(C:\Users\evankaufman\AppData\Roaming\MiKTeX\2.9\tex\generic\pgf\basiclayer\pgf
corepoints.code.tex
File: pgfcorepoints.code.tex 2010/04/09  (rcs-revision 1.20)
\pgf@picminx=\dimen138
\pgf@picmaxx=\dimen139
\pgf@picminy=\dimen140
\pgf@picmaxy=\dimen141
\pgf@pathminx=\dimen142
\pgf@pathmaxx=\dimen143
\pgf@pathminy=\dimen144
\pgf@pathmaxy=\dimen145
\pgf@xx=\dimen146
\pgf@xy=\dimen147
\pgf@yx=\dimen148
\pgf@yy=\dimen149
\pgf@zx=\dimen150
\pgf@zy=\dimen151
)
(C:\Users\evankaufman\AppData\Roaming\MiKTeX\2.9\tex\generic\pgf\basiclayer\pgf
corepathconstruct.code.tex
File: pgfcorepathconstruct.code.tex 2010/08/03  (rcs-revision 1.24)
\pgf@path@lastx=\dimen152
\pgf@path@lasty=\dimen153
)
(C:\Users\evankaufman\AppData\Roaming\MiKTeX\2.9\tex\generic\pgf\basiclayer\pgf
corepathusage.code.tex
File: pgfcorepathusage.code.tex 2008/04/22  (rcs-revision 1.12)
\pgf@shorten@end@additional=\dimen154
\pgf@shorten@start@additional=\dimen155
)
(C:\Users\evankaufman\AppData\Roaming\MiKTeX\2.9\tex\generic\pgf\basiclayer\pgf
corescopes.code.tex
File: pgfcorescopes.code.tex 2010/09/08  (rcs-revision 1.34)
\pgfpic=\box36
\pgf@hbox=\box37
\pgf@layerbox@main=\box38
\pgf@picture@serial@count=\count114
)
(C:\Users\evankaufman\AppData\Roaming\MiKTeX\2.9\tex\generic\pgf\basiclayer\pgf
coregraphicstate.code.tex
File: pgfcoregraphicstate.code.tex 2008/04/22  (rcs-revision 1.9)
\pgflinewidth=\dimen156
)
(C:\Users\evankaufman\AppData\Roaming\MiKTeX\2.9\tex\generic\pgf\basiclayer\pgf
coretransformations.code.tex
File: pgfcoretransformations.code.tex 2009/06/10  (rcs-revision 1.11)
\pgf@pt@x=\dimen157
\pgf@pt@y=\dimen158
\pgf@pt@temp=\dimen159
)
(C:\Users\evankaufman\AppData\Roaming\MiKTeX\2.9\tex\generic\pgf\basiclayer\pgf
corequick.code.tex
File: pgfcorequick.code.tex 2008/10/09  (rcs-revision 1.3)
)
(C:\Users\evankaufman\AppData\Roaming\MiKTeX\2.9\tex\generic\pgf\basiclayer\pgf
coreobjects.code.tex
File: pgfcoreobjects.code.tex 2006/10/11  (rcs-revision 1.2)
)
(C:\Users\evankaufman\AppData\Roaming\MiKTeX\2.9\tex\generic\pgf\basiclayer\pgf
corepathprocessing.code.tex
File: pgfcorepathprocessing.code.tex 2008/10/09  (rcs-revision 1.8)
)
(C:\Users\evankaufman\AppData\Roaming\MiKTeX\2.9\tex\generic\pgf\basiclayer\pgf
corearrows.code.tex
File: pgfcorearrows.code.tex 2008/04/23  (rcs-revision 1.11)
)
(C:\Users\evankaufman\AppData\Roaming\MiKTeX\2.9\tex\generic\pgf\basiclayer\pgf
coreshade.code.tex
File: pgfcoreshade.code.tex 2008/11/23  (rcs-revision 1.13)
\pgf@max=\dimen160
\pgf@sys@shading@range@num=\count115
)
(C:\Users\evankaufman\AppData\Roaming\MiKTeX\2.9\tex\generic\pgf\basiclayer\pgf
coreimage.code.tex
File: pgfcoreimage.code.tex 2010/03/25  (rcs-revision 1.16)

(C:\Users\evankaufman\AppData\Roaming\MiKTeX\2.9\tex\generic\pgf\basiclayer\pgf
coreexternal.code.tex
File: pgfcoreexternal.code.tex 2010/09/01  (rcs-revision 1.17)
\pgfexternal@startupbox=\box39
))
(C:\Users\evankaufman\AppData\Roaming\MiKTeX\2.9\tex\generic\pgf\basiclayer\pgf
corelayers.code.tex
File: pgfcorelayers.code.tex 2010/08/27  (rcs-revision 1.2)
)
(C:\Users\evankaufman\AppData\Roaming\MiKTeX\2.9\tex\generic\pgf\basiclayer\pgf
coretransparency.code.tex
File: pgfcoretransparency.code.tex 2008/01/17  (rcs-revision 1.2)
)
(C:\Users\evankaufman\AppData\Roaming\MiKTeX\2.9\tex\generic\pgf\basiclayer\pgf
corepatterns.code.tex
File: pgfcorepatterns.code.tex 2009/07/02  (rcs-revision 1.3)
)))
(C:\Users\evankaufman\AppData\Roaming\MiKTeX\2.9\tex\latex\pgf\utilities\xxcolo
r.sty
Package: xxcolor 2003/10/24 ver 0.1
\XC@nummixins=\count116
\XC@countmixins=\count117
) ("C:\Program Files (x86)\MiKTeX 2.9\tex\latex\hyperref\hyperref.sty"
Package: hyperref 2012/05/13 v6.82q Hypertext links for LaTeX

("C:\Program Files (x86)\MiKTeX 2.9\tex\generic\oberdiek\hobsub-hyperref.sty"
Package: hobsub-hyperref 2012/04/25 v1.12 Bundle oberdiek, subset hyperref (HO)


("C:\Program Files (x86)\MiKTeX 2.9\tex\generic\oberdiek\hobsub-generic.sty"
Package: hobsub-generic 2012/04/25 v1.12 Bundle oberdiek, subset generic (HO)
Package: hobsub 2012/04/25 v1.12 Construct package bundles (HO)
Package hobsub Info: Skipping package `infwarerr' (already loaded).
Package hobsub Info: Skipping package `ltxcmds' (already loaded).
Package: ifluatex 2010/03/01 v1.3 Provides the ifluatex switch (HO)
Package ifluatex Info: LuaTeX not detected.
Package hobsub Info: Skipping package `ifvtex' (already loaded).
Package: intcalc 2007/09/27 v1.1 Expandable calculations with integers (HO)
Package hobsub Info: Skipping package `ifpdf' (already loaded).
Package: etexcmds 2011/02/16 v1.5 Avoid name clashes with e-TeX commands (HO)
Package etexcmds Info: Could not find \expanded.
(etexcmds)             That can mean that you are not using pdfTeX 1.50 or
(etexcmds)             that some package has redefined \expanded.
(etexcmds)             In the latter case, load this package earlier.
Package: kvsetkeys 2012/04/25 v1.16 Key value parser (HO)
Package: kvdefinekeys 2011/04/07 v1.3 Define keys (HO)
Package: pdftexcmds 2011/11/29 v0.20 Utility functions of pdfTeX for LuaTeX (HO
)
Package pdftexcmds Info: LuaTeX not detected.
Package pdftexcmds Info: \pdf@primitive is available.
Package pdftexcmds Info: \pdf@ifprimitive is available.
Package pdftexcmds Info: \pdfdraftmode found.
Package: pdfescape 2011/11/25 v1.13 Implements pdfTeX's escape features (HO)
Package: bigintcalc 2012/04/08 v1.3 Expandable calculations on big integers (HO
)
Package: bitset 2011/01/30 v1.1 Handle bit-vector datatype (HO)
Package: uniquecounter 2011/01/30 v1.2 Provide unlimited unique counter (HO)
)
Package hobsub Info: Skipping package `hobsub' (already loaded).
Package: letltxmacro 2010/09/02 v1.4 Let assignment for LaTeX macros (HO)
Package: hopatch 2011/06/24 v1.1 Wrapper for package hooks (HO)
Package: xcolor-patch 2011/01/30 xcolor patch
Package: atveryend 2011/06/30 v1.8 Hooks at the very end of document (HO)
Package atveryend Info: \enddocument detected (standard20110627).
Package: atbegshi 2011/10/05 v1.16 At begin shipout hook (HO)
Package: refcount 2011/10/16 v3.4 Data extraction from label references (HO)
Package: hycolor 2011/01/30 v1.7 Color options for hyperref/bookmark (HO)
)
("C:\Program Files (x86)\MiKTeX 2.9\tex\latex\oberdiek\kvoptions.sty"
Package: kvoptions 2011/06/30 v3.11 Key value format for package options (HO)
)
\@linkdim=\dimen161
\Hy@linkcounter=\count118
\Hy@pagecounter=\count119

("C:\Program Files (x86)\MiKTeX 2.9\tex\latex\hyperref\pd1enc.def"
File: pd1enc.def 2012/05/13 v6.82q Hyperref: PDFDocEncoding definition (HO)
)
\Hy@SavedSpaceFactor=\count120

("C:\Program Files (x86)\MiKTeX 2.9\tex\latex\00miktex\hyperref.cfg"
File: hyperref.cfg 2002/06/06 v1.2 hyperref configuration of TeXLive
)
Package hyperref Info: Option `bookmarks' set `true' on input line 3941.
Package hyperref Info: Option `bookmarksopen' set `true' on input line 3941.


Package hyperref Warning: Values of option `pdfpagemode':
(hyperref)                * `UseNone'
(hyperref)                * `UseOutlines'
(hyperref)                * `UseThumbs'
(hyperref)                * `FullScreen'
(hyperref)                * `UseOC' (PDF 1.5)
(hyperref)                * `UseAttachments' (PDF 1.6)
(hyperref)                * An empty value disables the option.
(hyperref)                Unknown value `none' on input line 3941.

Package hyperref Info: Option `implicit' set `false' on input line 3941.
Package hyperref Info: Hyper figures OFF on input line 4062.
Package hyperref Info: Link nesting OFF on input line 4067.
Package hyperref Info: Hyper index ON on input line 4070.
Package hyperref Info: Plain pages OFF on input line 4077.
Package hyperref Info: Backreferencing OFF on input line 4082.
Package hyperref Info: Implicit mode OFF; no redefinition of LaTeX internals.
Package hyperref Info: Bookmarks ON on input line 4300.
\c@Hy@tempcnt=\count121
("C:\Program Files (x86)\MiKTeX 2.9\tex\latex\ltxmisc\url.sty"
\Urlmuskip=\muskip10
Package: url 2006/04/12  ver 3.3  Verb mode for urls, etc.
)
LaTeX Info: Redefining \url on input line 4653.
\Fld@menulength=\count122
\Field@Width=\dimen162
\Fld@charsize=\dimen163
Package hyperref Info: Hyper figures OFF on input line 5773.
Package hyperref Info: Link nesting OFF on input line 5778.
Package hyperref Info: Hyper index ON on input line 5781.
Package hyperref Info: backreferencing OFF on input line 5788.
Package hyperref Info: Link coloring OFF on input line 5793.
Package hyperref Info: Link coloring with OCG OFF on input line 5798.
Package hyperref Info: PDF/A mode OFF on input line 5803.
LaTeX Info: Redefining \ref on input line 5843.
LaTeX Info: Redefining \pageref on input line 5847.
\Hy@abspage=\count123


Package hyperref Message: Stopped early.

)

Package hyperref Message: Driver: hpdftex.

("C:\Program Files (x86)\MiKTeX 2.9\tex\latex\hyperref\hpdftex.def"
File: hpdftex.def 2012/05/13 v6.82q Hyperref driver for pdfTeX
\Fld@listcount=\count124
\c@bookmark@seq@number=\count125

("C:\Program Files (x86)\MiKTeX 2.9\tex\latex\oberdiek\rerunfilecheck.sty"
Package: rerunfilecheck 2011/04/15 v1.7 Rerun checks for auxiliary files (HO)
Package uniquecounter Info: New unique counter `rerunfilecheck' on input line 2
82.
))
(C:\Users\evankaufman\AppData\Roaming\MiKTeX\2.9\tex\latex\beamer\base\beamerba
serequires.sty
Package: beamerbaserequires 2010/05/01  (rcs-revision efa082c6111d)

(C:\Users\evankaufman\AppData\Roaming\MiKTeX\2.9\tex\latex\beamer\base\beamerba
secompatibility.sty
Package: beamerbasecompatibility 2012/05/01  (rcs-revision 67c48b3b652d)
)
(C:\Users\evankaufman\AppData\Roaming\MiKTeX\2.9\tex\latex\beamer\base\beamerba
sefont.sty
Package: beamerbasefont 2012/09/19  (rcs-revision 733629cd0c6c)
 ("C:\Program Files (x86)\MiKTeX 2.9\tex\latex\amsfonts\amssymb.sty"
Package: amssymb 2009/06/22 v3.00

("C:\Program Files (x86)\MiKTeX 2.9\tex\latex\amsfonts\amsfonts.sty"
Package: amsfonts 2009/06/22 v3.00 Basic AMSFonts support
\@emptytoks=\toks23
\symAMSa=\mathgroup4
\symAMSb=\mathgroup5
LaTeX Font Info:    Overwriting math alphabet `\mathfrak' in version `bold'
(Font)                  U/euf/m/n --> U/euf/b/n on input line 96.
)))
(C:\Users\evankaufman\AppData\Roaming\MiKTeX\2.9\tex\latex\beamer\base\beamerba
setranslator.sty
Package: beamerbasetranslator 2010/06/11  (rcs-revision 85fd1cc7fc42)

(C:\Users\evankaufman\AppData\Roaming\MiKTeX\2.9\tex\latex\beamer\base\translat
or\translator.sty
Package: translator 2010/06/12 ver 1.10

(C:\Users\evankaufman\AppData\Roaming\MiKTeX\2.9\tex\latex\beamer\base\translat
or\translator-language-mappings.tex)))
(C:\Users\evankaufman\AppData\Roaming\MiKTeX\2.9\tex\latex\beamer\base\beamerba
semisc.sty
Package: beamerbasemisc 2012/02/24  (rcs-revision 2ff5461be705)
)
(C:\Users\evankaufman\AppData\Roaming\MiKTeX\2.9\tex\latex\beamer\base\beamerba
setwoscreens.sty
Package: beamerbasetwoscreens 2010/05/01  (rcs-revision efa082c6111d)
)
(C:\Users\evankaufman\AppData\Roaming\MiKTeX\2.9\tex\latex\beamer\base\beamerba
seoverlay.sty
Package: beamerbaseoverlay 2012/11/11  (rcs-revision 6afbc49b1109)
\beamer@argscount=\count126
\beamer@lastskipcover=\skip44
\beamer@trivlistdepth=\count127
)
(C:\Users\evankaufman\AppData\Roaming\MiKTeX\2.9\tex\latex\beamer\base\beamerba
setitle.sty
Package: beamerbasetitle 2010/09/21  (rcs-revision f0446ed0b6ae)
)
(C:\Users\evankaufman\AppData\Roaming\MiKTeX\2.9\tex\latex\beamer\base\beamerba
sesection.sty
Package: beamerbasesection 2013/01/04  (rcs-revision 54309ceef997)
\c@lecture=\count128
\c@part=\count129
\c@section=\count130
\c@subsection=\count131
\c@subsubsection=\count132
)
(C:\Users\evankaufman\AppData\Roaming\MiKTeX\2.9\tex\latex\beamer\base\beamerba
seframe.sty
Package: beamerbaseframe 2012/12/26  (rcs-revision 1443917db2cf)
\beamer@framebox=\box40
\beamer@frametitlebox=\box41
\beamer@zoombox=\box42
\beamer@zoomcount=\count133
\beamer@zoomframecount=\count134
\beamer@frametextheight=\dimen164
\c@subsectionslide=\count135
\beamer@frametopskip=\skip45
\beamer@framebottomskip=\skip46
\beamer@frametopskipautobreak=\skip47
\beamer@framebottomskipautobreak=\skip48
\beamer@envbody=\toks24
\framewidth=\dimen165
\c@framenumber=\count136
)
(C:\Users\evankaufman\AppData\Roaming\MiKTeX\2.9\tex\latex\beamer\base\beamerba
severbatim.sty
Package: beamerbaseverbatim 2012/08/30  (rcs-revision dfdb135076b3)
\beamer@verbatimfileout=\write4
)
(C:\Users\evankaufman\AppData\Roaming\MiKTeX\2.9\tex\latex\beamer\base\beamerba
seframesize.sty
Package: beamerbaseframesize 2011/09/12  (rcs-revision 70f9d8411e54)
\beamer@splitbox=\box43
\beamer@autobreakcount=\count137
\beamer@autobreaklastheight=\dimen166
\beamer@frametitletoks=\toks25
\beamer@framesubtitletoks=\toks26
)
(C:\Users\evankaufman\AppData\Roaming\MiKTeX\2.9\tex\latex\beamer\base\beamerba
seframecomponents.sty
Package: beamerbaseframecomponents 2012/09/13  (rcs-revision dcd846607320)
\beamer@footins=\box44
)
(C:\Users\evankaufman\AppData\Roaming\MiKTeX\2.9\tex\latex\beamer\base\beamerba
secolor.sty
Package: beamerbasecolor 2010/06/06  (rcs-revision d1a9b48be06d)
)
(C:\Users\evankaufman\AppData\Roaming\MiKTeX\2.9\tex\latex\beamer\base\beamerba
senotes.sty
Package: beamerbasenotes 2012/12/19  (rcs-revision 1686da3db3c9)
\beamer@frameboxcopy=\box45
)
(C:\Users\evankaufman\AppData\Roaming\MiKTeX\2.9\tex\latex\beamer\base\beamerba
setoc.sty
Package: beamerbasetoc 2012/10/02  (rcs-revision 5ed0f4010e8a)
)
(C:\Users\evankaufman\AppData\Roaming\MiKTeX\2.9\tex\latex\beamer\base\beamerba
setemplates.sty
Package: beamerbasetemplates 2010/05/01  (rcs-revision efa082c6111d)
\beamer@sbttoks=\toks27

(C:\Users\evankaufman\AppData\Roaming\MiKTeX\2.9\tex\latex\beamer\base\beamerba
seauxtemplates.sty
Package: beamerbaseauxtemplates 2012/05/01  (rcs-revision 67c48b3b652d)

(C:\Users\evankaufman\AppData\Roaming\MiKTeX\2.9\tex\latex\beamer\base\beamerba
seboxes.sty
Package: beamerbaseboxes 2012/05/13  (rcs-revision 56972908a390)
\bmb@box=\box46
\bmb@colorbox=\box47
\bmb@boxshadow=\box48
\bmb@boxshadowball=\box49
\bmb@boxshadowballlarge=\box50
\bmb@temp=\dimen167
\bmb@dima=\dimen168
\bmb@dimb=\dimen169
\bmb@prevheight=\dimen170
)
\beamer@blockheadheight=\dimen171
))
(C:\Users\evankaufman\AppData\Roaming\MiKTeX\2.9\tex\latex\beamer\base\beamerba
selocalstructure.sty
Package: beamerbaselocalstructure 2012/11/13  (rcs-revision ddfba79dac19)

("C:\Program Files (x86)\MiKTeX 2.9\tex\latex\tools\enumerate.sty"
Package: enumerate 1999/03/05 v3.00 enumerate extensions (DPC)
\@enLab=\toks28
)
\c@figure=\count138
\c@table=\count139
\abovecaptionskip=\skip49
\belowcaptionskip=\skip50
)
(C:\Users\evankaufman\AppData\Roaming\MiKTeX\2.9\tex\latex\beamer\base\beamerba
senavigation.sty
Package: beamerbasenavigation 2012/04/03  (rcs-revision 42a0f21a412d)
\beamer@section@min@dim=\dimen172
)
(C:\Users\evankaufman\AppData\Roaming\MiKTeX\2.9\tex\latex\beamer\base\beamerba
setheorems.sty
Package: beamerbasetheorems 2010/06/06  (rcs-revision 7e7cc5e53e9d)

("C:\Program Files (x86)\MiKTeX 2.9\tex\latex\ams\math\amsmath.sty"
Package: amsmath 2000/07/18 v2.13 AMS math features
\@mathmargin=\skip51

For additional information on amsmath, use the `?' option.
("C:\Program Files (x86)\MiKTeX 2.9\tex\latex\ams\math\amstext.sty"
Package: amstext 2000/06/29 v2.01

("C:\Program Files (x86)\MiKTeX 2.9\tex\latex\ams\math\amsgen.sty"
File: amsgen.sty 1999/11/30 v2.0
\@emptytoks=\toks29
\ex@=\dimen173
))
("C:\Program Files (x86)\MiKTeX 2.9\tex\latex\ams\math\amsbsy.sty"
Package: amsbsy 1999/11/29 v1.2d
\pmbraise@=\dimen174
)
("C:\Program Files (x86)\MiKTeX 2.9\tex\latex\ams\math\amsopn.sty"
Package: amsopn 1999/12/14 v2.01 operator names
)
\inf@bad=\count140
LaTeX Info: Redefining \frac on input line 211.
\uproot@=\count141
\leftroot@=\count142
LaTeX Info: Redefining \overline on input line 307.
\classnum@=\count143
\DOTSCASE@=\count144
LaTeX Info: Redefining \ldots on input line 379.
LaTeX Info: Redefining \dots on input line 382.
LaTeX Info: Redefining \cdots on input line 467.
\Mathstrutbox@=\box51
\strutbox@=\box52
\big@size=\dimen175
LaTeX Font Info:    Redeclaring font encoding OML on input line 567.
LaTeX Font Info:    Redeclaring font encoding OMS on input line 568.
\macc@depth=\count145
\c@MaxMatrixCols=\count146
\dotsspace@=\muskip11
\c@parentequation=\count147
\dspbrk@lvl=\count148
\tag@help=\toks30
\row@=\count149
\column@=\count150
\maxfields@=\count151
\andhelp@=\toks31
\eqnshift@=\dimen176
\alignsep@=\dimen177
\tagshift@=\dimen178
\tagwidth@=\dimen179
\totwidth@=\dimen180
\lineht@=\dimen181
\@envbody=\toks32
\multlinegap=\skip52
\multlinetaggap=\skip53
\mathdisplay@stack=\toks33
LaTeX Info: Redefining \[ on input line 2666.
LaTeX Info: Redefining \] on input line 2667.
)
("C:\Program Files (x86)\MiKTeX 2.9\tex\latex\ams\classes\amsthm.sty"
Package: amsthm 2004/08/06 v2.20
\thm@style=\toks34
\thm@bodyfont=\toks35
\thm@headfont=\toks36
\thm@notefont=\toks37
\thm@headpunct=\toks38
\thm@preskip=\skip54
\thm@postskip=\skip55
\thm@headsep=\skip56
\dth@everypar=\toks39
)
\c@theorem=\count152
)
(C:\Users\evankaufman\AppData\Roaming\MiKTeX\2.9\tex\latex\beamer\base\beamerba
sethemes.sty
Package: beamerbasethemes 2010/05/01  (rcs-revision efa082c6111d)
))
(C:\Users\evankaufman\AppData\Roaming\MiKTeX\2.9\tex\latex\beamer\base\themes\t
heme\beamerthemedefault.sty
Package: beamerthemedefault 2010/06/17  (rcs-revision d02a7cf4d8ae)

(C:\Users\evankaufman\AppData\Roaming\MiKTeX\2.9\tex\latex\beamer\base\themes\f
ont\beamerfontthemedefault.sty
Package: beamerfontthemedefault 2012/12/19  (rcs-revision 1686da3db3c9)
)
(C:\Users\evankaufman\AppData\Roaming\MiKTeX\2.9\tex\latex\beamer\base\themes\c
olor\beamercolorthemedefault.sty
Package: beamercolorthemedefault 2012/12/19  (rcs-revision 1686da3db3c9)
)
(C:\Users\evankaufman\AppData\Roaming\MiKTeX\2.9\tex\latex\beamer\base\themes\i
nner\beamerinnerthemedefault.sty
Package: beamerinnerthemedefault 2012/05/01  (rcs-revision 67c48b3b652d)
\beamer@dima=\dimen182
\beamer@dimb=\dimen183
)
(C:\Users\evankaufman\AppData\Roaming\MiKTeX\2.9\tex\latex\beamer\base\themes\o
uter\beamerouterthemedefault.sty
Package: beamerouterthemedefault 2012/12/19  (rcs-revision 1686da3db3c9)
)))
("C:\Program Files (x86)\MiKTeX 2.9\tex\latex\multirow\multirow.sty"
\bigstrutjot=\dimen184
)
(C:\Users\evankaufman\AppData\Roaming\MiKTeX\2.9\tex\latex\subfigure\subfigure.
sty
Package: subfigure 2002/07/30 v2.1.4 subfigure package
\subfigtopskip=\skip57
\subfigcapskip=\skip58
\subfigcaptopadj=\dimen185
\subfigbottomskip=\skip59
\subfigcapmargin=\dimen186
\subfiglabelskip=\skip60
\c@subfigure=\count153
\c@lofdepth=\count154
\c@subtable=\count155
\c@lotdepth=\count156

****************************************
* Local config file subfigure.cfg used *
****************************************

(C:\Users\evankaufman\AppData\Roaming\MiKTeX\2.9\tex\latex\subfigure\subfigure.
cfg)
\subfig@top=\skip61
\subfig@bottom=\skip62
) ("C:\Program Files (x86)\MiKTeX 2.9\tex\latex\oberdiek\epstopdf.sty"
Package: epstopdf 2010/02/09 v2.5 Conversion with epstopdf on the fly (HO)

("C:\Program Files (x86)\MiKTeX 2.9\tex\latex\oberdiek\epstopdf-base.sty"
Package: epstopdf-base 2010/02/09 v2.5 Base part for package epstopdf

("C:\Program Files (x86)\MiKTeX 2.9\tex\latex\oberdiek\grfext.sty"
Package: grfext 2010/08/19 v1.1 Manage graphics extensions (HO)
)
Package grfext Info: Graphics extension search list:
(grfext)             [.png,.pdf,.jpg,.mps,.jpeg,.jbig2,.jb2,.PNG,.PDF,.JPG,.JPE
G,.JBIG2,.JB2,.eps]
(grfext)             \AppendGraphicsExtensions on input line 452.
))
(C:\Users\evankaufman\AppData\Roaming\MiKTeX\2.9\tex\latex\beamer\base\multimed
ia\multimedia.sty
Package: multimedia 2012/05/02 ver 0.02
\mm@movie=\count157
)
(C:\Users\evankaufman\AppData\Roaming\MiKTeX\2.9\tex\latex\beamer\base\themes\t
heme\beamerthemeWarsaw.sty
Package: beamerthemeWarsaw 2010/06/17  (rcs-revision d02a7cf4d8ae)

(C:\Users\evankaufman\AppData\Roaming\MiKTeX\2.9\tex\latex\beamer\base\themes\i
nner\beamerinnerthemerounded.sty
Package: beamerinnerthemerounded 2010/06/17  (rcs-revision d02a7cf4d8ae)
)
(C:\Users\evankaufman\AppData\Roaming\MiKTeX\2.9\tex\latex\beamer\base\themes\o
uter\beamerouterthemeshadow.sty
Package: beamerouterthemeshadow 2010/06/17  (rcs-revision d02a7cf4d8ae)

(C:\Users\evankaufman\AppData\Roaming\MiKTeX\2.9\tex\latex\beamer\base\themes\o
uter\beamerouterthemesplit.sty
Package: beamerouterthemesplit 2012/10/16  (rcs-revision 51a8c72084af)
))
(C:\Users\evankaufman\AppData\Roaming\MiKTeX\2.9\tex\latex\beamer\base\themes\c
olor\beamercolorthemeorchid.sty
Package: beamercolorthemeorchid 2010/06/17  (rcs-revision d02a7cf4d8ae)
)
(C:\Users\evankaufman\AppData\Roaming\MiKTeX\2.9\tex\latex\beamer\base\themes\c
olor\beamercolorthemewhale.sty
Package: beamercolorthemewhale 2010/06/17  (rcs-revision d02a7cf4d8ae)
))
(C:\Users\evankaufman\AppData\Roaming\MiKTeX\2.9\tex\latex\beamer\base\themes\f
ont\beamerfontthemeserif.sty
Package: beamerfontthemeserif 2010/06/17  (rcs-revision d02a7cf4d8ae)
)

Package hyperref Warning: Token not allowed in a PDF string (PDFDocEncoding):
(hyperref)                removing `\new@ifnextchar' on input line 86.

\c@prop=\count158

("C:\Users\evankaufman\Dropbox\Dr. Lee Research Group\Evan\Publications\ASC 201
4\Presentation\ASC14_Presentation.aux")
LaTeX Font Info:    Checking defaults for OML/cmm/m/it on input line 105.
LaTeX Font Info:    ... okay on input line 105.
LaTeX Font Info:    Checking defaults for T1/cmr/m/n on input line 105.
LaTeX Font Info:    ... okay on input line 105.
LaTeX Font Info:    Checking defaults for OT1/cmr/m/n on input line 105.
LaTeX Font Info:    ... okay on input line 105.
LaTeX Font Info:    Checking defaults for OMS/cmsy/m/n on input line 105.
LaTeX Font Info:    ... okay on input line 105.
LaTeX Font Info:    Checking defaults for OMX/cmex/m/n on input line 105.
LaTeX Font Info:    ... okay on input line 105.
LaTeX Font Info:    Checking defaults for U/cmr/m/n on input line 105.
LaTeX Font Info:    ... okay on input line 105.
LaTeX Font Info:    Checking defaults for PD1/pdf/m/n on input line 105.
LaTeX Font Info:    ... okay on input line 105.

*geometry* driver: auto-detecting
*geometry* detected driver: pdftex
*geometry* verbose mode - [ preamble ] result:
* driver: pdftex
* paper: custom
* layout: <same size as paper>
* layoutoffset:(h,v)=(0.0pt,0.0pt)
* modes: includehead includefoot 
* h-part:(L,W,R)=(28.45274pt, 307.28987pt, 28.45274pt)
* v-part:(T,H,B)=(0.0pt, 273.14662pt, 0.0pt)
* \paperwidth=364.19536pt
* \paperheight=273.14662pt
* \textwidth=307.28987pt
* \textheight=244.6939pt
* \oddsidemargin=-43.81725pt
* \evensidemargin=-43.81725pt
* \topmargin=-72.26999pt
* \headheight=14.22636pt
* \headsep=0.0pt
* \topskip=11.0pt
* \footskip=14.22636pt
* \marginparwidth=4.0pt
* \marginparsep=10.0pt
* \columnsep=10.0pt
* \skip\footins=10.0pt plus 4.0pt minus 2.0pt
* \hoffset=0.0pt
* \voffset=0.0pt
* \mag=1000
* \@twocolumnfalse
* \@twosidefalse
* \@mparswitchfalse
* \@reversemarginfalse
* (1in=72.27pt=25.4mm, 1cm=28.453pt)

("C:\Program Files (x86)\MiKTeX 2.9\tex\context\base\supp-pdf.mkii"
[Loading MPS to PDF converter (version 2006.09.02).]
\scratchcounter=\count159
\scratchdimen=\dimen187
\scratchbox=\box53
\nofMPsegments=\count160
\nofMParguments=\count161
\everyMPshowfont=\toks40
\MPscratchCnt=\count162
\MPscratchDim=\dimen188
\MPnumerator=\count163
\makeMPintoPDFobject=\count164
\everyMPtoPDFconversion=\toks41
) ABD: EveryShipout initializing macros
\AtBeginShipoutBox=\box54
Package hyperref Info: Link coloring OFF on input line 105.

("C:\Program Files (x86)\MiKTeX 2.9\tex\latex\hyperref\nameref.sty"
Package: nameref 2010/04/30 v2.40 Cross-referencing by name of section

("C:\Program Files (x86)\MiKTeX 2.9\tex\generic\oberdiek\gettitlestring.sty"
Package: gettitlestring 2010/12/03 v1.4 Cleanup title references (HO)
)
\c@section@level=\count165
)
LaTeX Info: Redefining \ref on input line 105.
LaTeX Info: Redefining \pageref on input line 105.
LaTeX Info: Redefining \nameref on input line 105.

("C:\Users\evankaufman\Dropbox\Dr. Lee Research Group\Evan\Publications\ASC 201
4\Presentation\ASC14_Presentation.out")
("C:\Users\evankaufman\Dropbox\Dr. Lee Research Group\Evan\Publications\ASC 201
4\Presentation\ASC14_Presentation.out")
\@outlinefile=\write5

(C:\Users\evankaufman\AppData\Roaming\MiKTeX\2.9\tex\latex\beamer\base\translat
or\dicts\translator-basic-dictionary\translator-basic-dictionary-English.dict
Dictionary: translator-basic-dictionary, Language: English 
)
(C:\Users\evankaufman\AppData\Roaming\MiKTeX\2.9\tex\latex\beamer\base\translat
or\dicts\translator-bibliography-dictionary\translator-bibliography-dictionary-
English.dict
Dictionary: translator-bibliography-dictionary, Language: English 
)
(C:\Users\evankaufman\AppData\Roaming\MiKTeX\2.9\tex\latex\beamer\base\translat
or\dicts\translator-environment-dictionary\translator-environment-dictionary-En
glish.dict
Dictionary: translator-environment-dictionary, Language: English 
)
(C:\Users\evankaufman\AppData\Roaming\MiKTeX\2.9\tex\latex\beamer\base\translat
or\dicts\translator-months-dictionary\translator-months-dictionary-English.dict
Dictionary: translator-months-dictionary, Language: English 
)
(C:\Users\evankaufman\AppData\Roaming\MiKTeX\2.9\tex\latex\beamer\base\translat
or\dicts\translator-numbers-dictionary\translator-numbers-dictionary-English.di
ct
Dictionary: translator-numbers-dictionary, Language: English 
)
(C:\Users\evankaufman\AppData\Roaming\MiKTeX\2.9\tex\latex\beamer\base\translat
or\dicts\translator-theorem-dictionary\translator-theorem-dictionary-English.di
ct
Dictionary: translator-theorem-dictionary, Language: English 
)
LaTeX Info: Redefining \includegraphics on input line 105.

("C:\Users\evankaufman\Dropbox\Dr. Lee Research Group\Evan\Publications\ASC 201
4\Presentation\ASC14_Presentation.nav")
Overfull \hbox (1.85413pt too wide) in paragraph at lines 105--105
 [][][][]  
 []


LaTeX Font Warning: Font shape `OT1/cmr/m/n' in size <4> not available
(Font)              size <5> substituted on input line 109.


Overfull \hbox (1.85413pt too wide) has occurred while \output is active
 [][][][]  
 []

[1

{C:/Users/evankaufman/AppData/Local/MiKTeX/2.9/pdftex/config/pdftex.map}]
<SFCN.pdf, id=57, 277.035pt x 262.9825pt>
File: SFCN.pdf Graphic file (type pdf)
 <use SFCN.pdf>
Package pdftex.def Info: SFCN.pdf used on input line 141.
(pdftex.def)             Requested size: 74.93149pt x 71.13188pt.

<SphericalAirBearing.jpeg, id=58, 203.76125pt x 248.93pt>
File: SphericalAirBearing.jpeg Graphic file (type jpg)

<use SphericalAirBearing.jpeg>
Package pdftex.def Info: SphericalAirBearing.jpeg used on input line 141.
(pdftex.def)             Requested size: 58.2249pt x 71.13188pt.

<quadrotor.jpg, id=59, 2196.205pt x 1254.6875pt>
File: quadrotor.jpg Graphic file (type jpg)
 <use quadrotor.jpg>
Package pdftex.def Info: quadrotor.jpg used on input line 141.
(pdftex.def)             Requested size: 124.49464pt x 71.13188pt.

Overfull \vbox (9.8931pt too high) detected at line 141
 []


Overfull \hbox (1.85413pt too wide) has occurred while \output is active
 [][][][]  
 []

[2

 <C:/Users/evankaufman/Dropbox/Dr. Lee Research Group/Evan/Publications/ASC 201
4/Presentation/SFCN.pdf> <C:/Users/evankaufman/Dropbox/Dr. Lee Research Group/E
van/Publications/ASC 2014/Presentation/SphericalAirBearing.jpeg> <C:/Users/evan
kaufman/Dropbox/Dr. Lee Research Group/Evan/Publications/ASC 2014/Presentation/
quadrotor.jpg>]
Overfull \hbox (1.85413pt too wide) has occurred while \output is active
 [][][][]  
 []

[3

]
Overfull \hbox (1.85413pt too wide) has occurred while \output is active
 [][][][]  
 []

[4

]
LaTeX Font Info:    Try loading font information for U+msa on input line 192.
 ("C:\Program Files (x86)\MiKTeX 2.9\tex\latex\amsfonts\umsa.fd"
File: umsa.fd 2009/06/22 v3.00 AMS symbols A
)
LaTeX Font Info:    Try loading font information for U+msb on input line 192.

("C:\Program Files (x86)\MiKTeX 2.9\tex\latex\amsfonts\umsb.fd"
File: umsb.fd 2009/06/22 v3.00 AMS symbols B
)
<b_to_t.jpg, id=158, 631.60968pt x 552.56438pt>
File: b_to_t.jpg Graphic file (type jpg)
 <use b_to_t.jpg>
Package pdftex.def Info: b_to_t.jpg used on input line 192.
(pdftex.def)             Requested size: 81.30258pt x 71.13188pt.

<e_to_b.jpg, id=159, 670.75594pt x 581.17125pt>
File: e_to_b.jpg Graphic file (type jpg)
 <use e_to_b.jpg>
Package pdftex.def Info: e_to_b.jpg used on input line 192.
(pdftex.def)             Requested size: 82.09412pt x 71.13188pt.

Overfull \vbox (18.0042pt too high) detected at line 192
 []


Overfull \hbox (1.85413pt too wide) has occurred while \output is active
 [][][][]  
 []

[5

 <C:/Users/evankaufman/Dropbox/Dr. Lee Research Group/Evan/Publications/ASC 201
4/Presentation/b_to_t.jpg> <C:/Users/evankaufman/Dropbox/Dr. Lee Research Group
/Evan/Publications/ASC 2014/Presentation/e_to_b.jpg>]
<TestStand_Thrust.png, id=190, 963.6pt x 642.4pt>
File: TestStand_Thrust.png Graphic file (type png)
 <use TestStand_Thrust.png>
Package pdftex.def Info: TestStand_Thrust.png used on input line 227.
(pdftex.def)             Requested size: 85.35284pt x 56.9055pt.

<TestStand_Moment.png, id=191, 963.6pt x 642.4pt>
File: TestStand_Moment.png Graphic file (type png)
 <use TestStand_Moment.png>
Package pdftex.def Info: TestStand_Moment.png used on input line 227.
(pdftex.def)             Requested size: 85.35284pt x 56.9055pt.

<ContoursThrustServo.png, id=192, 561.09625pt x 420.57124pt>
File: ContoursThrustServo.png Graphic file (type png)

<use ContoursThrustServo.png>
Package pdftex.def Info: ContoursThrustServo.png used on input line 227.
(pdftex.def)             Requested size: 75.91595pt x 56.9055pt.

Overfull \vbox (20.92899pt too high) detected at line 227
 []


Overfull \hbox (1.85413pt too wide) has occurred while \output is active
 [][][][]  
 []

[6

 <C:/Users/evankaufman/Dropbox/Dr. Lee Research Group/Evan/Publications/ASC 201
4/Presentation/TestStand_Thrust.png (PNG copy)> <C:/Users/evankaufman/Dropbox/D
r. Lee Research Group/Evan/Publications/ASC 2014/Presentation/TestStand_Moment.
png (PNG copy)> <C:/Users/evankaufman/Dropbox/Dr. Lee Research Group/Evan/Publi
cations/ASC 2014/Presentation/ContoursThrustServo.png (PNG copy)>]
File: TestStand_Thrust.png Graphic file (type png)

<use TestStand_Thrust.png>
Package pdftex.def Info: TestStand_Thrust.png used on input line 227.
(pdftex.def)             Requested size: 85.35284pt x 56.9055pt.
File: TestStand_Moment.png Graphic file (type png)
 <use TestStand_Moment.png>
Package pdftex.def Info: TestStand_Moment.png used on input line 227.
(pdftex.def)             Requested size: 85.35284pt x 56.9055pt.
File: ContoursThrustServo.png Graphic file (type png)

<use ContoursThrustServo.png>
Package pdftex.def Info: ContoursThrustServo.png used on input line 227.
(pdftex.def)             Requested size: 75.91595pt x 56.9055pt.

Overfull \vbox (20.92899pt too high) detected at line 227
 []


Overfull \hbox (1.85413pt too wide) has occurred while \output is active
 [][][][]  
 []

[7

] <HardwareSchematic.pdf, id=248, 722.7pt x 542.025pt>
File: HardwareSchematic.pdf Graphic file (type pdf)

<use HardwareSchematic.pdf>
Package pdftex.def Info: HardwareSchematic.pdf used on input line 260.
(pdftex.def)             Requested size: 142.26378pt x 106.69933pt.
 <ESCsIMU.png, id=249, 963.6pt x 642.4pt>
File: ESCsIMU.png Graphic file (type png)

<use ESCsIMU.png>
Package pdftex.def Info: ESCsIMU.png used on input line 260.
(pdftex.def)             Requested size: 106.68738pt x 71.13188pt.

Overfull \vbox (10.80074pt too high) detected at line 260
 []


Overfull \hbox (1.85413pt too wide) has occurred while \output is active
 [][][][]  
 []

[8

 <C:/Users/evankaufman/Dropbox/Dr. Lee Research Group/Evan/Publications/ASC 201
4/Presentation/HardwareSchematic.pdf> <C:/Users/evankaufman/Dropbox/Dr. Lee Res
earch Group/Evan/Publications/ASC 2014/Presentation/ESCsIMU.png (PNG copy)>]

pdfTeX warning: pdflatex.EXE (file C:/Users/evankaufman/Dropbox/Dr. Lee Researc
h Group/Evan/Publications/ASC 2014/Presentation/SoftwareSchematic.pdf): PDF inc
lusion: found PDF version <1.6>, but at most version <1.5> allowed
<SoftwareSchematic.pdf, id=296, 636.81021pt x 368.3129pt>
File: SoftwareSchematic.pdf Graphic file (type pdf)

<use SoftwareSchematic.pdf>
Package pdftex.def Info: SoftwareSchematic.pdf used on input line 293.
(pdftex.def)             Requested size: 142.26378pt x 82.28233pt.
 <MoCa.jpg, id=297, 5203.44pt x 3468.96pt>
File: MoCa.jpg Graphic file (type jpg)

<use MoCa.jpg>
Package pdftex.def Info: MoCa.jpg used on input line 293.
(pdftex.def)             Requested size: 106.6315pt x 71.13188pt.

Overfull \hbox (1.85413pt too wide) has occurred while \output is active
 [][][][]  
 []

[9

 <C:/Users/evankaufman/Dropbox/Dr. Lee Research Group/Evan/Publications/ASC 201
4/Presentation/SoftwareSchematic.pdf> <C:/Users/evankaufman/Dropbox/Dr. Lee Res
earch Group/Evan/Publications/ASC 2014/Presentation/MoCa.jpg>]
Overfull \hbox (1.85413pt too wide) has occurred while \output is active
 [][][][]  
 []

[10

]
Overfull \hbox (2.30212pt too wide) in paragraph at lines 336--336
[]  
 []


Overfull \hbox (1.85413pt too wide) has occurred while \output is active
 [][][][]  
 []

[11

]
Package epstopdf Info: Source file: <PositionControl.eps>
(epstopdf)                    date: 2013-11-15 22:44:48
(epstopdf)                    size: 16289 bytes
(epstopdf)             Output file: <PositionControl-eps-converted-to.pdf>
(epstopdf)                    date: 2014-03-03 12:56:24
(epstopdf)                    size: 4896 bytes
(epstopdf)             Command: <epstopdf --outfile=PositionControl-eps-convert
ed-to.pdf PositionControl.eps>
(epstopdf)             \includegraphics on input line 356.
Package epstopdf Info: Output file is already uptodate.
 <PositionControl-eps-converted-to.pdf, id=404, 493.845pt x 382.42876pt>
File: PositionControl-eps-converted-to.pdf Graphic file (type pdf)

<use PositionControl-eps-converted-to.pdf>
Package pdftex.def Info: PositionControl-eps-converted-to.pdf used on input lin
e 356.
(pdftex.def)             Requested size: 99.2043pt x 76.82246pt.
Package epstopdf Info: Source file: <RotationMatrix.eps>
(epstopdf)                    date: 2013-11-15 22:44:49
(epstopdf)                    size: 29372 bytes
(epstopdf)             Output file: <RotationMatrix-eps-converted-to.pdf>
(epstopdf)                    date: 2014-03-03 12:56:24
(epstopdf)                    size: 7606 bytes
(epstopdf)             Command: <epstopdf --outfile=RotationMatrix-eps-converte
d-to.pdf RotationMatrix.eps>
(epstopdf)             \includegraphics on input line 356.
Package epstopdf Info: Output file is already uptodate.

<RotationMatrix-eps-converted-to.pdf, id=405, 491.8375pt x 375.4025pt>
File: RotationMatrix-eps-converted-to.pdf Graphic file (type pdf)

<use RotationMatrix-eps-converted-to.pdf>
Package pdftex.def Info: RotationMatrix-eps-converted-to.pdf used on input line
 356.
(pdftex.def)             Requested size: 100.64722pt x 76.82246pt.
Package epstopdf Info: Source file: <PropellerOutput3by2.eps>
(epstopdf)                    date: 2013-11-15 22:50:15
(epstopdf)                    size: 19607 bytes
(epstopdf)             Output file: <PropellerOutput3by2-eps-converted-to.pdf>
(epstopdf)                    date: 2014-03-03 12:56:25
(epstopdf)                    size: 7797 bytes
(epstopdf)             Command: <epstopdf --outfile=PropellerOutput3by2-eps-con
verted-to.pdf PropellerOutput3by2.eps>
(epstopdf)             \includegraphics on input line 356.
Package epstopdf Info: Output file is already uptodate.

<PropellerOutput3by2-eps-converted-to.pdf, id=406, 493.845pt x 388.45125pt>
File: PropellerOutput3by2-eps-converted-to.pdf Graphic file (type pdf)

<use PropellerOutput3by2-eps-converted-to.pdf>
Package pdftex.def Info: PropellerOutput3by2-eps-converted-to.pdf used on input
 line 356.
(pdftex.def)             Requested size: 97.65953pt x 76.82246pt.

Overfull \hbox (1.85413pt too wide) has occurred while \output is active
 [][][][]  
 []

[12

 <C:/Users/evankaufman/Dropbox/Dr. Lee Research Group/Evan/Publications/ASC 201
4/Presentation/PositionControl-eps-converted-to.pdf> <C:/Users/evankaufman/Drop
box/Dr. Lee Research Group/Evan/Publications/ASC 2014/Presentation/RotationMatr
ix-eps-converted-to.pdf> <C:/Users/evankaufman/Dropbox/Dr. Lee Research Group/E
van/Publications/ASC 2014/Presentation/PropellerOutput3by2-eps-converted-to.pdf
>] <UAV_OnTestStand.jpg, id=448, 2601.72pt x 1943.26pt>
File: UAV_OnTestStand.jpg Graphic file (type jpg)

<use UAV_OnTestStand.jpg>
Package pdftex.def Info: UAV_OnTestStand.jpg used on input line 380.
(pdftex.def)             Requested size: 123.42418pt x 92.1879pt.
 <Yaw_Test.png, id=449, 421.575pt x 316.18124pt>
File: Yaw_Test.png Graphic file (type png)

<use Yaw_Test.png>
Package pdftex.def Info: Yaw_Test.png used on input line 380.
(pdftex.def)             Requested size: 122.91618pt x 92.1879pt.

Overfull \hbox (1.85413pt too wide) has occurred while \output is active
 [][][][]  
 []

[13

 <C:/Users/evankaufman/Dropbox/Dr. Lee Research Group/Evan/Publications/ASC 201
4/Presentation/UAV_OnTestStand.jpg> <C:/Users/evankaufman/Dropbox/Dr. Lee Resea
rch Group/Evan/Publications/ASC 2014/Presentation/Yaw_Test.png (PNG copy)>]
<CompletelyAdmissibleRegions.png, id=480, 421.575pt x 316.18124pt>
File: CompletelyAdmissibleRegions.png Graphic file (type png)

<use CompletelyAdmissibleRegions.png>
Package pdftex.def Info: CompletelyAdmissibleRegions.png used on input line 419
.
(pdftex.def)             Requested size: 76.82246pt x 57.61455pt.

<CompletelyInadmissibleRegions.png, id=481, 421.575pt x 316.18124pt>
File: CompletelyInadmissibleRegions.png Graphic file (type png)

<use CompletelyInadmissibleRegions.png>
Package pdftex.def Info: CompletelyInadmissibleRegions.png used on input line 4
19.
(pdftex.def)             Requested size: 76.82246pt x 57.61455pt.

<PartiallyAdmissibleRegions_connecting.png, id=482, 421.575pt x 316.18124pt>
File: PartiallyAdmissibleRegions_connecting.png Graphic file (type png)

<use PartiallyAdmissibleRegions_connecting.png>
Package pdftex.def Info: PartiallyAdmissibleRegions_connecting.png used on inpu
t line 419.
(pdftex.def)             Requested size: 76.82246pt x 57.61455pt.

<PartiallyAdmissibleRegions_notconnecting.png, id=483, 421.575pt x 316.18124pt>
File: PartiallyAdmissibleRegions_notconnecting.png Graphic file (type png)
<use PartiallyAdmissibleRegions_notconnecting.png>
Package pdftex.def Info: PartiallyAdmissibleRegions_notconnecting.png used on i
nput line 419.
(pdftex.def)             Requested size: 76.82246pt x 57.61455pt.

Overfull \vbox (18.43988pt too high) detected at line 419
 []


Overfull \hbox (1.85413pt too wide) has occurred while \output is active
 [][][][]  
 []

[14

 <C:/Users/evankaufman/Dropbox/Dr. Lee Research Group/Evan/Publications/ASC 201
4/Presentation/CompletelyAdmissibleRegions.png (PNG copy)> <C:/Users/evankaufma
n/Dropbox/Dr. Lee Research Group/Evan/Publications/ASC 2014/Presentation/Comple
telyInadmissibleRegions.png (PNG copy)> <C:/Users/evankaufman/Dropbox/Dr. Lee R
esearch Group/Evan/Publications/ASC 2014/Presentation/PartiallyAdmissibleRegion
s_connecting.png (PNG copy)> <C:/Users/evankaufman/Dropbox/Dr. Lee Research Gro
up/Evan/Publications/ASC 2014/Presentation/PartiallyAdmissibleRegions_notconnec
ting.png (PNG copy)>]
Overfull \hbox (1.85413pt too wide) has occurred while \output is active
 [][][][]  
 []

[15

]
\tf@nav=\write6
\tf@toc=\write7
\tf@snm=\write8
Package atveryend Info: Empty hook `BeforeClearDocument' on input line 1054.
Package atveryend Info: Empty hook `AfterLastShipout' on input line 1054.

("C:\Users\evankaufman\Dropbox\Dr. Lee Research Group\Evan\Publications\ASC 201
4\Presentation\ASC14_Presentation.aux")
Package atveryend Info: Executing hook `AtVeryEndDocument' on input line 1054.
Package atveryend Info: Executing hook `AtEndAfterFileList' on input line 1054.

Package rerunfilecheck Info: File `ASC14_Presentation.out' has not changed.
(rerunfilecheck)             Checksum: D41D8CD98F00B204E9800998ECF8427E;0.


LaTeX Font Warning: Size substitutions with differences
(Font)              up to 1.0pt have occurred.

Package atveryend Info: Empty hook `AtVeryVeryEnd' on input line 1054.
 ) 
Here is how much of TeX's memory you used:
 16200 strings out of 494045
 311376 string characters out of 3145951
 380559 words of memory out of 3000000
 19020 multiletter control sequences out of 15000+200000
 13705 words of font info for 52 fonts, out of 3000000 for 9000
 715 hyphenation exceptions out of 8191
 49i,19n,62p,530b,724s stack positions out of 5000i,500n,10000p,200000b,50000s
<C:/Program Files (x86)/MiKTeX 2.9/fonts/type1/public/amsfonts/cm/cmbx10.pfb>
<C:/Program Files (x86)/MiKTeX 2.9/fonts/type1/public/amsfonts/cm/cmbxti10.pfb>
<C:/Program Files (x86)/MiKTeX 2.9/fonts/type1/public/amsfonts/cm/cmmi10.pfb><C
:/Program Files (x86)/MiKTeX 2.9/fonts/type1/public/amsfonts/cm/cmmi6.pfb><C:/P
rogram Files (x86)/MiKTeX 2.9/fonts/type1/public/amsfonts/cm/cmmi8.pfb><C:/Prog
ram Files (x86)/MiKTeX 2.9/fonts/type1/public/amsfonts/cm/cmr10.pfb><C:/Program
 Files (x86)/MiKTeX 2.9/fonts/type1/public/amsfonts/cm/cmr12.pfb><C:/Program Fi
les (x86)/MiKTeX 2.9/fonts/type1/public/amsfonts/cm/cmr6.pfb><C:/Program Files 
(x86)/MiKTeX 2.9/fonts/type1/public/amsfonts/cm/cmr8.pfb><C:/Program Files (x86
)/MiKTeX 2.9/fonts/type1/public/amsfonts/cm/cmr9.pfb><C:/Program Files (x86)/Mi
KTeX 2.9/fonts/type1/public/amsfonts/cm/cmss10.pfb><C:/Program Files (x86)/MiKT
eX 2.9/fonts/type1/public/amsfonts/cm/cmsy10.pfb><C:/Program Files (x86)/MiKTeX
 2.9/fonts/type1/public/amsfonts/cm/cmsy8.pfb><C:/Program Files (x86)/MiKTeX 2.
9/fonts/type1/public/amsfonts/symbols/msbm10.pfb>
Output written on ASC14_Presentation.pdf (15 pages, 14638246 bytes).
PDF statistics:
 594 PDF objects out of 1000 (max. 8388607)
 46 named destinations out of 1000 (max. 500000)
 206 words of extra memory for PDF output out of 10000 (max. 10000000)

