This is pdfTeX, Version 3.14159265-2.6-1.40.16 (TeX Live 2015) (preloaded format=pdflatex 2015.5.24)  22 DEC 2015 16:23
entering extended mode
 restricted \write18 enabled.
 file:line:error style messages enabled.
 %&-line parsing enabled.
**JAS_OD_EKF_rev1.tex
(./JAS_OD_EKF_rev1.tex
LaTeX2e <2015/01/01>
Babel <3.9l> and hyphenation patterns for 79 languages loaded.
(/usr/local/texlive/2015/texmf-dist/tex/latex/base/fix-cm.sty
Package: fix-cm 2015/01/14 v1.1t fixes to LaTeX

(/usr/local/texlive/2015/texmf-dist/tex/latex/base/ts1enc.def
File: ts1enc.def 2001/06/05 v3.0e (jk/car/fm) Standard LaTeX file
)) (./svjour3.cls
Document Class: svjour3 2007/05/08 v3.2 
LaTeX document class for Springer journals
Class Springer-SVJour3 Info: extra/valid Springer sub-package (-> *.clo) 
(Springer-SVJour3)           not found in option list of \documentclass
(Springer-SVJour3)           - autoactivating "global" style.
(./svglov3.clo
File: svglov3.clo 2009/12/18 v3.2 style option for standardised journals

SVJour Class option: svglov3.clo for standardised journals
)
LaTeX Font Info:    Redeclaring math symbol \Gamma on input line 147.
LaTeX Font Info:    Redeclaring math symbol \Delta on input line 148.
LaTeX Font Info:    Redeclaring math symbol \Theta on input line 149.
LaTeX Font Info:    Redeclaring math symbol \Lambda on input line 150.
LaTeX Font Info:    Redeclaring math symbol \Xi on input line 151.
LaTeX Font Info:    Redeclaring math symbol \Pi on input line 152.
LaTeX Font Info:    Redeclaring math symbol \Sigma on input line 153.
LaTeX Font Info:    Redeclaring math symbol \Upsilon on input line 154.
LaTeX Font Info:    Redeclaring math symbol \Phi on input line 155.
LaTeX Font Info:    Redeclaring math symbol \Psi on input line 156.
LaTeX Font Info:    Redeclaring math symbol \Omega on input line 157.
\logodepth=\dimen102
\headerboxheight=\dimen103
\betweenumberspace=\dimen104
\aftertext=\dimen105
\headlineindent=\dimen106
\c@inst=\count79
\c@auth=\count80
\instindent=\dimen107
\authrun=\box26
\authorrunning=\toks14
\titrun=\box27
\titlerunning=\toks15
\combirun=\box28
\c@lastpage=\count81
\rubricwidth=\dimen108
\c@section=\count82
\c@subsection=\count83
\c@subsubsection=\count84
\c@paragraph=\count85
\c@subparagraph=\count86
\spthmsep=\dimen109
\c@theorem=\count87
\c@case=\count88
\c@conjecture=\count89
\c@corollary=\count90
\c@definition=\count91
\c@example=\count92
\c@exercise=\count93
\c@lemma=\count94
\c@note=\count95
\c@problem=\count96
\c@property=\count97
\c@proposition=\count98
\c@question=\count99
\c@solution=\count100
\c@remark=\count101
\c@figure=\count102
\c@table=\count103
\abovecaptionskip=\skip41
\belowcaptionskip=\skip42
\figcapgap=\dimen110
\tabcapgap=\dimen111
\figgap=\dimen112
\bibindent=\dimen113
\@tempcntc=\count104
) (/usr/local/texlive/2015/texmf-dist/tex/latex/graphics/graphicx.sty
Package: graphicx 2014/10/28 v1.0g Enhanced LaTeX Graphics (DPC,SPQR)

(/usr/local/texlive/2015/texmf-dist/tex/latex/graphics/keyval.sty
Package: keyval 2014/10/28 v1.15 key=value parser (DPC)
\KV@toks@=\toks16
)
(/usr/local/texlive/2015/texmf-dist/tex/latex/graphics/graphics.sty
Package: graphics 2014/10/28 v1.0p Standard LaTeX Graphics (DPC,SPQR)

(/usr/local/texlive/2015/texmf-dist/tex/latex/graphics/trig.sty
Package: trig 1999/03/16 v1.09 sin cos tan (DPC)
)
(/usr/local/texlive/2015/texmf-dist/tex/latex/latexconfig/graphics.cfg
File: graphics.cfg 2010/04/23 v1.9 graphics configuration of TeX Live
)
Package graphics Info: Driver file: pdftex.def on input line 94.

(/usr/local/texlive/2015/texmf-dist/tex/latex/pdftex-def/pdftex.def
File: pdftex.def 2011/05/27 v0.06d Graphics/color for pdfTeX

(/usr/local/texlive/2015/texmf-dist/tex/generic/oberdiek/infwarerr.sty
Package: infwarerr 2010/04/08 v1.3 Providing info/warning/error messages (HO)
)
(/usr/local/texlive/2015/texmf-dist/tex/generic/oberdiek/ltxcmds.sty
Package: ltxcmds 2011/11/09 v1.22 LaTeX kernel commands for general use (HO)
)
\Gread@gobject=\count105
))
\Gin@req@height=\dimen114
\Gin@req@width=\dimen115
)
(/usr/local/texlive/2015/texmf-dist/tex/latex/tools/bm.sty
Package: bm 2014/10/28 v1.1c Bold Symbol Support (DPC/FMi)
\symboldoperators=\mathgroup4
\symboldletters=\mathgroup5
\symboldsymbols=\mathgroup6
LaTeX Font Info:    Redeclaring math alphabet \mathbf on input line 141.
LaTeX Info: Redefining \bm on input line 207.
)
(/usr/local/texlive/2015/texmf-dist/tex/latex/amsfonts/amssymb.sty
Package: amssymb 2013/01/14 v3.01 AMS font symbols

(/usr/local/texlive/2015/texmf-dist/tex/latex/amsfonts/amsfonts.sty
Package: amsfonts 2013/01/14 v3.01 Basic AMSFonts support
\@emptytoks=\toks17
\symAMSa=\mathgroup7
\symAMSb=\mathgroup8
LaTeX Font Info:    Overwriting math alphabet `\mathfrak' in version `bold'
(Font)                  U/euf/m/n --> U/euf/b/n on input line 106.
))
(/usr/local/texlive/2015/texmf-dist/tex/latex/amsmath/amsmath.sty
Package: amsmath 2013/01/14 v2.14 AMS math features
\@mathmargin=\skip43

For additional information on amsmath, use the `?' option.
(/usr/local/texlive/2015/texmf-dist/tex/latex/amsmath/amstext.sty
Package: amstext 2000/06/29 v2.01

(/usr/local/texlive/2015/texmf-dist/tex/latex/amsmath/amsgen.sty
File: amsgen.sty 1999/11/30 v2.0
\@emptytoks=\toks18
\ex@=\dimen116
))
(/usr/local/texlive/2015/texmf-dist/tex/latex/amsmath/amsbsy.sty
Package: amsbsy 1999/11/29 v1.2d
LaTeX Info: Redefining \boldsymbol on input line 39.
\pmbraise@=\dimen117
)
(/usr/local/texlive/2015/texmf-dist/tex/latex/amsmath/amsopn.sty
Package: amsopn 1999/12/14 v2.01 operator names
)
\inf@bad=\count106
LaTeX Info: Redefining \frac on input line 210.
\uproot@=\count107
\leftroot@=\count108
LaTeX Info: Redefining \overline on input line 306.
\classnum@=\count109
\DOTSCASE@=\count110
LaTeX Info: Redefining \ldots on input line 378.
LaTeX Info: Redefining \dots on input line 381.
LaTeX Info: Redefining \cdots on input line 466.
\Mathstrutbox@=\box29
\strutbox@=\box30
\big@size=\dimen118
LaTeX Font Info:    Redeclaring font encoding OML on input line 566.
LaTeX Font Info:    Redeclaring font encoding OMS on input line 567.


Package amsmath Warning: Unable to redefine math accent \vec.

\macc@depth=\count111
\c@MaxMatrixCols=\count112
\dotsspace@=\muskip10
\c@parentequation=\count113
\dspbrk@lvl=\count114
\tag@help=\toks19
\row@=\count115
\column@=\count116
\maxfields@=\count117
\andhelp@=\toks20
\eqnshift@=\dimen119
\alignsep@=\dimen120
\tagshift@=\dimen121
\tagwidth@=\dimen122
\totwidth@=\dimen123
\lineht@=\dimen124
\@envbody=\toks21
\multlinegap=\skip44
\multlinetaggap=\skip45
\mathdisplay@stack=\toks22
LaTeX Info: Redefining \[ on input line 2665.
LaTeX Info: Redefining \] on input line 2666.
) (/usr/local/texlive/2015/texmf-dist/tex/latex/psnfss/times.sty
Package: times 2005/04/12 PSNFSS-v9.2a (SPQR) 
)
(/usr/local/texlive/2015/texmf-dist/tex/latex/subfigure/subfigure.sty
Package: subfigure 2002/03/15 v2.1.5 subfigure package
\subfigtopskip=\skip46
\subfigcapskip=\skip47
\subfigcaptopadj=\dimen125
\subfigbottomskip=\skip48
\subfigcapmargin=\dimen126
\subfiglabelskip=\skip49
\c@subfigure=\count118
\c@lofdepth=\count119
\c@subtable=\count120
\c@lotdepth=\count121

****************************************
* Local config file subfigure.cfg used *
****************************************
(/usr/local/texlive/2015/texmf-dist/tex/latex/subfigure/subfigure.cfg)
\subfig@top=\skip50
\subfig@bottom=\skip51
)
(/usr/local/texlive/2015/texmf-dist/tex/latex/tools/tabularx.sty
Package: tabularx 2014/10/28 v2.10 `tabularx' package (DPC)

(/usr/local/texlive/2015/texmf-dist/tex/latex/tools/array.sty
Package: array 2014/10/28 v2.4c Tabular extension package (FMi)
\col@sep=\dimen127
\extrarowheight=\dimen128
\NC@list=\toks23
\extratabsurround=\skip52
\backup@length=\skip53
)
\TX@col@width=\dimen129
\TX@old@table=\dimen130
\TX@old@col=\dimen131
\TX@target=\dimen132
\TX@delta=\dimen133
\TX@cols=\count122
\TX@ftn=\toks24
)
(/usr/local/texlive/2015/texmf-dist/tex/latex/booktabs/booktabs.sty
Package: booktabs 2005/04/14 v1.61803 publication quality tables
\heavyrulewidth=\dimen134
\lightrulewidth=\dimen135
\cmidrulewidth=\dimen136
\belowrulesep=\dimen137
\belowbottomsep=\dimen138
\aboverulesep=\dimen139
\abovetopsep=\dimen140
\cmidrulesep=\dimen141
\cmidrulekern=\dimen142
\defaultaddspace=\dimen143
\@cmidla=\count123
\@cmidlb=\count124
\@aboverulesep=\dimen144
\@belowrulesep=\dimen145
\@thisruleclass=\count125
\@lastruleclass=\count126
\@thisrulewidth=\dimen146
)
(/usr/local/texlive/2015/texmf-dist/tex/latex/colortbl/colortbl.sty
Package: colortbl 2012/02/13 v1.0a Color table columns (DPC)

(/usr/local/texlive/2015/texmf-dist/tex/latex/graphics/color.sty
Package: color 2014/10/28 v1.1a Standard LaTeX Color (DPC)

(/usr/local/texlive/2015/texmf-dist/tex/latex/latexconfig/color.cfg
File: color.cfg 2007/01/18 v1.5 color configuration of teTeX/TeXLive
)
Package color Info: Driver file: pdftex.def on input line 142.
)
\everycr=\toks25
\minrowclearance=\skip54
)
(/usr/local/texlive/2015/texmf-dist/tex/latex/multirow/multirow.sty
\bigstrutjot=\dimen147
)
(/usr/local/texlive/2015/texmf-dist/tex/latex/threeparttable/threeparttable.sty
Package: threeparttable 2003/06/13  v 3.0
\@tempboxb=\box31
) (/usr/local/texlive/2015/texmf-dist/tex/latex/hyperref/hyperref.sty
Package: hyperref 2012/11/06 v6.83m Hypertext links for LaTeX

(/usr/local/texlive/2015/texmf-dist/tex/generic/oberdiek/hobsub-hyperref.sty
Package: hobsub-hyperref 2012/05/28 v1.13 Bundle oberdiek, subset hyperref (HO)


(/usr/local/texlive/2015/texmf-dist/tex/generic/oberdiek/hobsub-generic.sty
Package: hobsub-generic 2012/05/28 v1.13 Bundle oberdiek, subset generic (HO)
Package: hobsub 2012/05/28 v1.13 Construct package bundles (HO)
Package hobsub Info: Skipping package `infwarerr' (already loaded).
Package hobsub Info: Skipping package `ltxcmds' (already loaded).
Package: ifluatex 2010/03/01 v1.3 Provides the ifluatex switch (HO)
Package ifluatex Info: LuaTeX not detected.
Package: ifvtex 2010/03/01 v1.5 Detect VTeX and its facilities (HO)
Package ifvtex Info: VTeX not detected.
Package: intcalc 2007/09/27 v1.1 Expandable calculations with integers (HO)
Package: ifpdf 2011/01/30 v2.3 Provides the ifpdf switch (HO)
Package ifpdf Info: pdfTeX in PDF mode is detected.
Package: etexcmds 2011/02/16 v1.5 Avoid name clashes with e-TeX commands (HO)
Package etexcmds Info: Could not find \expanded.
(etexcmds)             That can mean that you are not using pdfTeX 1.50 or
(etexcmds)             that some package has redefined \expanded.
(etexcmds)             In the latter case, load this package earlier.
Package: kvsetkeys 2012/04/25 v1.16 Key value parser (HO)
Package: kvdefinekeys 2011/04/07 v1.3 Define keys (HO)
Package: pdftexcmds 2011/11/29 v0.20 Utility functions of pdfTeX for LuaTeX (HO
)
Package pdftexcmds Info: LuaTeX not detected.
Package pdftexcmds Info: \pdf@primitive is available.
Package pdftexcmds Info: \pdf@ifprimitive is available.
Package pdftexcmds Info: \pdfdraftmode found.
Package: pdfescape 2011/11/25 v1.13 Implements pdfTeX's escape features (HO)
Package: bigintcalc 2012/04/08 v1.3 Expandable calculations on big integers (HO
)
Package: bitset 2011/01/30 v1.1 Handle bit-vector datatype (HO)
Package: uniquecounter 2011/01/30 v1.2 Provide unlimited unique counter (HO)
)
Package hobsub Info: Skipping package `hobsub' (already loaded).
Package: letltxmacro 2010/09/02 v1.4 Let assignment for LaTeX macros (HO)
Package: hopatch 2012/05/28 v1.2 Wrapper for package hooks (HO)
Package: xcolor-patch 2011/01/30 xcolor patch
Package: atveryend 2011/06/30 v1.8 Hooks at the very end of document (HO)
Package atveryend Info: \enddocument detected (standard20110627).
Package: atbegshi 2011/10/05 v1.16 At begin shipout hook (HO)
Package: refcount 2011/10/16 v3.4 Data extraction from label references (HO)
Package: hycolor 2011/01/30 v1.7 Color options for hyperref/bookmark (HO)
)
(/usr/local/texlive/2015/texmf-dist/tex/generic/ifxetex/ifxetex.sty
Package: ifxetex 2010/09/12 v0.6 Provides ifxetex conditional
)
(/usr/local/texlive/2015/texmf-dist/tex/latex/oberdiek/auxhook.sty
Package: auxhook 2011/03/04 v1.3 Hooks for auxiliary files (HO)
)
(/usr/local/texlive/2015/texmf-dist/tex/latex/oberdiek/kvoptions.sty
Package: kvoptions 2011/06/30 v3.11 Key value format for package options (HO)
)
\@linkdim=\dimen148
\Hy@linkcounter=\count127
\Hy@pagecounter=\count128

(/usr/local/texlive/2015/texmf-dist/tex/latex/hyperref/pd1enc.def
File: pd1enc.def 2012/11/06 v6.83m Hyperref: PDFDocEncoding definition (HO)
)
\Hy@SavedSpaceFactor=\count129

(/usr/local/texlive/2015/texmf-dist/tex/latex/latexconfig/hyperref.cfg
File: hyperref.cfg 2002/06/06 v1.2 hyperref configuration of TeXLive
)
Package hyperref Info: Option `colorlinks' set `true' on input line 4319.
Package hyperref Info: Hyper figures OFF on input line 4443.
Package hyperref Info: Link nesting OFF on input line 4448.
Package hyperref Info: Hyper index ON on input line 4451.
Package hyperref Info: Plain pages OFF on input line 4458.
Package hyperref Info: Backreferencing OFF on input line 4463.
Package hyperref Info: Implicit mode ON; LaTeX internals redefined.
Package hyperref Info: Bookmarks ON on input line 4688.
\c@Hy@tempcnt=\count130

(/usr/local/texlive/2015/texmf-dist/tex/latex/url/url.sty
\Urlmuskip=\muskip11
Package: url 2013/09/16  ver 3.4  Verb mode for urls, etc.
)
LaTeX Info: Redefining \url on input line 5041.
\XeTeXLinkMargin=\dimen149
\Fld@menulength=\count131
\Field@Width=\dimen150
\Fld@charsize=\dimen151
Package hyperref Info: Hyper figures OFF on input line 6295.
Package hyperref Info: Link nesting OFF on input line 6300.
Package hyperref Info: Hyper index ON on input line 6303.
Package hyperref Info: backreferencing OFF on input line 6310.
Package hyperref Info: Link coloring ON on input line 6313.
Package hyperref Info: Link coloring with OCG OFF on input line 6320.
Package hyperref Info: PDF/A mode OFF on input line 6325.
LaTeX Info: Redefining \ref on input line 6365.
LaTeX Info: Redefining \pageref on input line 6369.
\Hy@abspage=\count132
\c@Item=\count133
\c@Hfootnote=\count134
)

Package hyperref Message: Driver (autodetected): hpdftex.

(/usr/local/texlive/2015/texmf-dist/tex/latex/hyperref/hpdftex.def
File: hpdftex.def 2012/11/06 v6.83m Hyperref driver for pdfTeX
\Fld@listcount=\count135
\c@bookmark@seq@number=\count136

(/usr/local/texlive/2015/texmf-dist/tex/latex/oberdiek/rerunfilecheck.sty
Package: rerunfilecheck 2011/04/15 v1.7 Rerun checks for auxiliary files (HO)
Package uniquecounter Info: New unique counter `rerunfilecheck' on input line 2
82.
)
\Hy@SectionHShift=\skip55
)
(/usr/local/texlive/2015/texmf-dist/tex/latex/tools/afterpage.sty
Package: afterpage 2014/10/28 v1.08 After-Page Package (DPC)
\AP@output=\toks26
\AP@partial=\box32
\AP@footins=\box33
)
\c@prop=\count137

(./JAS_OD_EKF_rev1.aux

LaTeX Warning: Label `fig:i30' multiply defined.

)
\openout1 = `JAS_OD_EKF_rev1.aux'.

LaTeX Font Info:    Checking defaults for OML/cmm/m/it on input line 132.
LaTeX Font Info:    ... okay on input line 132.
LaTeX Font Info:    Checking defaults for T1/cmr/m/n on input line 132.
LaTeX Font Info:    ... okay on input line 132.
LaTeX Font Info:    Checking defaults for OT1/cmr/m/n on input line 132.
LaTeX Font Info:    ... okay on input line 132.
LaTeX Font Info:    Checking defaults for OMS/cmsy/m/n on input line 132.
LaTeX Font Info:    ... okay on input line 132.
LaTeX Font Info:    Checking defaults for OMX/cmex/m/n on input line 132.
LaTeX Font Info:    ... okay on input line 132.
LaTeX Font Info:    Checking defaults for U/cmr/m/n on input line 132.
LaTeX Font Info:    ... okay on input line 132.
LaTeX Font Info:    Checking defaults for TS1/cmr/m/n on input line 132.
LaTeX Font Info:    ... okay on input line 132.
LaTeX Font Info:    Checking defaults for PD1/pdf/m/n on input line 132.
LaTeX Font Info:    ... okay on input line 132.
LaTeX Font Info:    Try loading font information for OT1+ptm on input line 132.

 (/usr/local/texlive/2015/texmf-dist/tex/latex/psnfss/ot1ptm.fd
File: ot1ptm.fd 2001/06/04 font definitions for OT1/ptm.
)
Unknown journal: specify \journalname{<name of your journal>} in preambel

(/usr/local/texlive/2015/texmf-dist/tex/context/base/supp-pdf.mkii
[Loading MPS to PDF converter (version 2006.09.02).]
\scratchcounter=\count138
\scratchdimen=\dimen152
\scratchbox=\box34
\nofMPsegments=\count139
\nofMParguments=\count140
\everyMPshowfont=\toks27
\MPscratchCnt=\count141
\MPscratchDim=\dimen153
\MPnumerator=\count142
\makeMPintoPDFobject=\count143
\everyMPtoPDFconversion=\toks28
) (/usr/local/texlive/2015/texmf-dist/tex/latex/oberdiek/epstopdf-base.sty
Package: epstopdf-base 2010/02/09 v2.5 Base part for package epstopdf

(/usr/local/texlive/2015/texmf-dist/tex/latex/oberdiek/grfext.sty
Package: grfext 2010/08/19 v1.1 Manage graphics extensions (HO)
)
Package grfext Info: Graphics extension search list:
(grfext)             [.png,.pdf,.jpg,.mps,.jpeg,.jbig2,.jb2,.PNG,.PDF,.JPG,.JPE
G,.JBIG2,.JB2,.eps]
(grfext)             \AppendGraphicsExtensions on input line 452.

(/usr/local/texlive/2015/texmf-dist/tex/latex/latexconfig/epstopdf-sys.cfg
File: epstopdf-sys.cfg 2010/07/13 v1.3 Configuration of (r)epstopdf for TeX Liv
e
))
\AtBeginShipoutBox=\box35
Package hyperref Info: Link coloring ON on input line 132.

(/usr/local/texlive/2015/texmf-dist/tex/latex/hyperref/nameref.sty
Package: nameref 2012/10/27 v2.43 Cross-referencing by name of section

(/usr/local/texlive/2015/texmf-dist/tex/generic/oberdiek/gettitlestring.sty
Package: gettitlestring 2010/12/03 v1.4 Cleanup title references (HO)
)
\c@section@level=\count144
)
LaTeX Info: Redefining \ref on input line 132.
LaTeX Info: Redefining \pageref on input line 132.
LaTeX Info: Redefining \nameref on input line 132.

(./JAS_OD_EKF_rev1.out) (./JAS_OD_EKF_rev1.out)
\@outlinefile=\write3
\openout3 = `JAS_OD_EKF_rev1.out'.


SVJour3 warning: Missing \journalname
LaTeX Font Info:    Font shape `OT1/ptm/bx/n' in size <10> not available
(Font)              Font shape `OT1/ptm/b/n' tried instead on input line 175.
LaTeX Font Info:    Font shape `OT1/ptm/bx/n' in size <13> not available
(Font)              Font shape `OT1/ptm/b/n' tried instead on input line 175.
LaTeX Font Info:    Try loading font information for U+msa on input line 175.
(/usr/local/texlive/2015/texmf-dist/tex/latex/amsfonts/umsa.fd
File: umsa.fd 2013/01/14 v3.01 AMS symbols A
)
LaTeX Font Info:    Try loading font information for U+msb on input line 175.

(/usr/local/texlive/2015/texmf-dist/tex/latex/amsfonts/umsb.fd
File: umsb.fd 2013/01/14 v3.01 AMS symbols B
) [1{/usr/local/texlive/2015/texmf-var/fonts/map/pdftex/updmap/pdftex.map}] [2]
 [3] [4] [5]
Overfull \hbox (1.18716pt too wide) in paragraph at lines 376--376
[] 
 []


Underfull \vbox (badness 4108) has occurred while \output is active []

 [6]
[7] [8] [9] [10] [11] [12]
Overfull \hbox (1.85698pt too wide) in paragraph at lines 661--662
[]\OT1/cmr/m/n/10 [(50 [])[]\OML/cmm/m/it/10 I[]; \OT1/cmr/m/n/10 (50\OML/cmm/m
/it/10 n []\OT1/cmr/m/n/10 )[]\OML/cmm/m/it/10 I[]\OT1/cmr/m/n/10 ]$\OT1/ptm/m/
n/10 . The co-vari-ance ma-tri-ces for the pro-cess noise
 []

[13]
LaTeX Font Info:    Font shape `OT1/ptm/bx/n' in size <8> not available
(Font)              Font shape `OT1/ptm/b/n' tried instead on input line 701.

Underfull \hbox (badness 10000) in alignment at lines 723--723
[][][][][][][][] 
 []


LaTeX Warning: `h' float specifier changed to `ht'.

<./Figs/OT_itraj_PE_i_0.pdf, id=276, 491.8375pt x 244.915pt>
File: ./Figs/OT_itraj_PE_i_0.pdf Graphic file (type pdf)

<use ./Figs/OT_itraj_PE_i_0.pdf>
Package pdftex.def Info: ./Figs/OT_itraj_PE_i_0.pdf used on input line 738.
(pdftex.def)             Requested size: 169.0pt x 84.15567pt.

<./Figs/OT_traj_PE_i_0.pdf, id=277, 496.85625pt x 272.01625pt>
File: ./Figs/OT_traj_PE_i_0.pdf Graphic file (type pdf)

<use ./Figs/OT_traj_PE_i_0.pdf>
Package pdftex.def Info: ./Figs/OT_traj_PE_i_0.pdf used on input line 738.
(pdftex.def)             Requested size: 169.0pt x 92.52165pt.

<./Figs/PE_i_0_e.pdf, id=278, 524.96124pt x 417.56pt>
File: ./Figs/PE_i_0_e.pdf Graphic file (type pdf)

<use ./Figs/PE_i_0_e.pdf>
Package pdftex.def Info: ./Figs/PE_i_0_e.pdf used on input line 745.
(pdftex.def)             Requested size: 169.0pt x 134.42471pt.

<./Figs/PE_i_0_xx_norm.pdf, id=279, 538.01pt x 417.56pt>
File: ./Figs/PE_i_0_xx_norm.pdf Graphic file (type pdf)

<use ./Figs/PE_i_0_xx_norm.pdf>
Package pdftex.def Info: ./Figs/PE_i_0_xx_norm.pdf used on input line 745.
(pdftex.def)             Requested size: 169.0pt x 131.16254pt.
 [14]
<./Figs/OT_itraj_PE_i_30.pdf, id=287, 538.01pt x 373.395pt>
File: ./Figs/OT_itraj_PE_i_30.pdf Graphic file (type pdf)

<use ./Figs/OT_itraj_PE_i_30.pdf>
Package pdftex.def Info: ./Figs/OT_itraj_PE_i_30.pdf used on input line 756.
(pdftex.def)             Requested size: 169.0pt x 117.28958pt.

<./Figs/OT_traj_PE_i_30.pdf, id=288, 333.245pt x 388.45125pt>
File: ./Figs/OT_traj_PE_i_30.pdf Graphic file (type pdf)

<use ./Figs/OT_traj_PE_i_30.pdf>
Package pdftex.def Info: ./Figs/OT_traj_PE_i_30.pdf used on input line 756.
(pdftex.def)             Requested size: 169.0pt x 196.9991pt.

<./Figs/PE_i_30_e.pdf, id=289, 516.93124pt x 417.56pt>
File: ./Figs/PE_i_30_e.pdf Graphic file (type pdf)

<use ./Figs/PE_i_30_e.pdf>
Package pdftex.def Info: ./Figs/PE_i_30_e.pdf used on input line 763.
(pdftex.def)             Requested size: 169.0pt x 136.51456pt.

<./Figs/PE_i_30_xx_norm.pdf, id=290, 538.01pt x 417.56pt>
File: ./Figs/PE_i_30_xx_norm.pdf Graphic file (type pdf)

<use ./Figs/PE_i_30_xx_norm.pdf>
Package pdftex.def Info: ./Figs/PE_i_30_xx_norm.pdf used on input line 763.
(pdftex.def)             Requested size: 169.0pt x 131.16254pt.

<./Figs/PE_i_30_e_J2.pdf, id=291, 492.84125pt x 392.46625pt>
File: ./Figs/PE_i_30_e_J2.pdf Graphic file (type pdf)

<use ./Figs/PE_i_30_e_J2.pdf>
Package pdftex.def Info: ./Figs/PE_i_30_e_J2.pdf used on input line 774.
(pdftex.def)             Requested size: 169.0pt x 134.58057pt.

<./Figs/PE_i_30_xx_norm_J2.pdf, id=292, 504.88625pt x 392.46625pt>
File: ./Figs/PE_i_30_xx_norm_J2.pdf Graphic file (type pdf)

<use ./Figs/PE_i_30_xx_norm_J2.pdf>
Package pdftex.def Info: ./Figs/PE_i_30_xx_norm_J2.pdf used on input line 774.
(pdftex.def)             Requested size: 169.0pt x 131.3707pt.

<./Figs/OT_itraj_PE_i_50.pdf, id=293, 472.76625pt x 380.42125pt>
File: ./Figs/OT_itraj_PE_i_50.pdf Graphic file (type pdf)

<use ./Figs/OT_itraj_PE_i_50.pdf>
Package pdftex.def Info: ./Figs/OT_itraj_PE_i_50.pdf used on input line 785.
(pdftex.def)             Requested size: 169.0pt x 135.98795pt.

<./Figs/OT_traj_PE_i_50.pdf, id=294, 312.16624pt x 388.45125pt>
File: ./Figs/OT_traj_PE_i_50.pdf Graphic file (type pdf)

<use ./Figs/OT_traj_PE_i_50.pdf>
Package pdftex.def Info: ./Figs/OT_traj_PE_i_50.pdf used on input line 785.
(pdftex.def)             Requested size: 169.0pt x 210.29993pt.

<./Figs/PE_i_50_e.pdf, id=295, 516.93124pt x 417.56pt>
File: ./Figs/PE_i_50_e.pdf Graphic file (type pdf)

<use ./Figs/PE_i_50_e.pdf>
Package pdftex.def Info: ./Figs/PE_i_50_e.pdf used on input line 792.
(pdftex.def)             Requested size: 169.0pt x 136.51456pt.

<./Figs/PE_i_50_xx_norm.pdf, id=296, 538.01pt x 417.56pt>
File: ./Figs/PE_i_50_xx_norm.pdf Graphic file (type pdf)

<use ./Figs/PE_i_50_xx_norm.pdf>
Package pdftex.def Info: ./Figs/PE_i_50_xx_norm.pdf used on input line 792.
(pdftex.def)             Requested size: 169.0pt x 131.16254pt.
 [15 <./Figs/OT_itraj_PE_i_0.pdf> <./Figs/OT_traj_PE_i_0.pdf> <./Figs/PE_i_0_e.
pdf> <./Figs/PE_i_0_xx_norm.pdf>] [16 <./Figs/OT_itraj_PE_i_30.pdf> <./Figs/OT_
traj_PE_i_30.pdf> <./Figs/PE_i_30_e.pdf> <./Figs/PE_i_30_xx_norm.pdf>]
Underfull \hbox (badness 10000) in alignment at lines 858--858
[][][][][][][][] 
 []


Underfull \vbox (badness 10000) has occurred while \output is active []

 [17 <./Figs/PE_i_30_e_J2.pdf> <./Figs/PE_i_30_xx_norm_J2.pdf>]
Underfull \vbox (badness 5388) has occurred while \output is active []

 [18 <./Figs/OT_itraj_PE_i_50.pdf> <./Figs/OT_traj_PE_i_50.pdf> <./Figs/PE_i_50
_e.pdf> <./Figs/PE_i_50_xx_norm.pdf>]
<./Figs/OT_itraj_PE_r0_JAS_20.pdf, id=573, 499.8675pt x 251.94125pt>
File: ./Figs/OT_itraj_PE_r0_JAS_20.pdf Graphic file (type pdf)

<use ./Figs/OT_itraj_PE_r0_JAS_20.pdf>
Package pdftex.def Info: ./Figs/OT_itraj_PE_r0_JAS_20.pdf used on input line 13
76.
(pdftex.def)             Requested size: 169.0pt x 85.17834pt.

<./Figs/OT_traj_PE_r0_JAS_20.pdf, id=574, 533.995pt x 292.09125pt>
File: ./Figs/OT_traj_PE_r0_JAS_20.pdf Graphic file (type pdf)

<use ./Figs/OT_traj_PE_r0_JAS_20.pdf>
Package pdftex.def Info: ./Figs/OT_traj_PE_r0_JAS_20.pdf used on input line 137
6.
(pdftex.def)             Requested size: 169.0pt x 92.44154pt.

<./Figs/EKF_PE_r0_20_e.pdf, id=575, 524.96124pt x 417.56pt>
File: ./Figs/EKF_PE_r0_20_e.pdf Graphic file (type pdf)

<use ./Figs/EKF_PE_r0_20_e.pdf>
Package pdftex.def Info: ./Figs/EKF_PE_r0_20_e.pdf used on input line 1376.
(pdftex.def)             Requested size: 169.0pt x 134.42471pt.

<./Figs/EKF_PE_r0_20_xx_norm.pdf, id=576, 527.9725pt x 417.56pt>
File: ./Figs/EKF_PE_r0_20_xx_norm.pdf Graphic file (type pdf)

<use ./Figs/EKF_PE_r0_20_xx_norm.pdf>
Package pdftex.def Info: ./Figs/EKF_PE_r0_20_xx_norm.pdf used on input line 137
6.
(pdftex.def)             Requested size: 169.0pt x 133.65378pt.

<./Figs/OT_itraj_PE_r0_JAS_50.pdf, id=577, 499.8675pt x 251.94125pt>
File: ./Figs/OT_itraj_PE_r0_JAS_50.pdf Graphic file (type pdf)

<use ./Figs/OT_itraj_PE_r0_JAS_50.pdf>
Package pdftex.def Info: ./Figs/OT_itraj_PE_r0_JAS_50.pdf used on input line 13
76.
(pdftex.def)             Requested size: 169.0pt x 85.17834pt.

<./Figs/OT_traj_PE_r0_JAS_50.pdf, id=578, 510.90875pt x 292.09125pt>
File: ./Figs/OT_traj_PE_r0_JAS_50.pdf Graphic file (type pdf)

<use ./Figs/OT_traj_PE_r0_JAS_50.pdf>
Package pdftex.def Info: ./Figs/OT_traj_PE_r0_JAS_50.pdf used on input line 137
6.
(pdftex.def)             Requested size: 169.0pt x 96.6177pt.

<./Figs/EKF_PE_r0_50_e.pdf, id=579, 524.96124pt x 417.56pt>
File: ./Figs/EKF_PE_r0_50_e.pdf Graphic file (type pdf)

<use ./Figs/EKF_PE_r0_50_e.pdf>
Package pdftex.def Info: ./Figs/EKF_PE_r0_50_e.pdf used on input line 1376.
(pdftex.def)             Requested size: 169.0pt x 134.42471pt.

<./Figs/EKF_PE_r0_50_xx_norm.pdf, id=580, 527.9725pt x 417.56pt>
File: ./Figs/EKF_PE_r0_50_xx_norm.pdf Graphic file (type pdf)

<use ./Figs/EKF_PE_r0_50_xx_norm.pdf>
Package pdftex.def Info: ./Figs/EKF_PE_r0_50_xx_norm.pdf used on input line 137
6.
(pdftex.def)             Requested size: 169.0pt x 133.65378pt.

<./Figs/OT_itraj_PE_r0_JAS_100.pdf, id=581, 498.86375pt x 250.9375pt>
File: ./Figs/OT_itraj_PE_r0_JAS_100.pdf Graphic file (type pdf)

<use ./Figs/OT_itraj_PE_r0_JAS_100.pdf>
Package pdftex.def Info: ./Figs/OT_itraj_PE_r0_JAS_100.pdf used on input line 1
376.
(pdftex.def)             Requested size: 169.0pt x 85.00746pt.

<./Figs/OT_traj_PE_r0_JAS_100.pdf, id=582, 522.95375pt x 296.10625pt>
File: ./Figs/OT_traj_PE_r0_JAS_100.pdf Graphic file (type pdf)

<use ./Figs/OT_traj_PE_r0_JAS_100.pdf>
Package pdftex.def Info: ./Figs/OT_traj_PE_r0_JAS_100.pdf used on input line 13
76.
(pdftex.def)             Requested size: 169.0pt x 95.6912pt.

<./Figs/EKF_PE_r0_100_e.pdf, id=583, 524.96124pt x 417.56pt>
File: ./Figs/EKF_PE_r0_100_e.pdf Graphic file (type pdf)

<use ./Figs/EKF_PE_r0_100_e.pdf>
Package pdftex.def Info: ./Figs/EKF_PE_r0_100_e.pdf used on input line 1376.
(pdftex.def)             Requested size: 169.0pt x 134.42471pt.

<./Figs/EKF_PE_r0_100_xx_norm.pdf, id=584, 527.9725pt x 417.56pt>
File: ./Figs/EKF_PE_r0_100_xx_norm.pdf Graphic file (type pdf)

<use ./Figs/EKF_PE_r0_100_xx_norm.pdf>
Package pdftex.def Info: ./Figs/EKF_PE_r0_100_xx_norm.pdf used on input line 13
76.
(pdftex.def)             Requested size: 169.0pt x 133.65378pt.
 (./JAS_OD_EKF_rev1.bbl)
Package atveryend Info: Empty hook `BeforeClearDocument' on input line 1479.
 [19

] [20 <./Figs/OT_itraj_PE_r0_JAS_20.pdf> <./Figs/OT_traj_PE_r0_JAS_20.pdf> <./F
igs/EKF_PE_r0_20_e.pdf> <./Figs/EKF_PE_r0_20_xx_norm.pdf>] [21 <./Figs/OT_itraj
_PE_r0_JAS_50.pdf> <./Figs/OT_traj_PE_r0_JAS_50.pdf> <./Figs/EKF_PE_r0_50_e.pdf
> <./Figs/EKF_PE_r0_50_xx_norm.pdf>] [22 <./Figs/OT_itraj_PE_r0_JAS_100.pdf> <.
/Figs/OT_traj_PE_r0_JAS_100.pdf> <./Figs/EKF_PE_r0_100_e.pdf> <./Figs/EKF_PE_r0
_100_xx_norm.pdf>]
Package atveryend Info: Empty hook `AfterLastShipout' on input line 1479.
 (./JAS_OD_EKF_rev1.aux)
Package atveryend Info: Executing hook `AtVeryEndDocument' on input line 1479.
Package atveryend Info: Executing hook `AtEndAfterFileList' on input line 1479.



Package rerunfilecheck Warning: File `JAS_OD_EKF_rev1.out' has changed.
(rerunfilecheck)                Rerun to get outlines right
(rerunfilecheck)                or use package `bookmark'.

Package rerunfilecheck Info: Checksums for `JAS_OD_EKF_rev1.out':
(rerunfilecheck)             Before: AA280B2D65A6E0687DD1C9655A3A4BF2;366
(rerunfilecheck)             After:  B968352ABA4E4B1D8AC39A397E5E3DF1;360.

LaTeX Warning: There were multiply-defined labels.

Package atveryend Info: Empty hook `AtVeryVeryEnd' on input line 1479.
 ) 
Here is how much of TeX's memory you used:
 7551 strings out of 493089
 111199 string characters out of 6134842
 203886 words of memory out of 5000000
 10757 multiletter control sequences out of 15000+600000
 24375 words of font info for 64 fonts, out of 8000000 for 9000
 1141 hyphenation exceptions out of 8191
 34i,20n,28p,1226b,400s stack positions out of 5000i,500n,10000p,200000b,80000s
{/usr/local/texlive/2015/texmf-dist/fonts/enc/dvips/base/8r.enc}</usr/local/t
exlive/2015/texmf-dist/fonts/type1/public/amsfonts/cm/cmbsy10.pfb></usr/local/t
exlive/2015/texmf-dist/fonts/type1/public/amsfonts/cm/cmbx10.pfb></usr/local/te
xlive/2015/texmf-dist/fonts/type1/public/amsfonts/cm/cmbx7.pfb></usr/local/texl
ive/2015/texmf-dist/fonts/type1/public/amsfonts/cm/cmex10.pfb></usr/local/texli
ve/2015/texmf-dist/fonts/type1/public/amsfonts/cm/cmmi10.pfb></usr/local/texliv
e/2015/texmf-dist/fonts/type1/public/amsfonts/cm/cmmi5.pfb></usr/local/texlive/
2015/texmf-dist/fonts/type1/public/amsfonts/cm/cmmi6.pfb></usr/local/texlive/20
15/texmf-dist/fonts/type1/public/amsfonts/cm/cmmi7.pfb></usr/local/texlive/2015
/texmf-dist/fonts/type1/public/amsfonts/cm/cmmi8.pfb></usr/local/texlive/2015/t
exmf-dist/fonts/type1/public/amsfonts/cm/cmr10.pfb></usr/local/texlive/2015/tex
mf-dist/fonts/type1/public/amsfonts/cm/cmr5.pfb></usr/local/texlive/2015/texmf-
dist/fonts/type1/public/amsfonts/cm/cmr6.pfb></usr/local/texlive/2015/texmf-dis
t/fonts/type1/public/amsfonts/cm/cmr7.pfb></usr/local/texlive/2015/texmf-dist/f
onts/type1/public/amsfonts/cm/cmr8.pfb></usr/local/texlive/2015/texmf-dist/font
s/type1/public/amsfonts/cm/cmsy10.pfb></usr/local/texlive/2015/texmf-dist/fonts
/type1/public/amsfonts/cm/cmsy5.pfb></usr/local/texlive/2015/texmf-dist/fonts/t
ype1/public/amsfonts/cm/cmsy6.pfb></usr/local/texlive/2015/texmf-dist/fonts/typ
e1/public/amsfonts/cm/cmsy7.pfb></usr/local/texlive/2015/texmf-dist/fonts/type1
/public/amsfonts/cm/cmsy8.pfb></usr/local/texlive/2015/texmf-dist/fonts/type1/p
ublic/amsfonts/symbols/msam10.pfb></usr/local/texlive/2015/texmf-dist/fonts/typ
e1/public/amsfonts/symbols/msbm10.pfb></usr/local/texlive/2015/texmf-dist/fonts
/type1/urw/times/utmb8a.pfb></usr/local/texlive/2015/texmf-dist/fonts/type1/urw
/times/utmr8a.pfb></usr/local/texlive/2015/texmf-dist/fonts/type1/urw/times/utm
ri8a.pfb>
Output written on JAS_OD_EKF_rev1.pdf (22 pages, 5747018 bytes).
PDF statistics:
 925 PDF objects out of 1000 (max. 8388607)
 670 compressed objects within 7 object streams
 132 named destinations out of 1000 (max. 500000)
 179 words of extra memory for PDF output out of 10000 (max. 10000000)

