This is pdfTeX, Version 3.1415926-2.3-1.40.12 (MiKTeX 2.9) (preloaded format=pdflatex 2012.10.8)  7 JUL 2015 12:53
entering extended mode
**C:/Users/evankaufman/Google*Drive/FDCL/Evan/Publications/Submitted/AAS*2015*D
ata*Association/AAS15.tex

("C:/Users/evankaufman/Google Drive/FDCL/Evan/Publications/Submitted/AAS 2015 D
ata Association/AAS15.tex"
LaTeX2e <2011/06/27>
Babel <v3.8m> and hyphenation patterns for english, afrikaans, ancientgreek, ar
abic, armenian, assamese, basque, bengali, bokmal, bulgarian, catalan, coptic, 
croatian, czech, danish, dutch, esperanto, estonian, farsi, finnish, french, ga
lician, german, german-x-2009-06-19, greek, gujarati, hindi, hungarian, iceland
ic, indonesian, interlingua, irish, italian, kannada, kurmanji, lao, latin, lat
vian, lithuanian, malayalam, marathi, mongolian, mongolianlmc, monogreek, ngerm
an, ngerman-x-2009-06-19, nynorsk, oriya, panjabi, pinyin, polish, portuguese, 
romanian, russian, sanskrit, serbian, slovak, slovenian, spanish, swedish, swis
sgerman, tamil, telugu, turkish, turkmen, ukenglish, ukrainian, uppersorbian, u
senglishmax, welsh, loaded.

("C:\Users\evankaufman\Google Drive\FDCL\Evan\Publications\Submitted\AAS 2015 D
ata Association\AAS.cls"
Document Class: AAS 2010/03/01 v2.0.5 Standard LaTeX document class
NOTE: Passing ``letterpaper" option on to the standard LaTeX article class
NOTE: Passing ``10pt" option on to the standard LaTeX article class

TYPESETTING in AAS conference PAPER format ...

("C:\Program Files (x86)\MiKTeX 2.9\tex\latex\graphics\graphicx.sty"
Package: graphicx 1999/02/16 v1.0f Enhanced LaTeX Graphics (DPC,SPQR)

("C:\Program Files (x86)\MiKTeX 2.9\tex\latex\graphics\keyval.sty"
Package: keyval 1999/03/16 v1.13 key=value parser (DPC)
\KV@toks@=\toks14
)
("C:\Program Files (x86)\MiKTeX 2.9\tex\latex\graphics\graphics.sty"
Package: graphics 2009/02/05 v1.0o Standard LaTeX Graphics (DPC,SPQR)

("C:\Program Files (x86)\MiKTeX 2.9\tex\latex\graphics\trig.sty"
Package: trig 1999/03/16 v1.09 sin cos tan (DPC)
)
("C:\Program Files (x86)\MiKTeX 2.9\tex\latex\00miktex\graphics.cfg"
File: graphics.cfg 2007/01/18 v1.5 graphics configuration of teTeX/TeXLive
)
Package graphics Info: Driver file: pdftex.def on input line 91.

("C:\Program Files (x86)\MiKTeX 2.9\tex\latex\pdftex-def\pdftex.def"
File: pdftex.def 2011/05/27 v0.06d Graphics/color for pdfTeX

("C:\Program Files (x86)\MiKTeX 2.9\tex\generic\oberdiek\infwarerr.sty"
Package: infwarerr 2010/04/08 v1.3 Providing info/warning/error messages (HO)
)
("C:\Program Files (x86)\MiKTeX 2.9\tex\generic\oberdiek\ltxcmds.sty"
Package: ltxcmds 2011/11/09 v1.22 LaTeX kernel commands for general use (HO)
)
\Gread@gobject=\count79
))
\Gin@req@height=\dimen102
\Gin@req@width=\dimen103
)
(C:\Users\evankaufman\AppData\Roaming\MiKTeX\2.9\tex\latex\setspace\setspace.st
y
Package: setspace 2011/12/19 v6.7a set line spacing
)
(C:\Users\evankaufman\AppData\Roaming\MiKTeX\2.9\tex\latex\fancyhdr\fancyhdr.st
y
\fancy@headwidth=\skip41
\f@ncyO@elh=\skip42
\f@ncyO@erh=\skip43
\f@ncyO@olh=\skip44
\f@ncyO@orh=\skip45
\f@ncyO@elf=\skip46
\f@ncyO@erf=\skip47
\f@ncyO@olf=\skip48
\f@ncyO@orf=\skip49
) (C:\Users\evankaufman\AppData\Roaming\MiKTeX\2.9\tex\latex\tabls\tabls.sty
\tablinesep=\dimen104
\arraylinesep=\dimen105
\extrarulesep=\dimen106
\@arstdepth=\dimen107
\@arstheight=\dimen108
\@skip@bove=\dimen109
)
("C:\Program Files (x86)\MiKTeX 2.9\tex\latex\tools\indentfirst.sty"
Package: indentfirst 1995/11/23 v1.03 Indent first paragraph (DPC)
)
("C:\Program Files (x86)\MiKTeX 2.9\tex\latex\psnfss\times.sty"
Package: times 2005/04/12 PSNFSS-v9.2a (SPQR) 
)
("C:\Program Files (x86)\MiKTeX 2.9\tex\latex\graphics\color.sty"
Package: color 2005/11/14 v1.0j Standard LaTeX Color (DPC)

("C:\Program Files (x86)\MiKTeX 2.9\tex\latex\00miktex\color.cfg"
File: color.cfg 2007/01/18 v1.5 color configuration of teTeX/TeXLive
)
Package color Info: Driver file: pdftex.def on input line 130.
)
("C:\Program Files (x86)\MiKTeX 2.9\tex\latex\base\size10.clo"
File: size10.clo 2007/10/19 v1.4h Standard LaTeX file (size option)
)
\c@part=\count80
\c@section=\count81
\c@subsection=\count82
\c@subsubsection=\count83
\c@paragraph=\count84
\c@subparagraph=\count85
\c@figure=\count86
\c@table=\count87
\abovecaptionskip=\skip50
\belowcaptionskip=\skip51
\bibindent=\dimen110
)
("C:\Program Files (x86)\MiKTeX 2.9\tex\latex\tools\bm.sty"
Package: bm 2004/02/26 v1.1c Bold Symbol Support (DPC/FMi)
\symboldoperators=\mathgroup4
\symboldletters=\mathgroup5
\symboldsymbols=\mathgroup6
LaTeX Font Info:    Redeclaring math alphabet \mathbf on input line 138.
LaTeX Info: Redefining \bm on input line 204.
)
("C:\Program Files (x86)\MiKTeX 2.9\tex\latex\ams\math\amsmath.sty"
Package: amsmath 2000/07/18 v2.13 AMS math features
\@mathmargin=\skip52

For additional information on amsmath, use the `?' option.
("C:\Program Files (x86)\MiKTeX 2.9\tex\latex\ams\math\amstext.sty"
Package: amstext 2000/06/29 v2.01

("C:\Program Files (x86)\MiKTeX 2.9\tex\latex\ams\math\amsgen.sty"
File: amsgen.sty 1999/11/30 v2.0
\@emptytoks=\toks15
\ex@=\dimen111
))
("C:\Program Files (x86)\MiKTeX 2.9\tex\latex\ams\math\amsbsy.sty"
Package: amsbsy 1999/11/29 v1.2d
LaTeX Info: Redefining \boldsymbol on input line 54.
\pmbraise@=\dimen112
)
("C:\Program Files (x86)\MiKTeX 2.9\tex\latex\ams\math\amsopn.sty"
Package: amsopn 1999/12/14 v2.01 operator names
)
\inf@bad=\count88
LaTeX Info: Redefining \frac on input line 211.
\uproot@=\count89
\leftroot@=\count90
LaTeX Info: Redefining \overline on input line 307.
\classnum@=\count91
\DOTSCASE@=\count92
LaTeX Info: Redefining \ldots on input line 379.
LaTeX Info: Redefining \dots on input line 382.
LaTeX Info: Redefining \cdots on input line 467.
\Mathstrutbox@=\box26
\strutbox@=\box27
\big@size=\dimen113
LaTeX Font Info:    Redeclaring font encoding OML on input line 567.
LaTeX Font Info:    Redeclaring font encoding OMS on input line 568.
\macc@depth=\count93
\c@MaxMatrixCols=\count94
\dotsspace@=\muskip10
\c@parentequation=\count95
\dspbrk@lvl=\count96
\tag@help=\toks16
\row@=\count97
\column@=\count98
\maxfields@=\count99
\andhelp@=\toks17
\eqnshift@=\dimen114
\alignsep@=\dimen115
\tagshift@=\dimen116
\tagwidth@=\dimen117
\totwidth@=\dimen118
\lineht@=\dimen119
\@envbody=\toks18
\multlinegap=\skip53
\multlinetaggap=\skip54
\mathdisplay@stack=\toks19
LaTeX Info: Redefining \[ on input line 2666.
LaTeX Info: Redefining \] on input line 2667.
)
(C:\Users\evankaufman\AppData\Roaming\MiKTeX\2.9\tex\latex\subfigure\subfigure.
sty
Package: subfigure 2002/07/30 v2.1.4 subfigure package
\subfigtopskip=\skip55
\subfigcapskip=\skip56
\subfigcaptopadj=\dimen120
\subfigbottomskip=\skip57
\subfigcapmargin=\dimen121
\subfiglabelskip=\skip58
\c@subfigure=\count100
\c@lofdepth=\count101
\c@subtable=\count102
\c@lotdepth=\count103

****************************************
* Local config file subfigure.cfg used *
****************************************

(C:\Users\evankaufman\AppData\Roaming\MiKTeX\2.9\tex\latex\subfigure\subfigure.
cfg)
\subfig@top=\skip59
\subfig@bottom=\skip60
) ("C:\Program Files (x86)\MiKTeX 2.9\tex\latex\hyperref\hyperref.sty"
Package: hyperref 2012/05/13 v6.82q Hypertext links for LaTeX

("C:\Program Files (x86)\MiKTeX 2.9\tex\generic\oberdiek\hobsub-hyperref.sty"
Package: hobsub-hyperref 2012/04/25 v1.12 Bundle oberdiek, subset hyperref (HO)


("C:\Program Files (x86)\MiKTeX 2.9\tex\generic\oberdiek\hobsub-generic.sty"
Package: hobsub-generic 2012/04/25 v1.12 Bundle oberdiek, subset generic (HO)
Package: hobsub 2012/04/25 v1.12 Construct package bundles (HO)
Package hobsub Info: Skipping package `infwarerr' (already loaded).
Package hobsub Info: Skipping package `ltxcmds' (already loaded).
Package: ifluatex 2010/03/01 v1.3 Provides the ifluatex switch (HO)
Package ifluatex Info: LuaTeX not detected.
Package: ifvtex 2010/03/01 v1.5 Detect VTeX and its facilities (HO)
Package ifvtex Info: VTeX not detected.
Package: intcalc 2007/09/27 v1.1 Expandable calculations with integers (HO)
Package: ifpdf 2011/01/30 v2.3 Provides the ifpdf switch (HO)
Package ifpdf Info: pdfTeX in PDF mode is detected.
Package: etexcmds 2011/02/16 v1.5 Avoid name clashes with e-TeX commands (HO)
Package etexcmds Info: Could not find \expanded.
(etexcmds)             That can mean that you are not using pdfTeX 1.50 or
(etexcmds)             that some package has redefined \expanded.
(etexcmds)             In the latter case, load this package earlier.
Package: kvsetkeys 2012/04/25 v1.16 Key value parser (HO)
Package: kvdefinekeys 2011/04/07 v1.3 Define keys (HO)
Package: pdftexcmds 2011/11/29 v0.20 Utility functions of pdfTeX for LuaTeX (HO
)
Package pdftexcmds Info: LuaTeX not detected.
Package pdftexcmds Info: \pdf@primitive is available.
Package pdftexcmds Info: \pdf@ifprimitive is available.
Package pdftexcmds Info: \pdfdraftmode found.
Package: pdfescape 2011/11/25 v1.13 Implements pdfTeX's escape features (HO)
Package: bigintcalc 2012/04/08 v1.3 Expandable calculations on big integers (HO
)
Package: bitset 2011/01/30 v1.1 Handle bit-vector datatype (HO)
Package: uniquecounter 2011/01/30 v1.2 Provide unlimited unique counter (HO)
)
Package hobsub Info: Skipping package `hobsub' (already loaded).
Package: letltxmacro 2010/09/02 v1.4 Let assignment for LaTeX macros (HO)
Package: hopatch 2011/06/24 v1.1 Wrapper for package hooks (HO)
Package: xcolor-patch 2011/01/30 xcolor patch
Package: atveryend 2011/06/30 v1.8 Hooks at the very end of document (HO)
Package atveryend Info: \enddocument detected (standard20110627).
Package: atbegshi 2011/10/05 v1.16 At begin shipout hook (HO)
Package: refcount 2011/10/16 v3.4 Data extraction from label references (HO)
Package: hycolor 2011/01/30 v1.7 Color options for hyperref/bookmark (HO)
)
("C:\Program Files (x86)\MiKTeX 2.9\tex\generic\ifxetex\ifxetex.sty"
Package: ifxetex 2010/09/12 v0.6 Provides ifxetex conditional
)
("C:\Program Files (x86)\MiKTeX 2.9\tex\latex\oberdiek\kvoptions.sty"
Package: kvoptions 2011/06/30 v3.11 Key value format for package options (HO)
)
\@linkdim=\dimen122
\Hy@linkcounter=\count104
\Hy@pagecounter=\count105

("C:\Program Files (x86)\MiKTeX 2.9\tex\latex\hyperref\pd1enc.def"
File: pd1enc.def 2012/05/13 v6.82q Hyperref: PDFDocEncoding definition (HO)
)
\Hy@SavedSpaceFactor=\count106

("C:\Program Files (x86)\MiKTeX 2.9\tex\latex\00miktex\hyperref.cfg"
File: hyperref.cfg 2002/06/06 v1.2 hyperref configuration of TeXLive
)
Package hyperref Info: Option `colorlinks' set `true' on input line 3941.
Package hyperref Info: Hyper figures OFF on input line 4062.
Package hyperref Info: Link nesting OFF on input line 4067.
Package hyperref Info: Hyper index ON on input line 4070.
Package hyperref Info: Plain pages OFF on input line 4077.
Package hyperref Info: Backreferencing OFF on input line 4082.
Package hyperref Info: Implicit mode ON; LaTeX internals redefined.
Package hyperref Info: Bookmarks ON on input line 4300.
\c@Hy@tempcnt=\count107

("C:\Program Files (x86)\MiKTeX 2.9\tex\latex\ltxmisc\url.sty"
\Urlmuskip=\muskip11
Package: url 2006/04/12  ver 3.3  Verb mode for urls, etc.
)
LaTeX Info: Redefining \url on input line 4653.
\Fld@menulength=\count108
\Field@Width=\dimen123
\Fld@charsize=\dimen124
Package hyperref Info: Hyper figures OFF on input line 5773.
Package hyperref Info: Link nesting OFF on input line 5778.
Package hyperref Info: Hyper index ON on input line 5781.
Package hyperref Info: backreferencing OFF on input line 5788.
Package hyperref Info: Link coloring ON on input line 5791.
Package hyperref Info: Link coloring with OCG OFF on input line 5798.
Package hyperref Info: PDF/A mode OFF on input line 5803.
LaTeX Info: Redefining \ref on input line 5843.
LaTeX Info: Redefining \pageref on input line 5847.
\Hy@abspage=\count109
\c@Item=\count110
\c@Hfootnote=\count111
)

Package hyperref Message: Driver (autodetected): hpdftex.

("C:\Program Files (x86)\MiKTeX 2.9\tex\latex\hyperref\hpdftex.def"
File: hpdftex.def 2012/05/13 v6.82q Hyperref driver for pdfTeX
\Fld@listcount=\count112
\c@bookmark@seq@number=\count113

("C:\Program Files (x86)\MiKTeX 2.9\tex\latex\oberdiek\rerunfilecheck.sty"
Package: rerunfilecheck 2011/04/15 v1.7 Rerun checks for auxiliary files (HO)
Package uniquecounter Info: New unique counter `rerunfilecheck' on input line 2
82.
)
\Hy@SectionHShift=\skip61
)
(C:\Users\evankaufman\AppData\Roaming\MiKTeX\2.9\tex\latex\cite\overcite.sty
Package: overcite 1999/04/23  v 3.8
)
(C:\Users\evankaufman\AppData\Roaming\MiKTeX\2.9\tex\latex\footnpag\footnpag.st
y
Package: footnpag 1995/11/10 v2.6 numbering footnotes per page
\old_foot_file=\read1
\foot_file=\write3
\foot_name_no=\count114
) ("C:\Program Files (x86)\MiKTeX 2.9\tex\latex\amsfonts\amssymb.sty"
Package: amssymb 2009/06/22 v3.00

("C:\Program Files (x86)\MiKTeX 2.9\tex\latex\amsfonts\amsfonts.sty"
Package: amsfonts 2009/06/22 v3.00 Basic AMSFonts support
\symAMSa=\mathgroup7
\symAMSb=\mathgroup8
LaTeX Font Info:    Overwriting math alphabet `\mathfrak' in version `bold'
(Font)                  U/euf/m/n --> U/euf/b/n on input line 96.
))
(C:\Users\evankaufman\AppData\Roaming\MiKTeX\2.9\tex\latex\pgf\frontendlayer\ti
kz.sty
(C:\Users\evankaufman\AppData\Roaming\MiKTeX\2.9\tex\latex\pgf\basiclayer\pgf.s
ty
(C:\Users\evankaufman\AppData\Roaming\MiKTeX\2.9\tex\latex\pgf\utilities\pgfrcs
.sty
(C:\Users\evankaufman\AppData\Roaming\MiKTeX\2.9\tex\generic\pgf\utilities\pgfu
til-common.tex
\pgfutil@everybye=\toks20
)
(C:\Users\evankaufman\AppData\Roaming\MiKTeX\2.9\tex\generic\pgf\utilities\pgfu
til-latex.def
\pgfutil@abb=\box28

(C:\Users\evankaufman\AppData\Roaming\MiKTeX\2.9\tex\latex\ms\everyshi.sty
Package: everyshi 2001/05/15 v3.00 EveryShipout Package (MS)
))
(C:\Users\evankaufman\AppData\Roaming\MiKTeX\2.9\tex\generic\pgf\utilities\pgfr
cs.code.tex
Package: pgfrcs 2010/10/25 v2.10 (rcs-revision 1.24)
))
Package: pgf 2008/01/15 v2.10 (rcs-revision 1.12)

(C:\Users\evankaufman\AppData\Roaming\MiKTeX\2.9\tex\latex\pgf\basiclayer\pgfco
re.sty
(C:\Users\evankaufman\AppData\Roaming\MiKTeX\2.9\tex\latex\pgf\systemlayer\pgfs
ys.sty
(C:\Users\evankaufman\AppData\Roaming\MiKTeX\2.9\tex\generic\pgf\systemlayer\pg
fsys.code.tex
Package: pgfsys 2010/06/30 v2.10 (rcs-revision 1.37)

(C:\Users\evankaufman\AppData\Roaming\MiKTeX\2.9\tex\generic\pgf\utilities\pgfk
eys.code.tex
\pgfkeys@pathtoks=\toks21
\pgfkeys@temptoks=\toks22

(C:\Users\evankaufman\AppData\Roaming\MiKTeX\2.9\tex\generic\pgf\utilities\pgfk
eysfiltered.code.tex
\pgfkeys@tmptoks=\toks23
))
\pgf@x=\dimen125
\pgf@y=\dimen126
\pgf@xa=\dimen127
\pgf@ya=\dimen128
\pgf@xb=\dimen129
\pgf@yb=\dimen130
\pgf@xc=\dimen131
\pgf@yc=\dimen132
\w@pgf@writea=\write4
\r@pgf@reada=\read2
\c@pgf@counta=\count115
\c@pgf@countb=\count116
\c@pgf@countc=\count117
\c@pgf@countd=\count118

(C:\Users\evankaufman\AppData\Roaming\MiKTeX\2.9\tex\generic\pgf\systemlayer\pg
f.cfg
File: pgf.cfg 2008/05/14  (rcs-revision 1.7)
)
Package pgfsys Info: Driver file for pgf: pgfsys-pdftex.def on input line 900.

(C:\Users\evankaufman\AppData\Roaming\MiKTeX\2.9\tex\generic\pgf\systemlayer\pg
fsys-pdftex.def
File: pgfsys-pdftex.def 2009/05/22  (rcs-revision 1.26)

(C:\Users\evankaufman\AppData\Roaming\MiKTeX\2.9\tex\generic\pgf\systemlayer\pg
fsys-common-pdf.def
File: pgfsys-common-pdf.def 2008/05/19  (rcs-revision 1.10)
)))
(C:\Users\evankaufman\AppData\Roaming\MiKTeX\2.9\tex\generic\pgf\systemlayer\pg
fsyssoftpath.code.tex
File: pgfsyssoftpath.code.tex 2008/07/18  (rcs-revision 1.7)
\pgfsyssoftpath@smallbuffer@items=\count119
\pgfsyssoftpath@bigbuffer@items=\count120
)
(C:\Users\evankaufman\AppData\Roaming\MiKTeX\2.9\tex\generic\pgf\systemlayer\pg
fsysprotocol.code.tex
File: pgfsysprotocol.code.tex 2006/10/16  (rcs-revision 1.4)
))
(C:\Users\evankaufman\AppData\Roaming\MiKTeX\2.9\tex\latex\xcolor\xcolor.sty
Package: xcolor 2007/01/21 v2.11 LaTeX color extensions (UK)

("C:\Program Files (x86)\MiKTeX 2.9\tex\latex\00miktex\color.cfg"
File: color.cfg 2007/01/18 v1.5 color configuration of teTeX/TeXLive
)
Package xcolor Info: Driver file: pdftex.def on input line 225.
LaTeX Info: Redefining \color on input line 702.
Package xcolor Info: Model `cmy' substituted by `cmy0' on input line 1337.
Package xcolor Info: Model `hsb' substituted by `rgb' on input line 1341.
Package xcolor Info: Model `RGB' extended on input line 1353.
Package xcolor Info: Model `HTML' substituted by `rgb' on input line 1355.
Package xcolor Info: Model `Hsb' substituted by `hsb' on input line 1356.
Package xcolor Info: Model `tHsb' substituted by `hsb' on input line 1357.
Package xcolor Info: Model `HSB' substituted by `hsb' on input line 1358.
Package xcolor Info: Model `Gray' substituted by `gray' on input line 1359.
Package xcolor Info: Model `wave' substituted by `hsb' on input line 1360.
)
(C:\Users\evankaufman\AppData\Roaming\MiKTeX\2.9\tex\generic\pgf\basiclayer\pgf
core.code.tex
Package: pgfcore 2010/04/11 v2.10 (rcs-revision 1.7)

(C:\Users\evankaufman\AppData\Roaming\MiKTeX\2.9\tex\generic\pgf\math\pgfmath.c
ode.tex
(C:\Users\evankaufman\AppData\Roaming\MiKTeX\2.9\tex\generic\pgf\math\pgfmathca
lc.code.tex
(C:\Users\evankaufman\AppData\Roaming\MiKTeX\2.9\tex\generic\pgf\math\pgfmathut
il.code.tex)
(C:\Users\evankaufman\AppData\Roaming\MiKTeX\2.9\tex\generic\pgf\math\pgfmathpa
rser.code.tex
\pgfmath@dimen=\dimen133
\pgfmath@count=\count121
\pgfmath@box=\box29
\pgfmath@toks=\toks24
\pgfmath@stack@operand=\toks25
\pgfmath@stack@operation=\toks26
)
(C:\Users\evankaufman\AppData\Roaming\MiKTeX\2.9\tex\generic\pgf\math\pgfmathfu
nctions.code.tex
(C:\Users\evankaufman\AppData\Roaming\MiKTeX\2.9\tex\generic\pgf\math\pgfmathfu
nctions.basic.code.tex)
(C:\Users\evankaufman\AppData\Roaming\MiKTeX\2.9\tex\generic\pgf\math\pgfmathfu
nctions.trigonometric.code.tex)
(C:\Users\evankaufman\AppData\Roaming\MiKTeX\2.9\tex\generic\pgf\math\pgfmathfu
nctions.random.code.tex)
(C:\Users\evankaufman\AppData\Roaming\MiKTeX\2.9\tex\generic\pgf\math\pgfmathfu
nctions.comparison.code.tex)
(C:\Users\evankaufman\AppData\Roaming\MiKTeX\2.9\tex\generic\pgf\math\pgfmathfu
nctions.base.code.tex)
(C:\Users\evankaufman\AppData\Roaming\MiKTeX\2.9\tex\generic\pgf\math\pgfmathfu
nctions.round.code.tex)
(C:\Users\evankaufman\AppData\Roaming\MiKTeX\2.9\tex\generic\pgf\math\pgfmathfu
nctions.misc.code.tex)))
(C:\Users\evankaufman\AppData\Roaming\MiKTeX\2.9\tex\generic\pgf\math\pgfmathfl
oat.code.tex
\c@pgfmathroundto@lastzeros=\count122
))
(C:\Users\evankaufman\AppData\Roaming\MiKTeX\2.9\tex\generic\pgf\basiclayer\pgf
corepoints.code.tex
File: pgfcorepoints.code.tex 2010/04/09  (rcs-revision 1.20)
\pgf@picminx=\dimen134
\pgf@picmaxx=\dimen135
\pgf@picminy=\dimen136
\pgf@picmaxy=\dimen137
\pgf@pathminx=\dimen138
\pgf@pathmaxx=\dimen139
\pgf@pathminy=\dimen140
\pgf@pathmaxy=\dimen141
\pgf@xx=\dimen142
\pgf@xy=\dimen143
\pgf@yx=\dimen144
\pgf@yy=\dimen145
\pgf@zx=\dimen146
\pgf@zy=\dimen147
)
(C:\Users\evankaufman\AppData\Roaming\MiKTeX\2.9\tex\generic\pgf\basiclayer\pgf
corepathconstruct.code.tex
File: pgfcorepathconstruct.code.tex 2010/08/03  (rcs-revision 1.24)
\pgf@path@lastx=\dimen148
\pgf@path@lasty=\dimen149
)
(C:\Users\evankaufman\AppData\Roaming\MiKTeX\2.9\tex\generic\pgf\basiclayer\pgf
corepathusage.code.tex
File: pgfcorepathusage.code.tex 2008/04/22  (rcs-revision 1.12)
\pgf@shorten@end@additional=\dimen150
\pgf@shorten@start@additional=\dimen151
)
(C:\Users\evankaufman\AppData\Roaming\MiKTeX\2.9\tex\generic\pgf\basiclayer\pgf
corescopes.code.tex
File: pgfcorescopes.code.tex 2010/09/08  (rcs-revision 1.34)
\pgfpic=\box30
\pgf@hbox=\box31
\pgf@layerbox@main=\box32
\pgf@picture@serial@count=\count123
)
(C:\Users\evankaufman\AppData\Roaming\MiKTeX\2.9\tex\generic\pgf\basiclayer\pgf
coregraphicstate.code.tex
File: pgfcoregraphicstate.code.tex 2008/04/22  (rcs-revision 1.9)
\pgflinewidth=\dimen152
)
(C:\Users\evankaufman\AppData\Roaming\MiKTeX\2.9\tex\generic\pgf\basiclayer\pgf
coretransformations.code.tex
File: pgfcoretransformations.code.tex 2009/06/10  (rcs-revision 1.11)
\pgf@pt@x=\dimen153
\pgf@pt@y=\dimen154
\pgf@pt@temp=\dimen155
)
(C:\Users\evankaufman\AppData\Roaming\MiKTeX\2.9\tex\generic\pgf\basiclayer\pgf
corequick.code.tex
File: pgfcorequick.code.tex 2008/10/09  (rcs-revision 1.3)
)
(C:\Users\evankaufman\AppData\Roaming\MiKTeX\2.9\tex\generic\pgf\basiclayer\pgf
coreobjects.code.tex
File: pgfcoreobjects.code.tex 2006/10/11  (rcs-revision 1.2)
)
(C:\Users\evankaufman\AppData\Roaming\MiKTeX\2.9\tex\generic\pgf\basiclayer\pgf
corepathprocessing.code.tex
File: pgfcorepathprocessing.code.tex 2008/10/09  (rcs-revision 1.8)
)
(C:\Users\evankaufman\AppData\Roaming\MiKTeX\2.9\tex\generic\pgf\basiclayer\pgf
corearrows.code.tex
File: pgfcorearrows.code.tex 2008/04/23  (rcs-revision 1.11)
)
(C:\Users\evankaufman\AppData\Roaming\MiKTeX\2.9\tex\generic\pgf\basiclayer\pgf
coreshade.code.tex
File: pgfcoreshade.code.tex 2008/11/23  (rcs-revision 1.13)
\pgf@max=\dimen156
\pgf@sys@shading@range@num=\count124
)
(C:\Users\evankaufman\AppData\Roaming\MiKTeX\2.9\tex\generic\pgf\basiclayer\pgf
coreimage.code.tex
File: pgfcoreimage.code.tex 2010/03/25  (rcs-revision 1.16)

(C:\Users\evankaufman\AppData\Roaming\MiKTeX\2.9\tex\generic\pgf\basiclayer\pgf
coreexternal.code.tex
File: pgfcoreexternal.code.tex 2010/09/01  (rcs-revision 1.17)
\pgfexternal@startupbox=\box33
))
(C:\Users\evankaufman\AppData\Roaming\MiKTeX\2.9\tex\generic\pgf\basiclayer\pgf
corelayers.code.tex
File: pgfcorelayers.code.tex 2010/08/27  (rcs-revision 1.2)
)
(C:\Users\evankaufman\AppData\Roaming\MiKTeX\2.9\tex\generic\pgf\basiclayer\pgf
coretransparency.code.tex
File: pgfcoretransparency.code.tex 2008/01/17  (rcs-revision 1.2)
)
(C:\Users\evankaufman\AppData\Roaming\MiKTeX\2.9\tex\generic\pgf\basiclayer\pgf
corepatterns.code.tex
File: pgfcorepatterns.code.tex 2009/07/02  (rcs-revision 1.3)
)))
(C:\Users\evankaufman\AppData\Roaming\MiKTeX\2.9\tex\generic\pgf\modules\pgfmod
uleshapes.code.tex
File: pgfmoduleshapes.code.tex 2010/09/09  (rcs-revision 1.13)
\pgfnodeparttextbox=\box34
)
(C:\Users\evankaufman\AppData\Roaming\MiKTeX\2.9\tex\generic\pgf\modules\pgfmod
uleplot.code.tex
File: pgfmoduleplot.code.tex 2010/10/22  (rcs-revision 1.8)
)
(C:\Users\evankaufman\AppData\Roaming\MiKTeX\2.9\tex\latex\pgf\compatibility\pg
fcomp-version-0-65.sty
Package: pgfcomp-version-0-65 2007/07/03 v2.10 (rcs-revision 1.7)
\pgf@nodesepstart=\dimen157
\pgf@nodesepend=\dimen158
)
(C:\Users\evankaufman\AppData\Roaming\MiKTeX\2.9\tex\latex\pgf\compatibility\pg
fcomp-version-1-18.sty
Package: pgfcomp-version-1-18 2007/07/23 v2.10 (rcs-revision 1.1)
))
(C:\Users\evankaufman\AppData\Roaming\MiKTeX\2.9\tex\latex\pgf\utilities\pgffor
.sty
(C:\Users\evankaufman\AppData\Roaming\MiKTeX\2.9\tex\latex\pgf\utilities\pgfkey
s.sty
(C:\Users\evankaufman\AppData\Roaming\MiKTeX\2.9\tex\generic\pgf\utilities\pgfk
eys.code.tex))
(C:\Users\evankaufman\AppData\Roaming\MiKTeX\2.9\tex\generic\pgf\utilities\pgff
or.code.tex
Package: pgffor 2010/03/23 v2.10 (rcs-revision 1.18)
\pgffor@iter=\dimen159
\pgffor@skip=\dimen160
\pgffor@stack=\toks27
\pgffor@toks=\toks28
))
(C:\Users\evankaufman\AppData\Roaming\MiKTeX\2.9\tex\generic\pgf\frontendlayer\
tikz\tikz.code.tex
Package: tikz 2010/10/13 v2.10 (rcs-revision 1.76)

(C:\Users\evankaufman\AppData\Roaming\MiKTeX\2.9\tex\generic\pgf\libraries\pgfl
ibraryplothandlers.code.tex
File: pgflibraryplothandlers.code.tex 2010/05/31 v2.10 (rcs-revision 1.15)
\pgf@plot@mark@count=\count125
\pgfplotmarksize=\dimen161
)
\tikz@lastx=\dimen162
\tikz@lasty=\dimen163
\tikz@lastxsaved=\dimen164
\tikz@lastysaved=\dimen165
\tikzleveldistance=\dimen166
\tikzsiblingdistance=\dimen167
\tikz@figbox=\box35
\tikz@tempbox=\box36
\tikztreelevel=\count126
\tikznumberofchildren=\count127
\tikznumberofcurrentchild=\count128
\tikz@fig@count=\count129

(C:\Users\evankaufman\AppData\Roaming\MiKTeX\2.9\tex\generic\pgf\modules\pgfmod
ulematrix.code.tex
File: pgfmodulematrix.code.tex 2010/08/24  (rcs-revision 1.4)
\pgfmatrixcurrentrow=\count130
\pgfmatrixcurrentcolumn=\count131
\pgf@matrix@numberofcolumns=\count132
)
\tikz@expandcount=\count133

(C:\Users\evankaufman\AppData\Roaming\MiKTeX\2.9\tex\generic\pgf\frontendlayer\
tikz\libraries\tikzlibrarytopaths.code.tex
File: tikzlibrarytopaths.code.tex 2008/06/17 v2.10 (rcs-revision 1.2)
)))
(C:\Users\evankaufman\AppData\Roaming\MiKTeX\2.9\tex\latex\csquotes\csquotes.st
y
Package: csquotes 2011/10/22 v5.1d context-sensitive quotations

(C:\Users\evankaufman\AppData\Roaming\MiKTeX\2.9\tex\latex\etoolbox\etoolbox.st
y
Package: etoolbox 2011/01/03 v2.1 e-TeX tools for LaTeX
 ("C:\Program Files (x86)\MiKTeX 2.9\tex\latex\misc\etex.sty"
Package: etex 1998/03/26 v2.0 eTeX basic definition package (PEB)
\et@xins=\count134
)
\etb@tempcnta=\count135
)
\csq@reset=\count136
\csq@gtype=\count137
\csq@glevel=\count138
\csq@qlevel=\count139
\csq@maxlvl=\count140
\csq@tshold=\count141
\csq@ltx@everypar=\toks29

(C:\Users\evankaufman\AppData\Roaming\MiKTeX\2.9\tex\latex\csquotes\csquotes.de
f
File: csquotes.def 2011/10/22 v5.1d csquotes generic definitions
)
Package csquotes Info: Trying to load configuration file 'csquotes.cfg'...
Package csquotes Info: ... configuration file loaded successfully.

(C:\Users\evankaufman\AppData\Roaming\MiKTeX\2.9\tex\latex\csquotes\csquotes.cf
g
File: csquotes.cfg 
)) ("C:\Program Files (x86)\MiKTeX 2.9\tex\latex\ams\classes\amsthm.sty"
Package: amsthm 2004/08/06 v2.20
\thm@style=\toks30
\thm@bodyfont=\toks31
\thm@headfont=\toks32
\thm@notefont=\toks33
\thm@headpunct=\toks34
\thm@preskip=\skip62
\thm@postskip=\skip63
\thm@headsep=\skip64
\dth@everypar=\toks35
)
("C:\Program Files (x86)\MiKTeX 2.9\tex\latex\tools\tabularx.sty"
Package: tabularx 1999/01/07 v2.07 `tabularx' package (DPC)

("C:\Program Files (x86)\MiKTeX 2.9\tex\latex\tools\array.sty"
Package: array 2008/09/09 v2.4c Tabular extension package (FMi)
\col@sep=\dimen168
\extrarowheight=\dimen169
\NC@list=\toks36
\extratabsurround=\skip65
\backup@length=\skip66


LaTeX Warning: Command \@xhline  has changed.
               Check if current package is valid.

)
\TX@col@width=\dimen170
\TX@old@table=\dimen171
\TX@old@col=\dimen172
\TX@target=\dimen173
\TX@delta=\dimen174
\TX@cols=\count142
\TX@ftn=\toks37
)
(C:\Users\evankaufman\AppData\Roaming\MiKTeX\2.9\tex\latex\booktabs\booktabs.st
y
Package: booktabs 2005/04/14 v1.61803 publication quality tables
\heavyrulewidth=\dimen175
\lightrulewidth=\dimen176
\cmidrulewidth=\dimen177
\belowrulesep=\dimen178
\belowbottomsep=\dimen179
\aboverulesep=\dimen180
\abovetopsep=\dimen181
\cmidrulesep=\dimen182
\cmidrulekern=\dimen183
\defaultaddspace=\dimen184
\@cmidla=\count143
\@cmidlb=\count144
\@aboverulesep=\dimen185
\@belowrulesep=\dimen186
\@thisruleclass=\count145
\@lastruleclass=\count146
\@thisrulewidth=\dimen187
)
(C:\Users\evankaufman\AppData\Roaming\MiKTeX\2.9\tex\latex\colortbl\colortbl.st
y
Package: colortbl 2012/02/13 v1.0a Color table columns (DPC)
\everycr=\toks38
\minrowclearance=\skip67
) ("C:\Program Files (x86)\MiKTeX 2.9\tex\latex\multirow\multirow.sty"
\bigstrutjot=\dimen188
)
(C:\Users\evankaufman\AppData\Roaming\MiKTeX\2.9\tex\latex\threeparttable\three
parttable.sty
Package: threeparttable 2003/06/13  v 3.0
\@tempboxb=\box37
)
Package csquotes Info: Checking for multilingual support...
Package csquotes Info: ... none found.


LaTeX Warning: Unused global option(s):
    [paper].


("C:\Users\evankaufman\Google Drive\FDCL\Evan\Publications\Submitted\AAS 2015 D
ata Association\AAS15.aux")
LaTeX Font Info:    Checking defaults for OML/cmm/m/it on input line 76.
LaTeX Font Info:    ... okay on input line 76.
LaTeX Font Info:    Checking defaults for T1/cmr/m/n on input line 76.
LaTeX Font Info:    ... okay on input line 76.
LaTeX Font Info:    Checking defaults for OT1/cmr/m/n on input line 76.
LaTeX Font Info:    ... okay on input line 76.
LaTeX Font Info:    Checking defaults for OMS/cmsy/m/n on input line 76.
LaTeX Font Info:    ... okay on input line 76.
LaTeX Font Info:    Checking defaults for OMX/cmex/m/n on input line 76.
LaTeX Font Info:    ... okay on input line 76.
LaTeX Font Info:    Checking defaults for U/cmr/m/n on input line 76.
LaTeX Font Info:    ... okay on input line 76.
LaTeX Font Info:    Checking defaults for PD1/pdf/m/n on input line 76.
LaTeX Font Info:    ... okay on input line 76.
LaTeX Font Info:    Try loading font information for OT1+ptm on input line 76.

("C:\Program Files (x86)\MiKTeX 2.9\tex\latex\psnfss\ot1ptm.fd"
File: ot1ptm.fd 2001/06/04 font definitions for OT1/ptm.
)
("C:\Program Files (x86)\MiKTeX 2.9\tex\context\base\supp-pdf.mkii"
[Loading MPS to PDF converter (version 2006.09.02).]
\scratchcounter=\count147
\scratchdimen=\dimen189
\scratchbox=\box38
\nofMPsegments=\count148
\nofMParguments=\count149
\everyMPshowfont=\toks39
\MPscratchCnt=\count150
\MPscratchDim=\dimen190
\MPnumerator=\count151
\makeMPintoPDFobject=\count152
\everyMPtoPDFconversion=\toks40
)
\AtBeginShipoutBox=\box39
Package hyperref Info: Link coloring ON on input line 76.
 ("C:\Program Files (x86)\MiKTeX 2.9\tex\latex\hyperref\nameref.sty"
Package: nameref 2010/04/30 v2.40 Cross-referencing by name of section

("C:\Program Files (x86)\MiKTeX 2.9\tex\generic\oberdiek\gettitlestring.sty"
Package: gettitlestring 2010/12/03 v1.4 Cleanup title references (HO)
)
\c@section@level=\count153
)
LaTeX Info: Redefining \ref on input line 76.
LaTeX Info: Redefining \pageref on input line 76.
LaTeX Info: Redefining \nameref on input line 76.

("C:\Users\evankaufman\Google Drive\FDCL\Evan\Publications\Submitted\AAS 2015 D
ata Association\AAS15.out")
("C:\Users\evankaufman\Google Drive\FDCL\Evan\Publications\Submitted\AAS 2015 D
ata Association\AAS15.out")
\@outlinefile=\write5
 ABD: EveryShipout initializing macros
LaTeX Font Info:    Try loading font information for OT1+phv on input line 87.

("C:\Program Files (x86)\MiKTeX 2.9\tex\latex\psnfss\ot1phv.fd"
File: ot1phv.fd 2001/06/04 scalable font definitions for OT1/phv.
)
LaTeX Font Info:    Font shape `OT1/phv/bx/n' in size <14> not available
(Font)              Font shape `OT1/phv/b/n' tried instead on input line 87.
LaTeX Font Info:    Font shape `OT1/ptm/bx/n' in size <12> not available
(Font)              Font shape `OT1/ptm/b/n' tried instead on input line 87.
LaTeX Font Info:    Font shape `OT1/phv/bx/n' in size <12> not available
(Font)              Font shape `OT1/phv/b/n' tried instead on input line 87.
LaTeX Font Info:    Try loading font information for U+msa on input line 87.

("C:\Program Files (x86)\MiKTeX 2.9\tex\latex\amsfonts\umsa.fd"
File: umsa.fd 2009/06/22 v3.00 AMS symbols A
)
LaTeX Font Info:    Try loading font information for U+msb on input line 87.

("C:\Program Files (x86)\MiKTeX 2.9\tex\latex\amsfonts\umsb.fd"
File: umsb.fd 2009/06/22 v3.00 AMS symbols B
)
LaTeX Font Info:    Font shape `OT1/ptm/bx/n' in size <10> not available
(Font)              Font shape `OT1/ptm/b/n' tried instead on input line 100.
 [1

{C:/Users/evankaufman/AppData/Local/MiKTeX/2.9/pdftex/config/pdftex.map}] [2] [
3]
("C:\Users\evankaufman\Google Drive\FDCL\Evan\Publications\Submitted\AAS 2015 D
ata Association\AAS15.fot") [4] [5]
<GaussianDistOverlap1D.png, id=189, 453.19313pt x 139.27031pt>
File: GaussianDistOverlap1D.png Graphic file (type png)

<use GaussianDistOverlap1D.png>
Package pdftex.def Info: GaussianDistOverlap1D.png used on input line 481.
(pdftex.def)             Requested size: 303.53267pt x 93.27873pt.

<ECC14_fig1.pdf, id=191, 454.69875pt x 357.335pt>
File: ECC14_fig1.pdf Graphic file (type pdf)
 <use ECC14_fig1.pdf>
Package pdftex.def Info: ECC14_fig1.pdf used on input line 516.
(pdftex.def)             Requested size: 173.44534pt x 136.30669pt.
 [6 <C:/Users/evankaufman/Google Drive/FDCL/Evan/Publications/Submitted/AAS 201
5 Data Association/GaussianDistOverlap1D.png>] [7 <C:/Users/evankaufman/Google 
Drive/FDCL/Evan/Publications/Submitted/AAS 2015 Data Association/ECC14_fig1.pdf
>]
[8]
Overfull \vbox (0.59315pt too high) detected at line 737
 []


Overfull \vbox (0.59315pt too high) detected at line 737
 []


Overfull \vbox (0.59315pt too high) detected at line 737
 []


Overfull \vbox (0.59315pt too high) detected at line 737
 []


Overfull \vbox (0.59315pt too high) detected at line 737
 []


Overfull \vbox (0.59315pt too high) detected at line 737
 []


Overfull \vbox (0.59315pt too high) detected at line 737
 []


Overfull \vbox (0.59315pt too high) detected at line 737
 []


Overfull \vbox (0.59315pt too high) detected at line 737
 []


Overfull \hbox (11.63097pt too wide) in alignment at lines 737--737
[][] 
 []

[9]
Overfull \hbox (1.22577pt too wide) in alignment at lines 791--791
[][][][][] 
 []

<A1JPDAF.pdf, id=275, 420.57124pt x 312.16624pt>
File: A1JPDAF.pdf Graphic file (type pdf)
 <use A1JPDAF.pdf>
Package pdftex.def Info: A1JPDAF.pdf used on input line 808.
(pdftex.def)             Requested size: 216.81pt x 160.92697pt.

<A1MUJPDAF.pdf, id=276, 420.57124pt x 312.16624pt>
File: A1MUJPDAF.pdf Graphic file (type pdf)
 <use A1MUJPDAF.pdf>
Package pdftex.def Info: A1MUJPDAF.pdf used on input line 808.
(pdftex.def)             Requested size: 216.81pt x 160.92697pt.

<A1bJPDAF.pdf, id=277, 420.57124pt x 312.16624pt>
File: A1bJPDAF.pdf Graphic file (type pdf)
 <use A1bJPDAF.pdf>
Package pdftex.def Info: A1bJPDAF.pdf used on input line 814.
(pdftex.def)             Requested size: 216.81pt x 160.92697pt.

<A1bMUJPDAF.pdf, id=278, 420.57124pt x 312.16624pt>
File: A1bMUJPDAF.pdf Graphic file (type pdf)
 <use A1bMUJPDAF.pdf>
Package pdftex.def Info: A1bMUJPDAF.pdf used on input line 814.
(pdftex.def)             Requested size: 216.81pt x 160.92697pt.

<A1dJPDAF.pdf, id=279, 420.57124pt x 312.16624pt>
File: A1dJPDAF.pdf Graphic file (type pdf)
 <use A1dJPDAF.pdf>
Package pdftex.def Info: A1dJPDAF.pdf used on input line 820.
(pdftex.def)             Requested size: 216.81pt x 160.92697pt.

<A1dMUJPDAF.pdf, id=280, 420.57124pt x 312.16624pt>
File: A1dMUJPDAF.pdf Graphic file (type pdf)
 <use A1dMUJPDAF.pdf>
Package pdftex.def Info: A1dMUJPDAF.pdf used on input line 820.
(pdftex.def)             Requested size: 216.81pt x 160.92697pt.

Overfull \hbox (4.07704pt too wide) in alignment at lines 879--879
[][][][][] 
 []

[10] [11 <C:/Users/evankaufman/Google Drive/FDCL/Evan/Publications/Submitted/AA
S 2015 Data Association/A1JPDAF.pdf> <C:/Users/evankaufman/Google Drive/FDCL/Ev
an/Publications/Submitted/AAS 2015 Data Association/A1MUJPDAF.pdf> <C:/Users/ev
ankaufman/Google Drive/FDCL/Evan/Publications/Submitted/AAS 2015 Data Associati
on/A1bJPDAF.pdf> <C:/Users/evankaufman/Google Drive/FDCL/Evan/Publications/Subm
itted/AAS 2015 Data Association/A1bMUJPDAF.pdf> <C:/Users/evankaufman/Google Dr
ive/FDCL/Evan/Publications/Submitted/AAS 2015 Data Association/A1dJPDAF.pdf> <C
:/Users/evankaufman/Google Drive/FDCL/Evan/Publications/Submitted/AAS 2015 Data
 Association/A1dMUJPDAF.pdf>] <A2JPDAF.pdf, id=425, 420.57124pt x 312.16624pt>
File: A2JPDAF.pdf Graphic file (type pdf)

<use A2JPDAF.pdf>
Package pdftex.def Info: A2JPDAF.pdf used on input line 895.
(pdftex.def)             Requested size: 216.81pt x 160.92697pt.
 <A2MUJPDAF.pdf, id=426, 420.57124pt x 312.16624pt>
File: A2MUJPDAF.pdf Graphic file (type pdf)

<use A2MUJPDAF.pdf>
Package pdftex.def Info: A2MUJPDAF.pdf used on input line 895.
(pdftex.def)             Requested size: 216.81pt x 160.92697pt.
 <A2aJPDAF.pdf, id=427, 420.57124pt x 312.16624pt>
File: A2aJPDAF.pdf Graphic file (type pdf)

<use A2aJPDAF.pdf>
Package pdftex.def Info: A2aJPDAF.pdf used on input line 901.
(pdftex.def)             Requested size: 216.81pt x 160.92697pt.
 <A2aMUJPDAF.pdf, id=428, 420.57124pt x 312.16624pt>
File: A2aMUJPDAF.pdf Graphic file (type pdf)

<use A2aMUJPDAF.pdf>
Package pdftex.def Info: A2aMUJPDAF.pdf used on input line 901.
(pdftex.def)             Requested size: 216.81pt x 160.92697pt.
 <A2bJPDAF.pdf, id=429, 420.57124pt x 312.16624pt>
File: A2bJPDAF.pdf Graphic file (type pdf)

<use A2bJPDAF.pdf>
Package pdftex.def Info: A2bJPDAF.pdf used on input line 907.
(pdftex.def)             Requested size: 216.81pt x 160.92697pt.
 <A2bMUJPDAF.pdf, id=430, 420.57124pt x 312.16624pt>
File: A2bMUJPDAF.pdf Graphic file (type pdf)

<use A2bMUJPDAF.pdf>
Package pdftex.def Info: A2bMUJPDAF.pdf used on input line 907.
(pdftex.def)             Requested size: 216.81pt x 160.92697pt.

Overfull \hbox (0.71123pt too wide) in alignment at lines 973--973
[][][][][][][] 
 []

<B1JPDAF.pdf, id=433, 420.57124pt x 312.16624pt>
File: B1JPDAF.pdf Graphic file (type pdf)
 <use B1JPDAF.pdf>
Package pdftex.def Info: B1JPDAF.pdf used on input line 987.
(pdftex.def)             Requested size: 143.09538pt x 106.21132pt.

<B1MUJPDAF.pdf, id=434, 420.57124pt x 312.16624pt>
File: B1MUJPDAF.pdf Graphic file (type pdf)
 <use B1MUJPDAF.pdf>
Package pdftex.def Info: B1MUJPDAF.pdf used on input line 987.
(pdftex.def)             Requested size: 143.09538pt x 106.21132pt.

<B1C-JPDAF.pdf, id=435, 420.57124pt x 312.16624pt>
File: B1C-JPDAF.pdf Graphic file (type pdf)
 <use B1C-JPDAF.pdf>
Package pdftex.def Info: B1C-JPDAF.pdf used on input line 987.
(pdftex.def)             Requested size: 143.09538pt x 106.21132pt.

<B1cJPDAF.pdf, id=436, 420.57124pt x 312.16624pt>
File: B1cJPDAF.pdf Graphic file (type pdf)
 <use B1cJPDAF.pdf>
Package pdftex.def Info: B1cJPDAF.pdf used on input line 995.
(pdftex.def)             Requested size: 143.09538pt x 106.21132pt.

<B1cMUJPDAF.pdf, id=437, 420.57124pt x 312.16624pt>
File: B1cMUJPDAF.pdf Graphic file (type pdf)
 <use B1cMUJPDAF.pdf>
Package pdftex.def Info: B1cMUJPDAF.pdf used on input line 995.
(pdftex.def)             Requested size: 143.09538pt x 106.21132pt.

<B1cC-JPDAF.pdf, id=438, 420.57124pt x 312.16624pt>
File: B1cC-JPDAF.pdf Graphic file (type pdf)
 <use B1cC-JPDAF.pdf>
Package pdftex.def Info: B1cC-JPDAF.pdf used on input line 995.
(pdftex.def)             Requested size: 143.09538pt x 106.21132pt.

<B1fJPDAF.pdf, id=439, 420.57124pt x 312.16624pt>
File: B1fJPDAF.pdf Graphic file (type pdf)
 <use B1fJPDAF.pdf>
Package pdftex.def Info: B1fJPDAF.pdf used on input line 1003.
(pdftex.def)             Requested size: 143.09538pt x 106.21132pt.

<B1fMUJPDAF.pdf, id=440, 420.57124pt x 312.16624pt>
File: B1fMUJPDAF.pdf Graphic file (type pdf)
 <use B1fMUJPDAF.pdf>
Package pdftex.def Info: B1fMUJPDAF.pdf used on input line 1003.
(pdftex.def)             Requested size: 143.09538pt x 106.21132pt.

<B1fC-JPDAF.pdf, id=441, 420.57124pt x 312.16624pt>
File: B1fC-JPDAF.pdf Graphic file (type pdf)
 <use B1fC-JPDAF.pdf>
Package pdftex.def Info: B1fC-JPDAF.pdf used on input line 1003.
(pdftex.def)             Requested size: 143.09538pt x 106.21132pt.

[12] [13 <C:/Users/evankaufman/Google Drive/FDCL/Evan/Publications/Submitted/AA
S 2015 Data Association/A2JPDAF.pdf> <C:/Users/evankaufman/Google Drive/FDCL/Ev
an/Publications/Submitted/AAS 2015 Data Association/A2MUJPDAF.pdf> <C:/Users/ev
ankaufman/Google Drive/FDCL/Evan/Publications/Submitted/AAS 2015 Data Associati
on/A2aJPDAF.pdf> <C:/Users/evankaufman/Google Drive/FDCL/Evan/Publications/Subm
itted/AAS 2015 Data Association/A2aMUJPDAF.pdf> <C:/Users/evankaufman/Google Dr
ive/FDCL/Evan/Publications/Submitted/AAS 2015 Data Association/A2bJPDAF.pdf> <C
:/Users/evankaufman/Google Drive/FDCL/Evan/Publications/Submitted/AAS 2015 Data
 Association/A2bMUJPDAF.pdf>] [14 <C:/Users/evankaufman/Google Drive/FDCL/Evan/
Publications/Submitted/AAS 2015 Data Association/B1JPDAF.pdf> <C:/Users/evankau
fman/Google Drive/FDCL/Evan/Publications/Submitted/AAS 2015 Data Association/B1
MUJPDAF.pdf> <C:/Users/evankaufman/Google Drive/FDCL/Evan/Publications/Submitte
d/AAS 2015 Data Association/B1C-JPDAF.pdf> <C:/Users/evankaufman/Google Drive/F
DCL/Evan/Publications/Submitted/AAS 2015 Data Association/B1cJPDAF.pdf> <C:/Use
rs/evankaufman/Google Drive/FDCL/Evan/Publications/Submitted/AAS 2015 Data Asso
ciation/B1cMUJPDAF.pdf> <C:/Users/evankaufman/Google Drive/FDCL/Evan/Publicatio
ns/Submitted/AAS 2015 Data Association/B1cC-JPDAF.pdf> <C:/Users/evankaufman/Go
ogle Drive/FDCL/Evan/Publications/Submitted/AAS 2015 Data Association/B1fJPDAF.
pdf> <C:/Users/evankaufman/Google Drive/FDCL/Evan/Publications/Submitted/AAS 20
15 Data Association/B1fMUJPDAF.pdf> <C:/Users/evankaufman/Google Drive/FDCL/Eva
n/Publications/Submitted/AAS 2015 Data Association/B1fC-JPDAF.pdf>]
<B2JPDAF.pdf, id=782, 420.57124pt x 312.16624pt>
File: B2JPDAF.pdf Graphic file (type pdf)
 <use B2JPDAF.pdf>
Package pdftex.def Info: B2JPDAF.pdf used on input line 1090.
(pdftex.def)             Requested size: 143.09538pt x 106.21132pt.

<B2MUJPDAF.pdf, id=783, 420.57124pt x 312.16624pt>
File: B2MUJPDAF.pdf Graphic file (type pdf)
 <use B2MUJPDAF.pdf>
Package pdftex.def Info: B2MUJPDAF.pdf used on input line 1090.
(pdftex.def)             Requested size: 143.09538pt x 106.21132pt.

<B2C-JPDAF.pdf, id=784, 420.57124pt x 312.16624pt>
File: B2C-JPDAF.pdf Graphic file (type pdf)
 <use B2C-JPDAF.pdf>
Package pdftex.def Info: B2C-JPDAF.pdf used on input line 1090.
(pdftex.def)             Requested size: 143.09538pt x 106.21132pt.

<B2bJPDAF.pdf, id=785, 420.57124pt x 312.16624pt>
File: B2bJPDAF.pdf Graphic file (type pdf)
 <use B2bJPDAF.pdf>
Package pdftex.def Info: B2bJPDAF.pdf used on input line 1098.
(pdftex.def)             Requested size: 143.09538pt x 106.21132pt.

<B2bMUJPDAF.pdf, id=786, 420.57124pt x 312.16624pt>
File: B2bMUJPDAF.pdf Graphic file (type pdf)
 <use B2bMUJPDAF.pdf>
Package pdftex.def Info: B2bMUJPDAF.pdf used on input line 1098.
(pdftex.def)             Requested size: 143.09538pt x 106.21132pt.

<B2bC-JPDAF.pdf, id=787, 420.57124pt x 312.16624pt>
File: B2bC-JPDAF.pdf Graphic file (type pdf)
 <use B2bC-JPDAF.pdf>
Package pdftex.def Info: B2bC-JPDAF.pdf used on input line 1098.
(pdftex.def)             Requested size: 143.09538pt x 106.21132pt.

<B2dJPDAF.pdf, id=788, 420.57124pt x 312.16624pt>
File: B2dJPDAF.pdf Graphic file (type pdf)
 <use B2dJPDAF.pdf>
Package pdftex.def Info: B2dJPDAF.pdf used on input line 1106.
(pdftex.def)             Requested size: 143.09538pt x 106.21132pt.

<B2dMUJPDAF.pdf, id=789, 420.57124pt x 312.16624pt>
File: B2dMUJPDAF.pdf Graphic file (type pdf)
 <use B2dMUJPDAF.pdf>
Package pdftex.def Info: B2dMUJPDAF.pdf used on input line 1106.
(pdftex.def)             Requested size: 143.09538pt x 106.21132pt.

<B2dC-JPDAF.pdf, id=790, 420.57124pt x 312.16624pt>
File: B2dC-JPDAF.pdf Graphic file (type pdf)
 <use B2dC-JPDAF.pdf>
Package pdftex.def Info: B2dC-JPDAF.pdf used on input line 1106.
(pdftex.def)             Requested size: 143.09538pt x 106.21132pt.

[15] [16 <C:/Users/evankaufman/Google Drive/FDCL/Evan/Publications/Submitted/AA
S 2015 Data Association/B2JPDAF.pdf> <C:/Users/evankaufman/Google Drive/FDCL/Ev
an/Publications/Submitted/AAS 2015 Data Association/B2MUJPDAF.pdf> <C:/Users/ev
ankaufman/Google Drive/FDCL/Evan/Publications/Submitted/AAS 2015 Data Associati
on/B2C-JPDAF.pdf> <C:/Users/evankaufman/Google Drive/FDCL/Evan/Publications/Sub
mitted/AAS 2015 Data Association/B2bJPDAF.pdf> <C:/Users/evankaufman/Google Dri
ve/FDCL/Evan/Publications/Submitted/AAS 2015 Data Association/B2bMUJPDAF.pdf> <
C:/Users/evankaufman/Google Drive/FDCL/Evan/Publications/Submitted/AAS 2015 Dat
a Association/B2bC-JPDAF.pdf> <C:/Users/evankaufman/Google Drive/FDCL/Evan/Publ
ications/Submitted/AAS 2015 Data Association/B2dJPDAF.pdf> <C:/Users/evankaufma
n/Google Drive/FDCL/Evan/Publications/Submitted/AAS 2015 Data Association/B2dMU
JPDAF.pdf> <C:/Users/evankaufman/Google Drive/FDCL/Evan/Publications/Submitted/
AAS 2015 Data Association/B2dC-JPDAF.pdf>]

Package hyperref Warning: Token not allowed in a PDF string (PDFDocEncoding):
(hyperref)                removing `math shift' on input line 1151.


Package hyperref Warning: Token not allowed in a PDF string (PDFDocEncoding):
(hyperref)                removing `subscript' on input line 1151.


Package hyperref Warning: Token not allowed in a PDF string (PDFDocEncoding):
(hyperref)                removing `math shift' on input line 1151.


Package hyperref Warning: Token not allowed in a PDF string (PDFDocEncoding):
(hyperref)                removing `math shift' on input line 1176.


Package hyperref Warning: Token not allowed in a PDF string (PDFDocEncoding):
(hyperref)                removing `math shift' on input line 1176.

[17] [18]
("C:\Users\evankaufman\Google Drive\FDCL\Evan\Publications\Submitted\AAS 2015 D
ata Association\AAS15.bbl"
Missing character: There is no â in font ptmr7t!
Missing character: There is no € in font ptmr7t!
Missing character: There is no “ in font ptmr7t!
 [19])
Package atveryend Info: Empty hook `BeforeClearDocument' on input line 1431.
 [20]
Package atveryend Info: Empty hook `AfterLastShipout' on input line 1431.

("C:\Users\evankaufman\Google Drive\FDCL\Evan\Publications\Submitted\AAS 2015 D
ata Association\AAS15.aux")
Package atveryend Info: Executing hook `AtVeryEndDocument' on input line 1431.
Package atveryend Info: Executing hook `AtEndAfterFileList' on input line 1431.

Package rerunfilecheck Info: File `AAS15.out' has not changed.
(rerunfilecheck)             Checksum: FBED71579841F12E0FEA0CB1CBDE19C9;1292.
Package atveryend Info: Empty hook `AtVeryVeryEnd' on input line 1431.
 ) 
Here is how much of TeX's memory you used:
 16262 strings out of 494045
 283196 string characters out of 3145951
 383549 words of memory out of 3000000
 18997 multiletter control sequences out of 15000+200000
 33538 words of font info for 88 fonts, out of 3000000 for 9000
 715 hyphenation exceptions out of 8191
 56i,23n,55p,1114b,497s stack positions out of 5000i,500n,10000p,200000b,50000s
pdfTeX warning (dest): name{section*.18} has been referenced but does not exi
st, replaced by a fixed one

pdfTeX warning (dest): name{section*.13} has been referenced but does not exist
, replaced by a fixed one

pdfTeX warning (dest): name{section*.8} has been referenced but does not exist,
 replaced by a fixed one

pdfTeX warning (dest): name{section*.5} has been referenced but does not exist,
 replaced by a fixed one

pdfTeX warning (dest): name{section*.2} has been referenced but does not exist,
 replaced by a fixed one

pdfTeX warning (dest): name{section*.1} has been referenced but does not exist,
 replaced by a fixed one

{C:/Program Files (x86)/MiKTeX 2.9/fonts/enc/dvips/fontname/8r.enc}<C:/Program 
Files (x86)/MiKTeX 2.9/fonts/type1/public/amsfonts/cm/cmbx10.pfb><C:/Program Fi
les (x86)/MiKTeX 2.9/fonts/type1/public/amsfonts/cm/cmbx7.pfb><C:/Program Files
 (x86)/MiKTeX 2.9/fonts/type1/public/amsfonts/cm/cmbx8.pfb><C:/Program Files (x
86)/MiKTeX 2.9/fonts/type1/public/amsfonts/cm/cmex10.pfb><C:/Program Files (x86
)/MiKTeX 2.9/fonts/type1/public/amsfonts/cmextra/cmex8.pfb><C:/Program Files (x
86)/MiKTeX 2.9/fonts/type1/public/amsfonts/cm/cmmi10.pfb><C:/Program Files (x86
)/MiKTeX 2.9/fonts/type1/public/amsfonts/cm/cmmi5.pfb><C:/Program Files (x86)/M
iKTeX 2.9/fonts/type1/public/amsfonts/cm/cmmi6.pfb><C:/Program Files (x86)/MiKT
eX 2.9/fonts/type1/public/amsfonts/cm/cmmi7.pfb><C:/Program Files (x86)/MiKTeX 
2.9/fonts/type1/public/amsfonts/cm/cmmi8.pfb><C:/Program Files (x86)/MiKTeX 2.9
/fonts/type1/public/amsfonts/cm/cmr10.pfb><C:/Program Files (x86)/MiKTeX 2.9/fo
nts/type1/public/amsfonts/cm/cmr5.pfb><C:/Program Files (x86)/MiKTeX 2.9/fonts/
type1/public/amsfonts/cm/cmr6.pfb><C:/Program Files (x86)/MiKTeX 2.9/fonts/type
1/public/amsfonts/cm/cmr7.pfb><C:/Program Files (x86)/MiKTeX 2.9/fonts/type1/pu
blic/amsfonts/cm/cmr8.pfb><C:/Program Files (x86)/MiKTeX 2.9/fonts/type1/public
/amsfonts/cm/cmsy10.pfb><C:/Program Files (x86)/MiKTeX 2.9/fonts/type1/public/a
msfonts/cm/cmsy5.pfb><C:/Program Files (x86)/MiKTeX 2.9/fonts/type1/public/amsf
onts/cm/cmsy6.pfb><C:/Program Files (x86)/MiKTeX 2.9/fonts/type1/public/amsfont
s/cm/cmsy7.pfb><C:/Program Files (x86)/MiKTeX 2.9/fonts/type1/public/amsfonts/c
m/cmsy8.pfb><C:/Program Files (x86)/MiKTeX 2.9/fonts/type1/public/amsfonts/latx
font/lcircle1.pfb><C:/Program Files (x86)/MiKTeX 2.9/fonts/type1/public/amsfont
s/symbols/msbm10.pfb><C:/Program Files (x86)/MiKTeX 2.9/fonts/type1/urw/helveti
c/uhvb8a.pfb><C:/Program Files (x86)/MiKTeX 2.9/fonts/type1/urw/times/utmb8a.pf
b><C:/Program Files (x86)/MiKTeX 2.9/fonts/type1/urw/times/utmr8a.pfb><C:/Progr
am Files (x86)/MiKTeX 2.9/fonts/type1/urw/times/utmri8a.pfb>
Output written on AAS15.pdf (20 pages, 818064 bytes).
PDF statistics:
 1205 PDF objects out of 1440 (max. 8388607)
 166 named destinations out of 1000 (max. 500000)
 301 words of extra memory for PDF output out of 10000 (max. 10000000)

