This is pdfTeX, Version 3.14159265-2.6-1.40.17 (TeX Live 2016) (preloaded format=pdflatex 2016.5.22)  24 JUN 2018 21:09
entering extended mode
 restricted \write18 enabled.
 file:line:error style messages enabled.
 %&-line parsing enabled.
**IRC18_final.tex
(./IRC18_final.tex
LaTeX2e <2016/03/31>
Babel <3.9r> and hyphenation patterns for 83 language(s) loaded.
(./IEEEtran.cls
Document Class: IEEEtran 2007/03/05 V1.7a by Michael Shell
-- See the "IEEEtran_HOWTO" manual for usage information.
-- http://www.michaelshell.org/tex/ieeetran/
\@IEEEtrantmpdimenA=\dimen102
\@IEEEtrantmpdimenB=\dimen103
\@IEEEtrantmpcountA=\count79
\@IEEEtrantmpcountB=\count80
\@IEEEtrantmptoksA=\toks14
LaTeX Font Info:    Try loading font information for OT1+ptm on input line 366.

(/usr/local/texlive/2016/texmf-dist/tex/latex/psnfss/ot1ptm.fd
File: ot1ptm.fd 2001/06/04 font definitions for OT1/ptm.
)
-- Using 8.5in x 11in (letter) paper.
-- Using PDF output.
\@IEEEnormalsizeunitybaselineskip=\dimen104
-- This is a 10 point document.
\CLASSINFOnormalsizebaselineskip=\dimen105
\CLASSINFOnormalsizeunitybaselineskip=\dimen106
\IEEEnormaljot=\dimen107
LaTeX Font Info:    Font shape `OT1/ptm/bx/n' in size <5> not available
(Font)              Font shape `OT1/ptm/b/n' tried instead on input line 724.
LaTeX Font Info:    Font shape `OT1/ptm/bx/it' in size <5> not available
(Font)              Font shape `OT1/ptm/b/it' tried instead on input line 724.
LaTeX Font Info:    Font shape `OT1/ptm/bx/n' in size <7> not available
(Font)              Font shape `OT1/ptm/b/n' tried instead on input line 724.
LaTeX Font Info:    Font shape `OT1/ptm/bx/it' in size <7> not available
(Font)              Font shape `OT1/ptm/b/it' tried instead on input line 724.
LaTeX Font Info:    Font shape `OT1/ptm/bx/n' in size <8> not available
(Font)              Font shape `OT1/ptm/b/n' tried instead on input line 724.
LaTeX Font Info:    Font shape `OT1/ptm/bx/it' in size <8> not available
(Font)              Font shape `OT1/ptm/b/it' tried instead on input line 724.
LaTeX Font Info:    Font shape `OT1/ptm/bx/n' in size <9> not available
(Font)              Font shape `OT1/ptm/b/n' tried instead on input line 724.
LaTeX Font Info:    Font shape `OT1/ptm/bx/it' in size <9> not available
(Font)              Font shape `OT1/ptm/b/it' tried instead on input line 724.
LaTeX Font Info:    Font shape `OT1/ptm/bx/n' in size <10> not available
(Font)              Font shape `OT1/ptm/b/n' tried instead on input line 724.
LaTeX Font Info:    Font shape `OT1/ptm/bx/it' in size <10> not available
(Font)              Font shape `OT1/ptm/b/it' tried instead on input line 724.
LaTeX Font Info:    Font shape `OT1/ptm/bx/n' in size <11> not available
(Font)              Font shape `OT1/ptm/b/n' tried instead on input line 724.
LaTeX Font Info:    Font shape `OT1/ptm/bx/it' in size <11> not available
(Font)              Font shape `OT1/ptm/b/it' tried instead on input line 724.
LaTeX Font Info:    Font shape `OT1/ptm/bx/n' in size <12> not available
(Font)              Font shape `OT1/ptm/b/n' tried instead on input line 724.
LaTeX Font Info:    Font shape `OT1/ptm/bx/it' in size <12> not available
(Font)              Font shape `OT1/ptm/b/it' tried instead on input line 724.
LaTeX Font Info:    Font shape `OT1/ptm/bx/n' in size <17> not available
(Font)              Font shape `OT1/ptm/b/n' tried instead on input line 724.
LaTeX Font Info:    Font shape `OT1/ptm/bx/it' in size <17> not available
(Font)              Font shape `OT1/ptm/b/it' tried instead on input line 724.
LaTeX Font Info:    Font shape `OT1/ptm/bx/n' in size <20> not available
(Font)              Font shape `OT1/ptm/b/n' tried instead on input line 724.
LaTeX Font Info:    Font shape `OT1/ptm/bx/it' in size <20> not available
(Font)              Font shape `OT1/ptm/b/it' tried instead on input line 724.
LaTeX Font Info:    Font shape `OT1/ptm/bx/n' in size <24> not available
(Font)              Font shape `OT1/ptm/b/n' tried instead on input line 724.
LaTeX Font Info:    Font shape `OT1/ptm/bx/it' in size <24> not available
(Font)              Font shape `OT1/ptm/b/it' tried instead on input line 724.
\IEEEilabelindentA=\dimen108
\IEEEilabelindentB=\dimen109
\IEEEilabelindent=\dimen110
\IEEEelabelindent=\dimen111
\IEEEdlabelindent=\dimen112
\IEEElabelindent=\dimen113
\IEEEiednormlabelsep=\dimen114
\IEEEiedmathlabelsep=\dimen115
\IEEEiedtopsep=\skip41
\c@section=\count81
\c@subsection=\count82
\c@subsubsection=\count83
\c@paragraph=\count84
\c@IEEEsubequation=\count85
\abovecaptionskip=\skip42
\belowcaptionskip=\skip43
\c@figure=\count86
\c@table=\count87
\@IEEEeqnnumcols=\count88
\@IEEEeqncolcnt=\count89
\@IEEEtmpitemindent=\dimen116
\c@IEEEbiography=\count90
\@IEEEtranrubishbin=\box26
) (/usr/local/texlive/2016/texmf-dist/tex/latex/graphics/graphicx.sty
Package: graphicx 2014/10/28 v1.0g Enhanced LaTeX Graphics (DPC,SPQR)

(/usr/local/texlive/2016/texmf-dist/tex/latex/graphics/keyval.sty
Package: keyval 2014/10/28 v1.15 key=value parser (DPC)
\KV@toks@=\toks15
)
(/usr/local/texlive/2016/texmf-dist/tex/latex/graphics/graphics.sty
Package: graphics 2016/05/09 v1.0r Standard LaTeX Graphics (DPC,SPQR)

(/usr/local/texlive/2016/texmf-dist/tex/latex/graphics/trig.sty
Package: trig 2016/01/03 v1.10 sin cos tan (DPC)
)
(/usr/local/texlive/2016/texmf-dist/tex/latex/graphics-cfg/graphics.cfg
File: graphics.cfg 2016/01/02 v1.10 sample graphics configuration
)
Package graphics Info: Driver file: pdftex.def on input line 96.

(/usr/local/texlive/2016/texmf-dist/tex/latex/pdftex-def/pdftex.def
File: pdftex.def 2011/05/27 v0.06d Graphics/color for pdfTeX

(/usr/local/texlive/2016/texmf-dist/tex/generic/oberdiek/infwarerr.sty
Package: infwarerr 2016/05/16 v1.4 Providing info/warning/error messages (HO)
)
(/usr/local/texlive/2016/texmf-dist/tex/generic/oberdiek/ltxcmds.sty
Package: ltxcmds 2016/05/16 v1.23 LaTeX kernel commands for general use (HO)
)
\Gread@gobject=\count91
))
\Gin@req@height=\dimen117
\Gin@req@width=\dimen118
)
(/usr/local/texlive/2016/texmf-dist/tex/latex/amsfonts/amssymb.sty
Package: amssymb 2013/01/14 v3.01 AMS font symbols

(/usr/local/texlive/2016/texmf-dist/tex/latex/amsfonts/amsfonts.sty
Package: amsfonts 2013/01/14 v3.01 Basic AMSFonts support
\@emptytoks=\toks16
\symAMSa=\mathgroup4
\symAMSb=\mathgroup5
LaTeX Font Info:    Overwriting math alphabet `\mathfrak' in version `bold'
(Font)                  U/euf/m/n --> U/euf/b/n on input line 106.
))
(/usr/local/texlive/2016/texmf-dist/tex/latex/url/url.sty
\Urlmuskip=\muskip10
Package: url 2013/09/16  ver 3.4  Verb mode for urls, etc.
)
(/usr/local/texlive/2016/texmf-dist/tex/latex/psnfss/times.sty
Package: times 2005/04/12 PSNFSS-v9.2a (SPQR) 
)
(/usr/local/texlive/2016/texmf-dist/tex/latex/caption/caption.sty
Package: caption 2016/02/21 v3.3-144 Customizing captions (AR)

(/usr/local/texlive/2016/texmf-dist/tex/latex/caption/caption3.sty
Package: caption3 2016/02/04 v1.7-139 caption3 kernel (AR)
Package caption3 Info: TeX engine: e-TeX on input line 67.
\captionmargin=\dimen119
\captionmargin@=\dimen120
\captionwidth=\dimen121
\caption@tempdima=\dimen122
\caption@indent=\dimen123
\caption@parindent=\dimen124
\caption@hangindent=\dimen125
Package caption Info: Unknown document class (or package),
(caption)             standard defaults will be used.
)

Package caption Warning: Unsupported document class (or package) detected,
(caption)                usage of the caption package is not recommended.
See the caption package documentation for explanation.

Package caption Info: \@makecaption = \long macro:#1#2->\ifx \@captype \@IEEEta
blestring \footnotesize \begin {center}{\normalfont \footnotesize #1}\\{\normal
font \footnotesize \scshape #2}\end {center}\@IEEEtablecaptionsepspace \else \@
IEEEfigurecaptionsepspace \setbox \@tempboxa \hbox {\normalfont \footnotesize {
#1.}~~ #2}\ifdim \wd \@tempboxa >\hsize \setbox \@tempboxa \hbox {\normalfont \
footnotesize {#1.}~~ }\parbox [t]{\hsize }{\normalfont \footnotesize \noindent 
\unhbox \@tempboxa #2}\else \ifCLASSOPTIONconference \hbox to\hsize {\normalfon
t \footnotesize \hfil \box \@tempboxa \hfil }\else \hbox to\hsize {\normalfont 
\footnotesize \box \@tempboxa \hfil }\fi \fi \fi .
\c@ContinuedFloat=\count92
) (/usr/local/texlive/2016/texmf-dist/tex/latex/caption/subcaption.sty
Package: subcaption 2016/02/20 v1.1-142 Sub-captions (AR)
\c@subfigure=\count93
\c@subtable=\count94
)
(/usr/local/texlive/2016/texmf-dist/tex/latex/hyperref/hyperref.sty
Package: hyperref 2016/05/05 v6.83n Hypertext links for LaTeX

(/usr/local/texlive/2016/texmf-dist/tex/generic/oberdiek/hobsub-hyperref.sty
Package: hobsub-hyperref 2016/05/16 v1.14 Bundle oberdiek, subset hyperref (HO)


(/usr/local/texlive/2016/texmf-dist/tex/generic/oberdiek/hobsub-generic.sty
Package: hobsub-generic 2016/05/16 v1.14 Bundle oberdiek, subset generic (HO)
Package: hobsub 2016/05/16 v1.14 Construct package bundles (HO)
Package hobsub Info: Skipping package `infwarerr' (already loaded).
Package hobsub Info: Skipping package `ltxcmds' (already loaded).
Package: ifluatex 2016/05/16 v1.4 Provides the ifluatex switch (HO)
Package ifluatex Info: LuaTeX not detected.
Package: ifvtex 2016/05/16 v1.6 Detect VTeX and its facilities (HO)
Package ifvtex Info: VTeX not detected.
Package: intcalc 2016/05/16 v1.2 Expandable calculations with integers (HO)
Package: ifpdf 2016/05/14 v3.1 Provides the ifpdf switch
Package: etexcmds 2016/05/16 v1.6 Avoid name clashes with e-TeX commands (HO)
Package etexcmds Info: Could not find \expanded.
(etexcmds)             That can mean that you are not using pdfTeX 1.50 or
(etexcmds)             that some package has redefined \expanded.
(etexcmds)             In the latter case, load this package earlier.
Package: kvsetkeys 2016/05/16 v1.17 Key value parser (HO)
Package: kvdefinekeys 2016/05/16 v1.4 Define keys (HO)
Package: pdftexcmds 2016/05/10 v0.21 Utility functions of pdfTeX for LuaTeX (HO
)
Package pdftexcmds Info: LuaTeX not detected.
Package pdftexcmds Info: \pdf@primitive is available.
Package pdftexcmds Info: \pdf@ifprimitive is available.
Package pdftexcmds Info: \pdfdraftmode found.
Package: pdfescape 2016/05/16 v1.14 Implements pdfTeX's escape features (HO)
Package: bigintcalc 2016/05/16 v1.4 Expandable calculations on big integers (HO
)
Package: bitset 2016/05/16 v1.2 Handle bit-vector datatype (HO)
Package: uniquecounter 2016/05/16 v1.3 Provide unlimited unique counter (HO)
)
Package hobsub Info: Skipping package `hobsub' (already loaded).
Package: letltxmacro 2016/05/16 v1.5 Let assignment for LaTeX macros (HO)
Package: hopatch 2016/05/16 v1.3 Wrapper for package hooks (HO)
Package: xcolor-patch 2016/05/16 xcolor patch
Package: atveryend 2016/05/16 v1.9 Hooks at the very end of document (HO)
Package atveryend Info: \enddocument detected (standard20110627).
Package: atbegshi 2016/05/16 v1.17 At begin shipout hook (HO)
Package: refcount 2016/05/16 v3.5 Data extraction from label references (HO)
Package: hycolor 2016/05/16 v1.8 Color options for hyperref/bookmark (HO)
)
(/usr/local/texlive/2016/texmf-dist/tex/generic/ifxetex/ifxetex.sty
Package: ifxetex 2010/09/12 v0.6 Provides ifxetex conditional
)
(/usr/local/texlive/2016/texmf-dist/tex/latex/oberdiek/auxhook.sty
Package: auxhook 2016/05/16 v1.4 Hooks for auxiliary files (HO)
)
(/usr/local/texlive/2016/texmf-dist/tex/latex/oberdiek/kvoptions.sty
Package: kvoptions 2016/05/16 v3.12 Key value format for package options (HO)
)
\@linkdim=\dimen126
\Hy@linkcounter=\count95
\Hy@pagecounter=\count96

(/usr/local/texlive/2016/texmf-dist/tex/latex/hyperref/pd1enc.def
File: pd1enc.def 2016/05/05 v6.83n Hyperref: PDFDocEncoding definition (HO)
)
\Hy@SavedSpaceFactor=\count97

(/usr/local/texlive/2016/texmf-dist/tex/latex/latexconfig/hyperref.cfg
File: hyperref.cfg 2002/06/06 v1.2 hyperref configuration of TeXLive
)
Package hyperref Info: Hyper figures OFF on input line 4446.
Package hyperref Info: Link nesting OFF on input line 4451.
Package hyperref Info: Hyper index ON on input line 4454.
Package hyperref Info: Plain pages OFF on input line 4461.
Package hyperref Info: Backreferencing OFF on input line 4466.
Package hyperref Info: Implicit mode ON; LaTeX internals redefined.
Package hyperref Info: Bookmarks ON on input line 4691.
\c@Hy@tempcnt=\count98
LaTeX Info: Redefining \url on input line 5044.
\XeTeXLinkMargin=\dimen127
\Fld@menulength=\count99
\Field@Width=\dimen128
\Fld@charsize=\dimen129
Package hyperref Info: Hyper figures OFF on input line 6298.
Package hyperref Info: Link nesting OFF on input line 6303.
Package hyperref Info: Hyper index ON on input line 6306.
Package hyperref Info: backreferencing OFF on input line 6313.
Package hyperref Info: Link coloring OFF on input line 6318.
Package hyperref Info: Link coloring with OCG OFF on input line 6323.
Package hyperref Info: PDF/A mode OFF on input line 6328.
LaTeX Info: Redefining \ref on input line 6368.
LaTeX Info: Redefining \pageref on input line 6372.
\Hy@abspage=\count100
\c@Item=\count101
\c@Hfootnote=\count102
)

Package hyperref Message: Driver (autodetected): hpdftex.

(/usr/local/texlive/2016/texmf-dist/tex/latex/hyperref/hpdftex.def
File: hpdftex.def 2016/05/05 v6.83n Hyperref driver for pdfTeX
\Fld@listcount=\count103
\c@bookmark@seq@number=\count104

(/usr/local/texlive/2016/texmf-dist/tex/latex/oberdiek/rerunfilecheck.sty
Package: rerunfilecheck 2016/05/16 v1.8 Rerun checks for auxiliary files (HO)
Package uniquecounter Info: New unique counter `rerunfilecheck' on input line 2
82.
)
\Hy@SectionHShift=\skip44
)
(/usr/local/texlive/2016/texmf-dist/tex/latex/graphics/color.sty
Package: color 2016/05/09 v1.1c Standard LaTeX Color (DPC)

(/usr/local/texlive/2016/texmf-dist/tex/latex/graphics-cfg/color.cfg
File: color.cfg 2016/01/02 v1.6 sample color configuration
)
Package color Info: Driver file: pdftex.def on input line 144.
)
(/usr/local/texlive/2016/texmf-dist/tex/latex/comment/comment.sty
\CommentStream=\write3

Excluding comment 'comment')
(/usr/local/texlive/2016/texmf-dist/tex/latex/curves/curves.sty
Package: curves 2009/08/31 1.53 Curves for LaTeX picture environment
\;sc=\count105
\;scp=\count106
\;t=\count107
\;cc=\count108
\;cnd=\count109
\;mcnd=\count110
\;np=\count111
\;overhang=\count112
\;pbs=\count113
\;pns=\count114
\;psc=\count115
\;rc=\count116
\;rtc=\count117
\;tc=\count118
\csdiameter=\skip45
\curvelength=\skip46
\overhang=\skip47
\;x=\skip48
\;dx=\skip49
\;ddx=\skip50
\;y=\skip51
\;dy=\skip52
\;ddy=\skip53
\;pl=\skip54
\;ucd=\skip55
\;csbox=\box27
\;pt=\box28
\;strline=\toks17
\m;ssingcoord=\toks18
\;negdash=\toks19
\;oddcoord=\toks20
\;wc=\count119
\;X=\skip56
\;Y=\skip57
)
(/usr/local/texlive/2016/texmf-dist/tex/latex/pgfgantt/pgfgantt.sty
Package: pgfgantt 2013/06/01 v4.0 Draw Gantt diagrams with TikZ

(/usr/local/texlive/2016/texmf-dist/tex/latex/pgf/frontendlayer/tikz.sty
(/usr/local/texlive/2016/texmf-dist/tex/latex/pgf/basiclayer/pgf.sty
(/usr/local/texlive/2016/texmf-dist/tex/latex/pgf/utilities/pgfrcs.sty
(/usr/local/texlive/2016/texmf-dist/tex/generic/pgf/utilities/pgfutil-common.te
x
\pgfutil@everybye=\toks21
\pgfutil@tempdima=\dimen130
\pgfutil@tempdimb=\dimen131

(/usr/local/texlive/2016/texmf-dist/tex/generic/pgf/utilities/pgfutil-common-li
sts.tex))
(/usr/local/texlive/2016/texmf-dist/tex/generic/pgf/utilities/pgfutil-latex.def
\pgfutil@abb=\box29
(/usr/local/texlive/2016/texmf-dist/tex/latex/ms/everyshi.sty
Package: everyshi 2001/05/15 v3.00 EveryShipout Package (MS)
))
(/usr/local/texlive/2016/texmf-dist/tex/generic/pgf/utilities/pgfrcs.code.tex
Package: pgfrcs 2015/08/07 v3.0.1a (rcs-revision 1.31)
))
Package: pgf 2015/08/07 v3.0.1a (rcs-revision 1.15)
(/usr/local/texlive/2016/texmf-dist/tex/latex/pgf/basiclayer/pgfcore.sty
(/usr/local/texlive/2016/texmf-dist/tex/latex/pgf/systemlayer/pgfsys.sty
(/usr/local/texlive/2016/texmf-dist/tex/generic/pgf/systemlayer/pgfsys.code.tex
Package: pgfsys 2014/07/09 v3.0.1a (rcs-revision 1.48)
(/usr/local/texlive/2016/texmf-dist/tex/generic/pgf/utilities/pgfkeys.code.tex
\pgfkeys@pathtoks=\toks22
\pgfkeys@temptoks=\toks23

(/usr/local/texlive/2016/texmf-dist/tex/generic/pgf/utilities/pgfkeysfiltered.c
ode.tex
\pgfkeys@tmptoks=\toks24
))
\pgf@x=\dimen132
\pgf@y=\dimen133
\pgf@xa=\dimen134
\pgf@ya=\dimen135
\pgf@xb=\dimen136
\pgf@yb=\dimen137
\pgf@xc=\dimen138
\pgf@yc=\dimen139
\w@pgf@writea=\write4
\r@pgf@reada=\read1
\c@pgf@counta=\count120
\c@pgf@countb=\count121
\c@pgf@countc=\count122
\c@pgf@countd=\count123
\t@pgf@toka=\toks25
\t@pgf@tokb=\toks26
\t@pgf@tokc=\toks27

(/usr/local/texlive/2016/texmf-dist/tex/generic/pgf/systemlayer/pgf.cfg
File: pgf.cfg 2008/05/14  (rcs-revision 1.7)
)
Driver file for pgf: pgfsys-pdftex.def

(/usr/local/texlive/2016/texmf-dist/tex/generic/pgf/systemlayer/pgfsys-pdftex.d
ef
File: pgfsys-pdftex.def 2014/10/11  (rcs-revision 1.35)

(/usr/local/texlive/2016/texmf-dist/tex/generic/pgf/systemlayer/pgfsys-common-p
df.def
File: pgfsys-common-pdf.def 2013/10/10  (rcs-revision 1.13)
)))
(/usr/local/texlive/2016/texmf-dist/tex/generic/pgf/systemlayer/pgfsyssoftpath.
code.tex
File: pgfsyssoftpath.code.tex 2013/09/09  (rcs-revision 1.9)
\pgfsyssoftpath@smallbuffer@items=\count124
\pgfsyssoftpath@bigbuffer@items=\count125
)
(/usr/local/texlive/2016/texmf-dist/tex/generic/pgf/systemlayer/pgfsysprotocol.
code.tex
File: pgfsysprotocol.code.tex 2006/10/16  (rcs-revision 1.4)
)) (/usr/local/texlive/2016/texmf-dist/tex/latex/xcolor/xcolor.sty
Package: xcolor 2016/05/11 v2.12 LaTeX color extensions (UK)

(/usr/local/texlive/2016/texmf-dist/tex/latex/graphics-cfg/color.cfg
File: color.cfg 2016/01/02 v1.6 sample color configuration
)
Package xcolor Info: Driver file: pdftex.def on input line 225.
LaTeX Info: Redefining \color on input line 709.
Package xcolor Info: Model `cmy' substituted by `cmy0' on input line 1348.
Package xcolor Info: Model `hsb' substituted by `rgb' on input line 1352.
Package xcolor Info: Model `RGB' extended on input line 1364.
Package xcolor Info: Model `HTML' substituted by `rgb' on input line 1366.
Package xcolor Info: Model `Hsb' substituted by `hsb' on input line 1367.
Package xcolor Info: Model `tHsb' substituted by `hsb' on input line 1368.
Package xcolor Info: Model `HSB' substituted by `hsb' on input line 1369.
Package xcolor Info: Model `Gray' substituted by `gray' on input line 1370.
Package xcolor Info: Model `wave' substituted by `hsb' on input line 1371.
)
(/usr/local/texlive/2016/texmf-dist/tex/generic/pgf/basiclayer/pgfcore.code.tex
Package: pgfcore 2010/04/11 v3.0.1a (rcs-revision 1.7)
(/usr/local/texlive/2016/texmf-dist/tex/generic/pgf/math/pgfmath.code.tex
(/usr/local/texlive/2016/texmf-dist/tex/generic/pgf/math/pgfmathcalc.code.tex
(/usr/local/texlive/2016/texmf-dist/tex/generic/pgf/math/pgfmathutil.code.tex)
(/usr/local/texlive/2016/texmf-dist/tex/generic/pgf/math/pgfmathparser.code.tex
\pgfmath@dimen=\dimen140
\pgfmath@count=\count126
\pgfmath@box=\box30
\pgfmath@toks=\toks28
\pgfmath@stack@operand=\toks29
\pgfmath@stack@operation=\toks30
)
(/usr/local/texlive/2016/texmf-dist/tex/generic/pgf/math/pgfmathfunctions.code.
tex
(/usr/local/texlive/2016/texmf-dist/tex/generic/pgf/math/pgfmathfunctions.basic
.code.tex)
(/usr/local/texlive/2016/texmf-dist/tex/generic/pgf/math/pgfmathfunctions.trigo
nometric.code.tex)
(/usr/local/texlive/2016/texmf-dist/tex/generic/pgf/math/pgfmathfunctions.rando
m.code.tex)
(/usr/local/texlive/2016/texmf-dist/tex/generic/pgf/math/pgfmathfunctions.compa
rison.code.tex)
(/usr/local/texlive/2016/texmf-dist/tex/generic/pgf/math/pgfmathfunctions.base.
code.tex)
(/usr/local/texlive/2016/texmf-dist/tex/generic/pgf/math/pgfmathfunctions.round
.code.tex)
(/usr/local/texlive/2016/texmf-dist/tex/generic/pgf/math/pgfmathfunctions.misc.
code.tex)
(/usr/local/texlive/2016/texmf-dist/tex/generic/pgf/math/pgfmathfunctions.integ
erarithmetics.code.tex)))
(/usr/local/texlive/2016/texmf-dist/tex/generic/pgf/math/pgfmathfloat.code.tex
\c@pgfmathroundto@lastzeros=\count127
))
(/usr/local/texlive/2016/texmf-dist/tex/generic/pgf/basiclayer/pgfcorepoints.co
de.tex
File: pgfcorepoints.code.tex 2013/10/07  (rcs-revision 1.27)
\pgf@picminx=\dimen141
\pgf@picmaxx=\dimen142
\pgf@picminy=\dimen143
\pgf@picmaxy=\dimen144
\pgf@pathminx=\dimen145
\pgf@pathmaxx=\dimen146
\pgf@pathminy=\dimen147
\pgf@pathmaxy=\dimen148
\pgf@xx=\dimen149
\pgf@xy=\dimen150
\pgf@yx=\dimen151
\pgf@yy=\dimen152
\pgf@zx=\dimen153
\pgf@zy=\dimen154
)
(/usr/local/texlive/2016/texmf-dist/tex/generic/pgf/basiclayer/pgfcorepathconst
ruct.code.tex
File: pgfcorepathconstruct.code.tex 2013/10/07  (rcs-revision 1.29)
\pgf@path@lastx=\dimen155
\pgf@path@lasty=\dimen156
)
(/usr/local/texlive/2016/texmf-dist/tex/generic/pgf/basiclayer/pgfcorepathusage
.code.tex
File: pgfcorepathusage.code.tex 2014/11/02  (rcs-revision 1.24)
\pgf@shorten@end@additional=\dimen157
\pgf@shorten@start@additional=\dimen158
)
(/usr/local/texlive/2016/texmf-dist/tex/generic/pgf/basiclayer/pgfcorescopes.co
de.tex
File: pgfcorescopes.code.tex 2015/05/08  (rcs-revision 1.46)
\pgfpic=\box31
\pgf@hbox=\box32
\pgf@layerbox@main=\box33
\pgf@picture@serial@count=\count128
)
(/usr/local/texlive/2016/texmf-dist/tex/generic/pgf/basiclayer/pgfcoregraphicst
ate.code.tex
File: pgfcoregraphicstate.code.tex 2014/11/02  (rcs-revision 1.12)
\pgflinewidth=\dimen159
)
(/usr/local/texlive/2016/texmf-dist/tex/generic/pgf/basiclayer/pgfcoretransform
ations.code.tex
File: pgfcoretransformations.code.tex 2015/08/07  (rcs-revision 1.20)
\pgf@pt@x=\dimen160
\pgf@pt@y=\dimen161
\pgf@pt@temp=\dimen162
)
(/usr/local/texlive/2016/texmf-dist/tex/generic/pgf/basiclayer/pgfcorequick.cod
e.tex
File: pgfcorequick.code.tex 2008/10/09  (rcs-revision 1.3)
)
(/usr/local/texlive/2016/texmf-dist/tex/generic/pgf/basiclayer/pgfcoreobjects.c
ode.tex
File: pgfcoreobjects.code.tex 2006/10/11  (rcs-revision 1.2)
)
(/usr/local/texlive/2016/texmf-dist/tex/generic/pgf/basiclayer/pgfcorepathproce
ssing.code.tex
File: pgfcorepathprocessing.code.tex 2013/09/09  (rcs-revision 1.9)
)
(/usr/local/texlive/2016/texmf-dist/tex/generic/pgf/basiclayer/pgfcorearrows.co
de.tex
File: pgfcorearrows.code.tex 2015/05/14  (rcs-revision 1.43)
\pgfarrowsep=\dimen163
)
(/usr/local/texlive/2016/texmf-dist/tex/generic/pgf/basiclayer/pgfcoreshade.cod
e.tex
File: pgfcoreshade.code.tex 2013/07/15  (rcs-revision 1.15)
\pgf@max=\dimen164
\pgf@sys@shading@range@num=\count129
)
(/usr/local/texlive/2016/texmf-dist/tex/generic/pgf/basiclayer/pgfcoreimage.cod
e.tex
File: pgfcoreimage.code.tex 2013/07/15  (rcs-revision 1.18)

(/usr/local/texlive/2016/texmf-dist/tex/generic/pgf/basiclayer/pgfcoreexternal.
code.tex
File: pgfcoreexternal.code.tex 2014/07/09  (rcs-revision 1.21)
\pgfexternal@startupbox=\box34
))
(/usr/local/texlive/2016/texmf-dist/tex/generic/pgf/basiclayer/pgfcorelayers.co
de.tex
File: pgfcorelayers.code.tex 2013/07/18  (rcs-revision 1.7)
)
(/usr/local/texlive/2016/texmf-dist/tex/generic/pgf/basiclayer/pgfcoretranspare
ncy.code.tex
File: pgfcoretransparency.code.tex 2013/09/30  (rcs-revision 1.5)
)
(/usr/local/texlive/2016/texmf-dist/tex/generic/pgf/basiclayer/pgfcorepatterns.
code.tex
File: pgfcorepatterns.code.tex 2013/11/07  (rcs-revision 1.5)
)))
(/usr/local/texlive/2016/texmf-dist/tex/generic/pgf/modules/pgfmoduleshapes.cod
e.tex
File: pgfmoduleshapes.code.tex 2014/03/21  (rcs-revision 1.35)
\pgfnodeparttextbox=\box35
)
(/usr/local/texlive/2016/texmf-dist/tex/generic/pgf/modules/pgfmoduleplot.code.
tex
File: pgfmoduleplot.code.tex 2015/08/03  (rcs-revision 1.13)
)
(/usr/local/texlive/2016/texmf-dist/tex/latex/pgf/compatibility/pgfcomp-version
-0-65.sty
Package: pgfcomp-version-0-65 2007/07/03 v3.0.1a (rcs-revision 1.7)
\pgf@nodesepstart=\dimen165
\pgf@nodesepend=\dimen166
)
(/usr/local/texlive/2016/texmf-dist/tex/latex/pgf/compatibility/pgfcomp-version
-1-18.sty
Package: pgfcomp-version-1-18 2007/07/23 v3.0.1a (rcs-revision 1.1)
))
(/usr/local/texlive/2016/texmf-dist/tex/latex/pgf/utilities/pgffor.sty
(/usr/local/texlive/2016/texmf-dist/tex/latex/pgf/utilities/pgfkeys.sty
(/usr/local/texlive/2016/texmf-dist/tex/generic/pgf/utilities/pgfkeys.code.tex)
) (/usr/local/texlive/2016/texmf-dist/tex/latex/pgf/math/pgfmath.sty
(/usr/local/texlive/2016/texmf-dist/tex/generic/pgf/math/pgfmath.code.tex))
(/usr/local/texlive/2016/texmf-dist/tex/generic/pgf/utilities/pgffor.code.tex
Package: pgffor 2013/12/13 v3.0.1a (rcs-revision 1.25)

(/usr/local/texlive/2016/texmf-dist/tex/generic/pgf/math/pgfmath.code.tex)
\pgffor@iter=\dimen167
\pgffor@skip=\dimen168
\pgffor@stack=\toks31
\pgffor@toks=\toks32
))
(/usr/local/texlive/2016/texmf-dist/tex/generic/pgf/frontendlayer/tikz/tikz.cod
e.tex
Package: tikz 2015/08/07 v3.0.1a (rcs-revision 1.151)

(/usr/local/texlive/2016/texmf-dist/tex/generic/pgf/libraries/pgflibraryplothan
dlers.code.tex
File: pgflibraryplothandlers.code.tex 2013/08/31 v3.0.1a (rcs-revision 1.20)
\pgf@plot@mark@count=\count130
\pgfplotmarksize=\dimen169
)
\tikz@lastx=\dimen170
\tikz@lasty=\dimen171
\tikz@lastxsaved=\dimen172
\tikz@lastysaved=\dimen173
\tikzleveldistance=\dimen174
\tikzsiblingdistance=\dimen175
\tikz@figbox=\box36
\tikz@figbox@bg=\box37
\tikz@tempbox=\box38
\tikz@tempbox@bg=\box39
\tikztreelevel=\count131
\tikznumberofchildren=\count132
\tikznumberofcurrentchild=\count133
\tikz@fig@count=\count134

(/usr/local/texlive/2016/texmf-dist/tex/generic/pgf/modules/pgfmodulematrix.cod
e.tex
File: pgfmodulematrix.code.tex 2013/09/17  (rcs-revision 1.8)
\pgfmatrixcurrentrow=\count135
\pgfmatrixcurrentcolumn=\count136
\pgf@matrix@numberofcolumns=\count137
)
\tikz@expandcount=\count138

(/usr/local/texlive/2016/texmf-dist/tex/generic/pgf/frontendlayer/tikz/librarie
s/tikzlibrarytopaths.code.tex
File: tikzlibrarytopaths.code.tex 2008/06/17 v3.0.1a (rcs-revision 1.2)
)))
(/usr/local/texlive/2016/texmf-dist/tex/generic/pgf/frontendlayer/tikz/librarie
s/tikzlibraryarrows.code.tex
File: tikzlibraryarrows.code.tex 2008/01/09 v3.0.1a (rcs-revision 1.1)

(/usr/local/texlive/2016/texmf-dist/tex/generic/pgf/libraries/pgflibraryarrows.
code.tex
File: pgflibraryarrows.code.tex 2013/09/23 v3.0.1a (rcs-revision 1.16)
\arrowsize=\dimen176
))
(/usr/local/texlive/2016/texmf-dist/tex/generic/pgf/frontendlayer/tikz/librarie
s/tikzlibrarybackgrounds.code.tex
File: tikzlibrarybackgrounds.code.tex 2013/07/18 v3.0.1a (rcs-revision 1.3)
\pgf@layerbox@background=\box40
\pgf@layerboxsaved@background=\box41
)
(/usr/local/texlive/2016/texmf-dist/tex/generic/pgf/frontendlayer/tikz/librarie
s/tikzlibrarycalc.code.tex
File: tikzlibrarycalc.code.tex 2013/07/15 v3.0.1a (rcs-revision 1.9)
)
(/usr/local/texlive/2016/texmf-dist/tex/generic/pgf/frontendlayer/tikz/librarie
s/tikzlibrarypatterns.code.tex
File: tikzlibrarypatterns.code.tex 2008/01/15 v3.0.1a (rcs-revision 1.2)

(/usr/local/texlive/2016/texmf-dist/tex/generic/pgf/libraries/pgflibrarypattern
s.code.tex
File: pgflibrarypatterns.code.tex 2008/03/03 v3.0.1a (rcs-revision 1.13)
))
(/usr/local/texlive/2016/texmf-dist/tex/generic/pgf/frontendlayer/tikz/librarie
s/tikzlibrarypositioning.code.tex
File: tikzlibrarypositioning.code.tex 2008/10/06 v3.0.1a (rcs-revision 1.7)
)
(/usr/local/texlive/2016/texmf-dist/tex/generic/pgf/frontendlayer/tikz/librarie
s/tikzlibraryshapes.geometric.code.tex
File: tikzlibraryshapes.geometric.code.tex 2008/01/09 v3.0.1a (rcs-revision 1.1
)

(/usr/local/texlive/2016/texmf-dist/tex/generic/pgf/libraries/shapes/pgflibrary
shapes.geometric.code.tex
File: pgflibraryshapes.geometric.code.tex 2008/06/26 v3.0.1a (rcs-revision 1.1)

))
(/usr/local/texlive/2016/texmf-dist/tex/latex/pgf/utilities/pgfcalendar.sty
(/usr/local/texlive/2016/texmf-dist/tex/generic/pgf/utilities/pgfcalendar.code.
tex
File: pgfcalendar.code.tex 2007/07/23 v3.0.1a (rcs-revision 1.11)
\pgfcalendarcurrentjulian=\count139
))
\gtt@currentline=\count140
\gtt@lasttitleline=\count141
\gtt@currgrid=\count142
\gtt@chartwidth=\count143
\gtt@lasttitleslot=\count144
\gtt@elementid=\count145
\gtt@today@slot=\count146
\gtt@startjulian=\count147
\gtt@endjulian=\count148
\gtt@calendar@slots=\count149
\gtt@calendar@weeknumber=\count150
\gtt@calendar@startofweek=\count151
\gtt@left@slot=\count152
\gtt@right@slot=\count153
)
(/usr/local/texlive/2016/texmf-dist/tex/latex/algorithm2e/algorithm2e.sty
Package: algorithm2e 2013/01/06 v5.00 algorithms environments
\c@AlgoLine=\count154

(/usr/local/texlive/2016/texmf-dist/tex/latex/base/ifthen.sty
Package: ifthen 2014/09/29 v1.1c Standard LaTeX ifthen package (DPC)
)
\algocf@hangindent=\skip58

(/usr/local/texlive/2016/texmf-dist/tex/latex/tools/xspace.sty
Package: xspace 2014/10/28 v1.13 Space after command names (DPC,MH)
)
(/usr/local/texlive/2016/texmf-dist/tex/latex/relsize/relsize.sty
Package: relsize 2013/03/29 ver 4.1
)
********************************************************
Package `algorithm2e' Release 5.1 -- october 19 2015 --
- algorithm2e-announce@lirmm.fr mailing list for announcement about releases
- algorithm2e-discussion@lirmm.fr mailing list for discussion about package
subscribe by emailing sympa@lirmm.fr with 'subscribe <list> <firstname name>'
- Author: Christophe Fiorio (christophe.fiorio@umontpellier.fr)
********************************************************
\skiptotal=\skip59
\skiplinenumber=\skip60
\skiprule=\skip61
\skiphlne=\skip62
\skiptext=\skip63
\skiplength=\skip64
\algomargin=\skip65
\skipalgocfslide=\skip66
\algowidth=\dimen177
\inoutsize=\dimen178
\inoutindent=\dimen179
\interspacetitleruled=\dimen180
\interspacealgoruled=\dimen181
\interspacetitleboxruled=\dimen182
\algocf@ruledwidth=\skip67
\algocf@inoutbox=\box42
\algocf@inputbox=\box43
\AlCapSkip=\skip68
\AlCapHSkip=\skip69
\algoskipindent=\skip70
\algocf@nlbox=\box44
\algocf@hangingbox=\box45
\algocf@untilbox=\box46
\algocf@skipuntil=\skip71
\algocf@capbox=\box47
\algoheightruledefault=\skip72
\algoheightrule=\skip73
\algotitleheightruledefault=\skip74
\algotitleheightrule=\skip75
\c@algocfline=\count155
\c@algocfproc=\count156
\c@algocf=\count157
\algocf@algoframe=\box48
\algocf@algobox=\box49
) (/usr/local/texlive/2016/texmf-dist/tex/latex/amsmath/amsmath.sty
Package: amsmath 2016/03/10 v2.15b AMS math features
\@mathmargin=\skip76

For additional information on amsmath, use the `?' option.
(/usr/local/texlive/2016/texmf-dist/tex/latex/amsmath/amstext.sty
Package: amstext 2000/06/29 v2.01 AMS text

(/usr/local/texlive/2016/texmf-dist/tex/latex/amsmath/amsgen.sty
File: amsgen.sty 1999/11/30 v2.0 generic functions
\@emptytoks=\toks33
\ex@=\dimen183
))
(/usr/local/texlive/2016/texmf-dist/tex/latex/amsmath/amsbsy.sty
Package: amsbsy 1999/11/29 v1.2d Bold Symbols
\pmbraise@=\dimen184
)
(/usr/local/texlive/2016/texmf-dist/tex/latex/amsmath/amsopn.sty
Package: amsopn 2016/03/08 v2.02 operator names
)
\inf@bad=\count158
LaTeX Info: Redefining \frac on input line 199.
\uproot@=\count159
\leftroot@=\count160
LaTeX Info: Redefining \overline on input line 297.
\classnum@=\count161
\DOTSCASE@=\count162
LaTeX Info: Redefining \ldots on input line 394.
LaTeX Info: Redefining \dots on input line 397.
LaTeX Info: Redefining \cdots on input line 518.
\Mathstrutbox@=\box50
\strutbox@=\box51
\big@size=\dimen185
LaTeX Font Info:    Redeclaring font encoding OML on input line 634.
LaTeX Font Info:    Redeclaring font encoding OMS on input line 635.
\macc@depth=\count163
\c@MaxMatrixCols=\count164
\dotsspace@=\muskip11
\c@parentequation=\count165
\dspbrk@lvl=\count166
\tag@help=\toks34
\row@=\count167
\column@=\count168
\maxfields@=\count169
\andhelp@=\toks35
\eqnshift@=\dimen186
\alignsep@=\dimen187
\tagshift@=\dimen188
\tagwidth@=\dimen189
\totwidth@=\dimen190
\lineht@=\dimen191
\@envbody=\toks36
\multlinegap=\skip77
\multlinetaggap=\skip78
\mathdisplay@stack=\toks37
LaTeX Info: Redefining \[ on input line 2739.
LaTeX Info: Redefining \] on input line 2740.
)
\c@prop=\count170

(./IRC18_final.aux)
\openout1 = `IRC18_final.aux'.

LaTeX Font Info:    Checking defaults for OML/cmm/m/it on input line 241.
LaTeX Font Info:    ... okay on input line 241.
LaTeX Font Info:    Checking defaults for T1/cmr/m/n on input line 241.
LaTeX Font Info:    ... okay on input line 241.
LaTeX Font Info:    Checking defaults for OT1/cmr/m/n on input line 241.
LaTeX Font Info:    ... okay on input line 241.
LaTeX Font Info:    Checking defaults for OMS/cmsy/m/n on input line 241.
LaTeX Font Info:    ... okay on input line 241.
LaTeX Font Info:    Checking defaults for OMX/cmex/m/n on input line 241.
LaTeX Font Info:    ... okay on input line 241.
LaTeX Font Info:    Checking defaults for U/cmr/m/n on input line 241.
LaTeX Font Info:    ... okay on input line 241.
LaTeX Font Info:    Checking defaults for PD1/pdf/m/n on input line 241.
LaTeX Font Info:    ... okay on input line 241.

(/usr/local/texlive/2016/texmf-dist/tex/context/base/mkii/supp-pdf.mkii
[Loading MPS to PDF converter (version 2006.09.02).]
\scratchcounter=\count171
\scratchdimen=\dimen192
\scratchbox=\box52
\nofMPsegments=\count172
\nofMParguments=\count173
\everyMPshowfont=\toks38
\MPscratchCnt=\count174
\MPscratchDim=\dimen193
\MPnumerator=\count175
\makeMPintoPDFobject=\count176
\everyMPtoPDFconversion=\toks39
) (/usr/local/texlive/2016/texmf-dist/tex/latex/oberdiek/epstopdf-base.sty
Package: epstopdf-base 2016/05/15 v2.6 Base part for package epstopdf

(/usr/local/texlive/2016/texmf-dist/tex/latex/oberdiek/grfext.sty
Package: grfext 2016/05/16 v1.2 Manage graphics extensions (HO)
)
Package grfext Info: Graphics extension search list:
(grfext)             [.png,.pdf,.jpg,.mps,.jpeg,.jbig2,.jb2,.PNG,.PDF,.JPG,.JPE
G,.JBIG2,.JB2,.eps]
(grfext)             \AppendGraphicsExtensions on input line 456.

(/usr/local/texlive/2016/texmf-dist/tex/latex/latexconfig/epstopdf-sys.cfg
File: epstopdf-sys.cfg 2010/07/13 v1.3 Configuration of (r)epstopdf for TeX Liv
e
))
Package caption Info: Begin \AtBeginDocument code.
Package caption Info: hyperref package is loaded.
Package caption Info: End \AtBeginDocument code.
\AtBeginShipoutBox=\box53
Package hyperref Info: Link coloring OFF on input line 241.

(/usr/local/texlive/2016/texmf-dist/tex/latex/hyperref/nameref.sty
Package: nameref 2012/10/27 v2.43 Cross-referencing by name of section

(/usr/local/texlive/2016/texmf-dist/tex/generic/oberdiek/gettitlestring.sty
Package: gettitlestring 2016/05/16 v1.5 Cleanup title references (HO)
)
\c@section@level=\count177
)
LaTeX Info: Redefining \ref on input line 241.
LaTeX Info: Redefining \pageref on input line 241.
LaTeX Info: Redefining \nameref on input line 241.

(./IRC18_final.out) (./IRC18_final.out)
\@outlinefile=\write5
\openout5 = `IRC18_final.out'.

 ABD: EveryShipout initializing macros
LaTeX Font Info:    Calculating math sizes for size <11> on input line 262.
LaTeX Font Info:    Try loading font information for U+msa on input line 262.

(/usr/local/texlive/2016/texmf-dist/tex/latex/amsfonts/umsa.fd
File: umsa.fd 2013/01/14 v3.01 AMS symbols A
)
LaTeX Font Info:    Try loading font information for U+msb on input line 262.

(/usr/local/texlive/2016/texmf-dist/tex/latex/amsfonts/umsb.fd
File: umsb.fd 2013/01/14 v3.01 AMS symbols B
)
LaTeX Font Info:    Try loading font information for OMS+ptm on input line 262.


(/usr/local/texlive/2016/texmf-dist/tex/latex/psnfss/omsptm.fd
File: omsptm.fd 
)
LaTeX Font Info:    Font shape `OMS/ptm/m/n' in size <10> not available
(Font)              Font shape `OMS/cmsy/m/n' tried instead on input line 262.
 [1{/usr/local/texlive/2016/texmf-var/fonts/map/pdftex/updmap/pdftex.map}


]
Underfull \hbox (badness 7740) in paragraph at lines 365--367
\OML/cmm/m/it/10 P\OT1/cmr/m/n/10 (\OT1/cmr/bx/n/10 r[]\OMS/cmsy/m/n/10 j\OML/c
mm/m/it/10 X[]; Z[]\OT1/cmr/m/n/10 ) = 1$ \OT1/ptm/m/n/10 for con-ve-nience, an
d
 []

[2] [3] [4] <./Fig/gazebo_1min.jpg, id=207, 1927.2pt x 1084.05pt>
File: ./Fig/gazebo_1min.jpg Graphic file (type jpg)

<use ./Fig/gazebo_1min.jpg>
Package pdftex.def Info: ./Fig/gazebo_1min.jpg used on input line 513.
(pdftex.def)             Requested size: 41.71658pt x 60.48138pt.

<./Fig/gazebo_2min.jpg, id=209, 1927.2pt x 1084.05pt>
File: ./Fig/gazebo_2min.jpg Graphic file (type jpg)

<use ./Fig/gazebo_2min.jpg>
Package pdftex.def Info: ./Fig/gazebo_2min.jpg used on input line 518.
(pdftex.def)             Requested size: 41.71658pt x 60.48138pt.

<./Fig/gazebo_3min.jpg, id=211, 1927.2pt x 1084.05pt>
File: ./Fig/gazebo_3min.jpg Graphic file (type jpg)

<use ./Fig/gazebo_3min.jpg>
Package pdftex.def Info: ./Fig/gazebo_3min.jpg used on input line 523.
(pdftex.def)             Requested size: 41.71658pt x 60.48138pt.

<./Fig/gazebo_4min.jpg, id=213, 1927.2pt x 1084.05pt>
File: ./Fig/gazebo_4min.jpg Graphic file (type jpg)

<use ./Fig/gazebo_4min.jpg>
Package pdftex.def Info: ./Fig/gazebo_4min.jpg used on input line 528.
(pdftex.def)             Requested size: 41.71658pt x 60.48138pt.

<./Fig/gazebo_5min.jpg, id=215, 1927.2pt x 1084.05pt>
File: ./Fig/gazebo_5min.jpg Graphic file (type jpg)

<use ./Fig/gazebo_5min.jpg>
Package pdftex.def Info: ./Fig/gazebo_5min.jpg used on input line 534.
(pdftex.def)             Requested size: 41.71658pt x 60.48138pt.

<./Fig/gazebo_6min.jpg, id=217, 1927.2pt x 1084.05pt>
File: ./Fig/gazebo_6min.jpg Graphic file (type jpg)

<use ./Fig/gazebo_6min.jpg>
Package pdftex.def Info: ./Fig/gazebo_6min.jpg used on input line 540.
(pdftex.def)             Requested size: 41.71658pt x 60.48138pt.

<./Fig/gazebo_7min.jpg, id=219, 1927.2pt x 1084.05pt>
File: ./Fig/gazebo_7min.jpg Graphic file (type jpg)

<use ./Fig/gazebo_7min.jpg>
Package pdftex.def Info: ./Fig/gazebo_7min.jpg used on input line 546.
(pdftex.def)             Requested size: 41.71658pt x 60.48138pt.

<./Fig/gazebo_8min.jpg, id=221, 1927.2pt x 1084.05pt>
File: ./Fig/gazebo_8min.jpg Graphic file (type jpg)

<use ./Fig/gazebo_8min.jpg>
Package pdftex.def Info: ./Fig/gazebo_8min.jpg used on input line 552.
(pdftex.def)             Requested size: 41.71658pt x 60.48138pt.

<./Fig/gazebo_view.png, id=223, 544.0325pt x 813.0375pt>
File: ./Fig/gazebo_view.png Graphic file (type png)

<use ./Fig/gazebo_view.png>
Package pdftex.def Info: ./Fig/gazebo_view.png used on input line 568.
(pdftex.def)             Requested size: 75.87347pt x 113.40115pt.
File: ./Fig/gazebo_4min.jpg Graphic file (type jpg)
 <use ./Fig/gazebo_4min.jpg>
Package pdftex.def Info: ./Fig/gazebo_4min.jpg used on input line 574.
(pdftex.def)             Requested size: 77.14363pt x 113.40115pt.

Overfull \hbox (1.54286pt too wide) in paragraph at lines 574--575
 [][] 
 []

File: ./Fig/gazebo_4min.jpg Graphic file (type jpg)
<use ./Fig/gazebo_4min.jpg>
Package pdftex.def Info: ./Fig/gazebo_4min.jpg used on input line 580.
(pdftex.def)             Requested size: 77.14363pt x 113.40115pt.

Overfull \hbox (1.54286pt too wide) in paragraph at lines 580--581
 [][] 
 []

<./Fig/entropy_gazebo_aspect3by1.png, id=226, 518.93875pt x 241.90375pt>
File: ./Fig/entropy_gazebo_aspect3by1.png Graphic file (type png)

<use ./Fig/entropy_gazebo_aspect3by1.png>
Package pdftex.def Info: ./Fig/entropy_gazebo_aspect3by1.png used on input line
 593.
(pdftex.def)             Requested size: 232.19843pt x 108.23926pt.
 [5 <./Fig/gazebo_1min.jpg> <./Fig/gazebo_2min.jpg> <./Fig/gazebo_3min.jpg> <./
Fig/gazebo_4min.jpg> <./Fig/gazebo_5min.jpg> <./Fig/gazebo_6min.jpg> <./Fig/gaz
ebo_7min.jpg> <./Fig/gazebo_8min.jpg> <./Fig/gazebo_view.png> <./Fig/entropy_ga
zebo_aspect3by1.png>]
<./Fig/experiment_north.jpg, id=255, 1280.785pt x 522.95375pt>
File: ./Fig/experiment_north.jpg Graphic file (type jpg)

<use ./Fig/experiment_north.jpg>
Package pdftex.def Info: ./Fig/experiment_north.jpg used on input line 612.
(pdftex.def)             Requested size: 239.39923pt x 97.74237pt.

<./Fig/experiment_south.jpg, id=256, 1281.78876pt x 526.96875pt>
File: ./Fig/experiment_south.jpg Graphic file (type jpg)

<use ./Fig/experiment_south.jpg>
Package pdftex.def Info: ./Fig/experiment_south.jpg used on input line 618.
(pdftex.def)             Requested size: 239.39923pt x 98.42043pt.

<./Fig/experiment_ogm3D_0min.jpg, id=261, 1277.77374pt x 536.0025pt>
File: ./Fig/experiment_ogm3D_0min.jpg Graphic file (type jpg)

<use ./Fig/experiment_ogm3D_0min.jpg>
Package pdftex.def Info: ./Fig/experiment_ogm3D_0min.jpg used on input line 647
.
(pdftex.def)             Requested size: 239.39923pt x 100.41843pt.

<./Fig/experiment_ogm3D_1min.jpg, id=262, 1279.78125pt x 533.995pt>
File: ./Fig/experiment_ogm3D_1min.jpg Graphic file (type jpg)

<use ./Fig/experiment_ogm3D_1min.jpg>
Package pdftex.def Info: ./Fig/experiment_ogm3D_1min.jpg used on input line 653
.
(pdftex.def)             Requested size: 239.39923pt x 99.88751pt.

<./Fig/experiment_ogm3D_2min.jpg, id=263, 1278.7775pt x 534.99875pt>
File: ./Fig/experiment_ogm3D_2min.jpg Graphic file (type jpg)

<use ./Fig/experiment_ogm3D_2min.jpg>
Package pdftex.def Info: ./Fig/experiment_ogm3D_2min.jpg used on input line 659
.
(pdftex.def)             Requested size: 239.39923pt x 100.1569pt.

<./Fig/experiment_ogm3D_2min47sec.jpg, id=264, 1276.77pt x 534.99875pt>
File: ./Fig/experiment_ogm3D_2min47sec.jpg Graphic file (type jpg)

<use ./Fig/experiment_ogm3D_2min47sec.jpg>
Package pdftex.def Info: ./Fig/experiment_ogm3D_2min47sec.jpg used on input lin
e 665.
(pdftex.def)             Requested size: 239.39923pt x 100.31201pt.

<./Fig/experiment_0min_2D.jpg, id=265, 643.40375pt x 526.96875pt>
File: ./Fig/experiment_0min_2D.jpg Graphic file (type jpg)

<use ./Fig/experiment_0min_2D.jpg>
Package pdftex.def Info: ./Fig/experiment_0min_2D.jpg used on input line 676.
(pdftex.def)             Requested size: 110.88062pt x 90.81375pt.

<./Fig/experiment_1min_2D.jpg, id=266, 640.3925pt x 525.965pt>
File: ./Fig/experiment_1min_2D.jpg Graphic file (type jpg)

<use ./Fig/experiment_1min_2D.jpg>
Package pdftex.def Info: ./Fig/experiment_1min_2D.jpg used on input line 681.
(pdftex.def)             Requested size: 110.88062pt x 91.06613pt.

<./Fig/experiment_2min_2D.jpg, id=267, 642.4pt x 525.965pt>
File: ./Fig/experiment_2min_2D.jpg Graphic file (type jpg)

<use ./Fig/experiment_2min_2D.jpg>
Package pdftex.def Info: ./Fig/experiment_2min_2D.jpg used on input line 686.
(pdftex.def)             Requested size: 110.88062pt x 90.7772pt.

<./Fig/experiment_2min47sec_2D.jpg, id=268, 641.39626pt x 526.96875pt>
File: ./Fig/experiment_2min47sec_2D.jpg Graphic file (type jpg)

<use ./Fig/experiment_2min47sec_2D.jpg>
Package pdftex.def Info: ./Fig/experiment_2min47sec_2D.jpg used on input line 6
91.
(pdftex.def)             Requested size: 110.88062pt x 91.09518pt.

<./Fig/entropy_experiment_aspect3by1.png, id=269, 518.93875pt x 247.92625pt>
File: ./Fig/entropy_experiment_aspect3by1.png Graphic file (type png)

<use ./Fig/entropy_experiment_aspect3by1.png>
Package pdftex.def Info: ./Fig/entropy_experiment_aspect3by1.png used on input 
line 700.
(pdftex.def)             Requested size: 232.19843pt x 110.934pt.
 [6 <./Fig/experiment_north.jpg> <./Fig/experiment_south.jpg> <./Fig/experiment
_ogm3D_0min.jpg> <./Fig/experiment_ogm3D_1min.jpg> <./Fig/experiment_ogm3D_2min
.jpg> <./Fig/experiment_ogm3D_2min47sec.jpg>] (./IRC18_final.bbl)

** Conference Paper **
Before submitting the final camera ready copy, remember to:

 1. Manually equalize the lengths of two columns on the last page
 of your paper;

 2. Ensure that any PostScript and/or PDF output post-processing
 uses only Type 1 fonts and that every step in the generation
 process uses the appropriate paper size.

[7 <./Fig/experiment_0min_2D.jpg> <./Fig/experiment_1min_2D.jpg> <./Fig/experim
ent_2min_2D.jpg> <./Fig/experiment_2min47sec_2D.jpg> <./Fig/entropy_experiment_
aspect3by1.png>]
Package atveryend Info: Empty hook `BeforeClearDocument' on input line 778.
Package atveryend Info: Empty hook `AfterLastShipout' on input line 778.
 (./IRC18_final.aux)
Package atveryend Info: Executing hook `AtVeryEndDocument' on input line 778.
Package atveryend Info: Executing hook `AtEndAfterFileList' on input line 778.


Package rerunfilecheck Warning: File `IRC18_final.out' has changed.
(rerunfilecheck)                Rerun to get outlines right
(rerunfilecheck)                or use package `bookmark'.

Package rerunfilecheck Info: Checksums for `IRC18_final.out':
(rerunfilecheck)             Before: CB7E5C7260C3F6C1E58FE7675D8D71D4;1242
(rerunfilecheck)             After:  EFFFDD3EC9ADAE1820228171ADAAB2F2;1242.
Package atveryend Info: Empty hook `AtVeryVeryEnd' on input line 778.
 )
(\end occurred inside a group at level 1)

### simple group (level 1) entered at line 1061 ({)
### bottom level 
Here is how much of TeX's memory you used:
 20836 strings out of 493014
 402486 string characters out of 6133351
 495079 words of memory out of 5000000
 23918 multiletter control sequences out of 15000+600000
 50121 words of font info for 115 fonts, out of 8000000 for 9000
 1144 hyphenation exceptions out of 8191
 62i,18n,65p,1647b,2981s stack positions out of 5000i,500n,10000p,200000b,80000s
{/usr/local/texlive/2016/texmf-dist/fonts/enc/dvips/base/8r.enc
}</usr/local/texlive/2016/texmf-dist/fonts/type1/public/amsfonts/cm/cmbx10.pfb>
</usr/local/texlive/2016/texmf-dist/fonts/type1/public/amsfonts/cm/cmbx7.pfb></
usr/local/texlive/2016/texmf-dist/fonts/type1/public/amsfonts/cm/cmex10.pfb></u
sr/local/texlive/2016/texmf-dist/fonts/type1/public/amsfonts/cm/cmmi10.pfb></us
r/local/texlive/2016/texmf-dist/fonts/type1/public/amsfonts/cm/cmmi5.pfb></usr/
local/texlive/2016/texmf-dist/fonts/type1/public/amsfonts/cm/cmmi7.pfb></usr/lo
cal/texlive/2016/texmf-dist/fonts/type1/public/amsfonts/cm/cmmi9.pfb></usr/loca
l/texlive/2016/texmf-dist/fonts/type1/public/amsfonts/cm/cmr10.pfb></usr/local/
texlive/2016/texmf-dist/fonts/type1/public/amsfonts/cm/cmr5.pfb></usr/local/tex
live/2016/texmf-dist/fonts/type1/public/amsfonts/cm/cmr7.pfb></usr/local/texliv
e/2016/texmf-dist/fonts/type1/public/amsfonts/cm/cmr9.pfb></usr/local/texlive/2
016/texmf-dist/fonts/type1/public/amsfonts/cm/cmss10.pfb></usr/local/texlive/20
16/texmf-dist/fonts/type1/public/amsfonts/cm/cmss8.pfb></usr/local/texlive/2016
/texmf-dist/fonts/type1/public/amsfonts/cm/cmsy10.pfb></usr/local/texlive/2016/
texmf-dist/fonts/type1/public/amsfonts/cm/cmsy5.pfb></usr/local/texlive/2016/te
xmf-dist/fonts/type1/public/amsfonts/cm/cmsy7.pfb></usr/local/texlive/2016/texm
f-dist/fonts/type1/public/amsfonts/cm/cmsy8.pfb></usr/local/texlive/2016/texmf-
dist/fonts/type1/public/amsfonts/symbols/msbm10.pfb></usr/local/texlive/2016/te
xmf-dist/fonts/type1/urw/times/utmb8a.pfb></usr/local/texlive/2016/texmf-dist/f
onts/type1/urw/times/utmbi8a.pfb></usr/local/texlive/2016/texmf-dist/fonts/type
1/urw/times/utmr8a.pfb></usr/local/texlive/2016/texmf-dist/fonts/type1/urw/time
s/utmri8a.pfb>
Output written on IRC18_final.pdf (7 pages, 3579042 bytes).
PDF statistics:
 377 PDF objects out of 1000 (max. 8388607)
 309 compressed objects within 4 object streams
 74 named destinations out of 1000 (max. 500000)
 322 words of extra memory for PDF output out of 10000 (max. 10000000)

