This is pdfTeX, Version 3.14159265-2.6-1.40.16 (TeX Live 2015) (preloaded format=pdflatex 2015.5.24)  10 DEC 2015 12:00
entering extended mode
 restricted \write18 enabled.
 file:line:error style messages enabled.
 %&-line parsing enabled.
**JAS_DataAssoc.tex
(./JAS_DataAssoc.tex
LaTeX2e <2015/01/01>
Babel <3.9l> and hyphenation patterns for 79 languages loaded.
(/usr/local/texlive/2015/texmf-dist/tex/latex/base/fix-cm.sty
Package: fix-cm 2015/01/14 v1.1t fixes to LaTeX

(/usr/local/texlive/2015/texmf-dist/tex/latex/base/ts1enc.def
File: ts1enc.def 2001/06/05 v3.0e (jk/car/fm) Standard LaTeX file
)) (./svjour3.cls
Document Class: svjour3 2007/05/08 v3.2 
LaTeX document class for Springer journals
Class Springer-SVJour3 Info: extra/valid Springer sub-package (-> *.clo) 
(Springer-SVJour3)           not found in option list of \documentclass
(Springer-SVJour3)           - autoactivating "global" style.
(./svglov3.clo
File: svglov3.clo 2009/12/18 v3.2 style option for standardised journals

SVJour Class option: svglov3.clo for standardised journals
)
LaTeX Font Info:    Redeclaring math symbol \Gamma on input line 147.
LaTeX Font Info:    Redeclaring math symbol \Delta on input line 148.
LaTeX Font Info:    Redeclaring math symbol \Theta on input line 149.
LaTeX Font Info:    Redeclaring math symbol \Lambda on input line 150.
LaTeX Font Info:    Redeclaring math symbol \Xi on input line 151.
LaTeX Font Info:    Redeclaring math symbol \Pi on input line 152.
LaTeX Font Info:    Redeclaring math symbol \Sigma on input line 153.
LaTeX Font Info:    Redeclaring math symbol \Upsilon on input line 154.
LaTeX Font Info:    Redeclaring math symbol \Phi on input line 155.
LaTeX Font Info:    Redeclaring math symbol \Psi on input line 156.
LaTeX Font Info:    Redeclaring math symbol \Omega on input line 157.
\logodepth=\dimen102
\headerboxheight=\dimen103
\betweenumberspace=\dimen104
\aftertext=\dimen105
\headlineindent=\dimen106
\c@inst=\count79
\c@auth=\count80
\instindent=\dimen107
\authrun=\box26
\authorrunning=\toks14
\titrun=\box27
\titlerunning=\toks15
\combirun=\box28
\c@lastpage=\count81
\rubricwidth=\dimen108
\c@section=\count82
\c@subsection=\count83
\c@subsubsection=\count84
\c@paragraph=\count85
\c@subparagraph=\count86
\spthmsep=\dimen109
\c@theorem=\count87
\c@case=\count88
\c@conjecture=\count89
\c@corollary=\count90
\c@definition=\count91
\c@example=\count92
\c@exercise=\count93
\c@lemma=\count94
\c@note=\count95
\c@problem=\count96
\c@property=\count97
\c@proposition=\count98
\c@question=\count99
\c@solution=\count100
\c@remark=\count101
\c@figure=\count102
\c@table=\count103
\abovecaptionskip=\skip41
\belowcaptionskip=\skip42
\figcapgap=\dimen110
\tabcapgap=\dimen111
\figgap=\dimen112
\bibindent=\dimen113
\@tempcntc=\count104
) (/usr/local/texlive/2015/texmf-dist/tex/latex/graphics/graphicx.sty
Package: graphicx 2014/10/28 v1.0g Enhanced LaTeX Graphics (DPC,SPQR)

(/usr/local/texlive/2015/texmf-dist/tex/latex/graphics/keyval.sty
Package: keyval 2014/10/28 v1.15 key=value parser (DPC)
\KV@toks@=\toks16
)
(/usr/local/texlive/2015/texmf-dist/tex/latex/graphics/graphics.sty
Package: graphics 2014/10/28 v1.0p Standard LaTeX Graphics (DPC,SPQR)

(/usr/local/texlive/2015/texmf-dist/tex/latex/graphics/trig.sty
Package: trig 1999/03/16 v1.09 sin cos tan (DPC)
)
(/usr/local/texlive/2015/texmf-dist/tex/latex/latexconfig/graphics.cfg
File: graphics.cfg 2010/04/23 v1.9 graphics configuration of TeX Live
)
Package graphics Info: Driver file: pdftex.def on input line 94.

(/usr/local/texlive/2015/texmf-dist/tex/latex/pdftex-def/pdftex.def
File: pdftex.def 2011/05/27 v0.06d Graphics/color for pdfTeX

(/usr/local/texlive/2015/texmf-dist/tex/generic/oberdiek/infwarerr.sty
Package: infwarerr 2010/04/08 v1.3 Providing info/warning/error messages (HO)
)
(/usr/local/texlive/2015/texmf-dist/tex/generic/oberdiek/ltxcmds.sty
Package: ltxcmds 2011/11/09 v1.22 LaTeX kernel commands for general use (HO)
)
\Gread@gobject=\count105
))
\Gin@req@height=\dimen114
\Gin@req@width=\dimen115
)
(/usr/local/texlive/2015/texmf-dist/tex/latex/tools/bm.sty
Package: bm 2014/10/28 v1.1c Bold Symbol Support (DPC/FMi)
\symboldoperators=\mathgroup4
\symboldletters=\mathgroup5
\symboldsymbols=\mathgroup6
LaTeX Font Info:    Redeclaring math alphabet \mathbf on input line 141.
LaTeX Info: Redefining \bm on input line 207.
)
(/usr/local/texlive/2015/texmf-dist/tex/latex/amsfonts/amssymb.sty
Package: amssymb 2013/01/14 v3.01 AMS font symbols

(/usr/local/texlive/2015/texmf-dist/tex/latex/amsfonts/amsfonts.sty
Package: amsfonts 2013/01/14 v3.01 Basic AMSFonts support
\@emptytoks=\toks17
\symAMSa=\mathgroup7
\symAMSb=\mathgroup8
LaTeX Font Info:    Overwriting math alphabet `\mathfrak' in version `bold'
(Font)                  U/euf/m/n --> U/euf/b/n on input line 106.
))
(/usr/local/texlive/2015/texmf-dist/tex/latex/amsmath/amsmath.sty
Package: amsmath 2013/01/14 v2.14 AMS math features
\@mathmargin=\skip43

For additional information on amsmath, use the `?' option.
(/usr/local/texlive/2015/texmf-dist/tex/latex/amsmath/amstext.sty
Package: amstext 2000/06/29 v2.01

(/usr/local/texlive/2015/texmf-dist/tex/latex/amsmath/amsgen.sty
File: amsgen.sty 1999/11/30 v2.0
\@emptytoks=\toks18
\ex@=\dimen116
))
(/usr/local/texlive/2015/texmf-dist/tex/latex/amsmath/amsbsy.sty
Package: amsbsy 1999/11/29 v1.2d
LaTeX Info: Redefining \boldsymbol on input line 39.
\pmbraise@=\dimen117
)
(/usr/local/texlive/2015/texmf-dist/tex/latex/amsmath/amsopn.sty
Package: amsopn 1999/12/14 v2.01 operator names
)
\inf@bad=\count106
LaTeX Info: Redefining \frac on input line 210.
\uproot@=\count107
\leftroot@=\count108
LaTeX Info: Redefining \overline on input line 306.
\classnum@=\count109
\DOTSCASE@=\count110
LaTeX Info: Redefining \ldots on input line 378.
LaTeX Info: Redefining \dots on input line 381.
LaTeX Info: Redefining \cdots on input line 466.
\Mathstrutbox@=\box29
\strutbox@=\box30
\big@size=\dimen118
LaTeX Font Info:    Redeclaring font encoding OML on input line 566.
LaTeX Font Info:    Redeclaring font encoding OMS on input line 567.


Package amsmath Warning: Unable to redefine math accent \vec.

\macc@depth=\count111
\c@MaxMatrixCols=\count112
\dotsspace@=\muskip10
\c@parentequation=\count113
\dspbrk@lvl=\count114
\tag@help=\toks19
\row@=\count115
\column@=\count116
\maxfields@=\count117
\andhelp@=\toks20
\eqnshift@=\dimen119
\alignsep@=\dimen120
\tagshift@=\dimen121
\tagwidth@=\dimen122
\totwidth@=\dimen123
\lineht@=\dimen124
\@envbody=\toks21
\multlinegap=\skip44
\multlinetaggap=\skip45
\mathdisplay@stack=\toks22
LaTeX Info: Redefining \[ on input line 2665.
LaTeX Info: Redefining \] on input line 2666.
) (/usr/local/texlive/2015/texmf-dist/tex/latex/psnfss/times.sty
Package: times 2005/04/12 PSNFSS-v9.2a (SPQR) 
)
(/usr/local/texlive/2015/texmf-dist/tex/latex/subfigure/subfigure.sty
Package: subfigure 2002/03/15 v2.1.5 subfigure package
\subfigtopskip=\skip46
\subfigcapskip=\skip47
\subfigcaptopadj=\dimen125
\subfigbottomskip=\skip48
\subfigcapmargin=\dimen126
\subfiglabelskip=\skip49
\c@subfigure=\count118
\c@lofdepth=\count119
\c@subtable=\count120
\c@lotdepth=\count121

****************************************
* Local config file subfigure.cfg used *
****************************************
(/usr/local/texlive/2015/texmf-dist/tex/latex/subfigure/subfigure.cfg)
\subfig@top=\skip50
\subfig@bottom=\skip51
)
(/usr/local/texlive/2015/texmf-dist/tex/latex/tools/tabularx.sty
Package: tabularx 2014/10/28 v2.10 `tabularx' package (DPC)

(/usr/local/texlive/2015/texmf-dist/tex/latex/tools/array.sty
Package: array 2014/10/28 v2.4c Tabular extension package (FMi)
\col@sep=\dimen127
\extrarowheight=\dimen128
\NC@list=\toks23
\extratabsurround=\skip52
\backup@length=\skip53
)
\TX@col@width=\dimen129
\TX@old@table=\dimen130
\TX@old@col=\dimen131
\TX@target=\dimen132
\TX@delta=\dimen133
\TX@cols=\count122
\TX@ftn=\toks24
)
(/usr/local/texlive/2015/texmf-dist/tex/latex/booktabs/booktabs.sty
Package: booktabs 2005/04/14 v1.61803 publication quality tables
\heavyrulewidth=\dimen134
\lightrulewidth=\dimen135
\cmidrulewidth=\dimen136
\belowrulesep=\dimen137
\belowbottomsep=\dimen138
\aboverulesep=\dimen139
\abovetopsep=\dimen140
\cmidrulesep=\dimen141
\cmidrulekern=\dimen142
\defaultaddspace=\dimen143
\@cmidla=\count123
\@cmidlb=\count124
\@aboverulesep=\dimen144
\@belowrulesep=\dimen145
\@thisruleclass=\count125
\@lastruleclass=\count126
\@thisrulewidth=\dimen146
)
(/usr/local/texlive/2015/texmf-dist/tex/latex/colortbl/colortbl.sty
Package: colortbl 2012/02/13 v1.0a Color table columns (DPC)

(/usr/local/texlive/2015/texmf-dist/tex/latex/graphics/color.sty
Package: color 2014/10/28 v1.1a Standard LaTeX Color (DPC)

(/usr/local/texlive/2015/texmf-dist/tex/latex/latexconfig/color.cfg
File: color.cfg 2007/01/18 v1.5 color configuration of teTeX/TeXLive
)
Package color Info: Driver file: pdftex.def on input line 142.
)
\everycr=\toks25
\minrowclearance=\skip54
)
(/usr/local/texlive/2015/texmf-dist/tex/latex/multirow/multirow.sty
\bigstrutjot=\dimen147
)
(/usr/local/texlive/2015/texmf-dist/tex/latex/threeparttable/threeparttable.sty
Package: threeparttable 2003/06/13  v 3.0
\@tempboxb=\box31
) (/usr/local/texlive/2015/texmf-dist/tex/latex/hyperref/hyperref.sty
Package: hyperref 2012/11/06 v6.83m Hypertext links for LaTeX

(/usr/local/texlive/2015/texmf-dist/tex/generic/oberdiek/hobsub-hyperref.sty
Package: hobsub-hyperref 2012/05/28 v1.13 Bundle oberdiek, subset hyperref (HO)


(/usr/local/texlive/2015/texmf-dist/tex/generic/oberdiek/hobsub-generic.sty
Package: hobsub-generic 2012/05/28 v1.13 Bundle oberdiek, subset generic (HO)
Package: hobsub 2012/05/28 v1.13 Construct package bundles (HO)
Package hobsub Info: Skipping package `infwarerr' (already loaded).
Package hobsub Info: Skipping package `ltxcmds' (already loaded).
Package: ifluatex 2010/03/01 v1.3 Provides the ifluatex switch (HO)
Package ifluatex Info: LuaTeX not detected.
Package: ifvtex 2010/03/01 v1.5 Detect VTeX and its facilities (HO)
Package ifvtex Info: VTeX not detected.
Package: intcalc 2007/09/27 v1.1 Expandable calculations with integers (HO)
Package: ifpdf 2011/01/30 v2.3 Provides the ifpdf switch (HO)
Package ifpdf Info: pdfTeX in PDF mode is detected.
Package: etexcmds 2011/02/16 v1.5 Avoid name clashes with e-TeX commands (HO)
Package etexcmds Info: Could not find \expanded.
(etexcmds)             That can mean that you are not using pdfTeX 1.50 or
(etexcmds)             that some package has redefined \expanded.
(etexcmds)             In the latter case, load this package earlier.
Package: kvsetkeys 2012/04/25 v1.16 Key value parser (HO)
Package: kvdefinekeys 2011/04/07 v1.3 Define keys (HO)
Package: pdftexcmds 2011/11/29 v0.20 Utility functions of pdfTeX for LuaTeX (HO
)
Package pdftexcmds Info: LuaTeX not detected.
Package pdftexcmds Info: \pdf@primitive is available.
Package pdftexcmds Info: \pdf@ifprimitive is available.
Package pdftexcmds Info: \pdfdraftmode found.
Package: pdfescape 2011/11/25 v1.13 Implements pdfTeX's escape features (HO)
Package: bigintcalc 2012/04/08 v1.3 Expandable calculations on big integers (HO
)
Package: bitset 2011/01/30 v1.1 Handle bit-vector datatype (HO)
Package: uniquecounter 2011/01/30 v1.2 Provide unlimited unique counter (HO)
)
Package hobsub Info: Skipping package `hobsub' (already loaded).
Package: letltxmacro 2010/09/02 v1.4 Let assignment for LaTeX macros (HO)
Package: hopatch 2012/05/28 v1.2 Wrapper for package hooks (HO)
Package: xcolor-patch 2011/01/30 xcolor patch
Package: atveryend 2011/06/30 v1.8 Hooks at the very end of document (HO)
Package atveryend Info: \enddocument detected (standard20110627).
Package: atbegshi 2011/10/05 v1.16 At begin shipout hook (HO)
Package: refcount 2011/10/16 v3.4 Data extraction from label references (HO)
Package: hycolor 2011/01/30 v1.7 Color options for hyperref/bookmark (HO)
)
(/usr/local/texlive/2015/texmf-dist/tex/generic/ifxetex/ifxetex.sty
Package: ifxetex 2010/09/12 v0.6 Provides ifxetex conditional
)
(/usr/local/texlive/2015/texmf-dist/tex/latex/oberdiek/auxhook.sty
Package: auxhook 2011/03/04 v1.3 Hooks for auxiliary files (HO)
)
(/usr/local/texlive/2015/texmf-dist/tex/latex/oberdiek/kvoptions.sty
Package: kvoptions 2011/06/30 v3.11 Key value format for package options (HO)
)
\@linkdim=\dimen148
\Hy@linkcounter=\count127
\Hy@pagecounter=\count128

(/usr/local/texlive/2015/texmf-dist/tex/latex/hyperref/pd1enc.def
File: pd1enc.def 2012/11/06 v6.83m Hyperref: PDFDocEncoding definition (HO)
)
\Hy@SavedSpaceFactor=\count129

(/usr/local/texlive/2015/texmf-dist/tex/latex/latexconfig/hyperref.cfg
File: hyperref.cfg 2002/06/06 v1.2 hyperref configuration of TeXLive
)
Package hyperref Info: Option `colorlinks' set `true' on input line 4319.
Package hyperref Info: Hyper figures OFF on input line 4443.
Package hyperref Info: Link nesting OFF on input line 4448.
Package hyperref Info: Hyper index ON on input line 4451.
Package hyperref Info: Plain pages OFF on input line 4458.
Package hyperref Info: Backreferencing OFF on input line 4463.
Package hyperref Info: Implicit mode ON; LaTeX internals redefined.
Package hyperref Info: Bookmarks ON on input line 4688.
\c@Hy@tempcnt=\count130

(/usr/local/texlive/2015/texmf-dist/tex/latex/url/url.sty
\Urlmuskip=\muskip11
Package: url 2013/09/16  ver 3.4  Verb mode for urls, etc.
)
LaTeX Info: Redefining \url on input line 5041.
\XeTeXLinkMargin=\dimen149
\Fld@menulength=\count131
\Field@Width=\dimen150
\Fld@charsize=\dimen151
Package hyperref Info: Hyper figures OFF on input line 6295.
Package hyperref Info: Link nesting OFF on input line 6300.
Package hyperref Info: Hyper index ON on input line 6303.
Package hyperref Info: backreferencing OFF on input line 6310.
Package hyperref Info: Link coloring ON on input line 6313.
Package hyperref Info: Link coloring with OCG OFF on input line 6320.
Package hyperref Info: PDF/A mode OFF on input line 6325.
LaTeX Info: Redefining \ref on input line 6365.
LaTeX Info: Redefining \pageref on input line 6369.
\Hy@abspage=\count132
\c@Item=\count133
\c@Hfootnote=\count134
)

Package hyperref Message: Driver (autodetected): hpdftex.

(/usr/local/texlive/2015/texmf-dist/tex/latex/hyperref/hpdftex.def
File: hpdftex.def 2012/11/06 v6.83m Hyperref driver for pdfTeX
\Fld@listcount=\count135
\c@bookmark@seq@number=\count136

(/usr/local/texlive/2015/texmf-dist/tex/latex/oberdiek/rerunfilecheck.sty
Package: rerunfilecheck 2011/04/15 v1.7 Rerun checks for auxiliary files (HO)
Package uniquecounter Info: New unique counter `rerunfilecheck' on input line 2
82.
)
\Hy@SectionHShift=\skip55
)
(/usr/local/texlive/2015/texmf-dist/tex/latex/footnpag/footnpag.sty
Package: footnpag 1995/11/10 v2.6 numbering footnotes per page
\old_foot_file=\read1
\foot_file=\write3
\foot_name_no=\count137
)
\c@prop=\count138

(./JAS_DataAssoc.aux

LaTeX Warning: Label `eqn:zlin' multiply defined.

)
\openout1 = `JAS_DataAssoc.aux'.

LaTeX Font Info:    Checking defaults for OML/cmm/m/it on input line 132.
LaTeX Font Info:    ... okay on input line 132.
LaTeX Font Info:    Checking defaults for T1/cmr/m/n on input line 132.
LaTeX Font Info:    ... okay on input line 132.
LaTeX Font Info:    Checking defaults for OT1/cmr/m/n on input line 132.
LaTeX Font Info:    ... okay on input line 132.
LaTeX Font Info:    Checking defaults for OMS/cmsy/m/n on input line 132.
LaTeX Font Info:    ... okay on input line 132.
LaTeX Font Info:    Checking defaults for OMX/cmex/m/n on input line 132.
LaTeX Font Info:    ... okay on input line 132.
LaTeX Font Info:    Checking defaults for U/cmr/m/n on input line 132.
LaTeX Font Info:    ... okay on input line 132.
LaTeX Font Info:    Checking defaults for TS1/cmr/m/n on input line 132.
LaTeX Font Info:    ... okay on input line 132.
LaTeX Font Info:    Checking defaults for PD1/pdf/m/n on input line 132.
LaTeX Font Info:    ... okay on input line 132.
LaTeX Font Info:    Try loading font information for OT1+ptm on input line 132.

 (/usr/local/texlive/2015/texmf-dist/tex/latex/psnfss/ot1ptm.fd
File: ot1ptm.fd 2001/06/04 font definitions for OT1/ptm.
)
Unknown journal: specify \journalname{<name of your journal>} in preambel

(/usr/local/texlive/2015/texmf-dist/tex/context/base/supp-pdf.mkii
[Loading MPS to PDF converter (version 2006.09.02).]
\scratchcounter=\count139
\scratchdimen=\dimen152
\scratchbox=\box32
\nofMPsegments=\count140
\nofMParguments=\count141
\everyMPshowfont=\toks26
\MPscratchCnt=\count142
\MPscratchDim=\dimen153
\MPnumerator=\count143
\makeMPintoPDFobject=\count144
\everyMPtoPDFconversion=\toks27
) (/usr/local/texlive/2015/texmf-dist/tex/latex/oberdiek/epstopdf-base.sty
Package: epstopdf-base 2010/02/09 v2.5 Base part for package epstopdf

(/usr/local/texlive/2015/texmf-dist/tex/latex/oberdiek/grfext.sty
Package: grfext 2010/08/19 v1.1 Manage graphics extensions (HO)
)
Package grfext Info: Graphics extension search list:
(grfext)             [.png,.pdf,.jpg,.mps,.jpeg,.jbig2,.jb2,.PNG,.PDF,.JPG,.JPE
G,.JBIG2,.JB2,.eps]
(grfext)             \AppendGraphicsExtensions on input line 452.

(/usr/local/texlive/2015/texmf-dist/tex/latex/latexconfig/epstopdf-sys.cfg
File: epstopdf-sys.cfg 2010/07/13 v1.3 Configuration of (r)epstopdf for TeX Liv
e
))
\AtBeginShipoutBox=\box33
Package hyperref Info: Link coloring ON on input line 132.

(/usr/local/texlive/2015/texmf-dist/tex/latex/hyperref/nameref.sty
Package: nameref 2012/10/27 v2.43 Cross-referencing by name of section

(/usr/local/texlive/2015/texmf-dist/tex/generic/oberdiek/gettitlestring.sty
Package: gettitlestring 2010/12/03 v1.4 Cleanup title references (HO)
)
\c@section@level=\count145
)
LaTeX Info: Redefining \ref on input line 132.
LaTeX Info: Redefining \pageref on input line 132.
LaTeX Info: Redefining \nameref on input line 132.

(./JAS_DataAssoc.out) (./JAS_DataAssoc.out)
\@outlinefile=\write4
\openout4 = `JAS_DataAssoc.out'.


SVJour3 warning: Missing \journalname
LaTeX Font Info:    Font shape `OT1/ptm/bx/n' in size <10> not available
(Font)              Font shape `OT1/ptm/b/n' tried instead on input line 175.
LaTeX Font Info:    Font shape `OT1/ptm/bx/n' in size <13> not available
(Font)              Font shape `OT1/ptm/b/n' tried instead on input line 175.
LaTeX Font Info:    Try loading font information for U+msa on input line 175.
(/usr/local/texlive/2015/texmf-dist/tex/latex/amsfonts/umsa.fd
File: umsa.fd 2013/01/14 v3.01 AMS symbols A
)
LaTeX Font Info:    Try loading font information for U+msb on input line 175.

(/usr/local/texlive/2015/texmf-dist/tex/latex/amsfonts/umsb.fd
File: umsb.fd 2013/01/14 v3.01 AMS symbols B
) [1{/usr/local/texlive/2015/texmf-var/fonts/map/pdftex/updmap/pdftex.map}] [2]

Underfull \vbox (badness 2181) has occurred while \output is active []

 [3]
[4] [5] [6] [7] [8] <CostTrends.png, id=215, 439.4016pt x 347.3778pt>
File: CostTrends.png Graphic file (type png)

<use CostTrends.png>
Package pdftex.def Info: CostTrends.png used on input line 644.
(pdftex.def)             Requested size: 162.23856pt x 128.26274pt.
LaTeX Font Info:    Font shape `OT1/ptm/bx/n' in size <8> not available
(Font)              Font shape `OT1/ptm/b/n' tried instead on input line 645.
 [9] [10 <./CostTrends.png>]
Overfull \hbox (1.93303pt too wide) in paragraph at lines 700--703
[]\OT1/ptm/m/it/10 Let $\OML/cmm/m/it/10 b$\OT1/ptm/m/it/10 , $\OML/cmm/m/it/10
 d$\OT1/ptm/m/it/10 , and $\OML/cmm/m/it/10 p$ \OT1/ptm/m/it/10 be in-te-gers s
uch that $\OML/cmm/m/it/10 b \OMS/cmsy/m/n/10 2 f\OT1/cmr/m/n/10 1\OML/cmm/m/it
/10 ; \OT1/cmr/m/n/10 2\OML/cmm/m/it/10 ; :::; n\OMS/cmsy/m/n/10 g$\OT1/ptm/m/i
t/10 , $\OML/cmm/m/it/10 d \OMS/cmsy/m/n/10 2 f\OT1/cmr/m/n/10 1\OML/cmm/m/it/1
0 ; \OT1/cmr/m/n/10 2\OML/cmm/m/it/10 ; :::; m\OMS/cmsy/m/n/10 g$\OT1/ptm/m/it/
10 ,
 []

[11] [12]
Overfull \vbox (0.51704pt too high) detected at line 927
 []


Overfull \vbox (1.14001pt too high) detected at line 927
 []


Overfull \vbox (0.51704pt too high) detected at line 927
 []


Overfull \vbox (1.14001pt too high) detected at line 927
 []


Underfull \hbox (badness 10000) in alignment at lines 927--927
[][] 
 []

[13]
Underfull \hbox (badness 10000) in alignment at lines 966--966
[][][][][][][] 
 []

<A1JPDAF.pdf, id=312, 420.57124pt x 312.16624pt>
File: A1JPDAF.pdf Graphic file (type pdf)
 <use A1JPDAF.pdf>
Package pdftex.def Info: A1JPDAF.pdf used on input line 985.
(pdftex.def)             Requested size: 111.54062pt x 82.79034pt.

<A1bJPDAF.pdf, id=313, 420.57124pt x 312.16624pt>
File: A1bJPDAF.pdf Graphic file (type pdf)
 <use A1bJPDAF.pdf>
Package pdftex.def Info: A1bJPDAF.pdf used on input line 985.
(pdftex.def)             Requested size: 111.54062pt x 82.79034pt.

<A1dJPDAF.pdf, id=314, 420.57124pt x 312.16624pt>
File: A1dJPDAF.pdf Graphic file (type pdf)
 <use A1dJPDAF.pdf>
Package pdftex.def Info: A1dJPDAF.pdf used on input line 985.
(pdftex.def)             Requested size: 111.54062pt x 82.79034pt.

<A1MUJPDAF.pdf, id=315, 420.57124pt x 312.16624pt>
File: A1MUJPDAF.pdf Graphic file (type pdf)
 <use A1MUJPDAF.pdf>
Package pdftex.def Info: A1MUJPDAF.pdf used on input line 993.
(pdftex.def)             Requested size: 111.54062pt x 82.79034pt.

<A1bMUJPDAF.pdf, id=316, 420.57124pt x 312.16624pt>
File: A1bMUJPDAF.pdf Graphic file (type pdf)
 <use A1bMUJPDAF.pdf>
Package pdftex.def Info: A1bMUJPDAF.pdf used on input line 993.
(pdftex.def)             Requested size: 111.54062pt x 82.79034pt.

<A1dMUJPDAF.pdf, id=317, 420.57124pt x 312.16624pt>
File: A1dMUJPDAF.pdf Graphic file (type pdf)
 <use A1dMUJPDAF.pdf>
Package pdftex.def Info: A1dMUJPDAF.pdf used on input line 993.
(pdftex.def)             Requested size: 111.54062pt x 82.79034pt.

[14]
Overfull \vbox (0.51704pt too high) detected at line 1044
 []


Overfull \vbox (1.14001pt too high) detected at line 1044
 []


Overfull \vbox (0.51704pt too high) detected at line 1044
 []


Overfull \vbox (1.14001pt too high) detected at line 1044
 []


Underfull \hbox (badness 10000) in alignment at lines 1044--1044
[][] 
 []

[15 <./A1JPDAF.pdf> <./A1bJPDAF.pdf> <./A1dJPDAF.pdf> <./A1MUJPDAF.pdf> <./A1bM
UJPDAF.pdf> <./A1dMUJPDAF.pdf>]
Underfull \hbox (badness 10000) in alignment at lines 1076--1076
[][][][][][][] 
 []


Overfull \hbox (5.17543pt too wide) in alignment at lines 1094--1094
[][][][] 
 []

<B1JPDAF.pdf, id=465, 420.57124pt x 312.16624pt>
File: B1JPDAF.pdf Graphic file (type pdf)
 <use B1JPDAF.pdf>
Package pdftex.def Info: B1JPDAF.pdf used on input line 1108.
(pdftex.def)             Requested size: 111.54062pt x 82.79034pt.

<B1cJPDAF.pdf, id=466, 420.57124pt x 312.16624pt>
File: B1cJPDAF.pdf Graphic file (type pdf)
 <use B1cJPDAF.pdf>
Package pdftex.def Info: B1cJPDAF.pdf used on input line 1108.
(pdftex.def)             Requested size: 111.54062pt x 82.79034pt.

<B1fJPDAF.pdf, id=467, 420.57124pt x 312.16624pt>
File: B1fJPDAF.pdf Graphic file (type pdf)
 <use B1fJPDAF.pdf>
Package pdftex.def Info: B1fJPDAF.pdf used on input line 1108.
(pdftex.def)             Requested size: 111.54062pt x 82.79034pt.

<B1MUJPDAF.pdf, id=468, 420.57124pt x 312.16624pt>
File: B1MUJPDAF.pdf Graphic file (type pdf)
 <use B1MUJPDAF.pdf>
Package pdftex.def Info: B1MUJPDAF.pdf used on input line 1116.
(pdftex.def)             Requested size: 111.54062pt x 82.79034pt.

<B1cMUJPDAF.pdf, id=469, 420.57124pt x 312.16624pt>
File: B1cMUJPDAF.pdf Graphic file (type pdf)
 <use B1cMUJPDAF.pdf>
Package pdftex.def Info: B1cMUJPDAF.pdf used on input line 1116.
(pdftex.def)             Requested size: 111.54062pt x 82.79034pt.

<B1fMUJPDAF.pdf, id=470, 420.57124pt x 312.16624pt>
File: B1fMUJPDAF.pdf Graphic file (type pdf)
 <use B1fMUJPDAF.pdf>
Package pdftex.def Info: B1fMUJPDAF.pdf used on input line 1116.
(pdftex.def)             Requested size: 111.54062pt x 82.79034pt.

<B1C-JPDAF.pdf, id=471, 420.57124pt x 312.16624pt>
File: B1C-JPDAF.pdf Graphic file (type pdf)
 <use B1C-JPDAF.pdf>
Package pdftex.def Info: B1C-JPDAF.pdf used on input line 1124.
(pdftex.def)             Requested size: 111.54062pt x 82.79034pt.

<B1cC-JPDAF.pdf, id=472, 420.57124pt x 312.16624pt>
File: B1cC-JPDAF.pdf Graphic file (type pdf)
 <use B1cC-JPDAF.pdf>
Package pdftex.def Info: B1cC-JPDAF.pdf used on input line 1124.
(pdftex.def)             Requested size: 111.54062pt x 82.79034pt.

<B1fC-JPDAF.pdf, id=473, 420.57124pt x 312.16624pt>
File: B1fC-JPDAF.pdf Graphic file (type pdf)
 <use B1fC-JPDAF.pdf>
Package pdftex.def Info: B1fC-JPDAF.pdf used on input line 1124.
(pdftex.def)             Requested size: 111.54062pt x 82.79034pt.

[16]
Underfull \hbox (badness 10000) in alignment at lines 1211--1211
[][] 
 []

[17 <./B1JPDAF.pdf> <./B1cJPDAF.pdf> <./B1fJPDAF.pdf> <./B1MUJPDAF.pdf> <./B1cM
UJPDAF.pdf> <./B1fMUJPDAF.pdf> <./B1C-JPDAF.pdf> <./B1cC-JPDAF.pdf> <./B1fC-JPD
AF.pdf>]
Overfull \hbox (1.8323pt too wide) in alignment at lines 1241--1241
[][][][][][][] 
 []

<A2JPDAF.pdf, id=681, 420.57124pt x 312.16624pt>
File: A2JPDAF.pdf Graphic file (type pdf)
 <use A2JPDAF.pdf>
Package pdftex.def Info: A2JPDAF.pdf used on input line 1287.
(pdftex.def)             Requested size: 111.54062pt x 82.79034pt.

<A2aJPDAF.pdf, id=682, 420.57124pt x 312.16624pt>
File: A2aJPDAF.pdf Graphic file (type pdf)
 <use A2aJPDAF.pdf>
Package pdftex.def Info: A2aJPDAF.pdf used on input line 1287.
(pdftex.def)             Requested size: 111.54062pt x 82.79034pt.

<A2bJPDAF.pdf, id=683, 420.57124pt x 312.16624pt>
File: A2bJPDAF.pdf Graphic file (type pdf)
 <use A2bJPDAF.pdf>
Package pdftex.def Info: A2bJPDAF.pdf used on input line 1287.
(pdftex.def)             Requested size: 111.54062pt x 82.79034pt.

<A2MUJPDAF.pdf, id=684, 420.57124pt x 312.16624pt>
File: A2MUJPDAF.pdf Graphic file (type pdf)
 <use A2MUJPDAF.pdf>
Package pdftex.def Info: A2MUJPDAF.pdf used on input line 1295.
(pdftex.def)             Requested size: 111.54062pt x 82.79034pt.

<A2aMUJPDAF.pdf, id=685, 420.57124pt x 312.16624pt>
File: A2aMUJPDAF.pdf Graphic file (type pdf)
 <use A2aMUJPDAF.pdf>
Package pdftex.def Info: A2aMUJPDAF.pdf used on input line 1295.
(pdftex.def)             Requested size: 111.54062pt x 82.79034pt.

<A2bMUJPDAF.pdf, id=686, 420.57124pt x 312.16624pt>
File: A2bMUJPDAF.pdf Graphic file (type pdf)
 <use A2bMUJPDAF.pdf>
Package pdftex.def Info: A2bMUJPDAF.pdf used on input line 1295.
(pdftex.def)             Requested size: 111.54062pt x 82.79034pt.

Underfull \hbox (badness 10000) in alignment at lines 1374--1374
[][] 
 []

[18]
Underfull \hbox (badness 10000) in alignment at lines 1410--1410
[][][][][][][] 
 []


Overfull \hbox (3.51094pt too wide) in alignment at lines 1426--1426
[][][][] 
 []

[19 <./A2JPDAF.pdf> <./A2aJPDAF.pdf> <./A2bJPDAF.pdf> <./A2MUJPDAF.pdf> <./A2aM
UJPDAF.pdf> <./A2bMUJPDAF.pdf>]
<B2JPDAF.pdf, id=840, 420.57124pt x 312.16624pt>
File: B2JPDAF.pdf Graphic file (type pdf)
 <use B2JPDAF.pdf>
Package pdftex.def Info: B2JPDAF.pdf used on input line 1440.
(pdftex.def)             Requested size: 111.54062pt x 82.79034pt.

<B2bJPDAF.pdf, id=841, 420.57124pt x 312.16624pt>
File: B2bJPDAF.pdf Graphic file (type pdf)
 <use B2bJPDAF.pdf>
Package pdftex.def Info: B2bJPDAF.pdf used on input line 1440.
(pdftex.def)             Requested size: 111.54062pt x 82.79034pt.

<B2dJPDAF.pdf, id=842, 420.57124pt x 312.16624pt>
File: B2dJPDAF.pdf Graphic file (type pdf)
 <use B2dJPDAF.pdf>
Package pdftex.def Info: B2dJPDAF.pdf used on input line 1440.
(pdftex.def)             Requested size: 111.54062pt x 82.79034pt.

<B2MUJPDAF.pdf, id=843, 420.57124pt x 312.16624pt>
File: B2MUJPDAF.pdf Graphic file (type pdf)
 <use B2MUJPDAF.pdf>
Package pdftex.def Info: B2MUJPDAF.pdf used on input line 1448.
(pdftex.def)             Requested size: 111.54062pt x 82.79034pt.

<B2bMUJPDAF.pdf, id=844, 420.57124pt x 312.16624pt>
File: B2bMUJPDAF.pdf Graphic file (type pdf)
 <use B2bMUJPDAF.pdf>
Package pdftex.def Info: B2bMUJPDAF.pdf used on input line 1448.
(pdftex.def)             Requested size: 111.54062pt x 82.79034pt.

<B2dMUJPDAF.pdf, id=845, 420.57124pt x 312.16624pt>
File: B2dMUJPDAF.pdf Graphic file (type pdf)
 <use B2dMUJPDAF.pdf>
Package pdftex.def Info: B2dMUJPDAF.pdf used on input line 1448.
(pdftex.def)             Requested size: 111.54062pt x 82.79034pt.

<B2C-JPDAF.pdf, id=846, 420.57124pt x 312.16624pt>
File: B2C-JPDAF.pdf Graphic file (type pdf)
 <use B2C-JPDAF.pdf>
Package pdftex.def Info: B2C-JPDAF.pdf used on input line 1456.
(pdftex.def)             Requested size: 111.54062pt x 82.79034pt.

<B2bC-JPDAF.pdf, id=847, 420.57124pt x 312.16624pt>
File: B2bC-JPDAF.pdf Graphic file (type pdf)
 <use B2bC-JPDAF.pdf>
Package pdftex.def Info: B2bC-JPDAF.pdf used on input line 1456.
(pdftex.def)             Requested size: 111.54062pt x 82.79034pt.

<B2dC-JPDAF.pdf, id=848, 420.57124pt x 312.16624pt>
File: B2dC-JPDAF.pdf Graphic file (type pdf)
 <use B2dC-JPDAF.pdf>
Package pdftex.def Info: B2dC-JPDAF.pdf used on input line 1456.
(pdftex.def)             Requested size: 111.54062pt x 82.79034pt.

Overfull \hbox (2.58575pt too wide) in paragraph at lines 1463--1466
[]\OT1/ptm/m/n/10 The most im-por-tant re-sult is that the C-JPDAF con-sis-tent
ly avoids track-swapping,
 []

[20] [21 <./B2JPDAF.pdf> <./B2bJPDAF.pdf> <./B2dJPDAF.pdf> <./B2MUJPDAF.pdf> <.
/B2bMUJPDAF.pdf> <./B2dMUJPDAF.pdf> <./B2C-JPDAF.pdf> <./B2bC-JPDAF.pdf> <./B2d
C-JPDAF.pdf>]
Underfull \hbox (badness 10000) in alignment at lines 1539--1539
[][][][][][] 
 []

[22] [23] [24] (./JAS_DataAssoc.bbl [25]
Missing character: There is no â in font ptmr7t!
Missing character: There is no € in font ptmr7t!
Missing character: There is no “ in font ptmr7t!
)
Package atveryend Info: Empty hook `BeforeClearDocument' on input line 2140.
 [26]
Package atveryend Info: Empty hook `AfterLastShipout' on input line 2140.
 (./JAS_DataAssoc.aux)
Package atveryend Info: Executing hook `AtVeryEndDocument' on input line 2140.
Package atveryend Info: Executing hook `AtEndAfterFileList' on input line 2140.

Package rerunfilecheck Info: File `JAS_DataAssoc.out' has not changed.
(rerunfilecheck)             Checksum: 6F07B3C94A3CC66E8F70472913B6BCB6;376.


LaTeX Warning: There were multiply-defined labels.

Package atveryend Info: Empty hook `AtVeryVeryEnd' on input line 2140.
 ) 
Here is how much of TeX's memory you used:
 7677 strings out of 493089
 111230 string characters out of 6134842
 213481 words of memory out of 5000000
 10831 multiletter control sequences out of 15000+600000
 26956 words of font info for 67 fonts, out of 8000000 for 9000
 1141 hyphenation exceptions out of 8191
 34i,23n,28p,1263b,474s stack positions out of 5000i,500n,10000p,200000b,80000s
{/usr/local/texlive/2015/texmf-dist/fonts/enc/dvips/base/8r.enc}</usr/local/t
exlive/2015/texmf-dist/fonts/type1/public/amsfonts/cm/cmbsy10.pfb></usr/local/t
exlive/2015/texmf-dist/fonts/type1/public/amsfonts/cm/cmbx10.pfb></usr/local/te
xlive/2015/texmf-dist/fonts/type1/public/amsfonts/cm/cmbx6.pfb></usr/local/texl
ive/2015/texmf-dist/fonts/type1/public/amsfonts/cm/cmbx7.pfb></usr/local/texliv
e/2015/texmf-dist/fonts/type1/public/amsfonts/cm/cmbx8.pfb></usr/local/texlive/
2015/texmf-dist/fonts/type1/public/amsfonts/cm/cmex10.pfb></usr/local/texlive/2
015/texmf-dist/fonts/type1/public/amsfonts/cmextra/cmex8.pfb></usr/local/texliv
e/2015/texmf-dist/fonts/type1/public/amsfonts/cm/cmmi10.pfb></usr/local/texlive
/2015/texmf-dist/fonts/type1/public/amsfonts/cm/cmmi5.pfb></usr/local/texlive/2
015/texmf-dist/fonts/type1/public/amsfonts/cm/cmmi6.pfb></usr/local/texlive/201
5/texmf-dist/fonts/type1/public/amsfonts/cm/cmmi7.pfb></usr/local/texlive/2015/
texmf-dist/fonts/type1/public/amsfonts/cm/cmmi8.pfb></usr/local/texlive/2015/te
xmf-dist/fonts/type1/public/amsfonts/cm/cmr10.pfb></usr/local/texlive/2015/texm
f-dist/fonts/type1/public/amsfonts/cm/cmr5.pfb></usr/local/texlive/2015/texmf-d
ist/fonts/type1/public/amsfonts/cm/cmr6.pfb></usr/local/texlive/2015/texmf-dist
/fonts/type1/public/amsfonts/cm/cmr7.pfb></usr/local/texlive/2015/texmf-dist/fo
nts/type1/public/amsfonts/cm/cmr8.pfb></usr/local/texlive/2015/texmf-dist/fonts
/type1/public/amsfonts/cm/cmsy10.pfb></usr/local/texlive/2015/texmf-dist/fonts/
type1/public/amsfonts/cm/cmsy5.pfb></usr/local/texlive/2015/texmf-dist/fonts/ty
pe1/public/amsfonts/cm/cmsy6.pfb></usr/local/texlive/2015/texmf-dist/fonts/type
1/public/amsfonts/cm/cmsy7.pfb></usr/local/texlive/2015/texmf-dist/fonts/type1/
public/amsfonts/cm/cmsy8.pfb></usr/local/texlive/2015/texmf-dist/fonts/type1/pu
blic/amsfonts/latxfont/lcircle1.pfb></usr/local/texlive/2015/texmf-dist/fonts/t
ype1/public/amsfonts/symbols/msbm10.pfb></usr/local/texlive/2015/texmf-dist/fon
ts/type1/urw/times/utmb8a.pfb></usr/local/texlive/2015/texmf-dist/fonts/type1/u
rw/times/utmr8a.pfb></usr/local/texlive/2015/texmf-dist/fonts/type1/urw/times/u
tmri8a.pfb>
Output written on JAS_DataAssoc.pdf (26 pages, 720361 bytes).
PDF statistics:
 1295 PDF objects out of 1440 (max. 8388607)
 959 compressed objects within 10 object streams
 177 named destinations out of 1000 (max. 500000)
 204 words of extra memory for PDF output out of 10000 (max. 10000000)

