This is pdfTeX, Version 3.14159265-2.6-1.40.17 (TeX Live 2016) (preloaded format=pdflatex 2016.5.22)  23 SEP 2018 08:54
entering extended mode
 restricted \write18 enabled.
 file:line:error style messages enabled.
 %&-line parsing enabled.
**JINT18.tex
(./JINT18.tex
LaTeX2e <2016/03/31>
Babel <3.9r> and hyphenation patterns for 83 language(s) loaded.
(/usr/local/texlive/2016/texmf-dist/tex/latex/base/fix-cm.sty
Package: fix-cm 2015/01/14 v1.1t fixes to LaTeX

(/usr/local/texlive/2016/texmf-dist/tex/latex/base/ts1enc.def
File: ts1enc.def 2001/06/05 v3.0e (jk/car/fm) Standard LaTeX file
)) (./svjour3.cls
Document Class: svjour3 2007/05/08 v3.2 
LaTeX document class for Springer journals
Class Springer-SVJour3 Info: extra/valid Springer sub-package (-> *.clo) 
(Springer-SVJour3)           not found in option list of \documentclass
(Springer-SVJour3)           - autoactivating "global" style.
(./svglov3.clo
File: svglov3.clo 2009/12/18 v3.2 style option for standardised journals

SVJour Class option: svglov3.clo for standardised journals
)
LaTeX Font Info:    Redeclaring math symbol \Gamma on input line 147.
LaTeX Font Info:    Redeclaring math symbol \Delta on input line 148.
LaTeX Font Info:    Redeclaring math symbol \Theta on input line 149.
LaTeX Font Info:    Redeclaring math symbol \Lambda on input line 150.
LaTeX Font Info:    Redeclaring math symbol \Xi on input line 151.
LaTeX Font Info:    Redeclaring math symbol \Pi on input line 152.
LaTeX Font Info:    Redeclaring math symbol \Sigma on input line 153.
LaTeX Font Info:    Redeclaring math symbol \Upsilon on input line 154.
LaTeX Font Info:    Redeclaring math symbol \Phi on input line 155.
LaTeX Font Info:    Redeclaring math symbol \Psi on input line 156.
LaTeX Font Info:    Redeclaring math symbol \Omega on input line 157.
\logodepth=\dimen102
\headerboxheight=\dimen103
\betweenumberspace=\dimen104
\aftertext=\dimen105
\headlineindent=\dimen106
\c@inst=\count79
\c@auth=\count80
\instindent=\dimen107
\authrun=\box26
\authorrunning=\toks14
\titrun=\box27
\titlerunning=\toks15
\combirun=\box28
\c@lastpage=\count81
\rubricwidth=\dimen108
\c@section=\count82
\c@subsection=\count83
\c@subsubsection=\count84
\c@paragraph=\count85
\c@subparagraph=\count86
\spthmsep=\dimen109
\c@theorem=\count87
\c@case=\count88
\c@conjecture=\count89
\c@corollary=\count90
\c@definition=\count91
\c@example=\count92
\c@exercise=\count93
\c@lemma=\count94
\c@note=\count95
\c@problem=\count96
\c@property=\count97
\c@proposition=\count98
\c@question=\count99
\c@solution=\count100
\c@remark=\count101
\c@figure=\count102
\c@table=\count103
\abovecaptionskip=\skip41
\belowcaptionskip=\skip42
\figcapgap=\dimen110
\tabcapgap=\dimen111
\figgap=\dimen112
\bibindent=\dimen113
\@tempcntc=\count104
) (/usr/local/texlive/2016/texmf-dist/tex/latex/graphics/graphicx.sty
Package: graphicx 2014/10/28 v1.0g Enhanced LaTeX Graphics (DPC,SPQR)

(/usr/local/texlive/2016/texmf-dist/tex/latex/graphics/keyval.sty
Package: keyval 2014/10/28 v1.15 key=value parser (DPC)
\KV@toks@=\toks16
)
(/usr/local/texlive/2016/texmf-dist/tex/latex/graphics/graphics.sty
Package: graphics 2016/05/09 v1.0r Standard LaTeX Graphics (DPC,SPQR)

(/usr/local/texlive/2016/texmf-dist/tex/latex/graphics/trig.sty
Package: trig 2016/01/03 v1.10 sin cos tan (DPC)
)
(/usr/local/texlive/2016/texmf-dist/tex/latex/graphics-cfg/graphics.cfg
File: graphics.cfg 2016/01/02 v1.10 sample graphics configuration
)
Package graphics Info: Driver file: pdftex.def on input line 96.

(/usr/local/texlive/2016/texmf-dist/tex/latex/pdftex-def/pdftex.def
File: pdftex.def 2011/05/27 v0.06d Graphics/color for pdfTeX

(/usr/local/texlive/2016/texmf-dist/tex/generic/oberdiek/infwarerr.sty
Package: infwarerr 2016/05/16 v1.4 Providing info/warning/error messages (HO)
)
(/usr/local/texlive/2016/texmf-dist/tex/generic/oberdiek/ltxcmds.sty
Package: ltxcmds 2016/05/16 v1.23 LaTeX kernel commands for general use (HO)
)
\Gread@gobject=\count105
))
\Gin@req@height=\dimen114
\Gin@req@width=\dimen115
)
(/usr/local/texlive/2016/texmf-dist/tex/latex/amsmath/amsmath.sty
Package: amsmath 2016/03/10 v2.15b AMS math features
\@mathmargin=\skip43

For additional information on amsmath, use the `?' option.
(/usr/local/texlive/2016/texmf-dist/tex/latex/amsmath/amstext.sty
Package: amstext 2000/06/29 v2.01 AMS text

(/usr/local/texlive/2016/texmf-dist/tex/latex/amsmath/amsgen.sty
File: amsgen.sty 1999/11/30 v2.0 generic functions
\@emptytoks=\toks17
\ex@=\dimen116
))
(/usr/local/texlive/2016/texmf-dist/tex/latex/amsmath/amsbsy.sty
Package: amsbsy 1999/11/29 v1.2d Bold Symbols
\pmbraise@=\dimen117
)
(/usr/local/texlive/2016/texmf-dist/tex/latex/amsmath/amsopn.sty
Package: amsopn 2016/03/08 v2.02 operator names
)
\inf@bad=\count106
LaTeX Info: Redefining \frac on input line 199.
\uproot@=\count107
\leftroot@=\count108
LaTeX Info: Redefining \overline on input line 297.
\classnum@=\count109
\DOTSCASE@=\count110
LaTeX Info: Redefining \ldots on input line 394.
LaTeX Info: Redefining \dots on input line 397.
LaTeX Info: Redefining \cdots on input line 518.
\Mathstrutbox@=\box29
\strutbox@=\box30
\big@size=\dimen118
LaTeX Font Info:    Redeclaring font encoding OML on input line 634.
LaTeX Font Info:    Redeclaring font encoding OMS on input line 635.


Package amsmath Warning: Unable to redefine math accent \vec.

\macc@depth=\count111
\c@MaxMatrixCols=\count112
\dotsspace@=\muskip10
\c@parentequation=\count113
\dspbrk@lvl=\count114
\tag@help=\toks18
\row@=\count115
\column@=\count116
\maxfields@=\count117
\andhelp@=\toks19
\eqnshift@=\dimen119
\alignsep@=\dimen120
\tagshift@=\dimen121
\tagwidth@=\dimen122
\totwidth@=\dimen123
\lineht@=\dimen124
\@envbody=\toks20
\multlinegap=\skip44
\multlinetaggap=\skip45
\mathdisplay@stack=\toks21
LaTeX Info: Redefining \[ on input line 2739.
LaTeX Info: Redefining \] on input line 2740.
) (/usr/local/texlive/2016/texmf-dist/tex/latex/amsfonts/amssymb.sty
Package: amssymb 2013/01/14 v3.01 AMS font symbols

(/usr/local/texlive/2016/texmf-dist/tex/latex/amsfonts/amsfonts.sty
Package: amsfonts 2013/01/14 v3.01 Basic AMSFonts support
\symAMSa=\mathgroup4
\symAMSb=\mathgroup5
LaTeX Font Info:    Overwriting math alphabet `\mathfrak' in version `bold'
(Font)                  U/euf/m/n --> U/euf/b/n on input line 106.
))
(/usr/local/texlive/2016/texmf-dist/tex/latex/url/url.sty
\Urlmuskip=\muskip11
Package: url 2013/09/16  ver 3.4  Verb mode for urls, etc.
)
(/usr/local/texlive/2016/texmf-dist/tex/latex/psnfss/times.sty
Package: times 2005/04/12 PSNFSS-v9.2a (SPQR) 
)
(/usr/local/texlive/2016/texmf-dist/tex/latex/caption/caption.sty
Package: caption 2016/02/21 v3.3-144 Customizing captions (AR)

(/usr/local/texlive/2016/texmf-dist/tex/latex/caption/caption3.sty
Package: caption3 2016/02/04 v1.7-139 caption3 kernel (AR)
Package caption3 Info: TeX engine: e-TeX on input line 67.
\captionmargin=\dimen125
\captionmargin@=\dimen126
\captionwidth=\dimen127
\caption@tempdima=\dimen128
\caption@indent=\dimen129
\caption@parindent=\dimen130
\caption@hangindent=\dimen131
Package caption Info: Unknown document class (or package),
(caption)             standard defaults will be used.
)

Package caption Warning: Unsupported document class (or package) detected,
(caption)                usage of the caption package is not recommended.
See the caption package documentation for explanation.

Package caption Info: \@makecaption = \long macro:#1#2->\captionstyle \ifx \@ca
ptype \fig@type \vskip \figcapgap \fi \setbox \@tempboxa \hbox {{\floatlegendst
yle #1\floatcounterend }\capstrut #2}\ifdim \wd \@tempboxa >\hsize {\floatlegen
dstyle #1\floatcounterend }\capstrut #2\par \else \hbox to\hsize {\leftlegendgl
ue \unhbox \@tempboxa \hfil }\fi \ifx \@captype \fig@type \else \vskip \tabcapg
ap \fi .
\c@ContinuedFloat=\count118
) (/usr/local/texlive/2016/texmf-dist/tex/latex/caption/subcaption.sty
Package: subcaption 2016/02/20 v1.1-142 Sub-captions (AR)
\c@subfigure=\count119
\c@subtable=\count120
)
(/usr/local/texlive/2016/texmf-dist/tex/latex/hyperref/hyperref.sty
Package: hyperref 2016/05/05 v6.83n Hypertext links for LaTeX

(/usr/local/texlive/2016/texmf-dist/tex/generic/oberdiek/hobsub-hyperref.sty
Package: hobsub-hyperref 2016/05/16 v1.14 Bundle oberdiek, subset hyperref (HO)


(/usr/local/texlive/2016/texmf-dist/tex/generic/oberdiek/hobsub-generic.sty
Package: hobsub-generic 2016/05/16 v1.14 Bundle oberdiek, subset generic (HO)
Package: hobsub 2016/05/16 v1.14 Construct package bundles (HO)
Package hobsub Info: Skipping package `infwarerr' (already loaded).
Package hobsub Info: Skipping package `ltxcmds' (already loaded).
Package: ifluatex 2016/05/16 v1.4 Provides the ifluatex switch (HO)
Package ifluatex Info: LuaTeX not detected.
Package: ifvtex 2016/05/16 v1.6 Detect VTeX and its facilities (HO)
Package ifvtex Info: VTeX not detected.
Package: intcalc 2016/05/16 v1.2 Expandable calculations with integers (HO)
Package: ifpdf 2016/05/14 v3.1 Provides the ifpdf switch
Package: etexcmds 2016/05/16 v1.6 Avoid name clashes with e-TeX commands (HO)
Package etexcmds Info: Could not find \expanded.
(etexcmds)             That can mean that you are not using pdfTeX 1.50 or
(etexcmds)             that some package has redefined \expanded.
(etexcmds)             In the latter case, load this package earlier.
Package: kvsetkeys 2016/05/16 v1.17 Key value parser (HO)
Package: kvdefinekeys 2016/05/16 v1.4 Define keys (HO)
Package: pdftexcmds 2016/05/10 v0.21 Utility functions of pdfTeX for LuaTeX (HO
)
Package pdftexcmds Info: LuaTeX not detected.
Package pdftexcmds Info: \pdf@primitive is available.
Package pdftexcmds Info: \pdf@ifprimitive is available.
Package pdftexcmds Info: \pdfdraftmode found.
Package: pdfescape 2016/05/16 v1.14 Implements pdfTeX's escape features (HO)
Package: bigintcalc 2016/05/16 v1.4 Expandable calculations on big integers (HO
)
Package: bitset 2016/05/16 v1.2 Handle bit-vector datatype (HO)
Package: uniquecounter 2016/05/16 v1.3 Provide unlimited unique counter (HO)
)
Package hobsub Info: Skipping package `hobsub' (already loaded).
Package: letltxmacro 2016/05/16 v1.5 Let assignment for LaTeX macros (HO)
Package: hopatch 2016/05/16 v1.3 Wrapper for package hooks (HO)
Package: xcolor-patch 2016/05/16 xcolor patch
Package: atveryend 2016/05/16 v1.9 Hooks at the very end of document (HO)
Package atveryend Info: \enddocument detected (standard20110627).
Package: atbegshi 2016/05/16 v1.17 At begin shipout hook (HO)
Package: refcount 2016/05/16 v3.5 Data extraction from label references (HO)
Package: hycolor 2016/05/16 v1.8 Color options for hyperref/bookmark (HO)
)
(/usr/local/texlive/2016/texmf-dist/tex/generic/ifxetex/ifxetex.sty
Package: ifxetex 2010/09/12 v0.6 Provides ifxetex conditional
)
(/usr/local/texlive/2016/texmf-dist/tex/latex/oberdiek/auxhook.sty
Package: auxhook 2016/05/16 v1.4 Hooks for auxiliary files (HO)
)
(/usr/local/texlive/2016/texmf-dist/tex/latex/oberdiek/kvoptions.sty
Package: kvoptions 2016/05/16 v3.12 Key value format for package options (HO)
)
\@linkdim=\dimen132
\Hy@linkcounter=\count121
\Hy@pagecounter=\count122

(/usr/local/texlive/2016/texmf-dist/tex/latex/hyperref/pd1enc.def
File: pd1enc.def 2016/05/05 v6.83n Hyperref: PDFDocEncoding definition (HO)
)
\Hy@SavedSpaceFactor=\count123

(/usr/local/texlive/2016/texmf-dist/tex/latex/latexconfig/hyperref.cfg
File: hyperref.cfg 2002/06/06 v1.2 hyperref configuration of TeXLive
)
Package hyperref Info: Hyper figures OFF on input line 4446.
Package hyperref Info: Link nesting OFF on input line 4451.
Package hyperref Info: Hyper index ON on input line 4454.
Package hyperref Info: Plain pages OFF on input line 4461.
Package hyperref Info: Backreferencing OFF on input line 4466.
Package hyperref Info: Implicit mode ON; LaTeX internals redefined.
Package hyperref Info: Bookmarks ON on input line 4691.
\c@Hy@tempcnt=\count124
LaTeX Info: Redefining \url on input line 5044.
\XeTeXLinkMargin=\dimen133
\Fld@menulength=\count125
\Field@Width=\dimen134
\Fld@charsize=\dimen135
Package hyperref Info: Hyper figures OFF on input line 6298.
Package hyperref Info: Link nesting OFF on input line 6303.
Package hyperref Info: Hyper index ON on input line 6306.
Package hyperref Info: backreferencing OFF on input line 6313.
Package hyperref Info: Link coloring OFF on input line 6318.
Package hyperref Info: Link coloring with OCG OFF on input line 6323.
Package hyperref Info: PDF/A mode OFF on input line 6328.
LaTeX Info: Redefining \ref on input line 6368.
LaTeX Info: Redefining \pageref on input line 6372.
\Hy@abspage=\count126
\c@Item=\count127
\c@Hfootnote=\count128
)

Package hyperref Message: Driver (autodetected): hpdftex.

(/usr/local/texlive/2016/texmf-dist/tex/latex/hyperref/hpdftex.def
File: hpdftex.def 2016/05/05 v6.83n Hyperref driver for pdfTeX
\Fld@listcount=\count129
\c@bookmark@seq@number=\count130

(/usr/local/texlive/2016/texmf-dist/tex/latex/oberdiek/rerunfilecheck.sty
Package: rerunfilecheck 2016/05/16 v1.8 Rerun checks for auxiliary files (HO)
Package uniquecounter Info: New unique counter `rerunfilecheck' on input line 2
82.
)
\Hy@SectionHShift=\skip46
)
(/usr/local/texlive/2016/texmf-dist/tex/latex/graphics/color.sty
Package: color 2016/05/09 v1.1c Standard LaTeX Color (DPC)

(/usr/local/texlive/2016/texmf-dist/tex/latex/graphics-cfg/color.cfg
File: color.cfg 2016/01/02 v1.6 sample color configuration
)
Package color Info: Driver file: pdftex.def on input line 144.
)
(/usr/local/texlive/2016/texmf-dist/tex/latex/comment/comment.sty
\CommentStream=\write3

Excluding comment 'comment')
(/usr/local/texlive/2016/texmf-dist/tex/latex/curves/curves.sty
Package: curves 2009/08/31 1.53 Curves for LaTeX picture environment
\;sc=\count131
\;scp=\count132
\;t=\count133
\;cc=\count134
\;cnd=\count135
\;mcnd=\count136
\;np=\count137
\;overhang=\count138
\;pbs=\count139
\;pns=\count140
\;psc=\count141
\;rc=\count142
\;rtc=\count143
\;tc=\count144
\csdiameter=\skip47
\curvelength=\skip48
\overhang=\skip49
\;x=\skip50
\;dx=\skip51
\;ddx=\skip52
\;y=\skip53
\;dy=\skip54
\;ddy=\skip55
\;pl=\skip56
\;ucd=\skip57
\;csbox=\box31
\;pt=\box32
\;strline=\toks22
\m;ssingcoord=\toks23
\;negdash=\toks24
\;oddcoord=\toks25
\;wc=\count145
\;X=\skip58
\;Y=\skip59
)
(/usr/local/texlive/2016/texmf-dist/tex/latex/pgfgantt/pgfgantt.sty
Package: pgfgantt 2013/06/01 v4.0 Draw Gantt diagrams with TikZ

(/usr/local/texlive/2016/texmf-dist/tex/latex/pgf/frontendlayer/tikz.sty
(/usr/local/texlive/2016/texmf-dist/tex/latex/pgf/basiclayer/pgf.sty
(/usr/local/texlive/2016/texmf-dist/tex/latex/pgf/utilities/pgfrcs.sty
(/usr/local/texlive/2016/texmf-dist/tex/generic/pgf/utilities/pgfutil-common.te
x
\pgfutil@everybye=\toks26
\pgfutil@tempdima=\dimen136
\pgfutil@tempdimb=\dimen137

(/usr/local/texlive/2016/texmf-dist/tex/generic/pgf/utilities/pgfutil-common-li
sts.tex))
(/usr/local/texlive/2016/texmf-dist/tex/generic/pgf/utilities/pgfutil-latex.def
\pgfutil@abb=\box33
(/usr/local/texlive/2016/texmf-dist/tex/latex/ms/everyshi.sty
Package: everyshi 2001/05/15 v3.00 EveryShipout Package (MS)
))
(/usr/local/texlive/2016/texmf-dist/tex/generic/pgf/utilities/pgfrcs.code.tex
Package: pgfrcs 2015/08/07 v3.0.1a (rcs-revision 1.31)
))
Package: pgf 2015/08/07 v3.0.1a (rcs-revision 1.15)
(/usr/local/texlive/2016/texmf-dist/tex/latex/pgf/basiclayer/pgfcore.sty
(/usr/local/texlive/2016/texmf-dist/tex/latex/pgf/systemlayer/pgfsys.sty
(/usr/local/texlive/2016/texmf-dist/tex/generic/pgf/systemlayer/pgfsys.code.tex
Package: pgfsys 2014/07/09 v3.0.1a (rcs-revision 1.48)
(/usr/local/texlive/2016/texmf-dist/tex/generic/pgf/utilities/pgfkeys.code.tex
\pgfkeys@pathtoks=\toks27
\pgfkeys@temptoks=\toks28

(/usr/local/texlive/2016/texmf-dist/tex/generic/pgf/utilities/pgfkeysfiltered.c
ode.tex
\pgfkeys@tmptoks=\toks29
))
\pgf@x=\dimen138
\pgf@y=\dimen139
\pgf@xa=\dimen140
\pgf@ya=\dimen141
\pgf@xb=\dimen142
\pgf@yb=\dimen143
\pgf@xc=\dimen144
\pgf@yc=\dimen145
\w@pgf@writea=\write4
\r@pgf@reada=\read1
\c@pgf@counta=\count146
\c@pgf@countb=\count147
\c@pgf@countc=\count148
\c@pgf@countd=\count149
\t@pgf@toka=\toks30
\t@pgf@tokb=\toks31
\t@pgf@tokc=\toks32

(/usr/local/texlive/2016/texmf-dist/tex/generic/pgf/systemlayer/pgf.cfg
File: pgf.cfg 2008/05/14  (rcs-revision 1.7)
)
Driver file for pgf: pgfsys-pdftex.def

(/usr/local/texlive/2016/texmf-dist/tex/generic/pgf/systemlayer/pgfsys-pdftex.d
ef
File: pgfsys-pdftex.def 2014/10/11  (rcs-revision 1.35)

(/usr/local/texlive/2016/texmf-dist/tex/generic/pgf/systemlayer/pgfsys-common-p
df.def
File: pgfsys-common-pdf.def 2013/10/10  (rcs-revision 1.13)
)))
(/usr/local/texlive/2016/texmf-dist/tex/generic/pgf/systemlayer/pgfsyssoftpath.
code.tex
File: pgfsyssoftpath.code.tex 2013/09/09  (rcs-revision 1.9)
\pgfsyssoftpath@smallbuffer@items=\count150
\pgfsyssoftpath@bigbuffer@items=\count151
)
(/usr/local/texlive/2016/texmf-dist/tex/generic/pgf/systemlayer/pgfsysprotocol.
code.tex
File: pgfsysprotocol.code.tex 2006/10/16  (rcs-revision 1.4)
)) (/usr/local/texlive/2016/texmf-dist/tex/latex/xcolor/xcolor.sty
Package: xcolor 2016/05/11 v2.12 LaTeX color extensions (UK)

(/usr/local/texlive/2016/texmf-dist/tex/latex/graphics-cfg/color.cfg
File: color.cfg 2016/01/02 v1.6 sample color configuration
)
Package xcolor Info: Driver file: pdftex.def on input line 225.
LaTeX Info: Redefining \color on input line 709.
Package xcolor Info: Model `cmy' substituted by `cmy0' on input line 1348.
Package xcolor Info: Model `hsb' substituted by `rgb' on input line 1352.
Package xcolor Info: Model `RGB' extended on input line 1364.
Package xcolor Info: Model `HTML' substituted by `rgb' on input line 1366.
Package xcolor Info: Model `Hsb' substituted by `hsb' on input line 1367.
Package xcolor Info: Model `tHsb' substituted by `hsb' on input line 1368.
Package xcolor Info: Model `HSB' substituted by `hsb' on input line 1369.
Package xcolor Info: Model `Gray' substituted by `gray' on input line 1370.
Package xcolor Info: Model `wave' substituted by `hsb' on input line 1371.
)
(/usr/local/texlive/2016/texmf-dist/tex/generic/pgf/basiclayer/pgfcore.code.tex
Package: pgfcore 2010/04/11 v3.0.1a (rcs-revision 1.7)
(/usr/local/texlive/2016/texmf-dist/tex/generic/pgf/math/pgfmath.code.tex
(/usr/local/texlive/2016/texmf-dist/tex/generic/pgf/math/pgfmathcalc.code.tex
(/usr/local/texlive/2016/texmf-dist/tex/generic/pgf/math/pgfmathutil.code.tex)
(/usr/local/texlive/2016/texmf-dist/tex/generic/pgf/math/pgfmathparser.code.tex
\pgfmath@dimen=\dimen146
\pgfmath@count=\count152
\pgfmath@box=\box34
\pgfmath@toks=\toks33
\pgfmath@stack@operand=\toks34
\pgfmath@stack@operation=\toks35
)
(/usr/local/texlive/2016/texmf-dist/tex/generic/pgf/math/pgfmathfunctions.code.
tex
(/usr/local/texlive/2016/texmf-dist/tex/generic/pgf/math/pgfmathfunctions.basic
.code.tex)
(/usr/local/texlive/2016/texmf-dist/tex/generic/pgf/math/pgfmathfunctions.trigo
nometric.code.tex)
(/usr/local/texlive/2016/texmf-dist/tex/generic/pgf/math/pgfmathfunctions.rando
m.code.tex)
(/usr/local/texlive/2016/texmf-dist/tex/generic/pgf/math/pgfmathfunctions.compa
rison.code.tex)
(/usr/local/texlive/2016/texmf-dist/tex/generic/pgf/math/pgfmathfunctions.base.
code.tex)
(/usr/local/texlive/2016/texmf-dist/tex/generic/pgf/math/pgfmathfunctions.round
.code.tex)
(/usr/local/texlive/2016/texmf-dist/tex/generic/pgf/math/pgfmathfunctions.misc.
code.tex)
(/usr/local/texlive/2016/texmf-dist/tex/generic/pgf/math/pgfmathfunctions.integ
erarithmetics.code.tex)))
(/usr/local/texlive/2016/texmf-dist/tex/generic/pgf/math/pgfmathfloat.code.tex
\c@pgfmathroundto@lastzeros=\count153
))
(/usr/local/texlive/2016/texmf-dist/tex/generic/pgf/basiclayer/pgfcorepoints.co
de.tex
File: pgfcorepoints.code.tex 2013/10/07  (rcs-revision 1.27)
\pgf@picminx=\dimen147
\pgf@picmaxx=\dimen148
\pgf@picminy=\dimen149
\pgf@picmaxy=\dimen150
\pgf@pathminx=\dimen151
\pgf@pathmaxx=\dimen152
\pgf@pathminy=\dimen153
\pgf@pathmaxy=\dimen154
\pgf@xx=\dimen155
\pgf@xy=\dimen156
\pgf@yx=\dimen157
\pgf@yy=\dimen158
\pgf@zx=\dimen159
\pgf@zy=\dimen160
)
(/usr/local/texlive/2016/texmf-dist/tex/generic/pgf/basiclayer/pgfcorepathconst
ruct.code.tex
File: pgfcorepathconstruct.code.tex 2013/10/07  (rcs-revision 1.29)
\pgf@path@lastx=\dimen161
\pgf@path@lasty=\dimen162
)
(/usr/local/texlive/2016/texmf-dist/tex/generic/pgf/basiclayer/pgfcorepathusage
.code.tex
File: pgfcorepathusage.code.tex 2014/11/02  (rcs-revision 1.24)
\pgf@shorten@end@additional=\dimen163
\pgf@shorten@start@additional=\dimen164
)
(/usr/local/texlive/2016/texmf-dist/tex/generic/pgf/basiclayer/pgfcorescopes.co
de.tex
File: pgfcorescopes.code.tex 2015/05/08  (rcs-revision 1.46)
\pgfpic=\box35
\pgf@hbox=\box36
\pgf@layerbox@main=\box37
\pgf@picture@serial@count=\count154
)
(/usr/local/texlive/2016/texmf-dist/tex/generic/pgf/basiclayer/pgfcoregraphicst
ate.code.tex
File: pgfcoregraphicstate.code.tex 2014/11/02  (rcs-revision 1.12)
\pgflinewidth=\dimen165
)
(/usr/local/texlive/2016/texmf-dist/tex/generic/pgf/basiclayer/pgfcoretransform
ations.code.tex
File: pgfcoretransformations.code.tex 2015/08/07  (rcs-revision 1.20)
\pgf@pt@x=\dimen166
\pgf@pt@y=\dimen167
\pgf@pt@temp=\dimen168
)
(/usr/local/texlive/2016/texmf-dist/tex/generic/pgf/basiclayer/pgfcorequick.cod
e.tex
File: pgfcorequick.code.tex 2008/10/09  (rcs-revision 1.3)
)
(/usr/local/texlive/2016/texmf-dist/tex/generic/pgf/basiclayer/pgfcoreobjects.c
ode.tex
File: pgfcoreobjects.code.tex 2006/10/11  (rcs-revision 1.2)
)
(/usr/local/texlive/2016/texmf-dist/tex/generic/pgf/basiclayer/pgfcorepathproce
ssing.code.tex
File: pgfcorepathprocessing.code.tex 2013/09/09  (rcs-revision 1.9)
)
(/usr/local/texlive/2016/texmf-dist/tex/generic/pgf/basiclayer/pgfcorearrows.co
de.tex
File: pgfcorearrows.code.tex 2015/05/14  (rcs-revision 1.43)
\pgfarrowsep=\dimen169
)
(/usr/local/texlive/2016/texmf-dist/tex/generic/pgf/basiclayer/pgfcoreshade.cod
e.tex
File: pgfcoreshade.code.tex 2013/07/15  (rcs-revision 1.15)
\pgf@max=\dimen170
\pgf@sys@shading@range@num=\count155
)
(/usr/local/texlive/2016/texmf-dist/tex/generic/pgf/basiclayer/pgfcoreimage.cod
e.tex
File: pgfcoreimage.code.tex 2013/07/15  (rcs-revision 1.18)

(/usr/local/texlive/2016/texmf-dist/tex/generic/pgf/basiclayer/pgfcoreexternal.
code.tex
File: pgfcoreexternal.code.tex 2014/07/09  (rcs-revision 1.21)
\pgfexternal@startupbox=\box38
))
(/usr/local/texlive/2016/texmf-dist/tex/generic/pgf/basiclayer/pgfcorelayers.co
de.tex
File: pgfcorelayers.code.tex 2013/07/18  (rcs-revision 1.7)
)
(/usr/local/texlive/2016/texmf-dist/tex/generic/pgf/basiclayer/pgfcoretranspare
ncy.code.tex
File: pgfcoretransparency.code.tex 2013/09/30  (rcs-revision 1.5)
)
(/usr/local/texlive/2016/texmf-dist/tex/generic/pgf/basiclayer/pgfcorepatterns.
code.tex
File: pgfcorepatterns.code.tex 2013/11/07  (rcs-revision 1.5)
)))
(/usr/local/texlive/2016/texmf-dist/tex/generic/pgf/modules/pgfmoduleshapes.cod
e.tex
File: pgfmoduleshapes.code.tex 2014/03/21  (rcs-revision 1.35)
\pgfnodeparttextbox=\box39
)
(/usr/local/texlive/2016/texmf-dist/tex/generic/pgf/modules/pgfmoduleplot.code.
tex
File: pgfmoduleplot.code.tex 2015/08/03  (rcs-revision 1.13)
)
(/usr/local/texlive/2016/texmf-dist/tex/latex/pgf/compatibility/pgfcomp-version
-0-65.sty
Package: pgfcomp-version-0-65 2007/07/03 v3.0.1a (rcs-revision 1.7)
\pgf@nodesepstart=\dimen171
\pgf@nodesepend=\dimen172
)
(/usr/local/texlive/2016/texmf-dist/tex/latex/pgf/compatibility/pgfcomp-version
-1-18.sty
Package: pgfcomp-version-1-18 2007/07/23 v3.0.1a (rcs-revision 1.1)
))
(/usr/local/texlive/2016/texmf-dist/tex/latex/pgf/utilities/pgffor.sty
(/usr/local/texlive/2016/texmf-dist/tex/latex/pgf/utilities/pgfkeys.sty
(/usr/local/texlive/2016/texmf-dist/tex/generic/pgf/utilities/pgfkeys.code.tex)
) (/usr/local/texlive/2016/texmf-dist/tex/latex/pgf/math/pgfmath.sty
(/usr/local/texlive/2016/texmf-dist/tex/generic/pgf/math/pgfmath.code.tex))
(/usr/local/texlive/2016/texmf-dist/tex/generic/pgf/utilities/pgffor.code.tex
Package: pgffor 2013/12/13 v3.0.1a (rcs-revision 1.25)

(/usr/local/texlive/2016/texmf-dist/tex/generic/pgf/math/pgfmath.code.tex)
\pgffor@iter=\dimen173
\pgffor@skip=\dimen174
\pgffor@stack=\toks36
\pgffor@toks=\toks37
))
(/usr/local/texlive/2016/texmf-dist/tex/generic/pgf/frontendlayer/tikz/tikz.cod
e.tex
Package: tikz 2015/08/07 v3.0.1a (rcs-revision 1.151)

(/usr/local/texlive/2016/texmf-dist/tex/generic/pgf/libraries/pgflibraryplothan
dlers.code.tex
File: pgflibraryplothandlers.code.tex 2013/08/31 v3.0.1a (rcs-revision 1.20)
\pgf@plot@mark@count=\count156
\pgfplotmarksize=\dimen175
)
\tikz@lastx=\dimen176
\tikz@lasty=\dimen177
\tikz@lastxsaved=\dimen178
\tikz@lastysaved=\dimen179
\tikzleveldistance=\dimen180
\tikzsiblingdistance=\dimen181
\tikz@figbox=\box40
\tikz@figbox@bg=\box41
\tikz@tempbox=\box42
\tikz@tempbox@bg=\box43
\tikztreelevel=\count157
\tikznumberofchildren=\count158
\tikznumberofcurrentchild=\count159
\tikz@fig@count=\count160

(/usr/local/texlive/2016/texmf-dist/tex/generic/pgf/modules/pgfmodulematrix.cod
e.tex
File: pgfmodulematrix.code.tex 2013/09/17  (rcs-revision 1.8)
\pgfmatrixcurrentrow=\count161
\pgfmatrixcurrentcolumn=\count162
\pgf@matrix@numberofcolumns=\count163
)
\tikz@expandcount=\count164

(/usr/local/texlive/2016/texmf-dist/tex/generic/pgf/frontendlayer/tikz/librarie
s/tikzlibrarytopaths.code.tex
File: tikzlibrarytopaths.code.tex 2008/06/17 v3.0.1a (rcs-revision 1.2)
)))
(/usr/local/texlive/2016/texmf-dist/tex/generic/pgf/frontendlayer/tikz/librarie
s/tikzlibraryarrows.code.tex
File: tikzlibraryarrows.code.tex 2008/01/09 v3.0.1a (rcs-revision 1.1)

(/usr/local/texlive/2016/texmf-dist/tex/generic/pgf/libraries/pgflibraryarrows.
code.tex
File: pgflibraryarrows.code.tex 2013/09/23 v3.0.1a (rcs-revision 1.16)
\arrowsize=\dimen182
))
(/usr/local/texlive/2016/texmf-dist/tex/generic/pgf/frontendlayer/tikz/librarie
s/tikzlibrarybackgrounds.code.tex
File: tikzlibrarybackgrounds.code.tex 2013/07/18 v3.0.1a (rcs-revision 1.3)
\pgf@layerbox@background=\box44
\pgf@layerboxsaved@background=\box45
)
(/usr/local/texlive/2016/texmf-dist/tex/generic/pgf/frontendlayer/tikz/librarie
s/tikzlibrarycalc.code.tex
File: tikzlibrarycalc.code.tex 2013/07/15 v3.0.1a (rcs-revision 1.9)
)
(/usr/local/texlive/2016/texmf-dist/tex/generic/pgf/frontendlayer/tikz/librarie
s/tikzlibrarypatterns.code.tex
File: tikzlibrarypatterns.code.tex 2008/01/15 v3.0.1a (rcs-revision 1.2)

(/usr/local/texlive/2016/texmf-dist/tex/generic/pgf/libraries/pgflibrarypattern
s.code.tex
File: pgflibrarypatterns.code.tex 2008/03/03 v3.0.1a (rcs-revision 1.13)
))
(/usr/local/texlive/2016/texmf-dist/tex/generic/pgf/frontendlayer/tikz/librarie
s/tikzlibrarypositioning.code.tex
File: tikzlibrarypositioning.code.tex 2008/10/06 v3.0.1a (rcs-revision 1.7)
)
(/usr/local/texlive/2016/texmf-dist/tex/generic/pgf/frontendlayer/tikz/librarie
s/tikzlibraryshapes.geometric.code.tex
File: tikzlibraryshapes.geometric.code.tex 2008/01/09 v3.0.1a (rcs-revision 1.1
)

(/usr/local/texlive/2016/texmf-dist/tex/generic/pgf/libraries/shapes/pgflibrary
shapes.geometric.code.tex
File: pgflibraryshapes.geometric.code.tex 2008/06/26 v3.0.1a (rcs-revision 1.1)

))
(/usr/local/texlive/2016/texmf-dist/tex/latex/pgf/utilities/pgfcalendar.sty
(/usr/local/texlive/2016/texmf-dist/tex/generic/pgf/utilities/pgfcalendar.code.
tex
File: pgfcalendar.code.tex 2007/07/23 v3.0.1a (rcs-revision 1.11)
\pgfcalendarcurrentjulian=\count165
))
\gtt@currentline=\count166
\gtt@lasttitleline=\count167
\gtt@currgrid=\count168
\gtt@chartwidth=\count169
\gtt@lasttitleslot=\count170
\gtt@elementid=\count171
\gtt@today@slot=\count172
\gtt@startjulian=\count173
\gtt@endjulian=\count174
\gtt@calendar@slots=\count175
\gtt@calendar@weeknumber=\count176
\gtt@calendar@startofweek=\count177
\gtt@left@slot=\count178
\gtt@right@slot=\count179
)
(/usr/local/texlive/2016/texmf-dist/tex/latex/algorithm2e/algorithm2e.sty
Package: algorithm2e 2013/01/06 v5.00 algorithms environments
\c@AlgoLine=\count180

(/usr/local/texlive/2016/texmf-dist/tex/latex/base/ifthen.sty
Package: ifthen 2014/09/29 v1.1c Standard LaTeX ifthen package (DPC)
)
\algocf@hangindent=\skip60

(/usr/local/texlive/2016/texmf-dist/tex/latex/tools/xspace.sty
Package: xspace 2014/10/28 v1.13 Space after command names (DPC,MH)
)
(/usr/local/texlive/2016/texmf-dist/tex/latex/relsize/relsize.sty
Package: relsize 2013/03/29 ver 4.1
)
********************************************************
Package `algorithm2e' Release 5.1 -- october 19 2015 --
- algorithm2e-announce@lirmm.fr mailing list for announcement about releases
- algorithm2e-discussion@lirmm.fr mailing list for discussion about package
subscribe by emailing sympa@lirmm.fr with 'subscribe <list> <firstname name>'
- Author: Christophe Fiorio (christophe.fiorio@umontpellier.fr)
********************************************************
\skiptotal=\skip61
\skiplinenumber=\skip62
\skiprule=\skip63
\skiphlne=\skip64
\skiptext=\skip65
\skiplength=\skip66
\algomargin=\skip67
\skipalgocfslide=\skip68
\algowidth=\dimen183
\inoutsize=\dimen184
\inoutindent=\dimen185
\interspacetitleruled=\dimen186
\interspacealgoruled=\dimen187
\interspacetitleboxruled=\dimen188
\algocf@ruledwidth=\skip69
\algocf@inoutbox=\box46
\algocf@inputbox=\box47
\AlCapSkip=\skip70
\AlCapHSkip=\skip71
\algoskipindent=\skip72
\algocf@nlbox=\box48
\algocf@hangingbox=\box49
\algocf@untilbox=\box50
\algocf@skipuntil=\skip73
\algocf@capbox=\box51
\algoheightruledefault=\skip74
\algoheightrule=\skip75
\algotitleheightruledefault=\skip76
\algotitleheightrule=\skip77
\c@algocfline=\count181
\c@algocfproc=\count182
\c@algocf=\count183
\algocf@algoframe=\box52
\algocf@algobox=\box53
)
\c@prop=\count184
 (./JINT18.aux

LaTeX Warning: Label `fig:DegradeExamples' multiply defined.

)
\openout1 = `JINT18.aux'.

LaTeX Font Info:    Checking defaults for OML/cmm/m/it on input line 78.
LaTeX Font Info:    ... okay on input line 78.
LaTeX Font Info:    Checking defaults for T1/cmr/m/n on input line 78.
LaTeX Font Info:    ... okay on input line 78.
LaTeX Font Info:    Checking defaults for OT1/cmr/m/n on input line 78.
LaTeX Font Info:    ... okay on input line 78.
LaTeX Font Info:    Checking defaults for OMS/cmsy/m/n on input line 78.
LaTeX Font Info:    ... okay on input line 78.
LaTeX Font Info:    Checking defaults for OMX/cmex/m/n on input line 78.
LaTeX Font Info:    ... okay on input line 78.
LaTeX Font Info:    Checking defaults for U/cmr/m/n on input line 78.
LaTeX Font Info:    ... okay on input line 78.
LaTeX Font Info:    Checking defaults for TS1/cmr/m/n on input line 78.
LaTeX Font Info:    ... okay on input line 78.
LaTeX Font Info:    Checking defaults for PD1/pdf/m/n on input line 78.
LaTeX Font Info:    ... okay on input line 78.
LaTeX Font Info:    Try loading font information for OT1+ptm on input line 78.
 (/usr/local/texlive/2016/texmf-dist/tex/latex/psnfss/ot1ptm.fd
File: ot1ptm.fd 2001/06/04 font definitions for OT1/ptm.
)
(/usr/local/texlive/2016/texmf-dist/tex/context/base/mkii/supp-pdf.mkii
[Loading MPS to PDF converter (version 2006.09.02).]
\scratchcounter=\count185
\scratchdimen=\dimen189
\scratchbox=\box54
\nofMPsegments=\count186
\nofMParguments=\count187
\everyMPshowfont=\toks38
\MPscratchCnt=\count188
\MPscratchDim=\dimen190
\MPnumerator=\count189
\makeMPintoPDFobject=\count190
\everyMPtoPDFconversion=\toks39
) (/usr/local/texlive/2016/texmf-dist/tex/latex/oberdiek/epstopdf-base.sty
Package: epstopdf-base 2016/05/15 v2.6 Base part for package epstopdf

(/usr/local/texlive/2016/texmf-dist/tex/latex/oberdiek/grfext.sty
Package: grfext 2016/05/16 v1.2 Manage graphics extensions (HO)
)
Package grfext Info: Graphics extension search list:
(grfext)             [.png,.pdf,.jpg,.mps,.jpeg,.jbig2,.jb2,.PNG,.PDF,.JPG,.JPE
G,.JBIG2,.JB2,.eps]
(grfext)             \AppendGraphicsExtensions on input line 456.

(/usr/local/texlive/2016/texmf-dist/tex/latex/latexconfig/epstopdf-sys.cfg
File: epstopdf-sys.cfg 2010/07/13 v1.3 Configuration of (r)epstopdf for TeX Liv
e
))
Package caption Info: Begin \AtBeginDocument code.
Package caption Info: hyperref package is loaded.
Package caption Info: End \AtBeginDocument code.
\AtBeginShipoutBox=\box55
Package hyperref Info: Link coloring OFF on input line 78.

(/usr/local/texlive/2016/texmf-dist/tex/latex/hyperref/nameref.sty
Package: nameref 2012/10/27 v2.43 Cross-referencing by name of section

(/usr/local/texlive/2016/texmf-dist/tex/generic/oberdiek/gettitlestring.sty
Package: gettitlestring 2016/05/16 v1.5 Cleanup title references (HO)
)
\c@section@level=\count191
)
LaTeX Info: Redefining \ref on input line 78.
LaTeX Info: Redefining \pageref on input line 78.
LaTeX Info: Redefining \nameref on input line 78.

(./JINT18.out) (./JINT18.out)
\@outlinefile=\write5
\openout5 = `JINT18.out'.

 ABD: EveryShipout initializing macros
LaTeX Font Info:    Font shape `OT1/ptm/bx/n' in size <10> not available
(Font)              Font shape `OT1/ptm/b/n' tried instead on input line 143.
LaTeX Font Info:    Font shape `OT1/ptm/bx/n' in size <13> not available
(Font)              Font shape `OT1/ptm/b/n' tried instead on input line 143.
LaTeX Font Info:    Try loading font information for U+msa on input line 143.

(/usr/local/texlive/2016/texmf-dist/tex/latex/amsfonts/umsa.fd
File: umsa.fd 2013/01/14 v3.01 AMS symbols A
)
LaTeX Font Info:    Try loading font information for U+msb on input line 143.

(/usr/local/texlive/2016/texmf-dist/tex/latex/amsfonts/umsb.fd
File: umsb.fd 2013/01/14 v3.01 AMS symbols B
)
LaTeX Font Info:    Try loading font information for OMS+ptm on input line 143.


(/usr/local/texlive/2016/texmf-dist/tex/latex/psnfss/omsptm.fd
File: omsptm.fd 
)
LaTeX Font Info:    Font shape `OMS/ptm/m/n' in size <8> not available
(Font)              Font shape `OMS/cmsy/m/n' tried instead on input line 143.
 [1{/usr/local/texlive/2016/texmf-var/fonts/map/pdftex/updmap/pdftex.map}] [2] 
[3] [4] [5]
Underfull \hbox (badness 1292) in paragraph at lines 233--235
\OT1/cmr/m/n/10 1$ \OT1/ptm/m/n/10 for con-ve-nience, and the for-ward sen-sor 
model max-i-mum read-ing case is
 []

[6] [7] [8] [9] <../../Fig/NonZeroBump.pdf, id=238, 562.1pt x 421.575pt>
File: ../../Fig/NonZeroBump.pdf Graphic file (type pdf)

<use ../../Fig/NonZeroBump.pdf>
Package pdftex.def Info: ../../Fig/NonZeroBump.pdf used on input line 367.
(pdftex.def)             Requested size: 304.19794pt x 228.14885pt.
 [10] [11 <../../Fig/NonZeroBump.pdf>] [12]
LaTeX Font Info:    Font shape `OT1/ptm/bx/n' in size <8> not available
(Font)              Font shape `OT1/ptm/b/n' tried instead on input line 438.
LaTeX Font Info:    Font shape `OT1/ptm/bx/n' in size <5> not available
(Font)              Font shape `OT1/ptm/b/n' tried instead on input line 438.
LaTeX Font Info:    Font shape `OT1/ptm/bx/n' in size <5.55556> not available
(Font)              Font shape `OT1/ptm/b/n' tried instead on input line 438.

[13] [14]
<../../Fig/markov_diagram_continuous.pdf, id=334, 426.07883pt x 77.7826pt>
File: ../../Fig/markov_diagram_continuous.pdf Graphic file (type pdf)

<use ../../Fig/markov_diagram_continuous.pdf>
Package pdftex.def Info: ../../Fig/markov_diagram_continuous.pdf used on input 
line 563.
(pdftex.def)             Requested size: 338.0pt x 61.70511pt.

<../../Fig/DegradeExamples.pdf, id=338, 562.1pt x 421.575pt>
File: ../../Fig/DegradeExamples.pdf Graphic file (type pdf)

<use ../../Fig/DegradeExamples.pdf>
Package pdftex.def Info: ../../Fig/DegradeExamples.pdf used on input line 572.
(pdftex.def)             Requested size: 338.0pt x 253.50015pt.
 [15 <../../Fig/markov_diagram_continuous.pdf>] [16 <../../Fig/DegradeExamples.
pdf>]
<../../Fig/experiment_north.jpg, id=403, 1280.785pt x 522.95375pt>
File: ../../Fig/experiment_north.jpg Graphic file (type jpg)

<use ../../Fig/experiment_north.jpg>
Package pdftex.def Info: ../../Fig/experiment_north.jpg used on input line 598.

(pdftex.def)             Requested size: 321.09897pt x 131.10518pt.

<../../Fig/experiment_south.jpg, id=404, 1281.78876pt x 526.96875pt>
File: ../../Fig/experiment_south.jpg Graphic file (type jpg)

<use ../../Fig/experiment_south.jpg>
Package pdftex.def Info: ../../Fig/experiment_south.jpg used on input line 604.

(pdftex.def)             Requested size: 321.09897pt x 132.0072pt.
 [17 <../../Fig/experiment_north.jpg> <../../Fig/experiment_south.jpg>]
<../../Fig/quad_top.png, id=422, 1401.235pt x 782.925pt>
File: ../../Fig/quad_top.png Graphic file (type png)

<use ../../Fig/quad_top.png>
Package pdftex.def Info: ../../Fig/quad_top.png used on input line 642.
(pdftex.def)             Requested size: 148.72083pt x 83.08762pt.

<../../Fig/quad_bottom.png, id=424, 1383.1675pt x 775.89874pt>
File: ../../Fig/quad_bottom.png Graphic file (type png)

<use ../../Fig/quad_bottom.png>
Package pdftex.def Info: ../../Fig/quad_bottom.png used on input line 648.
(pdftex.def)             Requested size: 148.72083pt x 83.41933pt.
 [18]
<../../Fig/experiment_ogm3D_0min.jpg, id=447, 1277.77374pt x 536.0025pt>
File: ../../Fig/experiment_ogm3D_0min.jpg Graphic file (type jpg)

<use ../../Fig/experiment_ogm3D_0min.jpg>
Package pdftex.def Info: ../../Fig/experiment_ogm3D_0min.jpg used on input line
 674.
(pdftex.def)             Requested size: 321.09897pt x 134.69548pt.

<../../Fig/experiment_ogm3D_1min.jpg, id=448, 1279.78125pt x 533.995pt>
File: ../../Fig/experiment_ogm3D_1min.jpg Graphic file (type jpg)

<use ../../Fig/experiment_ogm3D_1min.jpg>
Package pdftex.def Info: ../../Fig/experiment_ogm3D_1min.jpg used on input line
 680.
(pdftex.def)             Requested size: 321.09897pt x 133.97916pt.

<../../Fig/experiment_ogm3D_2min.jpg, id=449, 1278.7775pt x 534.99875pt>
File: ../../Fig/experiment_ogm3D_2min.jpg Graphic file (type jpg)

<use ../../Fig/experiment_ogm3D_2min.jpg>
Package pdftex.def Info: ../../Fig/experiment_ogm3D_2min.jpg used on input line
 686.
(pdftex.def)             Requested size: 321.09897pt x 134.33711pt.

<../../Fig/experiment_ogm3D_2min47sec.jpg, id=450, 1276.77pt x 534.99875pt>
File: ../../Fig/experiment_ogm3D_2min47sec.jpg Graphic file (type jpg)

<use ../../Fig/experiment_ogm3D_2min47sec.jpg>
Package pdftex.def Info: ../../Fig/experiment_ogm3D_2min47sec.jpg used on input
 line 692.
(pdftex.def)             Requested size: 321.09897pt x 134.54936pt.


LaTeX Warning: Float too large for page by 125.47548pt on input line 697.

<../../Fig/experiment_0min_2D.jpg, id=451, 643.40375pt x 526.96875pt>
File: ../../Fig/experiment_0min_2D.jpg Graphic file (type jpg)

<use ../../Fig/experiment_0min_2D.jpg>
Package pdftex.def Info: ../../Fig/experiment_0min_2D.jpg used on input line 70
3.
(pdftex.def)             Requested size: 148.72083pt x 121.80331pt.

<../../Fig/experiment_1min_2D.jpg, id=452, 640.3925pt x 525.965pt>
File: ../../Fig/experiment_1min_2D.jpg Graphic file (type jpg)

<use ../../Fig/experiment_1min_2D.jpg>
Package pdftex.def Info: ../../Fig/experiment_1min_2D.jpg used on input line 70
8.
(pdftex.def)             Requested size: 148.72083pt x 122.14113pt.

<../../Fig/experiment_2min_2D.jpg, id=453, 642.4pt x 525.965pt>
File: ../../Fig/experiment_2min_2D.jpg Graphic file (type jpg)

<use ../../Fig/experiment_2min_2D.jpg>
Package pdftex.def Info: ../../Fig/experiment_2min_2D.jpg used on input line 71
3.
(pdftex.def)             Requested size: 148.72083pt x 121.76393pt.

<../../Fig/experiment_2min47sec_2D_labeled.jpeg, id=454, 641.39626pt x 526.9687
5pt>
File: ../../Fig/experiment_2min47sec_2D_labeled.jpeg Graphic file (type jpg)
 <use ../../Fig/experiment_2min47sec_2D_labeled.jpeg>
Package pdftex.def Info: ../../Fig/experiment_2min47sec_2D_labeled.jpeg used on
 input line 718.
(pdftex.def)             Requested size: 148.72083pt x 122.18124pt.

<../../Fig/entropy_experiment_aspect3by1.png, id=455, 518.93875pt x 247.92625pt
>
File: ../../Fig/entropy_experiment_aspect3by1.png Graphic file (type png)
 <use ../../Fig/entropy_experiment_aspect3by1.png>
Package pdftex.def Info: ../../Fig/entropy_experiment_aspect3by1.png used on in
put line 727.
(pdftex.def)             Requested size: 287.30206pt x 137.26778pt.
 [19 <../../Fig/quad_top.png> <../../Fig/quad_bottom.png>] [20]
<../../Fig/SEH_cropped.png, id=476, 731.73375pt x 835.12pt>
File: ../../Fig/SEH_cropped.png Graphic file (type png)

<use ../../Fig/SEH_cropped.png>
Package pdftex.def Info: ../../Fig/SEH_cropped.png used on input line 757.
(pdftex.def)             Requested size: 135.19794pt x 154.2909pt.

<../../Fig/gazeboSEH.png, id=477, 701.62125pt x 710.655pt>
File: ../../Fig/gazeboSEH.png Graphic file (type png)

<use ../../Fig/gazeboSEH.png>
Package pdftex.def Info: ../../Fig/gazeboSEH.png used on input line 763.
(pdftex.def)             Requested size: 135.19794pt x 136.93434pt.

<../../Fig/Patrol_Split_Screen_1min.jpg, id=481, 1927.2pt x 1084.05pt>
File: ../../Fig/Patrol_Split_Screen_1min.jpg Graphic file (type jpg)

<use ../../Fig/Patrol_Split_Screen_1min.jpg>
Package pdftex.def Info: ../../Fig/Patrol_Split_Screen_1min.jpg used on input l
ine 779.
(pdftex.def)             Requested size: 128.44165pt x 149.49982pt.

<../../Fig/Patrol_Split_Screen_3min.jpg, id=483, 1927.2pt x 1084.05pt>
File: ../../Fig/Patrol_Split_Screen_3min.jpg Graphic file (type jpg)

<use ../../Fig/Patrol_Split_Screen_3min.jpg>
Package pdftex.def Info: ../../Fig/Patrol_Split_Screen_3min.jpg used on input l
ine 786.
(pdftex.def)             Requested size: 128.44165pt x 149.49982pt.

<../../Fig/Patrol_Split_Screen_5min.jpg, id=485, 1927.2pt x 1084.05pt>
File: ../../Fig/Patrol_Split_Screen_5min.jpg Graphic file (type jpg)

<use ../../Fig/Patrol_Split_Screen_5min.jpg>
Package pdftex.def Info: ../../Fig/Patrol_Split_Screen_5min.jpg used on input l
ine 792.
(pdftex.def)             Requested size: 128.44165pt x 149.49982pt.

<../../Fig/Patrol_Split_Screen_7min.jpg, id=487, 1927.2pt x 1084.05pt>
File: ../../Fig/Patrol_Split_Screen_7min.jpg Graphic file (type jpg)

<use ../../Fig/Patrol_Split_Screen_7min.jpg>
Package pdftex.def Info: ../../Fig/Patrol_Split_Screen_7min.jpg used on input l
ine 799.
(pdftex.def)             Requested size: 128.44165pt x 149.49982pt.

<../../Fig/Patrol_Split_Screen_9min.jpg, id=489, 1927.2pt x 1084.05pt>
File: ../../Fig/Patrol_Split_Screen_9min.jpg Graphic file (type jpg)

<use ../../Fig/Patrol_Split_Screen_9min.jpg>
Package pdftex.def Info: ../../Fig/Patrol_Split_Screen_9min.jpg used on input l
ine 805.
(pdftex.def)             Requested size: 128.44165pt x 149.49982pt.

<../../Fig/Patrol_Split_Screen_11min.jpg, id=491, 1927.2pt x 1084.05pt>
File: ../../Fig/Patrol_Split_Screen_11min.jpg Graphic file (type jpg)

<use ../../Fig/Patrol_Split_Screen_11min.jpg>
Package pdftex.def Info: ../../Fig/Patrol_Split_Screen_11min.jpg used on input 
line 812.
(pdftex.def)             Requested size: 128.44165pt x 149.49982pt.

<../../Fig/Patrol_Split_Screen_13min.jpg, id=493, 1927.2pt x 1084.05pt>
File: ../../Fig/Patrol_Split_Screen_13min.jpg Graphic file (type jpg)

<use ../../Fig/Patrol_Split_Screen_13min.jpg>
Package pdftex.def Info: ../../Fig/Patrol_Split_Screen_13min.jpg used on input 
line 818.
(pdftex.def)             Requested size: 128.44165pt x 149.49982pt.

<../../Fig/Patrol_Split_Screen_15min.jpg, id=495, 1927.2pt x 1084.05pt>
File: ../../Fig/Patrol_Split_Screen_15min.jpg Graphic file (type jpg)

<use ../../Fig/Patrol_Split_Screen_15min.jpg>
Package pdftex.def Info: ../../Fig/Patrol_Split_Screen_15min.jpg used on input 
line 825.
(pdftex.def)             Requested size: 128.44165pt x 149.49982pt.


LaTeX Warning: Float too large for page by 182.70581pt on input line 831.

File: ../../Fig/Patrol_Split_Screen_1min.jpg Graphic file (type jpg)
<use ../../Fig/Patrol_Split_Screen_1min.jpg>
Package pdftex.def Info: ../../Fig/Patrol_Split_Screen_1min.jpg used on input l
ine 837.
(pdftex.def)             Requested size: 128.44165pt x 149.49982pt.
File: ../../Fig/Patrol_Split_Screen_3min.jpg Graphic file (type jpg)

<use ../../Fig/Patrol_Split_Screen_3min.jpg>
Package pdftex.def Info: ../../Fig/Patrol_Split_Screen_3min.jpg used on input l
ine 844.
(pdftex.def)             Requested size: 128.44165pt x 149.49982pt.
File: ../../Fig/Patrol_Split_Screen_5min.jpg Graphic file (type jpg)

<use ../../Fig/Patrol_Split_Screen_5min.jpg>
Package pdftex.def Info: ../../Fig/Patrol_Split_Screen_5min.jpg used on input l
ine 850.
(pdftex.def)             Requested size: 128.44165pt x 149.49982pt.
File: ../../Fig/Patrol_Split_Screen_7min.jpg Graphic file (type jpg)

<use ../../Fig/Patrol_Split_Screen_7min.jpg>
Package pdftex.def Info: ../../Fig/Patrol_Split_Screen_7min.jpg used on input l
ine 857.
(pdftex.def)             Requested size: 128.44165pt x 149.49982pt.
File: ../../Fig/Patrol_Split_Screen_9min.jpg Graphic file (type jpg)

<use ../../Fig/Patrol_Split_Screen_9min.jpg>
Package pdftex.def Info: ../../Fig/Patrol_Split_Screen_9min.jpg used on input l
ine 863.
(pdftex.def)             Requested size: 128.44165pt x 149.49982pt.
File: ../../Fig/Patrol_Split_Screen_11min.jpg Graphic file (type jpg)

<use ../../Fig/Patrol_Split_Screen_11min.jpg>
Package pdftex.def Info: ../../Fig/Patrol_Split_Screen_11min.jpg used on input 
line 870.
(pdftex.def)             Requested size: 128.44165pt x 149.49982pt.
File: ../../Fig/Patrol_Split_Screen_13min.jpg Graphic file (type jpg)

<use ../../Fig/Patrol_Split_Screen_13min.jpg>
Package pdftex.def Info: ../../Fig/Patrol_Split_Screen_13min.jpg used on input 
line 876.
(pdftex.def)             Requested size: 128.44165pt x 149.49982pt.
File: ../../Fig/Patrol_Split_Screen_15min.jpg Graphic file (type jpg)

<use ../../Fig/Patrol_Split_Screen_15min.jpg>
Package pdftex.def Info: ../../Fig/Patrol_Split_Screen_15min.jpg used on input 
line 883.
(pdftex.def)             Requested size: 128.44165pt x 149.49982pt.


LaTeX Warning: Float too large for page by 194.70581pt on input line 889.

<../../Fig/entropy_patrol_9minSwitch.pdf, id=506, 562.1pt x 421.575pt>
File: ../../Fig/entropy_patrol_9minSwitch.pdf Graphic file (type pdf)

<use ../../Fig/entropy_patrol_9minSwitch.pdf>
Package pdftex.def Info: ../../Fig/entropy_patrol_9minSwitch.pdf used on input 
line 897.
(pdftex.def)             Requested size: 338.0pt x 253.50015pt.
 [21]
<../../Fig/evade_15sec.jpg, id=519, 1927.2pt x 1084.05pt>
File: ../../Fig/evade_15sec.jpg Graphic file (type jpg)

<use ../../Fig/evade_15sec.jpg>
Package pdftex.def Info: ../../Fig/evade_15sec.jpg used on input line 910.
(pdftex.def)             Requested size: 101.40103pt x 51.61894pt.

<../../Fig/evade_16sec.jpg, id=521, 1927.2pt x 1084.05pt>
File: ../../Fig/evade_16sec.jpg Graphic file (type jpg)

<use ../../Fig/evade_16sec.jpg>
Package pdftex.def Info: ../../Fig/evade_16sec.jpg used on input line 916.
(pdftex.def)             Requested size: 101.40103pt x 51.61894pt.

<../../Fig/evade_17sec.jpg, id=523, 1927.2pt x 1084.05pt>
File: ../../Fig/evade_17sec.jpg Graphic file (type jpg)

<use ../../Fig/evade_17sec.jpg>
Package pdftex.def Info: ../../Fig/evade_17sec.jpg used on input line 922.
(pdftex.def)             Requested size: 101.40103pt x 51.61894pt.
 (./JINT18.bbl [22]
Underfull \hbox (badness 1655) in paragraph at lines 103--106
[]\OT1/ptm/m/n/8 C. Stach-niss, G. Grisetti, and W. Bur-gard, ``In-for-ma-tion 
gain-based ex-plo-ration us-ing Rao-
 []

[23]) [24]
Package atveryend Info: Empty hook `BeforeClearDocument' on input line 973.
 [25 <../../Fig/experiment_ogm3D_0min.jpg> <../../Fig/experiment_ogm3D_1min.jpg
> <../../Fig/experiment_ogm3D_2min.jpg> <../../Fig/experiment_ogm3D_2min47sec.j
pg>] [26 <../../Fig/experiment_0min_2D.jpg> <../../Fig/experiment_1min_2D.jpg> 
<../../Fig/experiment_2min_2D.jpg> <../../Fig/experiment_2min47sec_2D_labeled.j
peg> <../../Fig/entropy_experiment_aspect3by1.png>] [27 <../../Fig/SEH_cropped.
png> <../../Fig/gazeboSEH.png>] [28 <../../Fig/Patrol_Split_Screen_1min.jpg> <.
./../Fig/Patrol_Split_Screen_3min.jpg> <../../Fig/Patrol_Split_Screen_5min.jpg>
 <../../Fig/Patrol_Split_Screen_7min.jpg> <../../Fig/Patrol_Split_Screen_9min.j
pg> <../../Fig/Patrol_Split_Screen_11min.jpg> <../../Fig/Patrol_Split_Screen_13
min.jpg> <../../Fig/Patrol_Split_Screen_15min.jpg>] [29] [30 <../../Fig/evade_1
5sec.jpg> <../../Fig/evade_16sec.jpg> <../../Fig/evade_17sec.jpg> <../../Fig/en
tropy_patrol_9minSwitch.pdf>]
Package atveryend Info: Empty hook `AfterLastShipout' on input line 973.
 (./JINT18.aux)
Package atveryend Info: Executing hook `AtVeryEndDocument' on input line 973.
Package atveryend Info: Executing hook `AtEndAfterFileList' on input line 973.
Package rerunfilecheck Info: File `JINT18.out' has not changed.
(rerunfilecheck)             Checksum: 9D4485A0D028C1414243EE3C616311BC;517.


LaTeX Warning: There were multiply-defined labels.

Package atveryend Info: Empty hook `AtVeryVeryEnd' on input line 973.
 )
(\end occurred inside a group at level 1)

### simple group (level 1) entered at line 1061 ({)
### bottom level 
Here is how much of TeX's memory you used:
 20973 strings out of 493014
 403996 string characters out of 6133351
 501184 words of memory out of 5000000
 23963 multiletter control sequences out of 15000+600000
 32145 words of font info for 74 fonts, out of 8000000 for 9000
 1141 hyphenation exceptions out of 8191
 62i,24n,65p,1675b,2531s stack positions out of 5000i,500n,10000p,200000b,80000s
{/usr/local/texlive/2016/texmf-dist/fonts/enc/dvips/base/8r.enc
}</usr/local/texlive/2016/texmf-dist/fonts/type1/public/amsfonts/cm/cmbsy10.pfb
></usr/local/texlive/2016/texmf-dist/fonts/type1/public/amsfonts/cm/cmbx10.pfb>
</usr/local/texlive/2016/texmf-dist/fonts/type1/public/amsfonts/cm/cmbx8.pfb></
usr/local/texlive/2016/texmf-dist/fonts/type1/public/amsfonts/cm/cmex10.pfb></u
sr/local/texlive/2016/texmf-dist/fonts/type1/public/amsfonts/cm/cmmi10.pfb></us
r/local/texlive/2016/texmf-dist/fonts/type1/public/amsfonts/cm/cmmi5.pfb></usr/
local/texlive/2016/texmf-dist/fonts/type1/public/amsfonts/cm/cmmi6.pfb></usr/lo
cal/texlive/2016/texmf-dist/fonts/type1/public/amsfonts/cm/cmmi7.pfb></usr/loca
l/texlive/2016/texmf-dist/fonts/type1/public/amsfonts/cm/cmmi8.pfb></usr/local/
texlive/2016/texmf-dist/fonts/type1/public/amsfonts/cm/cmr10.pfb></usr/local/te
xlive/2016/texmf-dist/fonts/type1/public/amsfonts/cm/cmr5.pfb></usr/local/texli
ve/2016/texmf-dist/fonts/type1/public/amsfonts/cm/cmr6.pfb></usr/local/texlive/
2016/texmf-dist/fonts/type1/public/amsfonts/cm/cmr7.pfb></usr/local/texlive/201
6/texmf-dist/fonts/type1/public/amsfonts/cm/cmr8.pfb></usr/local/texlive/2016/t
exmf-dist/fonts/type1/public/amsfonts/cm/cmss10.pfb></usr/local/texlive/2016/te
xmf-dist/fonts/type1/public/amsfonts/cm/cmss8.pfb></usr/local/texlive/2016/texm
f-dist/fonts/type1/public/amsfonts/cm/cmsy10.pfb></usr/local/texlive/2016/texmf
-dist/fonts/type1/public/amsfonts/cm/cmsy5.pfb></usr/local/texlive/2016/texmf-d
ist/fonts/type1/public/amsfonts/cm/cmsy6.pfb></usr/local/texlive/2016/texmf-dis
t/fonts/type1/public/amsfonts/cm/cmsy7.pfb></usr/local/texlive/2016/texmf-dist/
fonts/type1/public/amsfonts/cm/cmsy8.pfb></usr/local/texlive/2016/texmf-dist/fo
nts/type1/public/amsfonts/symbols/msbm10.pfb></usr/local/texlive/2016/texmf-dis
t/fonts/type1/urw/times/utmb8a.pfb></usr/local/texlive/2016/texmf-dist/fonts/ty
pe1/urw/times/utmr8a.pfb></usr/local/texlive/2016/texmf-dist/fonts/type1/urw/ti
mes/utmri8a.pfb>
Output written on JINT18.pdf (30 pages, 11339838 bytes).
PDF statistics:
 697 PDF objects out of 1000 (max. 8388607)
 533 compressed objects within 6 object streams
 150 named destinations out of 1000 (max. 500000)
 341 words of extra memory for PDF output out of 10000 (max. 10000000)

