This is pdfTeX, Version 3.1415926-2.3-1.40.12 (MiKTeX 2.9) (preloaded format=pdflatex 2012.10.8)  27 JAN 2015 19:11
entering extended mode
**C:/Users/evankaufman/Google*Drive/FDCL/Evan/Publications/AAS*2015*OD*EKF/AAS1
5.tex

("C:/Users/evankaufman/Google Drive/FDCL/Evan/Publications/AAS 2015 OD EKF/AAS1
5.tex"
LaTeX2e <2011/06/27>
Babel <v3.8m> and hyphenation patterns for english, afrikaans, ancientgreek, ar
abic, armenian, assamese, basque, bengali, bokmal, bulgarian, catalan, coptic, 
croatian, czech, danish, dutch, esperanto, estonian, farsi, finnish, french, ga
lician, german, german-x-2009-06-19, greek, gujarati, hindi, hungarian, iceland
ic, indonesian, interlingua, irish, italian, kannada, kurmanji, lao, latin, lat
vian, lithuanian, malayalam, marathi, mongolian, mongolianlmc, monogreek, ngerm
an, ngerman-x-2009-06-19, nynorsk, oriya, panjabi, pinyin, polish, portuguese, 
romanian, russian, sanskrit, serbian, slovak, slovenian, spanish, swedish, swis
sgerman, tamil, telugu, turkish, turkmen, ukenglish, ukrainian, uppersorbian, u
senglishmax, welsh, loaded.

("C:\Users\evankaufman\Google Drive\FDCL\Evan\Publications\AAS 2015 OD EKF\AAS.
cls"
Document Class: AAS 2010/03/01 v2.0.5 Standard LaTeX document class
NOTE: Passing ``letterpaper" option on to the standard LaTeX article class
NOTE: Passing ``10pt" option on to the standard LaTeX article class

TYPESETTING in AAS conference PAPER format ...

("C:\Program Files (x86)\MiKTeX 2.9\tex\latex\graphics\graphicx.sty"
Package: graphicx 1999/02/16 v1.0f Enhanced LaTeX Graphics (DPC,SPQR)

("C:\Program Files (x86)\MiKTeX 2.9\tex\latex\graphics\keyval.sty"
Package: keyval 1999/03/16 v1.13 key=value parser (DPC)
\KV@toks@=\toks14
)
("C:\Program Files (x86)\MiKTeX 2.9\tex\latex\graphics\graphics.sty"
Package: graphics 2009/02/05 v1.0o Standard LaTeX Graphics (DPC,SPQR)

("C:\Program Files (x86)\MiKTeX 2.9\tex\latex\graphics\trig.sty"
Package: trig 1999/03/16 v1.09 sin cos tan (DPC)
)
("C:\Program Files (x86)\MiKTeX 2.9\tex\latex\00miktex\graphics.cfg"
File: graphics.cfg 2007/01/18 v1.5 graphics configuration of teTeX/TeXLive
)
Package graphics Info: Driver file: pdftex.def on input line 91.

("C:\Program Files (x86)\MiKTeX 2.9\tex\latex\pdftex-def\pdftex.def"
File: pdftex.def 2011/05/27 v0.06d Graphics/color for pdfTeX

("C:\Program Files (x86)\MiKTeX 2.9\tex\generic\oberdiek\infwarerr.sty"
Package: infwarerr 2010/04/08 v1.3 Providing info/warning/error messages (HO)
)
("C:\Program Files (x86)\MiKTeX 2.9\tex\generic\oberdiek\ltxcmds.sty"
Package: ltxcmds 2011/11/09 v1.22 LaTeX kernel commands for general use (HO)
)
\Gread@gobject=\count79
))
\Gin@req@height=\dimen102
\Gin@req@width=\dimen103
)
(C:\Users\evankaufman\AppData\Roaming\MiKTeX\2.9\tex\latex\setspace\setspace.st
y
Package: setspace 2011/12/19 v6.7a set line spacing
)
(C:\Users\evankaufman\AppData\Roaming\MiKTeX\2.9\tex\latex\fancyhdr\fancyhdr.st
y
\fancy@headwidth=\skip41
\f@ncyO@elh=\skip42
\f@ncyO@erh=\skip43
\f@ncyO@olh=\skip44
\f@ncyO@orh=\skip45
\f@ncyO@elf=\skip46
\f@ncyO@erf=\skip47
\f@ncyO@olf=\skip48
\f@ncyO@orf=\skip49
) (C:\Users\evankaufman\AppData\Roaming\MiKTeX\2.9\tex\latex\tabls\tabls.sty
\tablinesep=\dimen104
\arraylinesep=\dimen105
\extrarulesep=\dimen106
\@arstdepth=\dimen107
\@arstheight=\dimen108
\@skip@bove=\dimen109
)
("C:\Program Files (x86)\MiKTeX 2.9\tex\latex\tools\indentfirst.sty"
Package: indentfirst 1995/11/23 v1.03 Indent first paragraph (DPC)
)
("C:\Program Files (x86)\MiKTeX 2.9\tex\latex\psnfss\times.sty"
Package: times 2005/04/12 PSNFSS-v9.2a (SPQR) 
)
("C:\Program Files (x86)\MiKTeX 2.9\tex\latex\graphics\color.sty"
Package: color 2005/11/14 v1.0j Standard LaTeX Color (DPC)

("C:\Program Files (x86)\MiKTeX 2.9\tex\latex\00miktex\color.cfg"
File: color.cfg 2007/01/18 v1.5 color configuration of teTeX/TeXLive
)
Package color Info: Driver file: pdftex.def on input line 130.
)
("C:\Program Files (x86)\MiKTeX 2.9\tex\latex\base\size10.clo"
File: size10.clo 2007/10/19 v1.4h Standard LaTeX file (size option)
)
\c@part=\count80
\c@section=\count81
\c@subsection=\count82
\c@subsubsection=\count83
\c@paragraph=\count84
\c@subparagraph=\count85
\c@figure=\count86
\c@table=\count87
\abovecaptionskip=\skip50
\belowcaptionskip=\skip51
\bibindent=\dimen110
)
("C:\Program Files (x86)\MiKTeX 2.9\tex\latex\tools\bm.sty"
Package: bm 2004/02/26 v1.1c Bold Symbol Support (DPC/FMi)
\symboldoperators=\mathgroup4
\symboldletters=\mathgroup5
\symboldsymbols=\mathgroup6
LaTeX Font Info:    Redeclaring math alphabet \mathbf on input line 138.
LaTeX Info: Redefining \bm on input line 204.
)
("C:\Program Files (x86)\MiKTeX 2.9\tex\latex\amsfonts\amssymb.sty"
Package: amssymb 2009/06/22 v3.00

("C:\Program Files (x86)\MiKTeX 2.9\tex\latex\amsfonts\amsfonts.sty"
Package: amsfonts 2009/06/22 v3.00 Basic AMSFonts support
\@emptytoks=\toks15
\symAMSa=\mathgroup7
\symAMSb=\mathgroup8
LaTeX Font Info:    Overwriting math alphabet `\mathfrak' in version `bold'
(Font)                  U/euf/m/n --> U/euf/b/n on input line 96.
))
("C:\Program Files (x86)\MiKTeX 2.9\tex\latex\ams\math\amsmath.sty"
Package: amsmath 2000/07/18 v2.13 AMS math features
\@mathmargin=\skip52

For additional information on amsmath, use the `?' option.
("C:\Program Files (x86)\MiKTeX 2.9\tex\latex\ams\math\amstext.sty"
Package: amstext 2000/06/29 v2.01

("C:\Program Files (x86)\MiKTeX 2.9\tex\latex\ams\math\amsgen.sty"
File: amsgen.sty 1999/11/30 v2.0
\@emptytoks=\toks16
\ex@=\dimen111
))
("C:\Program Files (x86)\MiKTeX 2.9\tex\latex\ams\math\amsbsy.sty"
Package: amsbsy 1999/11/29 v1.2d
LaTeX Info: Redefining \boldsymbol on input line 54.
\pmbraise@=\dimen112
)
("C:\Program Files (x86)\MiKTeX 2.9\tex\latex\ams\math\amsopn.sty"
Package: amsopn 1999/12/14 v2.01 operator names
)
\inf@bad=\count88
LaTeX Info: Redefining \frac on input line 211.
\uproot@=\count89
\leftroot@=\count90
LaTeX Info: Redefining \overline on input line 307.
\classnum@=\count91
\DOTSCASE@=\count92
LaTeX Info: Redefining \ldots on input line 379.
LaTeX Info: Redefining \dots on input line 382.
LaTeX Info: Redefining \cdots on input line 467.
\Mathstrutbox@=\box26
\strutbox@=\box27
\big@size=\dimen113
LaTeX Font Info:    Redeclaring font encoding OML on input line 567.
LaTeX Font Info:    Redeclaring font encoding OMS on input line 568.
\macc@depth=\count93
\c@MaxMatrixCols=\count94
\dotsspace@=\muskip10
\c@parentequation=\count95
\dspbrk@lvl=\count96
\tag@help=\toks17
\row@=\count97
\column@=\count98
\maxfields@=\count99
\andhelp@=\toks18
\eqnshift@=\dimen114
\alignsep@=\dimen115
\tagshift@=\dimen116
\tagwidth@=\dimen117
\totwidth@=\dimen118
\lineht@=\dimen119
\@envbody=\toks19
\multlinegap=\skip53
\multlinetaggap=\skip54
\mathdisplay@stack=\toks20
LaTeX Info: Redefining \[ on input line 2666.
LaTeX Info: Redefining \] on input line 2667.
)
("C:\Program Files (x86)\MiKTeX 2.9\tex\latex\ams\classes\amsthm.sty"
Package: amsthm 2004/08/06 v2.20
\thm@style=\toks21
\thm@bodyfont=\toks22
\thm@headfont=\toks23
\thm@notefont=\toks24
\thm@headpunct=\toks25
\thm@preskip=\skip55
\thm@postskip=\skip56
\thm@headsep=\skip57
\dth@everypar=\toks26
)
(C:\Users\evankaufman\AppData\Roaming\MiKTeX\2.9\tex\latex\subfigure\subfigure.
sty
Package: subfigure 2002/07/30 v2.1.4 subfigure package
\subfigtopskip=\skip58
\subfigcapskip=\skip59
\subfigcaptopadj=\dimen120
\subfigbottomskip=\skip60
\subfigcapmargin=\dimen121
\subfiglabelskip=\skip61
\c@subfigure=\count100
\c@lofdepth=\count101
\c@subtable=\count102
\c@lotdepth=\count103

****************************************
* Local config file subfigure.cfg used *
****************************************

(C:\Users\evankaufman\AppData\Roaming\MiKTeX\2.9\tex\latex\subfigure\subfigure.
cfg)
\subfig@top=\skip62
\subfig@bottom=\skip63
) ("C:\Program Files (x86)\MiKTeX 2.9\tex\latex\tools\tabularx.sty"
Package: tabularx 1999/01/07 v2.07 `tabularx' package (DPC)

("C:\Program Files (x86)\MiKTeX 2.9\tex\latex\tools\array.sty"
Package: array 2008/09/09 v2.4c Tabular extension package (FMi)
\col@sep=\dimen122
\extrarowheight=\dimen123
\NC@list=\toks27
\extratabsurround=\skip64
\backup@length=\skip65


LaTeX Warning: Command \@xhline  has changed.
               Check if current package is valid.

)
\TX@col@width=\dimen124
\TX@old@table=\dimen125
\TX@old@col=\dimen126
\TX@target=\dimen127
\TX@delta=\dimen128
\TX@cols=\count104
\TX@ftn=\toks28
)
(C:\Users\evankaufman\AppData\Roaming\MiKTeX\2.9\tex\latex\booktabs\booktabs.st
y
Package: booktabs 2005/04/14 v1.61803 publication quality tables
\heavyrulewidth=\dimen129
\lightrulewidth=\dimen130
\cmidrulewidth=\dimen131
\belowrulesep=\dimen132
\belowbottomsep=\dimen133
\aboverulesep=\dimen134
\abovetopsep=\dimen135
\cmidrulesep=\dimen136
\cmidrulekern=\dimen137
\defaultaddspace=\dimen138
\@cmidla=\count105
\@cmidlb=\count106
\@aboverulesep=\dimen139
\@belowrulesep=\dimen140
\@thisruleclass=\count107
\@lastruleclass=\count108
\@thisrulewidth=\dimen141
)
(C:\Users\evankaufman\AppData\Roaming\MiKTeX\2.9\tex\latex\colortbl\colortbl.st
y
Package: colortbl 2012/02/13 v1.0a Color table columns (DPC)
\everycr=\toks29
\minrowclearance=\skip66
) ("C:\Program Files (x86)\MiKTeX 2.9\tex\latex\multirow\multirow.sty"
\bigstrutjot=\dimen142
)
(C:\Users\evankaufman\AppData\Roaming\MiKTeX\2.9\tex\latex\threeparttable\three
parttable.sty
Package: threeparttable 2003/06/13  v 3.0
\@tempboxb=\box28
)
("C:\Program Files (x86)\MiKTeX 2.9\tex\latex\hyperref\hyperref.sty"
Package: hyperref 2012/05/13 v6.82q Hypertext links for LaTeX

("C:\Program Files (x86)\MiKTeX 2.9\tex\generic\oberdiek\hobsub-hyperref.sty"
Package: hobsub-hyperref 2012/04/25 v1.12 Bundle oberdiek, subset hyperref (HO)


("C:\Program Files (x86)\MiKTeX 2.9\tex\generic\oberdiek\hobsub-generic.sty"
Package: hobsub-generic 2012/04/25 v1.12 Bundle oberdiek, subset generic (HO)
Package: hobsub 2012/04/25 v1.12 Construct package bundles (HO)
Package hobsub Info: Skipping package `infwarerr' (already loaded).
Package hobsub Info: Skipping package `ltxcmds' (already loaded).
Package: ifluatex 2010/03/01 v1.3 Provides the ifluatex switch (HO)
Package ifluatex Info: LuaTeX not detected.
Package: ifvtex 2010/03/01 v1.5 Detect VTeX and its facilities (HO)
Package ifvtex Info: VTeX not detected.
Package: intcalc 2007/09/27 v1.1 Expandable calculations with integers (HO)
Package: ifpdf 2011/01/30 v2.3 Provides the ifpdf switch (HO)
Package ifpdf Info: pdfTeX in PDF mode is detected.
Package: etexcmds 2011/02/16 v1.5 Avoid name clashes with e-TeX commands (HO)
Package etexcmds Info: Could not find \expanded.
(etexcmds)             That can mean that you are not using pdfTeX 1.50 or
(etexcmds)             that some package has redefined \expanded.
(etexcmds)             In the latter case, load this package earlier.
Package: kvsetkeys 2012/04/25 v1.16 Key value parser (HO)
Package: kvdefinekeys 2011/04/07 v1.3 Define keys (HO)
Package: pdftexcmds 2011/11/29 v0.20 Utility functions of pdfTeX for LuaTeX (HO
)
Package pdftexcmds Info: LuaTeX not detected.
Package pdftexcmds Info: \pdf@primitive is available.
Package pdftexcmds Info: \pdf@ifprimitive is available.
Package pdftexcmds Info: \pdfdraftmode found.
Package: pdfescape 2011/11/25 v1.13 Implements pdfTeX's escape features (HO)
Package: bigintcalc 2012/04/08 v1.3 Expandable calculations on big integers (HO
)
Package: bitset 2011/01/30 v1.1 Handle bit-vector datatype (HO)
Package: uniquecounter 2011/01/30 v1.2 Provide unlimited unique counter (HO)
)
Package hobsub Info: Skipping package `hobsub' (already loaded).
Package: letltxmacro 2010/09/02 v1.4 Let assignment for LaTeX macros (HO)
Package: hopatch 2011/06/24 v1.1 Wrapper for package hooks (HO)
Package: xcolor-patch 2011/01/30 xcolor patch
Package: atveryend 2011/06/30 v1.8 Hooks at the very end of document (HO)
Package atveryend Info: \enddocument detected (standard20110627).
Package: atbegshi 2011/10/05 v1.16 At begin shipout hook (HO)
Package: refcount 2011/10/16 v3.4 Data extraction from label references (HO)
Package: hycolor 2011/01/30 v1.7 Color options for hyperref/bookmark (HO)
)
("C:\Program Files (x86)\MiKTeX 2.9\tex\generic\ifxetex\ifxetex.sty"
Package: ifxetex 2010/09/12 v0.6 Provides ifxetex conditional
)
("C:\Program Files (x86)\MiKTeX 2.9\tex\latex\oberdiek\kvoptions.sty"
Package: kvoptions 2011/06/30 v3.11 Key value format for package options (HO)
)
\@linkdim=\dimen143
\Hy@linkcounter=\count109
\Hy@pagecounter=\count110

("C:\Program Files (x86)\MiKTeX 2.9\tex\latex\hyperref\pd1enc.def"
File: pd1enc.def 2012/05/13 v6.82q Hyperref: PDFDocEncoding definition (HO)
)
\Hy@SavedSpaceFactor=\count111

("C:\Program Files (x86)\MiKTeX 2.9\tex\latex\00miktex\hyperref.cfg"
File: hyperref.cfg 2002/06/06 v1.2 hyperref configuration of TeXLive
)
Package hyperref Info: Option `colorlinks' set `true' on input line 3941.
Package hyperref Info: Hyper figures OFF on input line 4062.
Package hyperref Info: Link nesting OFF on input line 4067.
Package hyperref Info: Hyper index ON on input line 4070.
Package hyperref Info: Plain pages OFF on input line 4077.
Package hyperref Info: Backreferencing OFF on input line 4082.
Package hyperref Info: Implicit mode ON; LaTeX internals redefined.
Package hyperref Info: Bookmarks ON on input line 4300.
\c@Hy@tempcnt=\count112

("C:\Program Files (x86)\MiKTeX 2.9\tex\latex\ltxmisc\url.sty"
\Urlmuskip=\muskip11
Package: url 2006/04/12  ver 3.3  Verb mode for urls, etc.
)
LaTeX Info: Redefining \url on input line 4653.
\Fld@menulength=\count113
\Field@Width=\dimen144
\Fld@charsize=\dimen145
Package hyperref Info: Hyper figures OFF on input line 5773.
Package hyperref Info: Link nesting OFF on input line 5778.
Package hyperref Info: Hyper index ON on input line 5781.
Package hyperref Info: backreferencing OFF on input line 5788.
Package hyperref Info: Link coloring ON on input line 5791.
Package hyperref Info: Link coloring with OCG OFF on input line 5798.
Package hyperref Info: PDF/A mode OFF on input line 5803.
LaTeX Info: Redefining \ref on input line 5843.
LaTeX Info: Redefining \pageref on input line 5847.
\Hy@abspage=\count114
\c@Item=\count115
\c@Hfootnote=\count116
)

Package hyperref Message: Driver (autodetected): hpdftex.

("C:\Program Files (x86)\MiKTeX 2.9\tex\latex\hyperref\hpdftex.def"
File: hpdftex.def 2012/05/13 v6.82q Hyperref driver for pdfTeX
\Fld@listcount=\count117
\c@bookmark@seq@number=\count118

("C:\Program Files (x86)\MiKTeX 2.9\tex\latex\oberdiek\rerunfilecheck.sty"
Package: rerunfilecheck 2011/04/15 v1.7 Rerun checks for auxiliary files (HO)
Package uniquecounter Info: New unique counter `rerunfilecheck' on input line 2
82.
)
\Hy@SectionHShift=\skip67
)
(C:\Users\evankaufman\AppData\Roaming\MiKTeX\2.9\tex\latex\cite\overcite.sty
Package: overcite 1999/04/23  v 3.8
)
(C:\Users\evankaufman\AppData\Roaming\MiKTeX\2.9\tex\latex\footnpag\footnpag.st
y
Package: footnpag 1995/11/10 v2.6 numbering footnotes per page
\old_foot_file=\read1
\foot_file=\write3
\foot_name_no=\count119
)
\c@prop=\count120


LaTeX Warning: Unused global option(s):
    [paper].


("C:\Users\evankaufman\Google Drive\FDCL\Evan\Publications\AAS 2015 OD EKF\AAS1
5.aux")
LaTeX Font Info:    Checking defaults for OML/cmm/m/it on input line 77.
LaTeX Font Info:    ... okay on input line 77.
LaTeX Font Info:    Checking defaults for T1/cmr/m/n on input line 77.
LaTeX Font Info:    ... okay on input line 77.
LaTeX Font Info:    Checking defaults for OT1/cmr/m/n on input line 77.
LaTeX Font Info:    ... okay on input line 77.
LaTeX Font Info:    Checking defaults for OMS/cmsy/m/n on input line 77.
LaTeX Font Info:    ... okay on input line 77.
LaTeX Font Info:    Checking defaults for OMX/cmex/m/n on input line 77.
LaTeX Font Info:    ... okay on input line 77.
LaTeX Font Info:    Checking defaults for U/cmr/m/n on input line 77.
LaTeX Font Info:    ... okay on input line 77.
LaTeX Font Info:    Checking defaults for PD1/pdf/m/n on input line 77.
LaTeX Font Info:    ... okay on input line 77.
LaTeX Font Info:    Try loading font information for OT1+ptm on input line 77.
 ("C:\Program Files (x86)\MiKTeX 2.9\tex\latex\psnfss\ot1ptm.fd"
File: ot1ptm.fd 2001/06/04 font definitions for OT1/ptm.
)
("C:\Program Files (x86)\MiKTeX 2.9\tex\context\base\supp-pdf.mkii"
[Loading MPS to PDF converter (version 2006.09.02).]
\scratchcounter=\count121
\scratchdimen=\dimen146
\scratchbox=\box29
\nofMPsegments=\count122
\nofMParguments=\count123
\everyMPshowfont=\toks30
\MPscratchCnt=\count124
\MPscratchDim=\dimen147
\MPnumerator=\count125
\makeMPintoPDFobject=\count126
\everyMPtoPDFconversion=\toks31
)
\AtBeginShipoutBox=\box30
Package hyperref Info: Link coloring ON on input line 77.
 ("C:\Program Files (x86)\MiKTeX 2.9\tex\latex\hyperref\nameref.sty"
Package: nameref 2010/04/30 v2.40 Cross-referencing by name of section

("C:\Program Files (x86)\MiKTeX 2.9\tex\generic\oberdiek\gettitlestring.sty"
Package: gettitlestring 2010/12/03 v1.4 Cleanup title references (HO)
)
\c@section@level=\count127
)
LaTeX Info: Redefining \ref on input line 77.
LaTeX Info: Redefining \pageref on input line 77.
LaTeX Info: Redefining \nameref on input line 77.

("C:\Users\evankaufman\Google Drive\FDCL\Evan\Publications\AAS 2015 OD EKF\AAS1
5.out")
("C:\Users\evankaufman\Google Drive\FDCL\Evan\Publications\AAS 2015 OD EKF\AAS1
5.out")
\@outlinefile=\write4
LaTeX Font Info:    Try loading font information for OT1+phv on input line 88.
 ("C:\Program Files (x86)\MiKTeX 2.9\tex\latex\psnfss\ot1phv.fd"
File: ot1phv.fd 2001/06/04 scalable font definitions for OT1/phv.
)
LaTeX Font Info:    Font shape `OT1/phv/bx/n' in size <14> not available
(Font)              Font shape `OT1/phv/b/n' tried instead on input line 88.
LaTeX Font Info:    Font shape `OT1/ptm/bx/n' in size <12> not available
(Font)              Font shape `OT1/ptm/b/n' tried instead on input line 88.
LaTeX Font Info:    Font shape `OT1/phv/bx/n' in size <12> not available
(Font)              Font shape `OT1/phv/b/n' tried instead on input line 88.
LaTeX Font Info:    Try loading font information for U+msa on input line 88.

("C:\Program Files (x86)\MiKTeX 2.9\tex\latex\amsfonts\umsa.fd"
File: umsa.fd 2009/06/22 v3.00 AMS symbols A
)
LaTeX Font Info:    Try loading font information for U+msb on input line 88.

("C:\Program Files (x86)\MiKTeX 2.9\tex\latex\amsfonts\umsb.fd"
File: umsb.fd 2009/06/22 v3.00 AMS symbols B
)
LaTeX Font Info:    Font shape `OT1/ptm/bx/n' in size <10> not available
(Font)              Font shape `OT1/ptm/b/n' tried instead on input line 97.
 [1

{C:/Users/evankaufman/AppData/Local/MiKTeX/2.9/pdftex/config/pdftex.map}] [2] [
3] [4]
[5] [6] [7] <OM_IOD_0A_traj.pdf, id=227, 361.35pt x 397.485pt>
File: OM_IOD_0A_traj.pdf Graphic file (type pdf)

<use OM_IOD_0A_traj.pdf>
Package pdftex.def Info: OM_IOD_0A_traj.pdf used on input line 628.
(pdftex.def)             Requested size: 130.08731pt x 143.09448pt.

<OM_IOD_0B_traj.pdf, id=228, 456.70625pt x 399.4925pt>
File: OM_IOD_0B_traj.pdf Graphic file (type pdf)

<use OM_IOD_0B_traj.pdf>
Package pdftex.def Info: OM_IOD_0B_traj.pdf used on input line 628.
(pdftex.def)             Requested size: 130.08731pt x 113.78949pt.
 <OM_IOD_0C_traj.pdf, id=229, 506.89375pt x 397.485pt>
File: OM_IOD_0C_traj.pdf Graphic file (type pdf)

<use OM_IOD_0C_traj.pdf>
Package pdftex.def Info: OM_IOD_0C_traj.pdf used on input line 628.
(pdftex.def)             Requested size: 130.08731pt x 102.00932pt.


LaTeX Warning: `h' float specifier changed to `ht'.

<OM_IOD_1_traj.pdf, id=230, 339.2675pt x 388.45125pt>
File: OM_IOD_1_traj.pdf Graphic file (type pdf)
 <use OM_IOD_1_traj.pdf>
Package pdftex.def Info: OM_IOD_1_traj.pdf used on input line 639.
(pdftex.def)             Requested size: 130.08731pt x 148.9407pt.


LaTeX Warning: `h' float specifier changed to `ht'.

<OM_IOD_2A_traj.pdf, id=231, 487.8225pt x 392.46625pt>
File: OM_IOD_2A_traj.pdf Graphic file (type pdf)

<use OM_IOD_2A_traj.pdf>
Package pdftex.def Info: OM_IOD_2A_traj.pdf used on input line 655.
(pdftex.def)             Requested size: 130.08731pt x 104.6558pt.
 <OM_IOD_2B_traj.pdf, id=232, 457.71pt x 394.47375pt>
File: OM_IOD_2B_traj.pdf Graphic file (type pdf)

<use OM_IOD_2B_traj.pdf>
Package pdftex.def Info: OM_IOD_2B_traj.pdf used on input line 655.
(pdftex.def)             Requested size: 130.08731pt x 112.11317pt.
 <OM_IOD_2C_traj.pdf, id=233, 505.89pt x 395.4775pt>
File: OM_IOD_2C_traj.pdf Graphic file (type pdf)

<use OM_IOD_2C_traj.pdf>
Package pdftex.def Info: OM_IOD_2C_traj.pdf used on input line 655.
(pdftex.def)             Requested size: 130.08731pt x 101.69327pt.


LaTeX Warning: `h' float specifier changed to `ht'.

<OM_IOD_3A_traj.pdf, id=234, 527.9725pt x 323.2075pt>
File: OM_IOD_3A_traj.pdf Graphic file (type pdf)
 <use OM_IOD_3A_traj.pdf>
Package pdftex.def Info: OM_IOD_3A_traj.pdf used on input line 670.
(pdftex.def)             Requested size: 130.08731pt x 79.63284pt.

<OM_IOD_3B_traj.pdf, id=235, 527.9725pt x 353.32pt>
File: OM_IOD_3B_traj.pdf Graphic file (type pdf)
 <use OM_IOD_3B_traj.pdf>
Package pdftex.def Info: OM_IOD_3B_traj.pdf used on input line 670.
(pdftex.def)             Requested size: 130.08731pt x 87.05206pt.

<OM_IOD_3C_traj.pdf, id=236, 527.9725pt x 385.44pt>
File: OM_IOD_3C_traj.pdf Graphic file (type pdf)
 <use OM_IOD_3C_traj.pdf>
Package pdftex.def Info: OM_IOD_3C_traj.pdf used on input line 670.
(pdftex.def)             Requested size: 130.08731pt x 94.96588pt.


LaTeX Warning: `h' float specifier changed to `ht'.

<OM_IOD_4A_traj.pdf, id=237, 489.83pt x 259.97125pt>
File: OM_IOD_4A_traj.pdf Graphic file (type pdf)
 <use OM_IOD_4A_traj.pdf>
Package pdftex.def Info: OM_IOD_4A_traj.pdf used on input line 685.
(pdftex.def)             Requested size: 130.08731pt x 69.03882pt.

<OM_IOD_4B_traj.pdf, id=238, 526.96875pt x 262.9825pt>
File: OM_IOD_4B_traj.pdf Graphic file (type pdf)

<use OM_IOD_4B_traj.pdf>
Package pdftex.def Info: OM_IOD_4B_traj.pdf used on input line 685.
(pdftex.def)             Requested size: 130.08731pt x 64.91882pt.

<OM_IOD_4C_traj.pdf, id=239, 526.96875pt x 262.9825pt>
File: OM_IOD_4C_traj.pdf Graphic file (type pdf)

<use OM_IOD_4C_traj.pdf>
Package pdftex.def Info: OM_IOD_4C_traj.pdf used on input line 685.
(pdftex.def)             Requested size: 130.08731pt x 64.91882pt.


LaTeX Warning: `h' float specifier changed to `ht'.

[8]
Underfull \hbox (badness 10000) in alignment at lines 728--728
[][][][][][] 
 []


Underfull \vbox (badness 10000) has occurred while \output is active []

 [9 <C:/Users/evankaufman/Google Drive/FDCL/Evan/Publications/AAS 2015 OD EKF/O
M_IOD_0A_traj.pdf> <C:/Users/evankaufman/Google Drive/FDCL/Evan/Publications/AA
S 2015 OD EKF/OM_IOD_0B_traj.pdf> <C:/Users/evankaufman/Google Drive/FDCL/Evan/
Publications/AAS 2015 OD EKF/OM_IOD_0C_traj.pdf> <C:/Users/evankaufman/Google D
rive/FDCL/Evan/Publications/AAS 2015 OD EKF/OM_IOD_1_traj.pdf>]
Underfull \vbox (badness 10000) has occurred while \output is active []

 [10 <C:/Users/evankaufman/Google Drive/FDCL/Evan/Publications/AAS 2015 OD EKF/
OM_IOD_2A_traj.pdf> <C:/Users/evankaufman/Google Drive/FDCL/Evan/Publications/A
AS 2015 OD EKF/OM_IOD_2B_traj.pdf> <C:/Users/evankaufman/Google Drive/FDCL/Evan
/Publications/AAS 2015 OD EKF/OM_IOD_2C_traj.pdf> <C:/Users/evankaufman/Google 
Drive/FDCL/Evan/Publications/AAS 2015 OD EKF/OM_IOD_3A_traj.pdf> <C:/Users/evan
kaufman/Google Drive/FDCL/Evan/Publications/AAS 2015 OD EKF/OM_IOD_3B_traj.pdf>
 <C:/Users/evankaufman/Google Drive/FDCL/Evan/Publications/AAS 2015 OD EKF/OM_I
OD_3C_traj.pdf>]
Underfull \hbox (badness 10000) in alignment at lines 908--908
[][][][][][] 
 []


Underfull \vbox (badness 10000) has occurred while \output is active []

 [11 <C:/Users/evankaufman/Google Drive/FDCL/Evan/Publications/AAS 2015 OD EKF/
OM_IOD_4A_traj.pdf> <C:/Users/evankaufman/Google Drive/FDCL/Evan/Publications/A
AS 2015 OD EKF/OM_IOD_4B_traj.pdf> <C:/Users/evankaufman/Google Drive/FDCL/Evan
/Publications/AAS 2015 OD EKF/OM_IOD_4C_traj.pdf>]
Underfull \hbox (badness 10000) in alignment at lines 948--948
[][][][][][] 
 []

[12] <Case0Cq1IOD1TBPnormX.pdf, id=537, 420.57124pt x 312.16624pt>
File: Case0Cq1IOD1TBPnormX.pdf Graphic file (type pdf)

<use Case0Cq1IOD1TBPnormX.pdf>
Package pdftex.def Info: Case0Cq1IOD1TBPnormX.pdf used on input line 978.
(pdftex.def)             Requested size: 151.76964pt x 112.65126pt.

<Case0Cq1IOD2TBPnormX.pdf, id=538, 420.57124pt x 312.16624pt>
File: Case0Cq1IOD2TBPnormX.pdf Graphic file (type pdf)

<use Case0Cq1IOD2TBPnormX.pdf>
Package pdftex.def Info: Case0Cq1IOD2TBPnormX.pdf used on input line 978.
(pdftex.def)             Requested size: 151.76964pt x 112.65126pt.

<Case1q1IOD1TBPnormX.pdf, id=539, 420.57124pt x 312.16624pt>
File: Case1q1IOD1TBPnormX.pdf Graphic file (type pdf)

<use Case1q1IOD1TBPnormX.pdf>
Package pdftex.def Info: Case1q1IOD1TBPnormX.pdf used on input line 985.
(pdftex.def)             Requested size: 151.76964pt x 112.65126pt.

<Case1q1IOD2TBPnormX.pdf, id=540, 420.57124pt x 312.16624pt>
File: Case1q1IOD2TBPnormX.pdf Graphic file (type pdf)

<use Case1q1IOD2TBPnormX.pdf>
Package pdftex.def Info: Case1q1IOD2TBPnormX.pdf used on input line 985.
(pdftex.def)             Requested size: 151.76964pt x 112.65126pt.

<Case2Aq1IOD1TBPnormX.pdf, id=541, 420.57124pt x 312.16624pt>
File: Case2Aq1IOD1TBPnormX.pdf Graphic file (type pdf)

<use Case2Aq1IOD1TBPnormX.pdf>
Package pdftex.def Info: Case2Aq1IOD1TBPnormX.pdf used on input line 992.
(pdftex.def)             Requested size: 151.76964pt x 112.65126pt.

<Case2Aq1IOD2TBPnormX.pdf, id=542, 420.57124pt x 312.16624pt>
File: Case2Aq1IOD2TBPnormX.pdf Graphic file (type pdf)

<use Case2Aq1IOD2TBPnormX.pdf>
Package pdftex.def Info: Case2Aq1IOD2TBPnormX.pdf used on input line 992.
(pdftex.def)             Requested size: 151.76964pt x 112.65126pt.

<Case3Aq1IOD1TBPnormX.pdf, id=543, 420.57124pt x 312.16624pt>
File: Case3Aq1IOD1TBPnormX.pdf Graphic file (type pdf)

<use Case3Aq1IOD1TBPnormX.pdf>
Package pdftex.def Info: Case3Aq1IOD1TBPnormX.pdf used on input line 999.
(pdftex.def)             Requested size: 151.76964pt x 112.65126pt.

<Case3Aq1IOD2TBPnormX.pdf, id=544, 420.57124pt x 312.16624pt>
File: Case3Aq1IOD2TBPnormX.pdf Graphic file (type pdf)

<use Case3Aq1IOD2TBPnormX.pdf>
Package pdftex.def Info: Case3Aq1IOD2TBPnormX.pdf used on input line 999.
(pdftex.def)             Requested size: 151.76964pt x 112.65126pt.

<Case4Cq1IOD1TBPnormX.pdf, id=545, 420.57124pt x 312.16624pt>
File: Case4Cq1IOD1TBPnormX.pdf Graphic file (type pdf)

<use Case4Cq1IOD1TBPnormX.pdf>
Package pdftex.def Info: Case4Cq1IOD1TBPnormX.pdf used on input line 1006.
(pdftex.def)             Requested size: 151.76964pt x 112.65126pt.

<Case4Cq1IOD2TBPnormX.pdf, id=546, 420.57124pt x 312.16624pt>
File: Case4Cq1IOD2TBPnormX.pdf Graphic file (type pdf)

<use Case4Cq1IOD2TBPnormX.pdf>
Package pdftex.def Info: Case4Cq1IOD2TBPnormX.pdf used on input line 1006.
(pdftex.def)             Requested size: 151.76964pt x 112.65126pt.


LaTeX Warning: Float too large for page by 92.54231pt on input line 1008.


LaTeX Warning: `h' float specifier changed to `ht'.

<Case3Bq1IOD1TBPnormX.pdf, id=550, 420.57124pt x 312.16624pt>
File: Case3Bq1IOD1TBPnormX.pdf Graphic file (type pdf)

<use Case3Bq1IOD1TBPnormX.pdf>
Package pdftex.def Info: Case3Bq1IOD1TBPnormX.pdf used on input line 1024.
(pdftex.def)             Requested size: 208.13574pt x 154.48705pt.

<Case3Bq1IOD1HighFidelitynormX.pdf, id=551, 421.575pt x 316.18124pt>
File: Case3Bq1IOD1HighFidelitynormX.pdf Graphic file (type pdf)

<use Case3Bq1IOD1HighFidelitynormX.pdf>
Package pdftex.def Info: Case3Bq1IOD1HighFidelitynormX.pdf used on input line 1
024.
(pdftex.def)             Requested size: 208.13574pt x 156.10252pt.

<Case3Bq1IOD1TBPeigP.pdf, id=552, 420.57124pt x 312.16624pt>
File: Case3Bq1IOD1TBPeigP.pdf Graphic file (type pdf)

<use Case3Bq1IOD1TBPeigP.pdf>
Package pdftex.def Info: Case3Bq1IOD1TBPeigP.pdf used on input line 1031.
(pdftex.def)             Requested size: 208.13574pt x 154.48705pt.

<Case3Bq1IOD1eigP.pdf, id=553, 421.575pt x 316.18124pt>
File: Case3Bq1IOD1eigP.pdf Graphic file (type pdf)

<use Case3Bq1IOD1eigP.pdf>
Package pdftex.def Info: Case3Bq1IOD1eigP.pdf used on input line 1031.
(pdftex.def)             Requested size: 208.13574pt x 156.10252pt.


LaTeX Warning: `h' float specifier changed to `ht'.


("C:\Users\evankaufman\Google Drive\FDCL\Evan\Publications\AAS 2015 OD EKF\AAS1
5.bbl" [13])
Package atveryend Info: Empty hook `BeforeClearDocument' on input line 1058.
 [14] [15 <C:/Users/evankaufman/Google Drive/FDCL/Evan/Publications/AAS 2015 OD
 EKF/Case0Cq1IOD1TBPnormX.pdf> <C:/Users/evankaufman/Google Drive/FDCL/Evan/Pub
lications/AAS 2015 OD EKF/Case0Cq1IOD2TBPnormX.pdf> <C:/Users/evankaufman/Googl
e Drive/FDCL/Evan/Publications/AAS 2015 OD EKF/Case1q1IOD1TBPnormX.pdf> <C:/Use
rs/evankaufman/Google Drive/FDCL/Evan/Publications/AAS 2015 OD EKF/Case1q1IOD2T
BPnormX.pdf> <C:/Users/evankaufman/Google Drive/FDCL/Evan/Publications/AAS 2015
 OD EKF/Case2Aq1IOD1TBPnormX.pdf> <C:/Users/evankaufman/Google Drive/FDCL/Evan/
Publications/AAS 2015 OD EKF/Case2Aq1IOD2TBPnormX.pdf> <C:/Users/evankaufman/Go
ogle Drive/FDCL/Evan/Publications/AAS 2015 OD EKF/Case3Aq1IOD1TBPnormX.pdf> <C:
/Users/evankaufman/Google Drive/FDCL/Evan/Publications/AAS 2015 OD EKF/Case3Aq1
IOD2TBPnormX.pdf> <C:/Users/evankaufman/Google Drive/FDCL/Evan/Publications/AAS
 2015 OD EKF/Case4Cq1IOD1TBPnormX.pdf> <C:/Users/evankaufman/Google Drive/FDCL/
Evan/Publications/AAS 2015 OD EKF/Case4Cq1IOD2TBPnormX.pdf>]
[16 <C:/Users/evankaufman/Google Drive/FDCL/Evan/Publications/AAS 2015 OD EKF/C
ase3Bq1IOD1TBPnormX.pdf> <C:/Users/evankaufman/Google Drive/FDCL/Evan/Publicati
ons/AAS 2015 OD EKF/Case3Bq1IOD1HighFidelitynormX.pdf> <C:/Users/evankaufman/Go
ogle Drive/FDCL/Evan/Publications/AAS 2015 OD EKF/Case3Bq1IOD1TBPeigP.pdf> <C:/
Users/evankaufman/Google Drive/FDCL/Evan/Publications/AAS 2015 OD EKF/Case3Bq1I
OD1eigP.pdf>]
Package atveryend Info: Empty hook `AfterLastShipout' on input line 1058.

("C:\Users\evankaufman\Google Drive\FDCL\Evan\Publications\AAS 2015 OD EKF\AAS1
5.aux")
Package atveryend Info: Executing hook `AtVeryEndDocument' on input line 1058.
Package atveryend Info: Executing hook `AtEndAfterFileList' on input line 1058.

Package rerunfilecheck Info: File `AAS15.out' has not changed.
(rerunfilecheck)             Checksum: 5A8C5209B73911F2085E01D7C9C10A6D;765.
Package atveryend Info: Empty hook `AtVeryVeryEnd' on input line 1058.
 ) 
Here is how much of TeX's memory you used:
 7137 strings out of 494045
 102748 string characters out of 3145951
 207773 words of memory out of 3000000
 10127 multiletter control sequences out of 15000+200000
 34634 words of font info for 90 fonts, out of 3000000 for 9000
 715 hyphenation exceptions out of 8191
 34i,20n,45p,987b,446s stack positions out of 5000i,500n,10000p,200000b,50000s
pdfTeX warning (dest): name{section*.20} has been referenced but does not exi
st, replaced by a fixed one

pdfTeX warning (dest): name{section*.19} has been referenced but does not exist
, replaced by a fixed one

pdfTeX warning (dest): name{section*.16} has been referenced but does not exist
, replaced by a fixed one

pdfTeX warning (dest): name{section*.15} has been referenced but does not exist
, replaced by a fixed one

pdfTeX warning (dest): name{section*.7} has been referenced but does not exist,
 replaced by a fixed one

pdfTeX warning (dest): name{section*.2} has been referenced but does not exist,
 replaced by a fixed one

pdfTeX warning (dest): name{section*.1} has been referenced but does not exist,
 replaced by a fixed one

{C:/Program Files (x86)/MiKTeX 2.9/fonts/enc/dvips/fontname/8r.enc}<C:/Program 
Files (x86)/MiKTeX 2.9/fonts/type1/public/amsfonts/cm/cmbx10.pfb><C:/Program Fi
les (x86)/MiKTeX 2.9/fonts/type1/public/amsfonts/cm/cmbx7.pfb><C:/Program Files
 (x86)/MiKTeX 2.9/fonts/type1/public/amsfonts/cm/cmbx8.pfb><C:/Program Files (x
86)/MiKTeX 2.9/fonts/type1/public/amsfonts/cm/cmex10.pfb><C:/Program Files (x86
)/MiKTeX 2.9/fonts/type1/public/amsfonts/cm/cmmi10.pfb><C:/Program Files (x86)/
MiKTeX 2.9/fonts/type1/public/amsfonts/cm/cmmi5.pfb><C:/Program Files (x86)/MiK
TeX 2.9/fonts/type1/public/amsfonts/cm/cmmi7.pfb><C:/Program Files (x86)/MiKTeX
 2.9/fonts/type1/public/amsfonts/cm/cmmi8.pfb><C:/Program Files (x86)/MiKTeX 2.
9/fonts/type1/public/amsfonts/cm/cmmi9.pfb><C:/Program Files (x86)/MiKTeX 2.9/f
onts/type1/public/amsfonts/cm/cmr10.pfb><C:/Program Files (x86)/MiKTeX 2.9/font
s/type1/public/amsfonts/cm/cmr5.pfb><C:/Program Files (x86)/MiKTeX 2.9/fonts/ty
pe1/public/amsfonts/cm/cmr6.pfb><C:/Program Files (x86)/MiKTeX 2.9/fonts/type1/
public/amsfonts/cm/cmr7.pfb><C:/Program Files (x86)/MiKTeX 2.9/fonts/type1/publ
ic/amsfonts/cm/cmr9.pfb><C:/Program Files (x86)/MiKTeX 2.9/fonts/type1/public/a
msfonts/cm/cmsy10.pfb><C:/Program Files (x86)/MiKTeX 2.9/fonts/type1/public/ams
fonts/cm/cmsy5.pfb><C:/Program Files (x86)/MiKTeX 2.9/fonts/type1/public/amsfon
ts/cm/cmsy6.pfb><C:/Program Files (x86)/MiKTeX 2.9/fonts/type1/public/amsfonts/
cm/cmsy7.pfb><C:/Program Files (x86)/MiKTeX 2.9/fonts/type1/public/amsfonts/cm/
cmsy8.pfb><C:/Program Files (x86)/MiKTeX 2.9/fonts/type1/public/amsfonts/symbol
s/msam10.pfb><C:/Program Files (x86)/MiKTeX 2.9/fonts/type1/public/amsfonts/sym
bols/msbm10.pfb><C:/Program Files (x86)/MiKTeX 2.9/fonts/type1/urw/helvetic/uhv
b8a.pfb><C:/Program Files (x86)/MiKTeX 2.9/fonts/type1/urw/times/utmb8a.pfb><C:
/Program Files (x86)/MiKTeX 2.9/fonts/type1/urw/times/utmr8a.pfb><C:/Program Fi
les (x86)/MiKTeX 2.9/fonts/type1/urw/times/utmri8a.pfb>
Output written on AAS15.pdf (16 pages, 4285905 bytes).
PDF statistics:
 922 PDF objects out of 1000 (max. 8388607)
 130 named destinations out of 1000 (max. 500000)
 224 words of extra memory for PDF output out of 10000 (max. 10000000)

