This is pdfTeX, Version 3.14159265-2.6-1.40.17 (TeX Live 2016) (preloaded format=pdflatex 2016.5.22)  17 APR 2018 10:45
entering extended mode
 restricted \write18 enabled.
 file:line:error style messages enabled.
 %&-line parsing enabled.
**ICUAS18.tex
(./ICUAS18.tex
LaTeX2e <2016/03/31>
Babel <3.9r> and hyphenation patterns for 83 language(s) loaded.
(./ieeeconf.cls
Document Class: ieeeconf 2004/1/15 revision V1.6b by Pradeep Misra
\@IEEEtrantmpdimenA=\dimen102
\@IEEEtrantmpdimenB=\dimen103
\@IEEEtrantmpcountA=\count79
\@IEEEtrantmpcountB=\count80
\@IEEEtrantmptoksA=\toks14
LaTeX Font Info:    Try loading font information for OT1+ptm on input line 792.

(/usr/local/texlive/2016/texmf-dist/tex/latex/psnfss/ot1ptm.fd
File: ot1ptm.fd 2001/06/04 font definitions for OT1/ptm.
)
\@IEEEnormalsizefontbaselineskip=\skip41

-- This is a 10 point document.
\normalsizebaselineskip=\skip42
\normaljot=\skip43
LaTeX Font Info:    Font shape `OT1/ptm/bx/n' in size <5> not available
(Font)              Font shape `OT1/ptm/b/n' tried instead on input line 1111.
LaTeX Font Info:    Font shape `OT1/ptm/bx/it' in size <5> not available
(Font)              Font shape `OT1/ptm/b/it' tried instead on input line 1111.

LaTeX Font Info:    Font shape `OT1/ptm/bx/n' in size <7> not available
(Font)              Font shape `OT1/ptm/b/n' tried instead on input line 1111.
LaTeX Font Info:    Font shape `OT1/ptm/bx/it' in size <7> not available
(Font)              Font shape `OT1/ptm/b/it' tried instead on input line 1111.

LaTeX Font Info:    Font shape `OT1/ptm/bx/n' in size <8> not available
(Font)              Font shape `OT1/ptm/b/n' tried instead on input line 1111.
LaTeX Font Info:    Font shape `OT1/ptm/bx/it' in size <8> not available
(Font)              Font shape `OT1/ptm/b/it' tried instead on input line 1111.

LaTeX Font Info:    Font shape `OT1/ptm/bx/n' in size <9> not available
(Font)              Font shape `OT1/ptm/b/n' tried instead on input line 1111.
LaTeX Font Info:    Font shape `OT1/ptm/bx/it' in size <9> not available
(Font)              Font shape `OT1/ptm/b/it' tried instead on input line 1111.

LaTeX Font Info:    Font shape `OT1/ptm/bx/n' in size <10> not available
(Font)              Font shape `OT1/ptm/b/n' tried instead on input line 1111.
LaTeX Font Info:    Font shape `OT1/ptm/bx/it' in size <10> not available
(Font)              Font shape `OT1/ptm/b/it' tried instead on input line 1111.

LaTeX Font Info:    Font shape `OT1/ptm/bx/n' in size <11> not available
(Font)              Font shape `OT1/ptm/b/n' tried instead on input line 1111.
LaTeX Font Info:    Font shape `OT1/ptm/bx/it' in size <11> not available
(Font)              Font shape `OT1/ptm/b/it' tried instead on input line 1111.

LaTeX Font Info:    Font shape `OT1/ptm/bx/n' in size <12> not available
(Font)              Font shape `OT1/ptm/b/n' tried instead on input line 1111.
LaTeX Font Info:    Font shape `OT1/ptm/bx/it' in size <12> not available
(Font)              Font shape `OT1/ptm/b/it' tried instead on input line 1111.

LaTeX Font Info:    Font shape `OT1/ptm/bx/n' in size <16> not available
(Font)              Font shape `OT1/ptm/b/n' tried instead on input line 1111.
LaTeX Font Info:    Font shape `OT1/ptm/bx/it' in size <16> not available
(Font)              Font shape `OT1/ptm/b/it' tried instead on input line 1111.

LaTeX Font Info:    Font shape `OT1/ptm/bx/n' in size <20> not available
(Font)              Font shape `OT1/ptm/b/n' tried instead on input line 1111.
LaTeX Font Info:    Font shape `OT1/ptm/bx/it' in size <20> not available
(Font)              Font shape `OT1/ptm/b/it' tried instead on input line 1111.

LaTeX Font Info:    Font shape `OT1/ptm/bx/n' in size <24> not available
(Font)              Font shape `OT1/ptm/b/n' tried instead on input line 1111.
LaTeX Font Info:    Font shape `OT1/ptm/bx/it' in size <24> not available
(Font)              Font shape `OT1/ptm/b/it' tried instead on input line 1111.

\IEEEilabelindentA=\dimen104
\IEEEilabelindentB=\dimen105
\IEEEilabelindent=\dimen106
\IEEEelabelindent=\dimen107
\IEEEdlabelindent=\dimen108
\labelindent=\dimen109
\IEEEiednormlabelsep=\dimen110
\IEEEiedmathlabelsep=\dimen111
\IEEEiedtopsep=\skip44
\c@section=\count81
\c@subsection=\count82
\c@subsubsection=\count83
\c@paragraph=\count84
\c@IEEEsubequation=\count85
\abovecaptionskip=\skip45
\belowcaptionskip=\skip46
\c@figure=\count86
\c@table=\count87
\@IEEEeqnnumcols=\count88
\@IEEEeqncolcnt=\count89
\@IEEEtmpitemindent=\dimen112
\c@biography=\count90
\@IEEEtranrubishbin=\box26
)
** ATTENTION: Overriding command lockouts (line 2).
** ATTENTION: Overriding IEEE standard margins (line 2).
(/usr/local/texlive/2016/texmf-dist/tex/latex/amsmath/amsmath.sty
Package: amsmath 2016/03/10 v2.15b AMS math features
\@mathmargin=\skip47

For additional information on amsmath, use the `?' option.
(/usr/local/texlive/2016/texmf-dist/tex/latex/amsmath/amstext.sty
Package: amstext 2000/06/29 v2.01 AMS text

(/usr/local/texlive/2016/texmf-dist/tex/latex/amsmath/amsgen.sty
File: amsgen.sty 1999/11/30 v2.0 generic functions
\@emptytoks=\toks15
\ex@=\dimen113
))
(/usr/local/texlive/2016/texmf-dist/tex/latex/amsmath/amsbsy.sty
Package: amsbsy 1999/11/29 v1.2d Bold Symbols
\pmbraise@=\dimen114
)
(/usr/local/texlive/2016/texmf-dist/tex/latex/amsmath/amsopn.sty
Package: amsopn 2016/03/08 v2.02 operator names
)
\inf@bad=\count91
LaTeX Info: Redefining \frac on input line 199.
\uproot@=\count92
\leftroot@=\count93
LaTeX Info: Redefining \overline on input line 297.
\classnum@=\count94
\DOTSCASE@=\count95
LaTeX Info: Redefining \ldots on input line 394.
LaTeX Info: Redefining \dots on input line 397.
LaTeX Info: Redefining \cdots on input line 518.
\Mathstrutbox@=\box27
\strutbox@=\box28
\big@size=\dimen115
LaTeX Font Info:    Redeclaring font encoding OML on input line 634.
LaTeX Font Info:    Redeclaring font encoding OMS on input line 635.
\macc@depth=\count96
\c@MaxMatrixCols=\count97
\dotsspace@=\muskip10
\c@parentequation=\count98
\dspbrk@lvl=\count99
\tag@help=\toks16
\row@=\count100
\column@=\count101
\maxfields@=\count102
\andhelp@=\toks17
\eqnshift@=\dimen116
\alignsep@=\dimen117
\tagshift@=\dimen118
\tagwidth@=\dimen119
\totwidth@=\dimen120
\lineht@=\dimen121
\@envbody=\toks18
\multlinegap=\skip48
\multlinetaggap=\skip49
\mathdisplay@stack=\toks19
LaTeX Info: Redefining \[ on input line 2739.
LaTeX Info: Redefining \] on input line 2740.
)
(/usr/local/texlive/2016/texmf-dist/tex/latex/amsfonts/amssymb.sty
Package: amssymb 2013/01/14 v3.01 AMS font symbols

(/usr/local/texlive/2016/texmf-dist/tex/latex/amsfonts/amsfonts.sty
Package: amsfonts 2013/01/14 v3.01 Basic AMSFonts support
\symAMSa=\mathgroup4
\symAMSb=\mathgroup5
LaTeX Font Info:    Overwriting math alphabet `\mathfrak' in version `bold'
(Font)                  U/euf/m/n --> U/euf/b/n on input line 106.
))
(/usr/local/texlive/2016/texmf-dist/tex/latex/url/url.sty
\Urlmuskip=\muskip11
Package: url 2013/09/16  ver 3.4  Verb mode for urls, etc.
)
(/usr/local/texlive/2016/texmf-dist/tex/latex/psnfss/times.sty
Package: times 2005/04/12 PSNFSS-v9.2a (SPQR) 
)
(/usr/local/texlive/2016/texmf-dist/tex/latex/subfigure/subfigure.sty
Package: subfigure 2002/03/15 v2.1.5 subfigure package


Package subfigure Warning: Your document class has a bad definition
 of \endfigure, most likely
 \let\endfigure=\end@float
 which has now been changed to
 \def\endfigure{\end@float}
 because otherwise subsequent changes to \end@float
 (like done by several packages changing float behaviour)
 can't take effect on \endfigure.
 Please complain to your document class author.


Package subfigure Warning: Your document class has a bad definition
 of \endtable, most likely
 \let\endtable=\end@float
 which has now been changed to
 \def\endtable{\end@float}
 because otherwise subsequent changes to \end@float
 (like done by several packages changing float behaviour)
 can't take effect on \endtable.
 Please complain to your document class author.

\subfigtopskip=\skip50
\subfigcapskip=\skip51
\subfigcaptopadj=\dimen122
\subfigbottomskip=\skip52
\subfigcapmargin=\dimen123
\subfiglabelskip=\skip53
\c@subfigure=\count103
\c@lofdepth=\count104
\c@subtable=\count105
\c@lotdepth=\count106
****************************************
* Local config file subfigure.cfg used *
****************************************
(/usr/local/texlive/2016/texmf-dist/tex/latex/subfigure/subfigure.cfg)
\subfig@top=\skip54
\subfig@bottom=\skip55
)
(/usr/local/texlive/2016/texmf-dist/tex/latex/graphics/graphicx.sty
Package: graphicx 2014/10/28 v1.0g Enhanced LaTeX Graphics (DPC,SPQR)

(/usr/local/texlive/2016/texmf-dist/tex/latex/graphics/keyval.sty
Package: keyval 2014/10/28 v1.15 key=value parser (DPC)
\KV@toks@=\toks20
)
(/usr/local/texlive/2016/texmf-dist/tex/latex/graphics/graphics.sty
Package: graphics 2016/05/09 v1.0r Standard LaTeX Graphics (DPC,SPQR)

(/usr/local/texlive/2016/texmf-dist/tex/latex/graphics/trig.sty
Package: trig 2016/01/03 v1.10 sin cos tan (DPC)
)
(/usr/local/texlive/2016/texmf-dist/tex/latex/graphics-cfg/graphics.cfg
File: graphics.cfg 2016/01/02 v1.10 sample graphics configuration
)
Package graphics Info: Driver file: pdftex.def on input line 96.

(/usr/local/texlive/2016/texmf-dist/tex/latex/pdftex-def/pdftex.def
File: pdftex.def 2011/05/27 v0.06d Graphics/color for pdfTeX

(/usr/local/texlive/2016/texmf-dist/tex/generic/oberdiek/infwarerr.sty
Package: infwarerr 2016/05/16 v1.4 Providing info/warning/error messages (HO)
)
(/usr/local/texlive/2016/texmf-dist/tex/generic/oberdiek/ltxcmds.sty
Package: ltxcmds 2016/05/16 v1.23 LaTeX kernel commands for general use (HO)
)
\Gread@gobject=\count107
))
\Gin@req@height=\dimen124
\Gin@req@width=\dimen125
)
(/usr/local/texlive/2016/texmf-dist/tex/latex/tools/theorem.sty
Package: theorem 2014/10/28 v2.2c Theorem extension package (FMi)
\theorem@style=\toks21
\theorem@bodyfont=\toks22
\theorempreskipamount=\skip56
\theorempostskipamount=\skip57

(/usr/local/texlive/2016/texmf-dist/tex/latex/tools/thp.sty
File: thp.sty 2014/10/28 v2.2c Theorem extension package (FMi)
))
(/usr/local/texlive/2016/texmf-dist/tex/latex/hyperref/hyperref.sty
Package: hyperref 2016/05/05 v6.83n Hypertext links for LaTeX

(/usr/local/texlive/2016/texmf-dist/tex/generic/oberdiek/hobsub-hyperref.sty
Package: hobsub-hyperref 2016/05/16 v1.14 Bundle oberdiek, subset hyperref (HO)


(/usr/local/texlive/2016/texmf-dist/tex/generic/oberdiek/hobsub-generic.sty
Package: hobsub-generic 2016/05/16 v1.14 Bundle oberdiek, subset generic (HO)
Package: hobsub 2016/05/16 v1.14 Construct package bundles (HO)
Package hobsub Info: Skipping package `infwarerr' (already loaded).
Package hobsub Info: Skipping package `ltxcmds' (already loaded).
Package: ifluatex 2016/05/16 v1.4 Provides the ifluatex switch (HO)
Package ifluatex Info: LuaTeX not detected.
Package: ifvtex 2016/05/16 v1.6 Detect VTeX and its facilities (HO)
Package ifvtex Info: VTeX not detected.
Package: intcalc 2016/05/16 v1.2 Expandable calculations with integers (HO)
Package: ifpdf 2016/05/14 v3.1 Provides the ifpdf switch
Package: etexcmds 2016/05/16 v1.6 Avoid name clashes with e-TeX commands (HO)
Package etexcmds Info: Could not find \expanded.
(etexcmds)             That can mean that you are not using pdfTeX 1.50 or
(etexcmds)             that some package has redefined \expanded.
(etexcmds)             In the latter case, load this package earlier.
Package: kvsetkeys 2016/05/16 v1.17 Key value parser (HO)
Package: kvdefinekeys 2016/05/16 v1.4 Define keys (HO)
Package: pdftexcmds 2016/05/10 v0.21 Utility functions of pdfTeX for LuaTeX (HO
)
Package pdftexcmds Info: LuaTeX not detected.
Package pdftexcmds Info: \pdf@primitive is available.
Package pdftexcmds Info: \pdf@ifprimitive is available.
Package pdftexcmds Info: \pdfdraftmode found.
Package: pdfescape 2016/05/16 v1.14 Implements pdfTeX's escape features (HO)
Package: bigintcalc 2016/05/16 v1.4 Expandable calculations on big integers (HO
)
Package: bitset 2016/05/16 v1.2 Handle bit-vector datatype (HO)
Package: uniquecounter 2016/05/16 v1.3 Provide unlimited unique counter (HO)
)
Package hobsub Info: Skipping package `hobsub' (already loaded).
Package: letltxmacro 2016/05/16 v1.5 Let assignment for LaTeX macros (HO)
Package: hopatch 2016/05/16 v1.3 Wrapper for package hooks (HO)
Package: xcolor-patch 2016/05/16 xcolor patch
Package: atveryend 2016/05/16 v1.9 Hooks at the very end of document (HO)
Package atveryend Info: \enddocument detected (standard20110627).
Package: atbegshi 2016/05/16 v1.17 At begin shipout hook (HO)
Package: refcount 2016/05/16 v3.5 Data extraction from label references (HO)
Package: hycolor 2016/05/16 v1.8 Color options for hyperref/bookmark (HO)
)
(/usr/local/texlive/2016/texmf-dist/tex/generic/ifxetex/ifxetex.sty
Package: ifxetex 2010/09/12 v0.6 Provides ifxetex conditional
)
(/usr/local/texlive/2016/texmf-dist/tex/latex/oberdiek/auxhook.sty
Package: auxhook 2016/05/16 v1.4 Hooks for auxiliary files (HO)
)
(/usr/local/texlive/2016/texmf-dist/tex/latex/oberdiek/kvoptions.sty
Package: kvoptions 2016/05/16 v3.12 Key value format for package options (HO)
)
\@linkdim=\dimen126
\Hy@linkcounter=\count108
\Hy@pagecounter=\count109

(/usr/local/texlive/2016/texmf-dist/tex/latex/hyperref/pd1enc.def
File: pd1enc.def 2016/05/05 v6.83n Hyperref: PDFDocEncoding definition (HO)
)
\Hy@SavedSpaceFactor=\count110

(/usr/local/texlive/2016/texmf-dist/tex/latex/latexconfig/hyperref.cfg
File: hyperref.cfg 2002/06/06 v1.2 hyperref configuration of TeXLive
)
Package hyperref Info: Hyper figures OFF on input line 4446.
Package hyperref Info: Link nesting OFF on input line 4451.
Package hyperref Info: Hyper index ON on input line 4454.
Package hyperref Info: Plain pages OFF on input line 4461.
Package hyperref Info: Backreferencing OFF on input line 4466.
Package hyperref Info: Implicit mode ON; LaTeX internals redefined.
Package hyperref Info: Bookmarks ON on input line 4691.
\c@Hy@tempcnt=\count111
LaTeX Info: Redefining \url on input line 5044.
\XeTeXLinkMargin=\dimen127
\Fld@menulength=\count112
\Field@Width=\dimen128
\Fld@charsize=\dimen129
Package hyperref Info: Hyper figures OFF on input line 6298.
Package hyperref Info: Link nesting OFF on input line 6303.
Package hyperref Info: Hyper index ON on input line 6306.
Package hyperref Info: backreferencing OFF on input line 6313.
Package hyperref Info: Link coloring OFF on input line 6318.
Package hyperref Info: Link coloring with OCG OFF on input line 6323.
Package hyperref Info: PDF/A mode OFF on input line 6328.
LaTeX Info: Redefining \ref on input line 6368.
LaTeX Info: Redefining \pageref on input line 6372.
\Hy@abspage=\count113
\c@Item=\count114
\c@Hfootnote=\count115
)

Package hyperref Message: Driver (autodetected): hpdftex.

(/usr/local/texlive/2016/texmf-dist/tex/latex/hyperref/hpdftex.def
File: hpdftex.def 2016/05/05 v6.83n Hyperref driver for pdfTeX
\Fld@listcount=\count116
\c@bookmark@seq@number=\count117

(/usr/local/texlive/2016/texmf-dist/tex/latex/oberdiek/rerunfilecheck.sty
Package: rerunfilecheck 2016/05/16 v1.8 Rerun checks for auxiliary files (HO)
Package uniquecounter Info: New unique counter `rerunfilecheck' on input line 2
82.
)
\Hy@SectionHShift=\skip58
)
(/usr/local/texlive/2016/texmf-dist/tex/latex/graphics/color.sty
Package: color 2016/05/09 v1.1c Standard LaTeX Color (DPC)

(/usr/local/texlive/2016/texmf-dist/tex/latex/graphics-cfg/color.cfg
File: color.cfg 2016/01/02 v1.6 sample color configuration
)
Package color Info: Driver file: pdftex.def on input line 144.
)
(/usr/local/texlive/2016/texmf-dist/tex/latex/comment/comment.sty
\CommentStream=\write3

Excluding comment 'comment')
(/usr/local/texlive/2016/texmf-dist/tex/latex/csquotes/csquotes.sty
Package: csquotes 2016/01/31 v5.1g context-sensitive quotations (JAW)

(/usr/local/texlive/2016/texmf-dist/tex/latex/etoolbox/etoolbox.sty
Package: etoolbox 2015/08/02 v2.2a e-TeX tools for LaTeX (JAW)
\etb@tempcnta=\count118
)
\csq@reset=\count119
\csq@gtype=\count120
\csq@glevel=\count121
\csq@qlevel=\count122
\csq@maxlvl=\count123
\csq@tshold=\count124
\csq@ltx@everypar=\toks23

(/usr/local/texlive/2016/texmf-dist/tex/latex/csquotes/csquotes.def
File: csquotes.def 2016/01/31 v5.1g csquotes generic definitions (JAW)
)
Package csquotes Info: Trying to load configuration file 'csquotes.cfg'...
Package csquotes Info: ... configuration file loaded successfully.

(/usr/local/texlive/2016/texmf-dist/tex/latex/csquotes/csquotes.cfg
File: csquotes.cfg 
))
(/usr/local/texlive/2016/texmf-dist/tex/latex/eepic/epic.sty
Enhancements to Picture Environment. Version 1.2 - Released June 1, 1986
\@@multicnt=\count125
\d@lta=\count126
\@delta=\dimen130
\@@delta=\dimen131
\@gridcnt=\count127
\@joinkind=\count128
\@dotgap=\dimen132
\@ddotgap=\dimen133
\@x@diff=\count129
\@y@diff=\count130
\x@diff=\dimen134
\y@diff=\dimen135
\@dotbox=\box29
\num@segments=\count131
\num@segmentsi=\count132
\@datafile=\read1
) (/usr/local/texlive/2016/texmf-dist/tex/latex/eepic/eepic.sty
Extension to Epic and LaTeX. Version 1.1e - Released Dec 21, 1999
\@gphlinewidth=\count133
\@eepictcnt=\count134
\@tempdimc=\dimen136
\maxovaldiam=\dimen137
\@filltype=\box30
) (/usr/local/texlive/2016/texmf-dist/tex/latex/algorithm2e/algorithm2e.sty
Package: algorithm2e 2013/01/06 v5.00 algorithms environments
\c@AlgoLine=\count135

(/usr/local/texlive/2016/texmf-dist/tex/latex/base/ifthen.sty
Package: ifthen 2014/09/29 v1.1c Standard LaTeX ifthen package (DPC)
)
\algocf@hangindent=\skip59

(/usr/local/texlive/2016/texmf-dist/tex/latex/tools/xspace.sty
Package: xspace 2014/10/28 v1.13 Space after command names (DPC,MH)
)
(/usr/local/texlive/2016/texmf-dist/tex/latex/relsize/relsize.sty
Package: relsize 2013/03/29 ver 4.1
)
********************************************************
Package `algorithm2e' Release 5.1 -- october 19 2015 --
- algorithm2e-announce@lirmm.fr mailing list for announcement about releases
- algorithm2e-discussion@lirmm.fr mailing list for discussion about package
subscribe by emailing sympa@lirmm.fr with 'subscribe <list> <firstname name>'
- Author: Christophe Fiorio (christophe.fiorio@umontpellier.fr)
********************************************************
\skiptotal=\skip60
\skiplinenumber=\skip61
\skiprule=\skip62
\skiphlne=\skip63
\skiptext=\skip64
\skiplength=\skip65
\algomargin=\skip66
\skipalgocfslide=\skip67
\algowidth=\dimen138
\inoutsize=\dimen139
\inoutindent=\dimen140
\interspacetitleruled=\dimen141
\interspacealgoruled=\dimen142
\interspacetitleboxruled=\dimen143
\algocf@ruledwidth=\skip68
\algocf@inoutbox=\box31
\algocf@inputbox=\box32
\AlCapSkip=\skip69
\AlCapHSkip=\skip70
\algoskipindent=\skip71
\algocf@nlbox=\box33
\algocf@hangingbox=\box34
\algocf@untilbox=\box35
\algocf@skipuntil=\skip72
\algocf@capbox=\box36
\algoheightruledefault=\skip73
\algoheightrule=\skip74
\algotitleheightruledefault=\skip75
\algotitleheightrule=\skip76
\c@algocfline=\count136
\c@algocfproc=\count137
\c@algocf=\count138
\algocf@algoframe=\box37
\algocf@algobox=\box38
)
\c@definition=\count139
\c@lem=\count140
\c@prop=\count141
\c@cor=\count142
\c@remark=\count143
Package csquotes Info: Checking for multilingual support...
Package csquotes Info: ... none found.
 (./ICUAS18.aux)
\openout1 = `ICUAS18.aux'.

LaTeX Font Info:    Checking defaults for OML/cmm/m/it on input line 87.
LaTeX Font Info:    ... okay on input line 87.
LaTeX Font Info:    Checking defaults for T1/cmr/m/n on input line 87.
LaTeX Font Info:    ... okay on input line 87.
LaTeX Font Info:    Checking defaults for OT1/cmr/m/n on input line 87.
LaTeX Font Info:    ... okay on input line 87.
LaTeX Font Info:    Checking defaults for OMS/cmsy/m/n on input line 87.
LaTeX Font Info:    ... okay on input line 87.
LaTeX Font Info:    Checking defaults for OMX/cmex/m/n on input line 87.
LaTeX Font Info:    ... okay on input line 87.
LaTeX Font Info:    Checking defaults for U/cmr/m/n on input line 87.
LaTeX Font Info:    ... okay on input line 87.
LaTeX Font Info:    Checking defaults for PD1/pdf/m/n on input line 87.
LaTeX Font Info:    ... okay on input line 87.

(/usr/local/texlive/2016/texmf-dist/tex/context/base/mkii/supp-pdf.mkii
[Loading MPS to PDF converter (version 2006.09.02).]
\scratchcounter=\count144
\scratchdimen=\dimen144
\scratchbox=\box39
\nofMPsegments=\count145
\nofMParguments=\count146
\everyMPshowfont=\toks24
\MPscratchCnt=\count147
\MPscratchDim=\dimen145
\MPnumerator=\count148
\makeMPintoPDFobject=\count149
\everyMPtoPDFconversion=\toks25
) (/usr/local/texlive/2016/texmf-dist/tex/latex/oberdiek/epstopdf-base.sty
Package: epstopdf-base 2016/05/15 v2.6 Base part for package epstopdf

(/usr/local/texlive/2016/texmf-dist/tex/latex/oberdiek/grfext.sty
Package: grfext 2016/05/16 v1.2 Manage graphics extensions (HO)
)
Package grfext Info: Graphics extension search list:
(grfext)             [.png,.pdf,.jpg,.mps,.jpeg,.jbig2,.jb2,.PNG,.PDF,.JPG,.JPE
G,.JBIG2,.JB2,.eps]
(grfext)             \AppendGraphicsExtensions on input line 456.

(/usr/local/texlive/2016/texmf-dist/tex/latex/latexconfig/epstopdf-sys.cfg
File: epstopdf-sys.cfg 2010/07/13 v1.3 Configuration of (r)epstopdf for TeX Liv
e
))
\AtBeginShipoutBox=\box40
Package hyperref Info: Link coloring OFF on input line 87.

(/usr/local/texlive/2016/texmf-dist/tex/latex/hyperref/nameref.sty
Package: nameref 2012/10/27 v2.43 Cross-referencing by name of section

(/usr/local/texlive/2016/texmf-dist/tex/generic/oberdiek/gettitlestring.sty
Package: gettitlestring 2016/05/16 v1.5 Cleanup title references (HO)
)
\c@section@level=\count150
)
LaTeX Info: Redefining \ref on input line 87.
LaTeX Info: Redefining \pageref on input line 87.
LaTeX Info: Redefining \nameref on input line 87.

(./ICUAS18.out) (./ICUAS18.out)
\@outlinefile=\write4
\openout4 = `ICUAS18.out'.

LaTeX Font Info:    Try loading font information for U+msa on input line 91.

(/usr/local/texlive/2016/texmf-dist/tex/latex/amsfonts/umsa.fd
File: umsa.fd 2013/01/14 v3.01 AMS symbols A
)
LaTeX Font Info:    Try loading font information for U+msb on input line 91.

(/usr/local/texlive/2016/texmf-dist/tex/latex/amsfonts/umsb.fd
File: umsb.fd 2013/01/14 v3.01 AMS symbols B
)
LaTeX Font Info:    Try loading font information for OT1+pcr on input line 91.

(/usr/local/texlive/2016/texmf-dist/tex/latex/psnfss/ot1pcr.fd
File: ot1pcr.fd 2001/06/04 font definitions for OT1/pcr.
)
LaTeX Font Info:    Try loading font information for OMS+pcr on input line 91.

(/usr/local/texlive/2016/texmf-dist/tex/latex/psnfss/omspcr.fd
File: omspcr.fd 
)
LaTeX Font Info:    Font shape `OMS/pcr/m/n' in size <8> not available
(Font)              Font shape `OMS/cmsy/m/n' tried instead on input line 91.

Underfull \hbox (badness 4634) in paragraph at lines 91--91
[][][]\OT1/ptm/m/n/8 Evan Kauf-man, Taey-oung Lee, Me-chan-i-cal and Aerospace 
En-
 []


Underfull \hbox (badness 8132) in paragraph at lines 91--91
\OT1/ptm/m/n/8 gi-neer-ing, George Wash-ing-ton Uni-ver-sity, Wash-ing-ton DC 2
0052
 []

[1{/usr/local/texlive/2016/texmf-var/fonts/map/pdftex/updmap/pdftex.map}


]
Underfull \hbox (badness 4805) in paragraph at lines 174--176
\OML/cmm/m/it/10 P\OT1/cmr/m/n/10 (\OT1/cmr/bx/n/10 r[]\OMS/cmsy/m/n/10 j\OML/c
mm/m/it/10 X[]; Z[]\OT1/cmr/m/n/10 ) = 1$ \OT1/ptm/m/n/10 for con-ve-nience, an
d
 []


Overfull \hbox (2.30225pt too wide) in paragraph at lines 195--195
[] 
 []

[2]
Underfull \hbox (badness 7099) in paragraph at lines 249--251
\OT1/ptm/m/n/10 where $\OMS/cmsy/m/n/10 B[] \OML/cmm/m/it/10 > \OT1/cmr/m/n/10 
0$ \OT1/ptm/m/n/10 is the max-i-mum value when
 []

<../../Fig/NonZeroBump.pdf, id=105, 562.1pt x 421.575pt>
File: ../../Fig/NonZeroBump.pdf Graphic file (type pdf)

<use ../../Fig/NonZeroBump.pdf>
Package pdftex.def Info: ../../Fig/NonZeroBump.pdf used on input line 270.
(pdftex.def)             Requested size: 221.14479pt x 165.8545pt.
 [3] [4 <../../Fig/NonZeroBump.pdf>]
<../../Fig/MultiVehicleAutonomousExplorationDiagram.png, id=153, 1005.7575pt x 
307.1475pt>
File: ../../Fig/MultiVehicleAutonomousExplorationDiagram.png Graphic file (type
 png)
 <use ../../Fig/MultiVehicleAutonomousExplorationDiagram.png>
Package pdftex.def Info: ../../Fig/MultiVehicleAutonomousExplorationDiagram.png
 used on input line 377.
(pdftex.def)             Requested size: 221.14479pt x 67.53516pt.

[5 <../../Fig/MultiVehicleAutonomousExplorationDiagram.png>]
<../../Fig/SEH_cropped.png, id=190, 731.73375pt x 835.12pt>
File: ../../Fig/SEH_cropped.png Graphic file (type png)

<use ../../Fig/SEH_cropped.png>
Package pdftex.def Info: ../../Fig/SEH_cropped.png used on input line 430.
(pdftex.def)             Requested size: 107.64507pt x 122.85905pt.

<../../Fig/gazeboSEH.png, id=191, 701.62125pt x 710.655pt>
File: ../../Fig/gazeboSEH.png Graphic file (type png)

<use ../../Fig/gazeboSEH.png>
Package pdftex.def Info: ../../Fig/gazeboSEH.png used on input line 430.
(pdftex.def)             Requested size: 121.29744pt x 122.85905pt.

<../../Fig/multi_discount_raw_3D_0min_ss.jpg, id=192, 1927.2pt x 1084.05pt>
File: ../../Fig/multi_discount_raw_3D_0min_ss.jpg Graphic file (type jpg)

<use ../../Fig/multi_discount_raw_3D_0min_ss.jpg>
Package pdftex.def Info: ../../Fig/multi_discount_raw_3D_0min_ss.jpg used on in
put line 441.
(pdftex.def)             Requested size: 108.33249pt x 110.57239pt.

<../../Fig/multi_discount_raw_3D_1min_ss.jpg, id=194, 1927.2pt x 1084.05pt>
File: ../../Fig/multi_discount_raw_3D_1min_ss.jpg Graphic file (type jpg)

<use ../../Fig/multi_discount_raw_3D_1min_ss.jpg>
Package pdftex.def Info: ../../Fig/multi_discount_raw_3D_1min_ss.jpg used on in
put line 441.
(pdftex.def)             Requested size: 108.33249pt x 110.57239pt.

<../../Fig/multi_discount_raw_3D_2min_ss.jpg, id=196, 1927.2pt x 1084.05pt>
File: ../../Fig/multi_discount_raw_3D_2min_ss.jpg Graphic file (type jpg)

<use ../../Fig/multi_discount_raw_3D_2min_ss.jpg>
Package pdftex.def Info: ../../Fig/multi_discount_raw_3D_2min_ss.jpg used on in
put line 447.
(pdftex.def)             Requested size: 108.33249pt x 110.57239pt.

<../../Fig/multi_discount_raw_3D_3min_ss.jpg, id=198, 1927.2pt x 1084.05pt>
File: ../../Fig/multi_discount_raw_3D_3min_ss.jpg Graphic file (type jpg)

<use ../../Fig/multi_discount_raw_3D_3min_ss.jpg>
Package pdftex.def Info: ../../Fig/multi_discount_raw_3D_3min_ss.jpg used on in
put line 447.
(pdftex.def)             Requested size: 108.33249pt x 110.57239pt.

<../../Fig/multi_discount_raw_3D_4min_ss.jpg, id=200, 1927.2pt x 1084.05pt>
File: ../../Fig/multi_discount_raw_3D_4min_ss.jpg Graphic file (type jpg)

<use ../../Fig/multi_discount_raw_3D_4min_ss.jpg>
Package pdftex.def Info: ../../Fig/multi_discount_raw_3D_4min_ss.jpg used on in
put line 453.
(pdftex.def)             Requested size: 108.33249pt x 110.57239pt.

<../../Fig/multi_discount_raw_3D_5min_ss.jpg, id=202, 1927.2pt x 1084.05pt>
File: ../../Fig/multi_discount_raw_3D_5min_ss.jpg Graphic file (type jpg)

<use ../../Fig/multi_discount_raw_3D_5min_ss.jpg>
Package pdftex.def Info: ../../Fig/multi_discount_raw_3D_5min_ss.jpg used on in
put line 453.
(pdftex.def)             Requested size: 108.33249pt x 110.57239pt.

<../../Fig/multi_discount_raw_3D_6min_ss.jpg, id=204, 1927.2pt x 1084.05pt>
File: ../../Fig/multi_discount_raw_3D_6min_ss.jpg Graphic file (type jpg)

<use ../../Fig/multi_discount_raw_3D_6min_ss.jpg>
Package pdftex.def Info: ../../Fig/multi_discount_raw_3D_6min_ss.jpg used on in
put line 459.
(pdftex.def)             Requested size: 108.33249pt x 110.57239pt.

<../../Fig/multi_discount_raw_3D_7min_ss.jpg, id=206, 1927.2pt x 1084.05pt>
File: ../../Fig/multi_discount_raw_3D_7min_ss.jpg Graphic file (type jpg)

<use ../../Fig/multi_discount_raw_3D_7min_ss.jpg>
Package pdftex.def Info: ../../Fig/multi_discount_raw_3D_7min_ss.jpg used on in
put line 459.
(pdftex.def)             Requested size: 108.33249pt x 110.57239pt.

<../../Fig/multi_discount_raw_3D_8min_ss.jpg, id=208, 1927.2pt x 1084.05pt>
File: ../../Fig/multi_discount_raw_3D_8min_ss.jpg Graphic file (type jpg)

<use ../../Fig/multi_discount_raw_3D_8min_ss.jpg>
Package pdftex.def Info: ../../Fig/multi_discount_raw_3D_8min_ss.jpg used on in
put line 465.
(pdftex.def)             Requested size: 108.33249pt x 110.57239pt.

<../../Fig/multi_discount_raw_3D_9min_ss.jpg, id=210, 1927.2pt x 1084.05pt>
File: ../../Fig/multi_discount_raw_3D_9min_ss.jpg Graphic file (type jpg)

<use ../../Fig/multi_discount_raw_3D_9min_ss.jpg>
Package pdftex.def Info: ../../Fig/multi_discount_raw_3D_9min_ss.jpg used on in
put line 465.
(pdftex.def)             Requested size: 108.33249pt x 110.57239pt.


LaTeX Warning: Float too large for page by 30.48065pt on input line 469.

<../../Fig/multi_discount_raw_2D_0min.jpg, id=212, 1927.2pt x 1084.05pt>
File: ../../Fig/multi_discount_raw_2D_0min.jpg Graphic file (type jpg)

<use ../../Fig/multi_discount_raw_2D_0min.jpg>
Package pdftex.def Info: ../../Fig/multi_discount_raw_2D_0min.jpg used on input
 line 477.
(pdftex.def)             Requested size: 111.0676pt x 110.57239pt.

<../../Fig/multi_discount_raw_2D_1min.jpg, id=214, 1927.2pt x 1084.05pt>
File: ../../Fig/multi_discount_raw_2D_1min.jpg Graphic file (type jpg)

<use ../../Fig/multi_discount_raw_2D_1min.jpg>
Package pdftex.def Info: ../../Fig/multi_discount_raw_2D_1min.jpg used on input
 line 477.
(pdftex.def)             Requested size: 111.0676pt x 110.57239pt.

<../../Fig/multi_discount_raw_2D_2min.jpg, id=216, 1927.2pt x 1084.05pt>
File: ../../Fig/multi_discount_raw_2D_2min.jpg Graphic file (type jpg)

<use ../../Fig/multi_discount_raw_2D_2min.jpg>
Package pdftex.def Info: ../../Fig/multi_discount_raw_2D_2min.jpg used on input
 line 483.
(pdftex.def)             Requested size: 111.0676pt x 110.57239pt.

<../../Fig/multi_discount_raw_2D_3min.jpg, id=218, 1927.2pt x 1084.05pt>
File: ../../Fig/multi_discount_raw_2D_3min.jpg Graphic file (type jpg)

<use ../../Fig/multi_discount_raw_2D_3min.jpg>
Package pdftex.def Info: ../../Fig/multi_discount_raw_2D_3min.jpg used on input
 line 483.
(pdftex.def)             Requested size: 111.0676pt x 110.57239pt.

<../../Fig/multi_discount_raw_2D_4min.jpg, id=220, 1927.2pt x 1084.05pt>
File: ../../Fig/multi_discount_raw_2D_4min.jpg Graphic file (type jpg)

<use ../../Fig/multi_discount_raw_2D_4min.jpg>
Package pdftex.def Info: ../../Fig/multi_discount_raw_2D_4min.jpg used on input
 line 489.
(pdftex.def)             Requested size: 111.0676pt x 110.57239pt.

<../../Fig/multi_discount_raw_2D_5min.jpg, id=222, 1927.2pt x 1084.05pt>
File: ../../Fig/multi_discount_raw_2D_5min.jpg Graphic file (type jpg)

<use ../../Fig/multi_discount_raw_2D_5min.jpg>
Package pdftex.def Info: ../../Fig/multi_discount_raw_2D_5min.jpg used on input
 line 489.
(pdftex.def)             Requested size: 111.0676pt x 110.57239pt.

<../../Fig/multi_discount_raw_2D_6min.jpg, id=224, 1927.2pt x 1084.05pt>
File: ../../Fig/multi_discount_raw_2D_6min.jpg Graphic file (type jpg)

<use ../../Fig/multi_discount_raw_2D_6min.jpg>
Package pdftex.def Info: ../../Fig/multi_discount_raw_2D_6min.jpg used on input
 line 495.
(pdftex.def)             Requested size: 111.0676pt x 110.57239pt.

<../../Fig/multi_discount_raw_2D_7min.jpg, id=226, 1927.2pt x 1084.05pt>
File: ../../Fig/multi_discount_raw_2D_7min.jpg Graphic file (type jpg)

<use ../../Fig/multi_discount_raw_2D_7min.jpg>
Package pdftex.def Info: ../../Fig/multi_discount_raw_2D_7min.jpg used on input
 line 495.
(pdftex.def)             Requested size: 111.0676pt x 110.57239pt.

<../../Fig/multi_discount_raw_2D_8min.jpg, id=228, 1927.2pt x 1084.05pt>
File: ../../Fig/multi_discount_raw_2D_8min.jpg Graphic file (type jpg)

<use ../../Fig/multi_discount_raw_2D_8min.jpg>
Package pdftex.def Info: ../../Fig/multi_discount_raw_2D_8min.jpg used on input
 line 501.
(pdftex.def)             Requested size: 111.0676pt x 110.57239pt.

<../../Fig/multi_discount_raw_2D_9min.jpg, id=230, 1927.2pt x 1084.05pt>
File: ../../Fig/multi_discount_raw_2D_9min.jpg Graphic file (type jpg)

<use ../../Fig/multi_discount_raw_2D_9min.jpg>
Package pdftex.def Info: ../../Fig/multi_discount_raw_2D_9min.jpg used on input
 line 501.
(pdftex.def)             Requested size: 111.0676pt x 110.57239pt.


LaTeX Warning: Float too large for page by 30.48065pt on input line 505.


Underfull \hbox (badness 2884) in paragraph at lines 508--509
[]\OT1/ptm/m/n/10 The re-sult-ing 3D oc-cu-pancy grid shows a nearly-
 []

[6 <../../Fig/multi_discount_raw_3D_0min_ss.jpg> <../../Fig/multi_discount_raw_
3D_1min_ss.jpg> <../../Fig/multi_discount_raw_3D_2min_ss.jpg> <../../Fig/multi_
discount_raw_3D_3min_ss.jpg> <../../Fig/multi_discount_raw_3D_4min_ss.jpg> <../
../Fig/multi_discount_raw_3D_5min_ss.jpg> <../../Fig/multi_discount_raw_3D_6min
_ss.jpg> <../../Fig/multi_discount_raw_3D_7min_ss.jpg> <../../Fig/multi_discoun
t_raw_3D_8min_ss.jpg> <../../Fig/multi_discount_raw_3D_9min_ss.jpg> <../../Fig/
SEH_cropped.png> <../../Fig/gazeboSEH.png>]
<../../Fig/multi_H.pdf, id=269, 562.1pt x 421.575pt>
File: ../../Fig/multi_H.pdf Graphic file (type pdf)

<use ../../Fig/multi_H.pdf>
Package pdftex.def Info: ../../Fig/multi_H.pdf used on input line 521.
(pdftex.def)             Requested size: 221.14479pt x 165.8545pt.
 (./ICUAS18.bbl [7 <../../Fig/multi_discount_raw_2D_0min.jpg> <../../Fig/multi_
discount_raw_2D_1min.jpg> <../../Fig/multi_discount_raw_2D_2min.jpg> <../../Fig
/multi_discount_raw_2D_3min.jpg> <../../Fig/multi_discount_raw_2D_4min.jpg> <..
/../Fig/multi_discount_raw_2D_5min.jpg> <../../Fig/multi_discount_raw_2D_6min.j
pg> <../../Fig/multi_discount_raw_2D_7min.jpg> <../../Fig/multi_discount_raw_2D
_8min.jpg> <../../Fig/multi_discount_raw_2D_9min.jpg> <../../Fig/multi_H.pdf>])


** Conference Paper **
Before submitting the final camera ready copy, remember to:

 1. Manually equalize the lengths of two columns on the last page
 of your paper;

 2. Ensure that any PostScript and/or PDF output post-processing
 uses only Type 1 fonts and that every step in the generation
 process uses the US letter (8.5in X 11in) paper size.

Package atveryend Info: Empty hook `BeforeClearDocument' on input line 536.
[8]
Package atveryend Info: Empty hook `AfterLastShipout' on input line 536.
 (./ICUAS18.aux)
Package atveryend Info: Executing hook `AtVeryEndDocument' on input line 536.
Package atveryend Info: Executing hook `AtEndAfterFileList' on input line 536.
Package rerunfilecheck Info: File `ICUAS18.out' has not changed.
(rerunfilecheck)             Checksum: 068A104CC15D1FCE4C781B70247F3051;878.
Package atveryend Info: Empty hook `AtVeryVeryEnd' on input line 536.
 )
(\end occurred inside a group at level 1)

### simple group (level 1) entered at line 1061 ({)
### bottom level 
Here is how much of TeX's memory you used:
 9140 strings out of 493014
 138458 string characters out of 6133351
 258208 words of memory out of 5000000
 12405 multiletter control sequences out of 15000+600000
 47416 words of font info for 100 fonts, out of 8000000 for 9000
 1141 hyphenation exceptions out of 8191
 41i,24n,41p,1137b,2437s stack positions out of 5000i,500n,10000p,200000b,80000s
{/usr/local/texlive/2016/texmf-dist/fonts/enc/dvips/base/8r.enc
}</usr/local/texlive/2016/texmf-dist/fonts/type1/public/amsfonts/cm/cmbx10.pfb>
</usr/local/texlive/2016/texmf-dist/fonts/type1/public/amsfonts/cm/cmex10.pfb><
/usr/local/texlive/2016/texmf-dist/fonts/type1/public/amsfonts/cm/cmmi10.pfb></
usr/local/texlive/2016/texmf-dist/fonts/type1/public/amsfonts/cm/cmmi5.pfb></us
r/local/texlive/2016/texmf-dist/fonts/type1/public/amsfonts/cm/cmmi7.pfb></usr/
local/texlive/2016/texmf-dist/fonts/type1/public/amsfonts/cm/cmr10.pfb></usr/lo
cal/texlive/2016/texmf-dist/fonts/type1/public/amsfonts/cm/cmr7.pfb></usr/local
/texlive/2016/texmf-dist/fonts/type1/public/amsfonts/cm/cmr8.pfb></usr/local/te
xlive/2016/texmf-dist/fonts/type1/public/amsfonts/cm/cmss10.pfb></usr/local/tex
live/2016/texmf-dist/fonts/type1/public/amsfonts/cm/cmss8.pfb></usr/local/texli
ve/2016/texmf-dist/fonts/type1/public/amsfonts/cm/cmsy10.pfb></usr/local/texliv
e/2016/texmf-dist/fonts/type1/public/amsfonts/cm/cmsy5.pfb></usr/local/texlive/
2016/texmf-dist/fonts/type1/public/amsfonts/cm/cmsy7.pfb></usr/local/texlive/20
16/texmf-dist/fonts/type1/public/amsfonts/cm/cmsy8.pfb></usr/local/texlive/2016
/texmf-dist/fonts/type1/public/amsfonts/symbols/msbm10.pfb></usr/local/texlive/
2016/texmf-dist/fonts/type1/urw/courier/ucrr8a.pfb></usr/local/texlive/2016/tex
mf-dist/fonts/type1/urw/times/utmb8a.pfb></usr/local/texlive/2016/texmf-dist/fo
nts/type1/urw/times/utmbi8a.pfb></usr/local/texlive/2016/texmf-dist/fonts/type1
/urw/times/utmr8a.pfb></usr/local/texlive/2016/texmf-dist/fonts/type1/urw/times
/utmri8a.pfb>
Output written on ICUAS18.pdf (8 pages, 4825143 bytes).
PDF statistics:
 420 PDF objects out of 1000 (max. 8388607)
 339 compressed objects within 4 object streams
 115 named destinations out of 1000 (max. 500000)
 350 words of extra memory for PDF output out of 10000 (max. 10000000)

