This is pdfTeX, Version 3.1415926-2.3-1.40.12 (MiKTeX 2.9) (preloaded format=pdftex 2013.7.7)  2 SEP 2015 22:20
entering extended mode
**C:/Users/Evan/Google*Drive/FDCL/Evan/Publications/ACC16.1/BibSources.bib
("C:/Users/Evan/Google Drive/FDCL/Evan/Publications/ACC16.1/BibSources.bib"
Overfull \hbox (0.35704pt too wide) in paragraph at lines 72--79
[]\tenrm @phdthesisPhDThesisAuthorsAndYear, Au-thor = J. Law-ton, Date-Added = 
2012-08-27 17:25:01 +0000,|

\hbox(6.94444+1.94444)x469.75499, glue set - 1.0
.\hbox(0.0+0.0)x20.0
.\tenrm @
.\tenrm p
.\tenrm h
.\tenrm d
.etc.

! Missing $ inserted.
<inserted text> 
                $
<to be read again> 
                   _
l.158 @inproceedings{SN_
                        amplitudes,
? 
! Emergency stop.
<inserted text> 
                $
<to be read again> 
                   _
l.158 @inproceedings{SN_
                        amplitudes,
End of file on the terminal!

!  ==> Fatal error occurred, no output PDF file produced!
