This is pdfTeX, Version 3.14159265-2.6-1.40.19 (TeX Live 2018) (preloaded format=pdflatex 2018.4.16)  1 JUN 2018 10:32
entering extended mode
 restricted \write18 enabled.
 file:line:error style messages enabled.
 %&-line parsing enabled.
**JIRS16_rev2.tex
(./JIRS16_rev2.tex
LaTeX2e <2018-04-01> patch level 2
Babel <3.18> and hyphenation patterns for 84 language(s) loaded.
(/usr/local/texlive/2018/texmf-dist/tex/latex/base/fix-cm.sty
Package: fix-cm 2015/01/14 v1.1t fixes to LaTeX

(/usr/local/texlive/2018/texmf-dist/tex/latex/base/ts1enc.def
File: ts1enc.def 2001/06/05 v3.0e (jk/car/fm) Standard LaTeX file
Now handling font encoding TS1 ...
... processing UTF-8 mapping file for font encoding TS1

(/usr/local/texlive/2018/texmf-dist/tex/latex/base/ts1enc.dfu
File: ts1enc.dfu 2018/04/05 v1.2c UTF-8 support for inputenc
   defining Unicode char U+00A2 (decimal 162)
   defining Unicode char U+00A3 (decimal 163)
   defining Unicode char U+00A4 (decimal 164)
   defining Unicode char U+00A5 (decimal 165)
   defining Unicode char U+00A6 (decimal 166)
   defining Unicode char U+00A7 (decimal 167)
   defining Unicode char U+00A8 (decimal 168)
   defining Unicode char U+00A9 (decimal 169)
   defining Unicode char U+00AA (decimal 170)
   defining Unicode char U+00AC (decimal 172)
   defining Unicode char U+00AE (decimal 174)
   defining Unicode char U+00AF (decimal 175)
   defining Unicode char U+00B0 (decimal 176)
   defining Unicode char U+00B1 (decimal 177)
   defining Unicode char U+00B2 (decimal 178)
   defining Unicode char U+00B3 (decimal 179)
   defining Unicode char U+00B4 (decimal 180)
   defining Unicode char U+00B5 (decimal 181)
   defining Unicode char U+00B6 (decimal 182)
   defining Unicode char U+00B7 (decimal 183)
   defining Unicode char U+00B9 (decimal 185)
   defining Unicode char U+00BA (decimal 186)
   defining Unicode char U+00BC (decimal 188)
   defining Unicode char U+00BD (decimal 189)
   defining Unicode char U+00BE (decimal 190)
   defining Unicode char U+00D7 (decimal 215)
   defining Unicode char U+00F7 (decimal 247)
   defining Unicode char U+0192 (decimal 402)
   defining Unicode char U+02C7 (decimal 711)
   defining Unicode char U+02D8 (decimal 728)
   defining Unicode char U+02DD (decimal 733)
   defining Unicode char U+0E3F (decimal 3647)
   defining Unicode char U+2016 (decimal 8214)
   defining Unicode char U+2020 (decimal 8224)
   defining Unicode char U+2021 (decimal 8225)
   defining Unicode char U+2022 (decimal 8226)
   defining Unicode char U+2030 (decimal 8240)
   defining Unicode char U+2031 (decimal 8241)
   defining Unicode char U+203B (decimal 8251)
   defining Unicode char U+203D (decimal 8253)
   defining Unicode char U+2044 (decimal 8260)
   defining Unicode char U+204E (decimal 8270)
   defining Unicode char U+2052 (decimal 8274)
   defining Unicode char U+20A1 (decimal 8353)
   defining Unicode char U+20A4 (decimal 8356)
   defining Unicode char U+20A6 (decimal 8358)
   defining Unicode char U+20A9 (decimal 8361)
   defining Unicode char U+20AB (decimal 8363)
   defining Unicode char U+20AC (decimal 8364)
   defining Unicode char U+20B1 (decimal 8369)
   defining Unicode char U+2103 (decimal 8451)
   defining Unicode char U+2116 (decimal 8470)
   defining Unicode char U+2117 (decimal 8471)
   defining Unicode char U+211E (decimal 8478)
   defining Unicode char U+2120 (decimal 8480)
   defining Unicode char U+2122 (decimal 8482)
   defining Unicode char U+2126 (decimal 8486)
   defining Unicode char U+2127 (decimal 8487)
   defining Unicode char U+212E (decimal 8494)
   defining Unicode char U+2190 (decimal 8592)
   defining Unicode char U+2191 (decimal 8593)
   defining Unicode char U+2192 (decimal 8594)
   defining Unicode char U+2193 (decimal 8595)
   defining Unicode char U+2329 (decimal 9001)
   defining Unicode char U+232A (decimal 9002)
   defining Unicode char U+2422 (decimal 9250)
   defining Unicode char U+25E6 (decimal 9702)
   defining Unicode char U+25EF (decimal 9711)
   defining Unicode char U+266A (decimal 9834)
   defining Unicode char U+FEFF (decimal 65279)
))) (./svjour3.cls
Document Class: svjour3 2007/05/08 v3.2 
LaTeX document class for Springer journals
Class Springer-SVJour3 Info: extra/valid Springer sub-package (-> *.clo) 
(Springer-SVJour3)           not found in option list of \documentclass
(Springer-SVJour3)           - autoactivating "global" style.
(./svglov3.clo
File: svglov3.clo 2009/12/18 v3.2 style option for standardised journals

SVJour Class option: svglov3.clo for standardised journals
)
LaTeX Font Info:    Redeclaring math symbol \Gamma on input line 147.
LaTeX Font Info:    Redeclaring math symbol \Delta on input line 148.
LaTeX Font Info:    Redeclaring math symbol \Theta on input line 149.
LaTeX Font Info:    Redeclaring math symbol \Lambda on input line 150.
LaTeX Font Info:    Redeclaring math symbol \Xi on input line 151.
LaTeX Font Info:    Redeclaring math symbol \Pi on input line 152.
LaTeX Font Info:    Redeclaring math symbol \Sigma on input line 153.
LaTeX Font Info:    Redeclaring math symbol \Upsilon on input line 154.
LaTeX Font Info:    Redeclaring math symbol \Phi on input line 155.
LaTeX Font Info:    Redeclaring math symbol \Psi on input line 156.
LaTeX Font Info:    Redeclaring math symbol \Omega on input line 157.
\logodepth=\dimen102
\headerboxheight=\dimen103
\betweenumberspace=\dimen104
\aftertext=\dimen105
\headlineindent=\dimen106
\c@inst=\count80
\c@auth=\count81
\instindent=\dimen107
\authrun=\box26
\authorrunning=\toks14
\titrun=\box27
\titlerunning=\toks15
\combirun=\box28
\c@lastpage=\count82
\rubricwidth=\dimen108
\c@section=\count83
\c@subsection=\count84
\c@subsubsection=\count85
\c@paragraph=\count86
\c@subparagraph=\count87
\spthmsep=\dimen109
\c@theorem=\count88
\c@case=\count89
\c@conjecture=\count90
\c@corollary=\count91
\c@definition=\count92
\c@example=\count93
\c@exercise=\count94
\c@lemma=\count95
\c@note=\count96
\c@problem=\count97
\c@property=\count98
\c@proposition=\count99
\c@question=\count100
\c@solution=\count101
\c@remark=\count102
\c@figure=\count103
\c@table=\count104
\abovecaptionskip=\skip41
\belowcaptionskip=\skip42
\figcapgap=\dimen110
\tabcapgap=\dimen111
\figgap=\dimen112
\bibindent=\dimen113
\@tempcntc=\count105
) (/usr/local/texlive/2018/texmf-dist/tex/latex/graphics/graphicx.sty
Package: graphicx 2017/06/01 v1.1a Enhanced LaTeX Graphics (DPC,SPQR)

(/usr/local/texlive/2018/texmf-dist/tex/latex/graphics/keyval.sty
Package: keyval 2014/10/28 v1.15 key=value parser (DPC)
\KV@toks@=\toks16
)
(/usr/local/texlive/2018/texmf-dist/tex/latex/graphics/graphics.sty
Package: graphics 2017/06/25 v1.2c Standard LaTeX Graphics (DPC,SPQR)

(/usr/local/texlive/2018/texmf-dist/tex/latex/graphics/trig.sty
Package: trig 2016/01/03 v1.10 sin cos tan (DPC)
)
(/usr/local/texlive/2018/texmf-dist/tex/latex/graphics-cfg/graphics.cfg
File: graphics.cfg 2016/06/04 v1.11 sample graphics configuration
)
Package graphics Info: Driver file: pdftex.def on input line 99.

(/usr/local/texlive/2018/texmf-dist/tex/latex/graphics-def/pdftex.def
File: pdftex.def 2018/01/08 v1.0l Graphics/color driver for pdftex
))
\Gin@req@height=\dimen114
\Gin@req@width=\dimen115
)
(/usr/local/texlive/2018/texmf-dist/tex/latex/amsmath/amsmath.sty
Package: amsmath 2017/09/02 v2.17a AMS math features
\@mathmargin=\skip43

For additional information on amsmath, use the `?' option.
(/usr/local/texlive/2018/texmf-dist/tex/latex/amsmath/amstext.sty
Package: amstext 2000/06/29 v2.01 AMS text

(/usr/local/texlive/2018/texmf-dist/tex/latex/amsmath/amsgen.sty
File: amsgen.sty 1999/11/30 v2.0 generic functions
\@emptytoks=\toks17
\ex@=\dimen116
))
(/usr/local/texlive/2018/texmf-dist/tex/latex/amsmath/amsbsy.sty
Package: amsbsy 1999/11/29 v1.2d Bold Symbols
\pmbraise@=\dimen117
)
(/usr/local/texlive/2018/texmf-dist/tex/latex/amsmath/amsopn.sty
Package: amsopn 2016/03/08 v2.02 operator names
)
\inf@bad=\count106
LaTeX Info: Redefining \frac on input line 213.
\uproot@=\count107
\leftroot@=\count108
LaTeX Info: Redefining \overline on input line 375.
\classnum@=\count109
\DOTSCASE@=\count110
LaTeX Info: Redefining \ldots on input line 472.
LaTeX Info: Redefining \dots on input line 475.
LaTeX Info: Redefining \cdots on input line 596.
\Mathstrutbox@=\box29
\strutbox@=\box30
\big@size=\dimen118
LaTeX Font Info:    Redeclaring font encoding OML on input line 712.
LaTeX Font Info:    Redeclaring font encoding OMS on input line 713.


Package amsmath Warning: Unable to redefine math accent \vec.

\macc@depth=\count111
\c@MaxMatrixCols=\count112
\dotsspace@=\muskip10
\c@parentequation=\count113
\dspbrk@lvl=\count114
\tag@help=\toks18
\row@=\count115
\column@=\count116
\maxfields@=\count117
\andhelp@=\toks19
\eqnshift@=\dimen119
\alignsep@=\dimen120
\tagshift@=\dimen121
\tagwidth@=\dimen122
\totwidth@=\dimen123
\lineht@=\dimen124
\@envbody=\toks20
\multlinegap=\skip44
\multlinetaggap=\skip45
\mathdisplay@stack=\toks21
LaTeX Info: Redefining \[ on input line 2817.
LaTeX Info: Redefining \] on input line 2818.
) (/usr/local/texlive/2018/texmf-dist/tex/latex/amsfonts/amssymb.sty
Package: amssymb 2013/01/14 v3.01 AMS font symbols

(/usr/local/texlive/2018/texmf-dist/tex/latex/amsfonts/amsfonts.sty
Package: amsfonts 2013/01/14 v3.01 Basic AMSFonts support
\symAMSa=\mathgroup4
\symAMSb=\mathgroup5
LaTeX Font Info:    Overwriting math alphabet `\mathfrak' in version `bold'
(Font)                  U/euf/m/n --> U/euf/b/n on input line 106.
))
(/usr/local/texlive/2018/texmf-dist/tex/latex/url/url.sty
\Urlmuskip=\muskip11
Package: url 2013/09/16  ver 3.4  Verb mode for urls, etc.
)
(/usr/local/texlive/2018/texmf-dist/tex/latex/psnfss/times.sty
Package: times 2005/04/12 PSNFSS-v9.2a (SPQR) 
)
(/usr/local/texlive/2018/texmf-dist/tex/latex/caption/caption.sty
Package: caption 2016/02/21 v3.3-144 Customizing captions (AR)

(/usr/local/texlive/2018/texmf-dist/tex/latex/caption/caption3.sty
Package: caption3 2016/05/22 v1.7-166 caption3 kernel (AR)
Package caption3 Info: TeX engine: e-TeX on input line 67.
\captionmargin=\dimen125
\captionmargin@=\dimen126
\captionwidth=\dimen127
\caption@tempdima=\dimen128
\caption@indent=\dimen129
\caption@parindent=\dimen130
\caption@hangindent=\dimen131
Package caption Info: Unknown document class (or package),
(caption)             standard defaults will be used.
)

Package caption Warning: Unsupported document class (or package) detected,
(caption)                usage of the caption package is not recommended.
See the caption package documentation for explanation.

Package caption Info: \@makecaption = \long macro:#1#2->\captionstyle \ifx \@ca
ptype \fig@type \vskip \figcapgap \fi \setbox \@tempboxa \hbox {{\floatlegendst
yle #1\floatcounterend }\capstrut #2}\ifdim \wd \@tempboxa >\hsize {\floatlegen
dstyle #1\floatcounterend }\capstrut #2\par \else \hbox to\hsize {\leftlegendgl
ue \unhbox \@tempboxa \hfil }\fi \ifx \@captype \fig@type \else \vskip \tabcapg
ap \fi .
\c@ContinuedFloat=\count118
) (/usr/local/texlive/2018/texmf-dist/tex/latex/caption/subcaption.sty
Package: subcaption 2016/05/22 v1.1-161 Sub-captions (AR)
\c@subfigure=\count119
\c@subtable=\count120
)
(/usr/local/texlive/2018/texmf-dist/tex/latex/hyperref/hyperref.sty
Package: hyperref 2018/02/06 v6.86b Hypertext links for LaTeX

(/usr/local/texlive/2018/texmf-dist/tex/generic/oberdiek/hobsub-hyperref.sty
Package: hobsub-hyperref 2016/05/16 v1.14 Bundle oberdiek, subset hyperref (HO)


(/usr/local/texlive/2018/texmf-dist/tex/generic/oberdiek/hobsub-generic.sty
Package: hobsub-generic 2016/05/16 v1.14 Bundle oberdiek, subset generic (HO)
Package: hobsub 2016/05/16 v1.14 Construct package bundles (HO)
Package: infwarerr 2016/05/16 v1.4 Providing info/warning/error messages (HO)
Package: ltxcmds 2016/05/16 v1.23 LaTeX kernel commands for general use (HO)
Package: ifluatex 2016/05/16 v1.4 Provides the ifluatex switch (HO)
Package ifluatex Info: LuaTeX not detected.
Package: ifvtex 2016/05/16 v1.6 Detect VTeX and its facilities (HO)
Package ifvtex Info: VTeX not detected.
Package: intcalc 2016/05/16 v1.2 Expandable calculations with integers (HO)
Package: ifpdf 2017/03/15 v3.2 Provides the ifpdf switch
Package: etexcmds 2016/05/16 v1.6 Avoid name clashes with e-TeX commands (HO)
Package etexcmds Info: Could not find \expanded.
(etexcmds)             That can mean that you are not using pdfTeX 1.50 or
(etexcmds)             that some package has redefined \expanded.
(etexcmds)             In the latter case, load this package earlier.
Package: kvsetkeys 2016/05/16 v1.17 Key value parser (HO)
Package: kvdefinekeys 2016/05/16 v1.4 Define keys (HO)
Package: pdftexcmds 2018/01/30 v0.27 Utility functions of pdfTeX for LuaTeX (HO
)
Package pdftexcmds Info: LuaTeX not detected.
Package pdftexcmds Info: \pdf@primitive is available.
Package pdftexcmds Info: \pdf@ifprimitive is available.
Package pdftexcmds Info: \pdfdraftmode found.
Package: pdfescape 2016/05/16 v1.14 Implements pdfTeX's escape features (HO)
Package: bigintcalc 2016/05/16 v1.4 Expandable calculations on big integers (HO
)
Package: bitset 2016/05/16 v1.2 Handle bit-vector datatype (HO)
Package: uniquecounter 2016/05/16 v1.3 Provide unlimited unique counter (HO)
)
Package hobsub Info: Skipping package `hobsub' (already loaded).
Package: letltxmacro 2016/05/16 v1.5 Let assignment for LaTeX macros (HO)
Package: hopatch 2016/05/16 v1.3 Wrapper for package hooks (HO)
Package: xcolor-patch 2016/05/16 xcolor patch
Package: atveryend 2016/05/16 v1.9 Hooks at the very end of document (HO)
Package atveryend Info: \enddocument detected (standard20110627).
Package: atbegshi 2016/06/09 v1.18 At begin shipout hook (HO)
Package: refcount 2016/05/16 v3.5 Data extraction from label references (HO)
Package: hycolor 2016/05/16 v1.8 Color options for hyperref/bookmark (HO)
)
(/usr/local/texlive/2018/texmf-dist/tex/generic/ifxetex/ifxetex.sty
Package: ifxetex 2010/09/12 v0.6 Provides ifxetex conditional
)
(/usr/local/texlive/2018/texmf-dist/tex/latex/oberdiek/auxhook.sty
Package: auxhook 2016/05/16 v1.4 Hooks for auxiliary files (HO)
)
(/usr/local/texlive/2018/texmf-dist/tex/latex/oberdiek/kvoptions.sty
Package: kvoptions 2016/05/16 v3.12 Key value format for package options (HO)
)
\@linkdim=\dimen132
\Hy@linkcounter=\count121
\Hy@pagecounter=\count122

(/usr/local/texlive/2018/texmf-dist/tex/latex/hyperref/pd1enc.def
File: pd1enc.def 2018/02/06 v6.86b Hyperref: PDFDocEncoding definition (HO)
Now handling font encoding PD1 ...
... no UTF-8 mapping file for font encoding PD1
)
\Hy@SavedSpaceFactor=\count123

(/usr/local/texlive/2018/texmf-dist/tex/latex/latexconfig/hyperref.cfg
File: hyperref.cfg 2002/06/06 v1.2 hyperref configuration of TeXLive
)
Package hyperref Info: Hyper figures OFF on input line 4509.
Package hyperref Info: Link nesting OFF on input line 4514.
Package hyperref Info: Hyper index ON on input line 4517.
Package hyperref Info: Plain pages OFF on input line 4524.
Package hyperref Info: Backreferencing OFF on input line 4529.
Package hyperref Info: Implicit mode ON; LaTeX internals redefined.
Package hyperref Info: Bookmarks ON on input line 4762.
\c@Hy@tempcnt=\count124
LaTeX Info: Redefining \url on input line 5115.
\XeTeXLinkMargin=\dimen133
\Fld@menulength=\count125
\Field@Width=\dimen134
\Fld@charsize=\dimen135
Package hyperref Info: Hyper figures OFF on input line 6369.
Package hyperref Info: Link nesting OFF on input line 6374.
Package hyperref Info: Hyper index ON on input line 6377.
Package hyperref Info: backreferencing OFF on input line 6384.
Package hyperref Info: Link coloring OFF on input line 6389.
Package hyperref Info: Link coloring with OCG OFF on input line 6394.
Package hyperref Info: PDF/A mode OFF on input line 6399.
LaTeX Info: Redefining \ref on input line 6439.
LaTeX Info: Redefining \pageref on input line 6443.
\Hy@abspage=\count126
\c@Item=\count127
\c@Hfootnote=\count128
)
Package hyperref Info: Driver (autodetected): hpdftex.

(/usr/local/texlive/2018/texmf-dist/tex/latex/hyperref/hpdftex.def
File: hpdftex.def 2018/02/06 v6.86b Hyperref driver for pdfTeX
\Fld@listcount=\count129
\c@bookmark@seq@number=\count130

(/usr/local/texlive/2018/texmf-dist/tex/latex/oberdiek/rerunfilecheck.sty
Package: rerunfilecheck 2016/05/16 v1.8 Rerun checks for auxiliary files (HO)
Package uniquecounter Info: New unique counter `rerunfilecheck' on input line 2
82.
)
\Hy@SectionHShift=\skip46
)
(/usr/local/texlive/2018/texmf-dist/tex/latex/graphics/color.sty
Package: color 2016/07/10 v1.1e Standard LaTeX Color (DPC)

(/usr/local/texlive/2018/texmf-dist/tex/latex/graphics-cfg/color.cfg
File: color.cfg 2016/01/02 v1.6 sample color configuration
)
Package color Info: Driver file: pdftex.def on input line 147.
)
(/usr/local/texlive/2018/texmf-dist/tex/latex/comment/comment.sty
\CommentStream=\write3

Excluding comment 'comment')
(/usr/local/texlive/2018/texmf-dist/tex/latex/curves/curves.sty
Package: curves 2017/08/25 1.55 Curves for LaTeX picture environment
\;sc=\count131
\;scp=\count132
\;t=\count133
\;cc=\count134
\;cnd=\count135
\;mcnd=\count136
\;np=\count137
\;overhang=\count138
\;pbs=\count139
\;pns=\count140
\;psc=\count141
\;rc=\count142
\;rtc=\count143
\;tc=\count144
\csdiameter=\skip47
\curvelength=\skip48
\overhang=\skip49
\;x=\skip50
\;dx=\skip51
\;ddx=\skip52
\;y=\skip53
\;dy=\skip54
\;ddy=\skip55
\;pl=\skip56
\;ucd=\skip57
\;csbox=\box31
\;pt=\box32
\;strline=\toks22
\m;ssingcoord=\toks23
\;negdash=\toks24
\;oddcoord=\toks25
\;wc=\count145
\;X=\skip58
\;Y=\skip59
)
(/usr/local/texlive/2018/texmf-dist/tex/latex/pgfgantt/pgfgantt.sty
Package: pgfgantt 2018/01/10 v5.0 Draw Gantt diagrams with TikZ

(/usr/local/texlive/2018/texmf-dist/tex/latex/pgf/frontendlayer/tikz.sty
(/usr/local/texlive/2018/texmf-dist/tex/latex/pgf/basiclayer/pgf.sty
(/usr/local/texlive/2018/texmf-dist/tex/latex/pgf/utilities/pgfrcs.sty
(/usr/local/texlive/2018/texmf-dist/tex/generic/pgf/utilities/pgfutil-common.te
x
\pgfutil@everybye=\toks26
\pgfutil@tempdima=\dimen136
\pgfutil@tempdimb=\dimen137

(/usr/local/texlive/2018/texmf-dist/tex/generic/pgf/utilities/pgfutil-common-li
sts.tex))
(/usr/local/texlive/2018/texmf-dist/tex/generic/pgf/utilities/pgfutil-latex.def
\pgfutil@abb=\box33
(/usr/local/texlive/2018/texmf-dist/tex/latex/ms/everyshi.sty
Package: everyshi 2001/05/15 v3.00 EveryShipout Package (MS)
))
(/usr/local/texlive/2018/texmf-dist/tex/generic/pgf/utilities/pgfrcs.code.tex
Package: pgfrcs 2015/08/07 v3.0.1a (rcs-revision 1.31)
))
Package: pgf 2015/08/07 v3.0.1a (rcs-revision 1.15)
(/usr/local/texlive/2018/texmf-dist/tex/latex/pgf/basiclayer/pgfcore.sty
(/usr/local/texlive/2018/texmf-dist/tex/latex/pgf/systemlayer/pgfsys.sty
(/usr/local/texlive/2018/texmf-dist/tex/generic/pgf/systemlayer/pgfsys.code.tex
Package: pgfsys 2014/07/09 v3.0.1a (rcs-revision 1.48)
(/usr/local/texlive/2018/texmf-dist/tex/generic/pgf/utilities/pgfkeys.code.tex
\pgfkeys@pathtoks=\toks27
\pgfkeys@temptoks=\toks28

(/usr/local/texlive/2018/texmf-dist/tex/generic/pgf/utilities/pgfkeysfiltered.c
ode.tex
\pgfkeys@tmptoks=\toks29
))
\pgf@x=\dimen138
\pgf@y=\dimen139
\pgf@xa=\dimen140
\pgf@ya=\dimen141
\pgf@xb=\dimen142
\pgf@yb=\dimen143
\pgf@xc=\dimen144
\pgf@yc=\dimen145
\w@pgf@writea=\write4
\r@pgf@reada=\read1
\c@pgf@counta=\count146
\c@pgf@countb=\count147
\c@pgf@countc=\count148
\c@pgf@countd=\count149
\t@pgf@toka=\toks30
\t@pgf@tokb=\toks31
\t@pgf@tokc=\toks32

(/usr/local/texlive/2018/texmf-dist/tex/generic/pgf/systemlayer/pgf.cfg
File: pgf.cfg 2008/05/14  (rcs-revision 1.7)
)
Driver file for pgf: pgfsys-pdftex.def

(/usr/local/texlive/2018/texmf-dist/tex/generic/pgf/systemlayer/pgfsys-pdftex.d
ef
File: pgfsys-pdftex.def 2014/10/11  (rcs-revision 1.35)

(/usr/local/texlive/2018/texmf-dist/tex/generic/pgf/systemlayer/pgfsys-common-p
df.def
File: pgfsys-common-pdf.def 2013/10/10  (rcs-revision 1.13)
)))
(/usr/local/texlive/2018/texmf-dist/tex/generic/pgf/systemlayer/pgfsyssoftpath.
code.tex
File: pgfsyssoftpath.code.tex 2013/09/09  (rcs-revision 1.9)
\pgfsyssoftpath@smallbuffer@items=\count150
\pgfsyssoftpath@bigbuffer@items=\count151
)
(/usr/local/texlive/2018/texmf-dist/tex/generic/pgf/systemlayer/pgfsysprotocol.
code.tex
File: pgfsysprotocol.code.tex 2006/10/16  (rcs-revision 1.4)
)) (/usr/local/texlive/2018/texmf-dist/tex/latex/xcolor/xcolor.sty
Package: xcolor 2016/05/11 v2.12 LaTeX color extensions (UK)

(/usr/local/texlive/2018/texmf-dist/tex/latex/graphics-cfg/color.cfg
File: color.cfg 2016/01/02 v1.6 sample color configuration
)
Package xcolor Info: Driver file: pdftex.def on input line 225.
LaTeX Info: Redefining \color on input line 709.
Package xcolor Info: Model `cmy' substituted by `cmy0' on input line 1348.
Package xcolor Info: Model `hsb' substituted by `rgb' on input line 1352.
Package xcolor Info: Model `RGB' extended on input line 1364.
Package xcolor Info: Model `HTML' substituted by `rgb' on input line 1366.
Package xcolor Info: Model `Hsb' substituted by `hsb' on input line 1367.
Package xcolor Info: Model `tHsb' substituted by `hsb' on input line 1368.
Package xcolor Info: Model `HSB' substituted by `hsb' on input line 1369.
Package xcolor Info: Model `Gray' substituted by `gray' on input line 1370.
Package xcolor Info: Model `wave' substituted by `hsb' on input line 1371.
)
(/usr/local/texlive/2018/texmf-dist/tex/generic/pgf/basiclayer/pgfcore.code.tex
Package: pgfcore 2010/04/11 v3.0.1a (rcs-revision 1.7)
(/usr/local/texlive/2018/texmf-dist/tex/generic/pgf/math/pgfmath.code.tex
(/usr/local/texlive/2018/texmf-dist/tex/generic/pgf/math/pgfmathcalc.code.tex
(/usr/local/texlive/2018/texmf-dist/tex/generic/pgf/math/pgfmathutil.code.tex)
(/usr/local/texlive/2018/texmf-dist/tex/generic/pgf/math/pgfmathparser.code.tex
\pgfmath@dimen=\dimen146
\pgfmath@count=\count152
\pgfmath@box=\box34
\pgfmath@toks=\toks33
\pgfmath@stack@operand=\toks34
\pgfmath@stack@operation=\toks35
)
(/usr/local/texlive/2018/texmf-dist/tex/generic/pgf/math/pgfmathfunctions.code.
tex
(/usr/local/texlive/2018/texmf-dist/tex/generic/pgf/math/pgfmathfunctions.basic
.code.tex)
(/usr/local/texlive/2018/texmf-dist/tex/generic/pgf/math/pgfmathfunctions.trigo
nometric.code.tex)
(/usr/local/texlive/2018/texmf-dist/tex/generic/pgf/math/pgfmathfunctions.rando
m.code.tex)
(/usr/local/texlive/2018/texmf-dist/tex/generic/pgf/math/pgfmathfunctions.compa
rison.code.tex)
(/usr/local/texlive/2018/texmf-dist/tex/generic/pgf/math/pgfmathfunctions.base.
code.tex)
(/usr/local/texlive/2018/texmf-dist/tex/generic/pgf/math/pgfmathfunctions.round
.code.tex)
(/usr/local/texlive/2018/texmf-dist/tex/generic/pgf/math/pgfmathfunctions.misc.
code.tex)
(/usr/local/texlive/2018/texmf-dist/tex/generic/pgf/math/pgfmathfunctions.integ
erarithmetics.code.tex)))
(/usr/local/texlive/2018/texmf-dist/tex/generic/pgf/math/pgfmathfloat.code.tex
\c@pgfmathroundto@lastzeros=\count153
))
(/usr/local/texlive/2018/texmf-dist/tex/generic/pgf/basiclayer/pgfcorepoints.co
de.tex
File: pgfcorepoints.code.tex 2013/10/07  (rcs-revision 1.27)
\pgf@picminx=\dimen147
\pgf@picmaxx=\dimen148
\pgf@picminy=\dimen149
\pgf@picmaxy=\dimen150
\pgf@pathminx=\dimen151
\pgf@pathmaxx=\dimen152
\pgf@pathminy=\dimen153
\pgf@pathmaxy=\dimen154
\pgf@xx=\dimen155
\pgf@xy=\dimen156
\pgf@yx=\dimen157
\pgf@yy=\dimen158
\pgf@zx=\dimen159
\pgf@zy=\dimen160
)
(/usr/local/texlive/2018/texmf-dist/tex/generic/pgf/basiclayer/pgfcorepathconst
ruct.code.tex
File: pgfcorepathconstruct.code.tex 2013/10/07  (rcs-revision 1.29)
\pgf@path@lastx=\dimen161
\pgf@path@lasty=\dimen162
)
(/usr/local/texlive/2018/texmf-dist/tex/generic/pgf/basiclayer/pgfcorepathusage
.code.tex
File: pgfcorepathusage.code.tex 2014/11/02  (rcs-revision 1.24)
\pgf@shorten@end@additional=\dimen163
\pgf@shorten@start@additional=\dimen164
)
(/usr/local/texlive/2018/texmf-dist/tex/generic/pgf/basiclayer/pgfcorescopes.co
de.tex
File: pgfcorescopes.code.tex 2015/05/08  (rcs-revision 1.46)
\pgfpic=\box35
\pgf@hbox=\box36
\pgf@layerbox@main=\box37
\pgf@picture@serial@count=\count154
)
(/usr/local/texlive/2018/texmf-dist/tex/generic/pgf/basiclayer/pgfcoregraphicst
ate.code.tex
File: pgfcoregraphicstate.code.tex 2014/11/02  (rcs-revision 1.12)
\pgflinewidth=\dimen165
)
(/usr/local/texlive/2018/texmf-dist/tex/generic/pgf/basiclayer/pgfcoretransform
ations.code.tex
File: pgfcoretransformations.code.tex 2015/08/07  (rcs-revision 1.20)
\pgf@pt@x=\dimen166
\pgf@pt@y=\dimen167
\pgf@pt@temp=\dimen168
)
(/usr/local/texlive/2018/texmf-dist/tex/generic/pgf/basiclayer/pgfcorequick.cod
e.tex
File: pgfcorequick.code.tex 2008/10/09  (rcs-revision 1.3)
)
(/usr/local/texlive/2018/texmf-dist/tex/generic/pgf/basiclayer/pgfcoreobjects.c
ode.tex
File: pgfcoreobjects.code.tex 2006/10/11  (rcs-revision 1.2)
)
(/usr/local/texlive/2018/texmf-dist/tex/generic/pgf/basiclayer/pgfcorepathproce
ssing.code.tex
File: pgfcorepathprocessing.code.tex 2013/09/09  (rcs-revision 1.9)
)
(/usr/local/texlive/2018/texmf-dist/tex/generic/pgf/basiclayer/pgfcorearrows.co
de.tex
File: pgfcorearrows.code.tex 2015/05/14  (rcs-revision 1.43)
\pgfarrowsep=\dimen169
)
(/usr/local/texlive/2018/texmf-dist/tex/generic/pgf/basiclayer/pgfcoreshade.cod
e.tex
File: pgfcoreshade.code.tex 2013/07/15  (rcs-revision 1.15)
\pgf@max=\dimen170
\pgf@sys@shading@range@num=\count155
)
(/usr/local/texlive/2018/texmf-dist/tex/generic/pgf/basiclayer/pgfcoreimage.cod
e.tex
File: pgfcoreimage.code.tex 2013/07/15  (rcs-revision 1.18)

(/usr/local/texlive/2018/texmf-dist/tex/generic/pgf/basiclayer/pgfcoreexternal.
code.tex
File: pgfcoreexternal.code.tex 2014/07/09  (rcs-revision 1.21)
\pgfexternal@startupbox=\box38
))
(/usr/local/texlive/2018/texmf-dist/tex/generic/pgf/basiclayer/pgfcorelayers.co
de.tex
File: pgfcorelayers.code.tex 2013/07/18  (rcs-revision 1.7)
)
(/usr/local/texlive/2018/texmf-dist/tex/generic/pgf/basiclayer/pgfcoretranspare
ncy.code.tex
File: pgfcoretransparency.code.tex 2013/09/30  (rcs-revision 1.5)
)
(/usr/local/texlive/2018/texmf-dist/tex/generic/pgf/basiclayer/pgfcorepatterns.
code.tex
File: pgfcorepatterns.code.tex 2013/11/07  (rcs-revision 1.5)
)))
(/usr/local/texlive/2018/texmf-dist/tex/generic/pgf/modules/pgfmoduleshapes.cod
e.tex
File: pgfmoduleshapes.code.tex 2014/03/21  (rcs-revision 1.35)
\pgfnodeparttextbox=\box39
)
(/usr/local/texlive/2018/texmf-dist/tex/generic/pgf/modules/pgfmoduleplot.code.
tex
File: pgfmoduleplot.code.tex 2015/08/03  (rcs-revision 1.13)
)
(/usr/local/texlive/2018/texmf-dist/tex/latex/pgf/compatibility/pgfcomp-version
-0-65.sty
Package: pgfcomp-version-0-65 2007/07/03 v3.0.1a (rcs-revision 1.7)
\pgf@nodesepstart=\dimen171
\pgf@nodesepend=\dimen172
)
(/usr/local/texlive/2018/texmf-dist/tex/latex/pgf/compatibility/pgfcomp-version
-1-18.sty
Package: pgfcomp-version-1-18 2007/07/23 v3.0.1a (rcs-revision 1.1)
))
(/usr/local/texlive/2018/texmf-dist/tex/latex/pgf/utilities/pgffor.sty
(/usr/local/texlive/2018/texmf-dist/tex/latex/pgf/utilities/pgfkeys.sty
(/usr/local/texlive/2018/texmf-dist/tex/generic/pgf/utilities/pgfkeys.code.tex)
) (/usr/local/texlive/2018/texmf-dist/tex/latex/pgf/math/pgfmath.sty
(/usr/local/texlive/2018/texmf-dist/tex/generic/pgf/math/pgfmath.code.tex))
(/usr/local/texlive/2018/texmf-dist/tex/generic/pgf/utilities/pgffor.code.tex
Package: pgffor 2013/12/13 v3.0.1a (rcs-revision 1.25)

(/usr/local/texlive/2018/texmf-dist/tex/generic/pgf/math/pgfmath.code.tex)
\pgffor@iter=\dimen173
\pgffor@skip=\dimen174
\pgffor@stack=\toks36
\pgffor@toks=\toks37
))
(/usr/local/texlive/2018/texmf-dist/tex/generic/pgf/frontendlayer/tikz/tikz.cod
e.tex
Package: tikz 2015/08/07 v3.0.1a (rcs-revision 1.151)

(/usr/local/texlive/2018/texmf-dist/tex/generic/pgf/libraries/pgflibraryplothan
dlers.code.tex
File: pgflibraryplothandlers.code.tex 2013/08/31 v3.0.1a (rcs-revision 1.20)
\pgf@plot@mark@count=\count156
\pgfplotmarksize=\dimen175
)
\tikz@lastx=\dimen176
\tikz@lasty=\dimen177
\tikz@lastxsaved=\dimen178
\tikz@lastysaved=\dimen179
\tikzleveldistance=\dimen180
\tikzsiblingdistance=\dimen181
\tikz@figbox=\box40
\tikz@figbox@bg=\box41
\tikz@tempbox=\box42
\tikz@tempbox@bg=\box43
\tikztreelevel=\count157
\tikznumberofchildren=\count158
\tikznumberofcurrentchild=\count159
\tikz@fig@count=\count160

(/usr/local/texlive/2018/texmf-dist/tex/generic/pgf/modules/pgfmodulematrix.cod
e.tex
File: pgfmodulematrix.code.tex 2013/09/17  (rcs-revision 1.8)
\pgfmatrixcurrentrow=\count161
\pgfmatrixcurrentcolumn=\count162
\pgf@matrix@numberofcolumns=\count163
)
\tikz@expandcount=\count164

(/usr/local/texlive/2018/texmf-dist/tex/generic/pgf/frontendlayer/tikz/librarie
s/tikzlibrarytopaths.code.tex
File: tikzlibrarytopaths.code.tex 2008/06/17 v3.0.1a (rcs-revision 1.2)
)))
(/usr/local/texlive/2018/texmf-dist/tex/generic/pgf/frontendlayer/tikz/librarie
s/tikzlibraryarrows.code.tex
File: tikzlibraryarrows.code.tex 2008/01/09 v3.0.1a (rcs-revision 1.1)

(/usr/local/texlive/2018/texmf-dist/tex/generic/pgf/libraries/pgflibraryarrows.
code.tex
File: pgflibraryarrows.code.tex 2013/09/23 v3.0.1a (rcs-revision 1.16)
\arrowsize=\dimen182
))
(/usr/local/texlive/2018/texmf-dist/tex/generic/pgf/frontendlayer/tikz/librarie
s/tikzlibrarybackgrounds.code.tex
File: tikzlibrarybackgrounds.code.tex 2013/07/18 v3.0.1a (rcs-revision 1.3)
\pgf@layerbox@background=\box44
\pgf@layerboxsaved@background=\box45
)
(/usr/local/texlive/2018/texmf-dist/tex/generic/pgf/frontendlayer/tikz/librarie
s/tikzlibrarycalc.code.tex
File: tikzlibrarycalc.code.tex 2013/07/15 v3.0.1a (rcs-revision 1.9)
)
(/usr/local/texlive/2018/texmf-dist/tex/generic/pgf/frontendlayer/tikz/librarie
s/tikzlibrarypatterns.code.tex
File: tikzlibrarypatterns.code.tex 2008/01/15 v3.0.1a (rcs-revision 1.2)

(/usr/local/texlive/2018/texmf-dist/tex/generic/pgf/libraries/pgflibrarypattern
s.code.tex
File: pgflibrarypatterns.code.tex 2008/03/03 v3.0.1a (rcs-revision 1.13)
))
(/usr/local/texlive/2018/texmf-dist/tex/generic/pgf/frontendlayer/tikz/librarie
s/tikzlibrarypositioning.code.tex
File: tikzlibrarypositioning.code.tex 2008/10/06 v3.0.1a (rcs-revision 1.7)
)
(/usr/local/texlive/2018/texmf-dist/tex/generic/pgf/frontendlayer/tikz/librarie
s/tikzlibraryshapes.geometric.code.tex
File: tikzlibraryshapes.geometric.code.tex 2008/01/09 v3.0.1a (rcs-revision 1.1
)

(/usr/local/texlive/2018/texmf-dist/tex/generic/pgf/libraries/shapes/pgflibrary
shapes.geometric.code.tex
File: pgflibraryshapes.geometric.code.tex 2008/06/26 v3.0.1a (rcs-revision 1.1)

))
(/usr/local/texlive/2018/texmf-dist/tex/latex/pgf/utilities/pgfcalendar.sty
(/usr/local/texlive/2018/texmf-dist/tex/generic/pgf/utilities/pgfcalendar.code.
tex
File: pgfcalendar.code.tex 2007/07/23 v3.0.1a (rcs-revision 1.11)
\pgfcalendarcurrentjulian=\count165
))
\gtt@currentline=\count166
\gtt@lasttitleline=\count167
\gtt@currgrid=\count168
\gtt@chartwidth=\count169
\gtt@lasttitleslot=\count170
\gtt@elementid=\count171
\gtt@today@slot=\count172
\gtt@startjulian=\count173
\gtt@endjulian=\count174
\gtt@chartid=\count175
\gtt@vrule@slot=\count176
\gtt@calendar@slots=\count177
\gtt@calendar@weeknumber=\count178
\gtt@calendar@startofweek=\count179
\gtt@left@slot=\count180
\gtt@right@slot=\count181
)
(/usr/local/texlive/2018/texmf-dist/tex/latex/algorithm2e/algorithm2e.sty
Package: algorithm2e 2017/07/18 v5.2 algorithms environments
\c@AlgoLine=\count182

(/usr/local/texlive/2018/texmf-dist/tex/latex/base/ifthen.sty
Package: ifthen 2014/09/29 v1.1c Standard LaTeX ifthen package (DPC)
)
\algocf@hangindent=\skip60

(/usr/local/texlive/2018/texmf-dist/tex/latex/ifoddpage/ifoddpage.sty
Package: ifoddpage 2016/04/23 v1.1 Conditionals for odd/even page detection
\c@checkoddpage=\count183
)
(/usr/local/texlive/2018/texmf-dist/tex/latex/tools/xspace.sty
Package: xspace 2014/10/28 v1.13 Space after command names (DPC,MH)
)
(/usr/local/texlive/2018/texmf-dist/tex/latex/relsize/relsize.sty
Package: relsize 2013/03/29 ver 4.1
)
\skiptotal=\skip61
\skiplinenumber=\skip62
\skiprule=\skip63
\skiphlne=\skip64
\skiptext=\skip65
\skiplength=\skip66
\algomargin=\skip67
\skipalgocfslide=\skip68
\algowidth=\dimen183
\inoutsize=\dimen184
\inoutindent=\dimen185
\interspacetitleruled=\dimen186
\interspacealgoruled=\dimen187
\interspacetitleboxruled=\dimen188
\algocf@ruledwidth=\skip69
\algocf@inoutbox=\box46
\algocf@inputbox=\box47
\AlCapSkip=\skip70
\AlCapHSkip=\skip71
\algoskipindent=\skip72
\algocf@nlbox=\box48
\algocf@hangingbox=\box49
\algocf@untilbox=\box50
\algocf@skipuntil=\skip73
\algocf@capbox=\box51
\algocf@lcaptionbox=\skip74
\algoheightruledefault=\skip75
\algoheightrule=\skip76
\algotitleheightruledefault=\skip77
\algotitleheightrule=\skip78
\c@algocfline=\count184
\c@algocfproc=\count185
\c@algocf=\count186
\algocf@algoframe=\box52
\algocf@algobox=\box53
)
\c@prop=\count187

(./JIRS16_rev2.aux)
\openout1 = `JIRS16_rev2.aux'.

LaTeX Font Info:    Checking defaults for OML/cmm/m/it on input line 78.
LaTeX Font Info:    ... okay on input line 78.
LaTeX Font Info:    Checking defaults for T1/cmr/m/n on input line 78.
LaTeX Font Info:    ... okay on input line 78.
LaTeX Font Info:    Checking defaults for OT1/cmr/m/n on input line 78.
LaTeX Font Info:    ... okay on input line 78.
LaTeX Font Info:    Checking defaults for OMS/cmsy/m/n on input line 78.
LaTeX Font Info:    ... okay on input line 78.
LaTeX Font Info:    Checking defaults for OMX/cmex/m/n on input line 78.
LaTeX Font Info:    ... okay on input line 78.
LaTeX Font Info:    Checking defaults for U/cmr/m/n on input line 78.
LaTeX Font Info:    ... okay on input line 78.
LaTeX Font Info:    Checking defaults for TS1/cmr/m/n on input line 78.
LaTeX Font Info:    ... okay on input line 78.
LaTeX Font Info:    Checking defaults for PD1/pdf/m/n on input line 78.
LaTeX Font Info:    ... okay on input line 78.
LaTeX Font Info:    Try loading font information for OT1+ptm on input line 78.

(/usr/local/texlive/2018/texmf-dist/tex/latex/psnfss/ot1ptm.fd
File: ot1ptm.fd 2001/06/04 font definitions for OT1/ptm.
)
(/usr/local/texlive/2018/texmf-dist/tex/context/base/mkii/supp-pdf.mkii
[Loading MPS to PDF converter (version 2006.09.02).]
\scratchcounter=\count188
\scratchdimen=\dimen189
\scratchbox=\box54
\nofMPsegments=\count189
\nofMParguments=\count190
\everyMPshowfont=\toks38
\MPscratchCnt=\count191
\MPscratchDim=\dimen190
\MPnumerator=\count192
\makeMPintoPDFobject=\count193
\everyMPtoPDFconversion=\toks39
) (/usr/local/texlive/2018/texmf-dist/tex/latex/oberdiek/epstopdf-base.sty
Package: epstopdf-base 2016/05/15 v2.6 Base part for package epstopdf

(/usr/local/texlive/2018/texmf-dist/tex/latex/oberdiek/grfext.sty
Package: grfext 2016/05/16 v1.2 Manage graphics extensions (HO)
)
Package epstopdf-base Info: Redefining graphics rule for `.eps' on input line 4
38.
Package grfext Info: Graphics extension search list:
(grfext)             [.pdf,.png,.jpg,.mps,.jpeg,.jbig2,.jb2,.PDF,.PNG,.JPG,.JPE
G,.JBIG2,.JB2,.eps]
(grfext)             \AppendGraphicsExtensions on input line 456.

(/usr/local/texlive/2018/texmf-dist/tex/latex/latexconfig/epstopdf-sys.cfg
File: epstopdf-sys.cfg 2010/07/13 v1.3 Configuration of (r)epstopdf for TeX Liv
e
))
Package caption Info: Begin \AtBeginDocument code.
Package caption Info: hyperref package is loaded.
Package caption Info: End \AtBeginDocument code.
\AtBeginShipoutBox=\box55
Package hyperref Info: Link coloring OFF on input line 78.

(/usr/local/texlive/2018/texmf-dist/tex/latex/hyperref/nameref.sty
Package: nameref 2016/05/21 v2.44 Cross-referencing by name of section

(/usr/local/texlive/2018/texmf-dist/tex/generic/oberdiek/gettitlestring.sty
Package: gettitlestring 2016/05/16 v1.5 Cleanup title references (HO)
)
\c@section@level=\count194
)
LaTeX Info: Redefining \ref on input line 78.
LaTeX Info: Redefining \pageref on input line 78.
LaTeX Info: Redefining \nameref on input line 78.

(./JIRS16_rev2.out) (./JIRS16_rev2.out)
\@outlinefile=\write5
\openout5 = `JIRS16_rev2.out'.

 ABD: EveryShipout initializing macros
LaTeX Font Info:    Font shape `OT1/ptm/bx/n' in size <10> not available
(Font)              Font shape `OT1/ptm/b/n' tried instead on input line 146.
LaTeX Font Info:    Font shape `OT1/ptm/bx/n' in size <13> not available
(Font)              Font shape `OT1/ptm/b/n' tried instead on input line 146.
LaTeX Font Info:    Try loading font information for U+msa on input line 146.

(/usr/local/texlive/2018/texmf-dist/tex/latex/amsfonts/umsa.fd
File: umsa.fd 2013/01/14 v3.01 AMS symbols A
)
LaTeX Font Info:    Try loading font information for U+msb on input line 146.

(/usr/local/texlive/2018/texmf-dist/tex/latex/amsfonts/umsb.fd
File: umsb.fd 2013/01/14 v3.01 AMS symbols B
)
LaTeX Font Info:    Try loading font information for OMS+ptm on input line 146.


(/usr/local/texlive/2018/texmf-dist/tex/latex/psnfss/omsptm.fd
File: omsptm.fd 
)
LaTeX Font Info:    Font shape `OMS/ptm/m/n' in size <8> not available
(Font)              Font shape `OMS/cmsy/m/n' tried instead on input line 146.

Underfull \vbox (badness 2564) has occurred while \output is active []

 [1{/usr/local/texlive/2018/texmf-var/fonts/map/pdftex/updmap/pdftex.map}]
Overfull \hbox (3.3472pt too wide) in paragraph at lines 179--180
\OT1/ptm/m/n/10 cu-pancy grid rep-re-sen-ta-tion, where the en-vi-ron-ment is d
e-com-posed into evenly-spaced
 []

[2]
Overfull \hbox (1.56728pt too wide) in paragraph at lines 202--203
 []\OT1/ptm/m/it/10 Optimal Au-tonomous Ex-plo-ration [] \OT1/ptm/m/n/10 Next, 
this pa-per ad-dresses au-tonomous ex-plo-ration
 []

[3]
Underfull \vbox (badness 10000) has occurred while \output is active []

 [4]
Underfull \vbox (badness 2653) has occurred while \output is active []

 [5]
Overfull \hbox (7.12683pt too wide) in paragraph at lines 283--286
\OT1/ptm/m/n/10 the map in-for-ma-tion gain, or equiv-a-lently min-i-mize the m
ap en-tropy. Since au-tonomous
 []

[6] [7] [8]
<./Fig/rkplus_1.png, id=194, 602.25pt x 100.375pt>
File: ./Fig/rkplus_1.png Graphic file (type png)
<use ./Fig/rkplus_1.png>
Package pdftex.def Info: ./Fig/rkplus_1.png  used on input line 416.
(pdftex.def)             Requested size: 135.19794pt x 22.53285pt.
<./Fig/rkplus_2.png, id=195, 602.25pt x 100.375pt>
File: ./Fig/rkplus_2.png Graphic file (type png)
<use ./Fig/rkplus_2.png>
Package pdftex.def Info: ./Fig/rkplus_2.png  used on input line 418.
(pdftex.def)             Requested size: 135.19794pt x 22.53285pt.
<./Fig/rkplus_3.png, id=196, 602.25pt x 100.375pt>
File: ./Fig/rkplus_3.png Graphic file (type png)
<use ./Fig/rkplus_3.png>
Package pdftex.def Info: ./Fig/rkplus_3.png  used on input line 420.
(pdftex.def)             Requested size: 135.19794pt x 22.53285pt.
<./Fig/rkplus_4.png, id=197, 602.25pt x 100.375pt>
File: ./Fig/rkplus_4.png Graphic file (type png)
<use ./Fig/rkplus_4.png>
Package pdftex.def Info: ./Fig/rkplus_4.png  used on input line 422.
(pdftex.def)             Requested size: 135.19794pt x 22.53285pt.
 [9 <./Fig/rkplus_1.png (PNG copy)> <./Fig/rkplus_2.png (PNG copy)> <./Fig/rkpl
us_3.png (PNG copy)> <./Fig/rkplus_4.png (PNG copy)>]
LaTeX Font Info:    Font shape `OT1/ptm/bx/n' in size <7> not available
(Font)              Font shape `OT1/ptm/b/n' tried instead on input line 552.
 [10]
Overfull \hbox (1.12743pt too wide) in paragraph at lines 604--606
[]\OT1/ptm/m/n/10 Standing alone, the term $\OML/cmm/m/it/10 P\OT1/cmr/m/n/10 (
\OML/cmm/m/it/10 z[]\OMS/cmsy/m/n/10 j\OML/cmm/m/it/10 X[]; Z[]; x[]\OT1/cmr/m/
n/10 )$ \OT1/ptm/m/n/10 from ([]15[]) has a con-vo-luted mean-
 []

[11] [12] [13]
<./Fig/JustifyApprox_eH.pdf, id=326, 562.1pt x 421.575pt>
File: ./Fig/JustifyApprox_eH.pdf Graphic file (type pdf)
<use ./Fig/JustifyApprox_eH.pdf>
Package pdftex.def Info: ./Fig/JustifyApprox_eH.pdf  used on input line 716.
(pdftex.def)             Requested size: 118.30206pt x 88.72633pt.
<./Fig/JustifyApprox_t.pdf, id=327, 562.1pt x 421.575pt>
File: ./Fig/JustifyApprox_t.pdf Graphic file (type pdf)
<use ./Fig/JustifyApprox_t.pdf>
Package pdftex.def Info: ./Fig/JustifyApprox_t.pdf  used on input line 722.
(pdftex.def)             Requested size: 118.30206pt x 88.72633pt.
 [14 <./Fig/JustifyApprox_eH.pdf> <./Fig/JustifyApprox_t.pdf>]
Overfull \hbox (2.64316pt too wide) in paragraph at lines 758--759
\OT1/ptm/m/n/10 sen-sor is aligned with the ray di-rec-tion, and these are de-n
oted $[]$,
 []

[15]
<./Fig/ExampleOptimalPose.png, id=385, 574.145pt x 437.635pt>
File: ./Fig/ExampleOptimalPose.png Graphic file (type png)
<use ./Fig/ExampleOptimalPose.png>
Package pdftex.def Info: ./Fig/ExampleOptimalPose.png  used on input line 796.
(pdftex.def)             Requested size: 155.19643pt x 118.30206pt.
 [16] [17 <./Fig/ExampleOptimalPose.png>]

Package caption Warning: The option `hypcap=true' will be ignored for this
(caption)                particular \caption on input line 945.
See the caption package documentation for explanation.

<./Fig/map_comparison.png, id=427, 562.2606pt x 421.575pt>
File: ./Fig/map_comparison.png Graphic file (type png)
<use ./Fig/map_comparison.png>
Package pdftex.def Info: ./Fig/map_comparison.png  used on input line 961.
(pdftex.def)             Requested size: 270.40103pt x 158.37373pt.
<./Fig/map_zoom.png, id=429, 562.2606pt x 421.575pt>
File: ./Fig/map_zoom.png Graphic file (type png)
<use ./Fig/map_zoom.png>
Package pdftex.def Info: ./Fig/map_zoom.png  used on input line 967.
(pdftex.def)             Requested size: 270.40103pt x 158.37373pt.
<./Fig/AISM_Image_inf_19.pdf, id=435, 266.9975pt x 339.2675pt>
File: ./Fig/AISM_Image_inf_19.pdf Graphic file (type pdf)
<use ./Fig/AISM_Image_inf_19.pdf>
Package pdftex.def Info: ./Fig/AISM_Image_inf_19.pdf  used on input line 980.
(pdftex.def)             Requested size: 118.30206pt x 150.32387pt.

Underfull \hbox (badness 10000) in paragraph at lines 981--981
[]\OT1/ptm/m/n/8 (a) |Ap-prox-i-mate in-verse sen-sor
 []

<./Fig/EISM_Image_inf_19.pdf, id=436, 266.9975pt x 339.2675pt>
File: ./Fig/EISM_Image_inf_19.pdf Graphic file (type pdf)
<use ./Fig/EISM_Image_inf_19.pdf>
Package pdftex.def Info: ./Fig/EISM_Image_inf_19.pdf  used on input line 986.
(pdftex.def)             Requested size: 118.30206pt x 150.32387pt.
<./Fig/entropy_frame.png, id=437, 562.2606pt x 421.575pt>
File: ./Fig/entropy_frame.png Graphic file (type png)
<use ./Fig/entropy_frame.png>
Package pdftex.def Info: ./Fig/entropy_frame.png  used on input line 997.
(pdftex.def)             Requested size: 236.59897pt x 177.40121pt.
[18]
Underfull \vbox (badness 10000) has occurred while \output is active []

 [19 <./Fig/map_comparison.png (PNG copy)> <./Fig/map_zoom.png (PNG copy)>] [20
 <./Fig/AISM_Image_inf_19.pdf> <./Fig/EISM_Image_inf_19.pdf> <./Fig/entropy_fra
me.png (PNG copy)>]
<./Fig/intel_clean.png, id=470, 581.17125pt x 583.17876pt>
File: ./Fig/intel_clean.png Graphic file (type png)
<use ./Fig/intel_clean.png>
Package pdftex.def Info: ./Fig/intel_clean.png  used on input line 1057.
(pdftex.def)             Requested size: 135.19794pt x 135.66774pt.
<./Fig/0min.png, id=475, 838.13126pt x 679.53876pt>
File: ./Fig/0min.png Graphic file (type png)
<use ./Fig/0min.png>
Package pdftex.def Info: ./Fig/0min.png  used on input line 1067.
(pdftex.def)             Requested size: 101.40103pt x 100.52283pt.
<./Fig/5min.png, id=477, 838.13126pt x 679.53876pt>
File: ./Fig/5min.png Graphic file (type png)
<use ./Fig/5min.png>
Package pdftex.def Info: ./Fig/5min.png  used on input line 1073.
(pdftex.def)             Requested size: 101.40103pt x 100.52283pt.
<./Fig/10min.png, id=479, 838.13126pt x 679.53876pt>
File: ./Fig/10min.png Graphic file (type png)
<use ./Fig/10min.png>
Package pdftex.def Info: ./Fig/10min.png  used on input line 1079.
(pdftex.def)             Requested size: 101.40103pt x 100.52283pt.
<./Fig/15min.png, id=481, 838.13126pt x 679.53876pt>
File: ./Fig/15min.png Graphic file (type png)
<use ./Fig/15min.png>
Package pdftex.def Info: ./Fig/15min.png  used on input line 1085.
(pdftex.def)             Requested size: 101.40103pt x 100.52283pt.
<./Fig/20min.png, id=483, 838.13126pt x 679.53876pt>
File: ./Fig/20min.png Graphic file (type png)
<use ./Fig/20min.png>
Package pdftex.def Info: ./Fig/20min.png  used on input line 1091.
(pdftex.def)             Requested size: 101.40103pt x 100.52283pt.
<./Fig/25min.png, id=485, 838.13126pt x 679.53876pt>
File: ./Fig/25min.png Graphic file (type png)
<use ./Fig/25min.png>
Package pdftex.def Info: ./Fig/25min.png  used on input line 1097.
(pdftex.def)             Requested size: 101.40103pt x 100.52283pt.
<./Fig/30min.png, id=487, 838.13126pt x 679.53876pt>
File: ./Fig/30min.png Graphic file (type png)
<use ./Fig/30min.png>
Package pdftex.def Info: ./Fig/30min.png  used on input line 1103.
(pdftex.def)             Requested size: 101.40103pt x 100.52283pt.
<./Fig/35min.png, id=489, 838.13126pt x 679.53876pt>
File: ./Fig/35min.png Graphic file (type png)
<use ./Fig/35min.png>
Package pdftex.def Info: ./Fig/35min.png  used on input line 1109.
(pdftex.def)             Requested size: 101.40103pt x 100.52283pt.
<./Fig/40min.png, id=491, 838.13126pt x 679.53876pt>
File: ./Fig/40min.png Graphic file (type png)
<use ./Fig/40min.png>
Package pdftex.def Info: ./Fig/40min.png  used on input line 1115.
(pdftex.def)             Requested size: 101.40103pt x 100.52283pt.
 [21 <./Fig/intel_clean.png>] [22 <./Fig/0min.png> <./Fig/5min.png> <./Fig/10mi
n.png> <./Fig/15min.png> <./Fig/20min.png> <./Fig/25min.png> <./Fig/30min.png> 
<./Fig/35min.png> <./Fig/40min.png>]
<./Fig/test_setup_bottom_left_cropped.jpg, id=520, 2594.69376pt x 1148.29pt>
File: ./Fig/test_setup_bottom_left_cropped.jpg Graphic file (type jpg)
<use ./Fig/test_setup_bottom_left_cropped.jpg>
Package pdftex.def Info: ./Fig/test_setup_bottom_left_cropped.jpg  used on inpu
t line 1230.
(pdftex.def)             Requested size: 118.30206pt x 52.35416pt.
<./Fig/test_setup_bottom_right_cropped.jpg, id=521, 2594.69376pt x 1148.29pt>
File: ./Fig/test_setup_bottom_right_cropped.jpg Graphic file (type jpg)
<use ./Fig/test_setup_bottom_right_cropped.jpg>
Package pdftex.def Info: ./Fig/test_setup_bottom_right_cropped.jpg  used on inp
ut line 1236.
(pdftex.def)             Requested size: 118.30206pt x 52.35416pt.

Overfull \hbox (6.7167pt too wide) in paragraph at lines 1245--1246
\OT1/ptm/m/n/10 and im-per-fect sen-sor syn-chro-niza-tion. The au-tonomous ex-
plo-ration suc-cess-fully guides
 []

<./Fig/feb23_t0sec.jpg, id=524, 1284.8pt x 722.7pt>
File: ./Fig/feb23_t0sec.jpg Graphic file (type jpg)
<use ./Fig/feb23_t0sec.jpg>
Package pdftex.def Info: ./Fig/feb23_t0sec.jpg  used on input line 1251.
(pdftex.def)             Requested size: 64.22083pt x 81.80182pt.
<./Fig/feb23_t20sec.jpg, id=526, 1284.8pt x 722.7pt>
File: ./Fig/feb23_t20sec.jpg Graphic file (type jpg)
<use ./Fig/feb23_t20sec.jpg>
Package pdftex.def Info: ./Fig/feb23_t20sec.jpg  used on input line 1256.
(pdftex.def)             Requested size: 64.22083pt x 81.80182pt.
<./Fig/feb23_t40sec.jpg, id=528, 1284.8pt x 722.7pt>
File: ./Fig/feb23_t40sec.jpg Graphic file (type jpg)
<use ./Fig/feb23_t40sec.jpg>
Package pdftex.def Info: ./Fig/feb23_t40sec.jpg  used on input line 1261.
(pdftex.def)             Requested size: 64.22083pt x 81.80182pt.
<./Fig/feb23_t60sec.jpg, id=530, 1284.8pt x 722.7pt>
File: ./Fig/feb23_t60sec.jpg Graphic file (type jpg)
<use ./Fig/feb23_t60sec.jpg>
Package pdftex.def Info: ./Fig/feb23_t60sec.jpg  used on input line 1266.
(pdftex.def)             Requested size: 64.22083pt x 81.80182pt.
<./Fig/feb23_t80sec.jpg, id=532, 1284.8pt x 722.7pt>
File: ./Fig/feb23_t80sec.jpg Graphic file (type jpg)
<use ./Fig/feb23_t80sec.jpg>
Package pdftex.def Info: ./Fig/feb23_t80sec.jpg  used on input line 1271.
(pdftex.def)             Requested size: 64.22083pt x 81.80182pt.
<./Fig/feb23_t100sec.jpg, id=534, 1284.8pt x 722.7pt>
File: ./Fig/feb23_t100sec.jpg Graphic file (type jpg)
<use ./Fig/feb23_t100sec.jpg>
Package pdftex.def Info: ./Fig/feb23_t100sec.jpg  used on input line 1280.
(pdftex.def)             Requested size: 64.22083pt x 81.80182pt.
<./Fig/feb23_t120sec.jpg, id=536, 1284.8pt x 722.7pt>
File: ./Fig/feb23_t120sec.jpg Graphic file (type jpg)
<use ./Fig/feb23_t120sec.jpg>
Package pdftex.def Info: ./Fig/feb23_t120sec.jpg  used on input line 1285.
(pdftex.def)             Requested size: 64.22083pt x 81.80182pt.
<./Fig/feb23_t140sec.jpg, id=538, 1284.8pt x 722.7pt>
File: ./Fig/feb23_t140sec.jpg Graphic file (type jpg)
<use ./Fig/feb23_t140sec.jpg>
Package pdftex.def Info: ./Fig/feb23_t140sec.jpg  used on input line 1290.
(pdftex.def)             Requested size: 64.22083pt x 81.80182pt.
<./Fig/feb23_t160sec.jpg, id=540, 1284.8pt x 722.7pt>
File: ./Fig/feb23_t160sec.jpg Graphic file (type jpg)
<use ./Fig/feb23_t160sec.jpg>
Package pdftex.def Info: ./Fig/feb23_t160sec.jpg  used on input line 1295.
(pdftex.def)             Requested size: 64.22083pt x 81.80182pt.
<./Fig/feb23_t180sec.jpg, id=542, 1284.8pt x 722.7pt>
File: ./Fig/feb23_t180sec.jpg Graphic file (type jpg)
<use ./Fig/feb23_t180sec.jpg>
Package pdftex.def Info: ./Fig/feb23_t180sec.jpg  used on input line 1300.
(pdftex.def)             Requested size: 64.22083pt x 81.80182pt.

Underfull \vbox (badness 1424) has occurred while \output is active []

 [23 <./Fig/test_setup_bottom_left_cropped.jpg> <./Fig/test_setup_bottom_right_
cropped.jpg>]
Package epstopdf Info: Source file: <JIRS_fig11.eps>
(epstopdf)                    date: 2017-10-10 14:51:35
(epstopdf)                    size: 837640 bytes
(epstopdf)             Output file: <JIRS_fig11-eps-converted-to.pdf>
(epstopdf)                    date: 2017-10-16 08:39:16
(epstopdf)                    size: 133031 bytes
(epstopdf)             Command: <repstopdf --outfile=JIRS_fig11-eps-converted-t
o.pdf JIRS_fig11.eps>
(epstopdf)             \includegraphics on input line 1320.
Package epstopdf Info: Output file is already uptodate.
<JIRS_fig11-eps-converted-to.pdf, id=551, 578.16pt x 433.62pt>
File: JIRS_fig11-eps-converted-to.pdf Graphic file (type pdf)
<use JIRS_fig11-eps-converted-to.pdf>
Package pdftex.def Info: JIRS_fig11-eps-converted-to.pdf  used on input line 13
20.
(pdftex.def)             Requested size: 338.0pt x 253.49796pt.
 [24 <./Fig/feb23_t0sec.jpg> <./Fig/feb23_t20sec.jpg> <./Fig/feb23_t40sec.jpg> 
<./Fig/feb23_t60sec.jpg> <./Fig/feb23_t80sec.jpg> <./Fig/feb23_t100sec.jpg> <./
Fig/feb23_t120sec.jpg> <./Fig/feb23_t140sec.jpg> <./Fig/feb23_t160sec.jpg> <./F
ig/feb23_t180sec.jpg>]
Underfull \vbox (badness 10000) has occurred while \output is active []

 [25 <./JIRS_fig11-eps-converted-to.pdf>] [26]
Overfull \hbox (0.97607pt too wide) detected at line 1425
[]
 []

[27] (./JIRS16_rev2.bbl
Underfull \hbox (badness 1655) in paragraph at lines 88--91
[]\OT1/ptm/m/n/8 C. Stach-niss, G. Grisetti, and W. Bur-gard, ``In-for-ma-tion 
gain-based ex-plo-ration us-ing Rao-
 []

[28]) [29]
Package atveryend Info: Empty hook `BeforeClearDocument' on input line 1521.
Package atveryend Info: Empty hook `AfterLastShipout' on input line 1521.
 (./JIRS16_rev2.aux)
Package atveryend Info: Executing hook `AtVeryEndDocument' on input line 1521.
Package atveryend Info: Executing hook `AtEndAfterFileList' on input line 1521.

Package rerunfilecheck Info: File `JIRS16_rev2.out' has not changed.
(rerunfilecheck)             Checksum: F0143EC46E7B66FF4279CFF02849E035;479.
Package atveryend Info: Empty hook `AtVeryVeryEnd' on input line 1521.
 ) 
Here is how much of TeX's memory you used:
 21141 strings out of 492649
 405414 string characters out of 6129622
 493485 words of memory out of 5000000
 24443 multiletter control sequences out of 15000+600000
 30647 words of font info for 72 fonts, out of 8000000 for 9000
 1141 hyphenation exceptions out of 8191
 62i,18n,65p,1148b,535s stack positions out of 5000i,500n,10000p,200000b,80000s
{/usr/local/texlive/2018/texmf-dist/fonts/enc/dvips/base/8r.enc}</usr/local/t
exlive/2018/texmf-dist/fonts/type1/public/amsfonts/cm/cmbsy10.pfb></usr/local/t
exlive/2018/texmf-dist/fonts/type1/public/amsfonts/cm/cmbx10.pfb></usr/local/te
xlive/2018/texmf-dist/fonts/type1/public/amsfonts/cm/cmbx5.pfb></usr/local/texl
ive/2018/texmf-dist/fonts/type1/public/amsfonts/cm/cmbx7.pfb></usr/local/texliv
e/2018/texmf-dist/fonts/type1/public/amsfonts/cm/cmex10.pfb></usr/local/texlive
/2018/texmf-dist/fonts/type1/public/amsfonts/cmextra/cmex7.pfb></usr/local/texl
ive/2018/texmf-dist/fonts/type1/public/amsfonts/cm/cmmi10.pfb></usr/local/texli
ve/2018/texmf-dist/fonts/type1/public/amsfonts/cm/cmmi5.pfb></usr/local/texlive
/2018/texmf-dist/fonts/type1/public/amsfonts/cm/cmmi7.pfb></usr/local/texlive/2
018/texmf-dist/fonts/type1/public/amsfonts/cm/cmmi8.pfb></usr/local/texlive/201
8/texmf-dist/fonts/type1/public/amsfonts/cm/cmr10.pfb></usr/local/texlive/2018/
texmf-dist/fonts/type1/public/amsfonts/cm/cmr5.pfb></usr/local/texlive/2018/tex
mf-dist/fonts/type1/public/amsfonts/cm/cmr7.pfb></usr/local/texlive/2018/texmf-
dist/fonts/type1/public/amsfonts/cm/cmr8.pfb></usr/local/texlive/2018/texmf-dis
t/fonts/type1/public/amsfonts/cm/cmss10.pfb></usr/local/texlive/2018/texmf-dist
/fonts/type1/public/amsfonts/cm/cmss8.pfb></usr/local/texlive/2018/texmf-dist/f
onts/type1/public/amsfonts/cm/cmsy10.pfb></usr/local/texlive/2018/texmf-dist/fo
nts/type1/public/amsfonts/cm/cmsy5.pfb></usr/local/texlive/2018/texmf-dist/font
s/type1/public/amsfonts/cm/cmsy7.pfb></usr/local/texlive/2018/texmf-dist/fonts/
type1/public/amsfonts/cm/cmsy8.pfb></usr/local/texlive/2018/texmf-dist/fonts/ty
pe1/public/amsfonts/symbols/msbm10.pfb></usr/local/texlive/2018/texmf-dist/font
s/type1/urw/times/utmb8a.pfb></usr/local/texlive/2018/texmf-dist/fonts/type1/ur
w/times/utmr8a.pfb></usr/local/texlive/2018/texmf-dist/fonts/type1/urw/times/ut
mri8a.pfb>
Output written on JIRS16_rev2.pdf (29 pages, 5260461 bytes).
PDF statistics:
 738 PDF objects out of 1000 (max. 8388607)
 563 compressed objects within 6 object streams
 174 named destinations out of 1000 (max. 500000)
 378 words of extra memory for PDF output out of 10000 (max. 10000000)

