This is pdfTeX, Version 3.1415926-2.3-1.40.12 (MiKTeX 2.9) (preloaded format=pdflatex 2012.10.8)  9 JAN 2015 16:46
entering extended mode
**C:/Users/evankaufman/Google*Drive/FDCL/Evan/Publications/AAS*2015*OD*EKF/Pres
entation/AAS15_Observability_RelativeOD_EKF.tex

("C:/Users/evankaufman/Google Drive/FDCL/Evan/Publications/AAS 2015 OD EKF/Pres
entation/AAS15_Observability_RelativeOD_EKF.tex"
LaTeX2e <2011/06/27>
Babel <v3.8m> and hyphenation patterns for english, afrikaans, ancientgreek, ar
abic, armenian, assamese, basque, bengali, bokmal, bulgarian, catalan, coptic, 
croatian, czech, danish, dutch, esperanto, estonian, farsi, finnish, french, ga
lician, german, german-x-2009-06-19, greek, gujarati, hindi, hungarian, iceland
ic, indonesian, interlingua, irish, italian, kannada, kurmanji, lao, latin, lat
vian, lithuanian, malayalam, marathi, mongolian, mongolianlmc, monogreek, ngerm
an, ngerman-x-2009-06-19, nynorsk, oriya, panjabi, pinyin, polish, portuguese, 
romanian, russian, sanskrit, serbian, slovak, slovenian, spanish, swedish, swis
sgerman, tamil, telugu, turkish, turkmen, ukenglish, ukrainian, uppersorbian, u
senglishmax, welsh, loaded.

(C:\Users\evankaufman\AppData\Roaming\MiKTeX\2.9\tex\latex\beamer\base\beamer.c
ls
(C:\Users\evankaufman\AppData\Roaming\MiKTeX\2.9\tex\latex\beamer\base\beamerba
sercs.sty
Package: beamerbasercs 2013/01/04 (rcs-revision 9a97a4eee358)
)
Document Class: beamer 2013/01/04 3.26 A class for typesetting presentations (r
cs-revision e81e0c94bcc6)

(C:\Users\evankaufman\AppData\Roaming\MiKTeX\2.9\tex\latex\beamer\base\beamerba
semodes.sty
Package: beamerbasemodes 2012/04/15 (rcs-revision cc6557182d97)
\beamer@tempbox=\box26
\beamer@tempcount=\count79
\c@beamerpauses=\count80

(C:\Users\evankaufman\AppData\Roaming\MiKTeX\2.9\tex\latex\beamer\base\beamerba
sedecode.sty
Package: beamerbasedecode 2010/05/01 (rcs-revision efa082c6111d)
\beamer@slideinframe=\count81
\beamer@minimum=\count82
)
\beamer@commentbox=\box27
\beamer@modecount=\count83
)
("C:\Program Files (x86)\MiKTeX 2.9\tex\generic\oberdiek\ifpdf.sty"
Package: ifpdf 2011/01/30 v2.3 Provides the ifpdf switch (HO)
Package ifpdf Info: pdfTeX in PDF mode is detected.
)
\headheight=\dimen102
\headdp=\dimen103
\footheight=\dimen104
\sidebarheight=\dimen105
\beamer@tempdim=\dimen106
\beamer@finalheight=\dimen107
\beamer@animht=\dimen108
\beamer@animdp=\dimen109
\beamer@animwd=\dimen110
\beamer@leftmargin=\dimen111
\beamer@rightmargin=\dimen112
\beamer@leftsidebar=\dimen113
\beamer@rightsidebar=\dimen114
\beamer@boxsize=\dimen115
\beamer@vboxoffset=\dimen116
\beamer@descdefault=\dimen117
\beamer@descriptionwidth=\dimen118
\beamer@lastskip=\skip41
\beamer@areabox=\box28
\beamer@animcurrent=\box29
\beamer@animshowbox=\box30
\beamer@sectionbox=\box31
\beamer@logobox=\box32
\beamer@linebox=\box33
\beamer@sectioncount=\count84
\beamer@subsubsectionmax=\count85
\beamer@subsectionmax=\count86
\beamer@sectionmax=\count87
\beamer@totalheads=\count88
\beamer@headcounter=\count89
\beamer@partstartpage=\count90
\beamer@sectionstartpage=\count91
\beamer@subsectionstartpage=\count92
\beamer@animationtempa=\count93
\beamer@animationtempb=\count94
\beamer@xpos=\count95
\beamer@ypos=\count96
\beamer@showpartnumber=\count97
\beamer@currentsubsection=\count98
\beamer@coveringdepth=\count99
\beamer@sectionadjust=\count100
\beamer@tocsectionnumber=\count101

(C:\Users\evankaufman\AppData\Roaming\MiKTeX\2.9\tex\latex\beamer\base\beamerba
seoptions.sty
Package: beamerbaseoptions 2010/04/27 (rcs-revision 982469101dd6)
 ("C:\Program Files (x86)\MiKTeX 2.9\tex\latex\graphics\keyval.sty"
Package: keyval 1999/03/16 v1.13 key=value parser (DPC)
\KV@toks@=\toks14
))
\beamer@paperwidth=\skip42
\beamer@paperheight=\skip43
 ("C:\Program Files (x86)\MiKTeX 2.9\tex\latex\geometry\geometry.sty"
Package: geometry 2010/09/12 v5.6 Page Geometry

("C:\Program Files (x86)\MiKTeX 2.9\tex\generic\oberdiek\ifvtex.sty"
Package: ifvtex 2010/03/01 v1.5 Detect VTeX and its facilities (HO)
Package ifvtex Info: VTeX not detected.
)
("C:\Program Files (x86)\MiKTeX 2.9\tex\generic\ifxetex\ifxetex.sty"
Package: ifxetex 2010/09/12 v0.6 Provides ifxetex conditional
)
\Gm@cnth=\count102
\Gm@cntv=\count103
\c@Gm@tempcnt=\count104
\Gm@bindingoffset=\dimen119
\Gm@wd@mp=\dimen120
\Gm@odd@mp=\dimen121
\Gm@even@mp=\dimen122
\Gm@layoutwidth=\dimen123
\Gm@layoutheight=\dimen124
\Gm@layouthoffset=\dimen125
\Gm@layoutvoffset=\dimen126
\Gm@dimlist=\toks15

("C:\Program Files (x86)\MiKTeX 2.9\tex\latex\geometry\geometry.cfg"))
("C:\Program Files (x86)\MiKTeX 2.9\tex\latex\base\size10.clo"
File: size10.clo 2007/10/19 v1.4h Standard LaTeX file (size option)
)
(C:\Users\evankaufman\AppData\Roaming\MiKTeX\2.9\tex\latex\pgf\basiclayer\pgfco
re.sty ("C:\Program Files (x86)\MiKTeX 2.9\tex\latex\graphics\graphicx.sty"
Package: graphicx 1999/02/16 v1.0f Enhanced LaTeX Graphics (DPC,SPQR)

("C:\Program Files (x86)\MiKTeX 2.9\tex\latex\graphics\graphics.sty"
Package: graphics 2009/02/05 v1.0o Standard LaTeX Graphics (DPC,SPQR)

("C:\Program Files (x86)\MiKTeX 2.9\tex\latex\graphics\trig.sty"
Package: trig 1999/03/16 v1.09 sin cos tan (DPC)
)
("C:\Program Files (x86)\MiKTeX 2.9\tex\latex\00miktex\graphics.cfg"
File: graphics.cfg 2007/01/18 v1.5 graphics configuration of teTeX/TeXLive
)
Package graphics Info: Driver file: pdftex.def on input line 91.

("C:\Program Files (x86)\MiKTeX 2.9\tex\latex\pdftex-def\pdftex.def"
File: pdftex.def 2011/05/27 v0.06d Graphics/color for pdfTeX

("C:\Program Files (x86)\MiKTeX 2.9\tex\generic\oberdiek\infwarerr.sty"
Package: infwarerr 2010/04/08 v1.3 Providing info/warning/error messages (HO)
)
("C:\Program Files (x86)\MiKTeX 2.9\tex\generic\oberdiek\ltxcmds.sty"
Package: ltxcmds 2011/11/09 v1.22 LaTeX kernel commands for general use (HO)
)
\Gread@gobject=\count105
))
\Gin@req@height=\dimen127
\Gin@req@width=\dimen128
)
(C:\Users\evankaufman\AppData\Roaming\MiKTeX\2.9\tex\latex\pgf\systemlayer\pgfs
ys.sty
(C:\Users\evankaufman\AppData\Roaming\MiKTeX\2.9\tex\latex\pgf\utilities\pgfrcs
.sty
(C:\Users\evankaufman\AppData\Roaming\MiKTeX\2.9\tex\generic\pgf\utilities\pgfu
til-common.tex
\pgfutil@everybye=\toks16
)
(C:\Users\evankaufman\AppData\Roaming\MiKTeX\2.9\tex\generic\pgf\utilities\pgfu
til-latex.def
\pgfutil@abb=\box34

(C:\Users\evankaufman\AppData\Roaming\MiKTeX\2.9\tex\latex\ms\everyshi.sty
Package: everyshi 2001/05/15 v3.00 EveryShipout Package (MS)
))
(C:\Users\evankaufman\AppData\Roaming\MiKTeX\2.9\tex\generic\pgf\utilities\pgfr
cs.code.tex
Package: pgfrcs 2010/10/25 v2.10 (rcs-revision 1.24)
))
(C:\Users\evankaufman\AppData\Roaming\MiKTeX\2.9\tex\generic\pgf\systemlayer\pg
fsys.code.tex
Package: pgfsys 2010/06/30 v2.10 (rcs-revision 1.37)

(C:\Users\evankaufman\AppData\Roaming\MiKTeX\2.9\tex\generic\pgf\utilities\pgfk
eys.code.tex
\pgfkeys@pathtoks=\toks17
\pgfkeys@temptoks=\toks18

(C:\Users\evankaufman\AppData\Roaming\MiKTeX\2.9\tex\generic\pgf\utilities\pgfk
eysfiltered.code.tex
\pgfkeys@tmptoks=\toks19
))
\pgf@x=\dimen129
\pgf@y=\dimen130
\pgf@xa=\dimen131
\pgf@ya=\dimen132
\pgf@xb=\dimen133
\pgf@yb=\dimen134
\pgf@xc=\dimen135
\pgf@yc=\dimen136
\w@pgf@writea=\write3
\r@pgf@reada=\read1
\c@pgf@counta=\count106
\c@pgf@countb=\count107
\c@pgf@countc=\count108
\c@pgf@countd=\count109

(C:\Users\evankaufman\AppData\Roaming\MiKTeX\2.9\tex\generic\pgf\systemlayer\pg
f.cfg
File: pgf.cfg 2008/05/14  (rcs-revision 1.7)
)
Package pgfsys Info: Driver file for pgf: pgfsys-pdftex.def on input line 900.

(C:\Users\evankaufman\AppData\Roaming\MiKTeX\2.9\tex\generic\pgf\systemlayer\pg
fsys-pdftex.def
File: pgfsys-pdftex.def 2009/05/22  (rcs-revision 1.26)

(C:\Users\evankaufman\AppData\Roaming\MiKTeX\2.9\tex\generic\pgf\systemlayer\pg
fsys-common-pdf.def
File: pgfsys-common-pdf.def 2008/05/19  (rcs-revision 1.10)
)))
(C:\Users\evankaufman\AppData\Roaming\MiKTeX\2.9\tex\generic\pgf\systemlayer\pg
fsyssoftpath.code.tex
File: pgfsyssoftpath.code.tex 2008/07/18  (rcs-revision 1.7)
\pgfsyssoftpath@smallbuffer@items=\count110
\pgfsyssoftpath@bigbuffer@items=\count111
)
(C:\Users\evankaufman\AppData\Roaming\MiKTeX\2.9\tex\generic\pgf\systemlayer\pg
fsysprotocol.code.tex
File: pgfsysprotocol.code.tex 2006/10/16  (rcs-revision 1.4)
))
(C:\Users\evankaufman\AppData\Roaming\MiKTeX\2.9\tex\latex\xcolor\xcolor.sty
Package: xcolor 2007/01/21 v2.11 LaTeX color extensions (UK)

("C:\Program Files (x86)\MiKTeX 2.9\tex\latex\00miktex\color.cfg"
File: color.cfg 2007/01/18 v1.5 color configuration of teTeX/TeXLive
)
Package xcolor Info: Driver file: pdftex.def on input line 225.
Package xcolor Info: Model `cmy' substituted by `cmy0' on input line 1337.
Package xcolor Info: Model `hsb' substituted by `rgb' on input line 1341.
Package xcolor Info: Model `RGB' extended on input line 1353.
Package xcolor Info: Model `HTML' substituted by `rgb' on input line 1355.
Package xcolor Info: Model `Hsb' substituted by `hsb' on input line 1356.
Package xcolor Info: Model `tHsb' substituted by `hsb' on input line 1357.
Package xcolor Info: Model `HSB' substituted by `hsb' on input line 1358.
Package xcolor Info: Model `Gray' substituted by `gray' on input line 1359.
Package xcolor Info: Model `wave' substituted by `hsb' on input line 1360.
)
(C:\Users\evankaufman\AppData\Roaming\MiKTeX\2.9\tex\generic\pgf\basiclayer\pgf
core.code.tex
Package: pgfcore 2010/04/11 v2.10 (rcs-revision 1.7)

(C:\Users\evankaufman\AppData\Roaming\MiKTeX\2.9\tex\generic\pgf\math\pgfmath.c
ode.tex
(C:\Users\evankaufman\AppData\Roaming\MiKTeX\2.9\tex\generic\pgf\math\pgfmathca
lc.code.tex
(C:\Users\evankaufman\AppData\Roaming\MiKTeX\2.9\tex\generic\pgf\math\pgfmathut
il.code.tex)
(C:\Users\evankaufman\AppData\Roaming\MiKTeX\2.9\tex\generic\pgf\math\pgfmathpa
rser.code.tex
\pgfmath@dimen=\dimen137
\pgfmath@count=\count112
\pgfmath@box=\box35
\pgfmath@toks=\toks20
\pgfmath@stack@operand=\toks21
\pgfmath@stack@operation=\toks22
)
(C:\Users\evankaufman\AppData\Roaming\MiKTeX\2.9\tex\generic\pgf\math\pgfmathfu
nctions.code.tex
(C:\Users\evankaufman\AppData\Roaming\MiKTeX\2.9\tex\generic\pgf\math\pgfmathfu
nctions.basic.code.tex)
(C:\Users\evankaufman\AppData\Roaming\MiKTeX\2.9\tex\generic\pgf\math\pgfmathfu
nctions.trigonometric.code.tex)
(C:\Users\evankaufman\AppData\Roaming\MiKTeX\2.9\tex\generic\pgf\math\pgfmathfu
nctions.random.code.tex)
(C:\Users\evankaufman\AppData\Roaming\MiKTeX\2.9\tex\generic\pgf\math\pgfmathfu
nctions.comparison.code.tex)
(C:\Users\evankaufman\AppData\Roaming\MiKTeX\2.9\tex\generic\pgf\math\pgfmathfu
nctions.base.code.tex)
(C:\Users\evankaufman\AppData\Roaming\MiKTeX\2.9\tex\generic\pgf\math\pgfmathfu
nctions.round.code.tex)
(C:\Users\evankaufman\AppData\Roaming\MiKTeX\2.9\tex\generic\pgf\math\pgfmathfu
nctions.misc.code.tex)))
(C:\Users\evankaufman\AppData\Roaming\MiKTeX\2.9\tex\generic\pgf\math\pgfmathfl
oat.code.tex
\c@pgfmathroundto@lastzeros=\count113
))
(C:\Users\evankaufman\AppData\Roaming\MiKTeX\2.9\tex\generic\pgf\basiclayer\pgf
corepoints.code.tex
File: pgfcorepoints.code.tex 2010/04/09  (rcs-revision 1.20)
\pgf@picminx=\dimen138
\pgf@picmaxx=\dimen139
\pgf@picminy=\dimen140
\pgf@picmaxy=\dimen141
\pgf@pathminx=\dimen142
\pgf@pathmaxx=\dimen143
\pgf@pathminy=\dimen144
\pgf@pathmaxy=\dimen145
\pgf@xx=\dimen146
\pgf@xy=\dimen147
\pgf@yx=\dimen148
\pgf@yy=\dimen149
\pgf@zx=\dimen150
\pgf@zy=\dimen151
)
(C:\Users\evankaufman\AppData\Roaming\MiKTeX\2.9\tex\generic\pgf\basiclayer\pgf
corepathconstruct.code.tex
File: pgfcorepathconstruct.code.tex 2010/08/03  (rcs-revision 1.24)
\pgf@path@lastx=\dimen152
\pgf@path@lasty=\dimen153
)
(C:\Users\evankaufman\AppData\Roaming\MiKTeX\2.9\tex\generic\pgf\basiclayer\pgf
corepathusage.code.tex
File: pgfcorepathusage.code.tex 2008/04/22  (rcs-revision 1.12)
\pgf@shorten@end@additional=\dimen154
\pgf@shorten@start@additional=\dimen155
)
(C:\Users\evankaufman\AppData\Roaming\MiKTeX\2.9\tex\generic\pgf\basiclayer\pgf
corescopes.code.tex
File: pgfcorescopes.code.tex 2010/09/08  (rcs-revision 1.34)
\pgfpic=\box36
\pgf@hbox=\box37
\pgf@layerbox@main=\box38
\pgf@picture@serial@count=\count114
)
(C:\Users\evankaufman\AppData\Roaming\MiKTeX\2.9\tex\generic\pgf\basiclayer\pgf
coregraphicstate.code.tex
File: pgfcoregraphicstate.code.tex 2008/04/22  (rcs-revision 1.9)
\pgflinewidth=\dimen156
)
(C:\Users\evankaufman\AppData\Roaming\MiKTeX\2.9\tex\generic\pgf\basiclayer\pgf
coretransformations.code.tex
File: pgfcoretransformations.code.tex 2009/06/10  (rcs-revision 1.11)
\pgf@pt@x=\dimen157
\pgf@pt@y=\dimen158
\pgf@pt@temp=\dimen159
)
(C:\Users\evankaufman\AppData\Roaming\MiKTeX\2.9\tex\generic\pgf\basiclayer\pgf
corequick.code.tex
File: pgfcorequick.code.tex 2008/10/09  (rcs-revision 1.3)
)
(C:\Users\evankaufman\AppData\Roaming\MiKTeX\2.9\tex\generic\pgf\basiclayer\pgf
coreobjects.code.tex
File: pgfcoreobjects.code.tex 2006/10/11  (rcs-revision 1.2)
)
(C:\Users\evankaufman\AppData\Roaming\MiKTeX\2.9\tex\generic\pgf\basiclayer\pgf
corepathprocessing.code.tex
File: pgfcorepathprocessing.code.tex 2008/10/09  (rcs-revision 1.8)
)
(C:\Users\evankaufman\AppData\Roaming\MiKTeX\2.9\tex\generic\pgf\basiclayer\pgf
corearrows.code.tex
File: pgfcorearrows.code.tex 2008/04/23  (rcs-revision 1.11)
)
(C:\Users\evankaufman\AppData\Roaming\MiKTeX\2.9\tex\generic\pgf\basiclayer\pgf
coreshade.code.tex
File: pgfcoreshade.code.tex 2008/11/23  (rcs-revision 1.13)
\pgf@max=\dimen160
\pgf@sys@shading@range@num=\count115
)
(C:\Users\evankaufman\AppData\Roaming\MiKTeX\2.9\tex\generic\pgf\basiclayer\pgf
coreimage.code.tex
File: pgfcoreimage.code.tex 2010/03/25  (rcs-revision 1.16)

(C:\Users\evankaufman\AppData\Roaming\MiKTeX\2.9\tex\generic\pgf\basiclayer\pgf
coreexternal.code.tex
File: pgfcoreexternal.code.tex 2010/09/01  (rcs-revision 1.17)
\pgfexternal@startupbox=\box39
))
(C:\Users\evankaufman\AppData\Roaming\MiKTeX\2.9\tex\generic\pgf\basiclayer\pgf
corelayers.code.tex
File: pgfcorelayers.code.tex 2010/08/27  (rcs-revision 1.2)
)
(C:\Users\evankaufman\AppData\Roaming\MiKTeX\2.9\tex\generic\pgf\basiclayer\pgf
coretransparency.code.tex
File: pgfcoretransparency.code.tex 2008/01/17  (rcs-revision 1.2)
)
(C:\Users\evankaufman\AppData\Roaming\MiKTeX\2.9\tex\generic\pgf\basiclayer\pgf
corepatterns.code.tex
File: pgfcorepatterns.code.tex 2009/07/02  (rcs-revision 1.3)
)))
(C:\Users\evankaufman\AppData\Roaming\MiKTeX\2.9\tex\latex\pgf\utilities\xxcolo
r.sty
Package: xxcolor 2003/10/24 ver 0.1
\XC@nummixins=\count116
\XC@countmixins=\count117
) ("C:\Program Files (x86)\MiKTeX 2.9\tex\latex\hyperref\hyperref.sty"
Package: hyperref 2012/05/13 v6.82q Hypertext links for LaTeX

("C:\Program Files (x86)\MiKTeX 2.9\tex\generic\oberdiek\hobsub-hyperref.sty"
Package: hobsub-hyperref 2012/04/25 v1.12 Bundle oberdiek, subset hyperref (HO)


("C:\Program Files (x86)\MiKTeX 2.9\tex\generic\oberdiek\hobsub-generic.sty"
Package: hobsub-generic 2012/04/25 v1.12 Bundle oberdiek, subset generic (HO)
Package: hobsub 2012/04/25 v1.12 Construct package bundles (HO)
Package hobsub Info: Skipping package `infwarerr' (already loaded).
Package hobsub Info: Skipping package `ltxcmds' (already loaded).
Package: ifluatex 2010/03/01 v1.3 Provides the ifluatex switch (HO)
Package ifluatex Info: LuaTeX not detected.
Package hobsub Info: Skipping package `ifvtex' (already loaded).
Package: intcalc 2007/09/27 v1.1 Expandable calculations with integers (HO)
Package hobsub Info: Skipping package `ifpdf' (already loaded).
Package: etexcmds 2011/02/16 v1.5 Avoid name clashes with e-TeX commands (HO)
Package etexcmds Info: Could not find \expanded.
(etexcmds)             That can mean that you are not using pdfTeX 1.50 or
(etexcmds)             that some package has redefined \expanded.
(etexcmds)             In the latter case, load this package earlier.
Package: kvsetkeys 2012/04/25 v1.16 Key value parser (HO)
Package: kvdefinekeys 2011/04/07 v1.3 Define keys (HO)
Package: pdftexcmds 2011/11/29 v0.20 Utility functions of pdfTeX for LuaTeX (HO
)
Package pdftexcmds Info: LuaTeX not detected.
Package pdftexcmds Info: \pdf@primitive is available.
Package pdftexcmds Info: \pdf@ifprimitive is available.
Package pdftexcmds Info: \pdfdraftmode found.
Package: pdfescape 2011/11/25 v1.13 Implements pdfTeX's escape features (HO)
Package: bigintcalc 2012/04/08 v1.3 Expandable calculations on big integers (HO
)
Package: bitset 2011/01/30 v1.1 Handle bit-vector datatype (HO)
Package: uniquecounter 2011/01/30 v1.2 Provide unlimited unique counter (HO)
)
Package hobsub Info: Skipping package `hobsub' (already loaded).
Package: letltxmacro 2010/09/02 v1.4 Let assignment for LaTeX macros (HO)
Package: hopatch 2011/06/24 v1.1 Wrapper for package hooks (HO)
Package: xcolor-patch 2011/01/30 xcolor patch
Package: atveryend 2011/06/30 v1.8 Hooks at the very end of document (HO)
Package atveryend Info: \enddocument detected (standard20110627).
Package: atbegshi 2011/10/05 v1.16 At begin shipout hook (HO)
Package: refcount 2011/10/16 v3.4 Data extraction from label references (HO)
Package: hycolor 2011/01/30 v1.7 Color options for hyperref/bookmark (HO)
)
("C:\Program Files (x86)\MiKTeX 2.9\tex\latex\oberdiek\kvoptions.sty"
Package: kvoptions 2011/06/30 v3.11 Key value format for package options (HO)
)
\@linkdim=\dimen161
\Hy@linkcounter=\count118
\Hy@pagecounter=\count119

("C:\Program Files (x86)\MiKTeX 2.9\tex\latex\hyperref\pd1enc.def"
File: pd1enc.def 2012/05/13 v6.82q Hyperref: PDFDocEncoding definition (HO)
)
\Hy@SavedSpaceFactor=\count120

("C:\Program Files (x86)\MiKTeX 2.9\tex\latex\00miktex\hyperref.cfg"
File: hyperref.cfg 2002/06/06 v1.2 hyperref configuration of TeXLive
)
Package hyperref Info: Option `bookmarks' set `true' on input line 3941.
Package hyperref Info: Option `bookmarksopen' set `true' on input line 3941.


Package hyperref Warning: Values of option `pdfpagemode':
(hyperref)                * `UseNone'
(hyperref)                * `UseOutlines'
(hyperref)                * `UseThumbs'
(hyperref)                * `FullScreen'
(hyperref)                * `UseOC' (PDF 1.5)
(hyperref)                * `UseAttachments' (PDF 1.6)
(hyperref)                * An empty value disables the option.
(hyperref)                Unknown value `none' on input line 3941.

Package hyperref Info: Option `implicit' set `false' on input line 3941.
Package hyperref Info: Hyper figures OFF on input line 4062.
Package hyperref Info: Link nesting OFF on input line 4067.
Package hyperref Info: Hyper index ON on input line 4070.
Package hyperref Info: Plain pages OFF on input line 4077.
Package hyperref Info: Backreferencing OFF on input line 4082.
Package hyperref Info: Implicit mode OFF; no redefinition of LaTeX internals.
Package hyperref Info: Bookmarks ON on input line 4300.
\c@Hy@tempcnt=\count121
("C:\Program Files (x86)\MiKTeX 2.9\tex\latex\ltxmisc\url.sty"
\Urlmuskip=\muskip10
Package: url 2006/04/12  ver 3.3  Verb mode for urls, etc.
)
LaTeX Info: Redefining \url on input line 4653.
\Fld@menulength=\count122
\Field@Width=\dimen162
\Fld@charsize=\dimen163
Package hyperref Info: Hyper figures OFF on input line 5773.
Package hyperref Info: Link nesting OFF on input line 5778.
Package hyperref Info: Hyper index ON on input line 5781.
Package hyperref Info: backreferencing OFF on input line 5788.
Package hyperref Info: Link coloring OFF on input line 5793.
Package hyperref Info: Link coloring with OCG OFF on input line 5798.
Package hyperref Info: PDF/A mode OFF on input line 5803.
LaTeX Info: Redefining \ref on input line 5843.
LaTeX Info: Redefining \pageref on input line 5847.
\Hy@abspage=\count123


Package hyperref Message: Stopped early.

)

Package hyperref Message: Driver: hpdftex.

("C:\Program Files (x86)\MiKTeX 2.9\tex\latex\hyperref\hpdftex.def"
File: hpdftex.def 2012/05/13 v6.82q Hyperref driver for pdfTeX
\Fld@listcount=\count124
\c@bookmark@seq@number=\count125

("C:\Program Files (x86)\MiKTeX 2.9\tex\latex\oberdiek\rerunfilecheck.sty"
Package: rerunfilecheck 2011/04/15 v1.7 Rerun checks for auxiliary files (HO)
Package uniquecounter Info: New unique counter `rerunfilecheck' on input line 2
82.
))
(C:\Users\evankaufman\AppData\Roaming\MiKTeX\2.9\tex\latex\beamer\base\beamerba
serequires.sty
Package: beamerbaserequires 2010/05/01  (rcs-revision efa082c6111d)

(C:\Users\evankaufman\AppData\Roaming\MiKTeX\2.9\tex\latex\beamer\base\beamerba
secompatibility.sty
Package: beamerbasecompatibility 2012/05/01  (rcs-revision 67c48b3b652d)
)
(C:\Users\evankaufman\AppData\Roaming\MiKTeX\2.9\tex\latex\beamer\base\beamerba
sefont.sty
Package: beamerbasefont 2012/09/19  (rcs-revision 733629cd0c6c)
 ("C:\Program Files (x86)\MiKTeX 2.9\tex\latex\amsfonts\amssymb.sty"
Package: amssymb 2009/06/22 v3.00

("C:\Program Files (x86)\MiKTeX 2.9\tex\latex\amsfonts\amsfonts.sty"
Package: amsfonts 2009/06/22 v3.00 Basic AMSFonts support
\@emptytoks=\toks23
\symAMSa=\mathgroup4
\symAMSb=\mathgroup5
LaTeX Font Info:    Overwriting math alphabet `\mathfrak' in version `bold'
(Font)                  U/euf/m/n --> U/euf/b/n on input line 96.
)))
(C:\Users\evankaufman\AppData\Roaming\MiKTeX\2.9\tex\latex\beamer\base\beamerba
setranslator.sty
Package: beamerbasetranslator 2010/06/11  (rcs-revision 85fd1cc7fc42)

(C:\Users\evankaufman\AppData\Roaming\MiKTeX\2.9\tex\latex\beamer\base\translat
or\translator.sty
Package: translator 2010/06/12 ver 1.10

(C:\Users\evankaufman\AppData\Roaming\MiKTeX\2.9\tex\latex\beamer\base\translat
or\translator-language-mappings.tex)))
(C:\Users\evankaufman\AppData\Roaming\MiKTeX\2.9\tex\latex\beamer\base\beamerba
semisc.sty
Package: beamerbasemisc 2012/02/24  (rcs-revision 2ff5461be705)
)
(C:\Users\evankaufman\AppData\Roaming\MiKTeX\2.9\tex\latex\beamer\base\beamerba
setwoscreens.sty
Package: beamerbasetwoscreens 2010/05/01  (rcs-revision efa082c6111d)
)
(C:\Users\evankaufman\AppData\Roaming\MiKTeX\2.9\tex\latex\beamer\base\beamerba
seoverlay.sty
Package: beamerbaseoverlay 2012/11/11  (rcs-revision 6afbc49b1109)
\beamer@argscount=\count126
\beamer@lastskipcover=\skip44
\beamer@trivlistdepth=\count127
)
(C:\Users\evankaufman\AppData\Roaming\MiKTeX\2.9\tex\latex\beamer\base\beamerba
setitle.sty
Package: beamerbasetitle 2010/09/21  (rcs-revision f0446ed0b6ae)
)
(C:\Users\evankaufman\AppData\Roaming\MiKTeX\2.9\tex\latex\beamer\base\beamerba
sesection.sty
Package: beamerbasesection 2013/01/04  (rcs-revision 54309ceef997)
\c@lecture=\count128
\c@part=\count129
\c@section=\count130
\c@subsection=\count131
\c@subsubsection=\count132
)
(C:\Users\evankaufman\AppData\Roaming\MiKTeX\2.9\tex\latex\beamer\base\beamerba
seframe.sty
Package: beamerbaseframe 2012/12/26  (rcs-revision 1443917db2cf)
\beamer@framebox=\box40
\beamer@frametitlebox=\box41
\beamer@zoombox=\box42
\beamer@zoomcount=\count133
\beamer@zoomframecount=\count134
\beamer@frametextheight=\dimen164
\c@subsectionslide=\count135
\beamer@frametopskip=\skip45
\beamer@framebottomskip=\skip46
\beamer@frametopskipautobreak=\skip47
\beamer@framebottomskipautobreak=\skip48
\beamer@envbody=\toks24
\framewidth=\dimen165
\c@framenumber=\count136
)
(C:\Users\evankaufman\AppData\Roaming\MiKTeX\2.9\tex\latex\beamer\base\beamerba
severbatim.sty
Package: beamerbaseverbatim 2012/08/30  (rcs-revision dfdb135076b3)
\beamer@verbatimfileout=\write4
)
(C:\Users\evankaufman\AppData\Roaming\MiKTeX\2.9\tex\latex\beamer\base\beamerba
seframesize.sty
Package: beamerbaseframesize 2011/09/12  (rcs-revision 70f9d8411e54)
\beamer@splitbox=\box43
\beamer@autobreakcount=\count137
\beamer@autobreaklastheight=\dimen166
\beamer@frametitletoks=\toks25
\beamer@framesubtitletoks=\toks26
)
(C:\Users\evankaufman\AppData\Roaming\MiKTeX\2.9\tex\latex\beamer\base\beamerba
seframecomponents.sty
Package: beamerbaseframecomponents 2012/09/13  (rcs-revision dcd846607320)
\beamer@footins=\box44
)
(C:\Users\evankaufman\AppData\Roaming\MiKTeX\2.9\tex\latex\beamer\base\beamerba
secolor.sty
Package: beamerbasecolor 2010/06/06  (rcs-revision d1a9b48be06d)
)
(C:\Users\evankaufman\AppData\Roaming\MiKTeX\2.9\tex\latex\beamer\base\beamerba
senotes.sty
Package: beamerbasenotes 2012/12/19  (rcs-revision 1686da3db3c9)
\beamer@frameboxcopy=\box45
)
(C:\Users\evankaufman\AppData\Roaming\MiKTeX\2.9\tex\latex\beamer\base\beamerba
setoc.sty
Package: beamerbasetoc 2012/10/02  (rcs-revision 5ed0f4010e8a)
)
(C:\Users\evankaufman\AppData\Roaming\MiKTeX\2.9\tex\latex\beamer\base\beamerba
setemplates.sty
Package: beamerbasetemplates 2010/05/01  (rcs-revision efa082c6111d)
\beamer@sbttoks=\toks27

(C:\Users\evankaufman\AppData\Roaming\MiKTeX\2.9\tex\latex\beamer\base\beamerba
seauxtemplates.sty
Package: beamerbaseauxtemplates 2012/05/01  (rcs-revision 67c48b3b652d)

(C:\Users\evankaufman\AppData\Roaming\MiKTeX\2.9\tex\latex\beamer\base\beamerba
seboxes.sty
Package: beamerbaseboxes 2012/05/13  (rcs-revision 56972908a390)
\bmb@box=\box46
\bmb@colorbox=\box47
\bmb@boxshadow=\box48
\bmb@boxshadowball=\box49
\bmb@boxshadowballlarge=\box50
\bmb@temp=\dimen167
\bmb@dima=\dimen168
\bmb@dimb=\dimen169
\bmb@prevheight=\dimen170
)
\beamer@blockheadheight=\dimen171
))
(C:\Users\evankaufman\AppData\Roaming\MiKTeX\2.9\tex\latex\beamer\base\beamerba
selocalstructure.sty
Package: beamerbaselocalstructure 2012/11/13  (rcs-revision ddfba79dac19)

("C:\Program Files (x86)\MiKTeX 2.9\tex\latex\tools\enumerate.sty"
Package: enumerate 1999/03/05 v3.00 enumerate extensions (DPC)
\@enLab=\toks28
)
\c@figure=\count138
\c@table=\count139
\abovecaptionskip=\skip49
\belowcaptionskip=\skip50
)
(C:\Users\evankaufman\AppData\Roaming\MiKTeX\2.9\tex\latex\beamer\base\beamerba
senavigation.sty
Package: beamerbasenavigation 2012/04/03  (rcs-revision 42a0f21a412d)
\beamer@section@min@dim=\dimen172
)
(C:\Users\evankaufman\AppData\Roaming\MiKTeX\2.9\tex\latex\beamer\base\beamerba
setheorems.sty
Package: beamerbasetheorems 2010/06/06  (rcs-revision 7e7cc5e53e9d)

("C:\Program Files (x86)\MiKTeX 2.9\tex\latex\ams\math\amsmath.sty"
Package: amsmath 2000/07/18 v2.13 AMS math features
\@mathmargin=\skip51

For additional information on amsmath, use the `?' option.
("C:\Program Files (x86)\MiKTeX 2.9\tex\latex\ams\math\amstext.sty"
Package: amstext 2000/06/29 v2.01

("C:\Program Files (x86)\MiKTeX 2.9\tex\latex\ams\math\amsgen.sty"
File: amsgen.sty 1999/11/30 v2.0
\@emptytoks=\toks29
\ex@=\dimen173
))
("C:\Program Files (x86)\MiKTeX 2.9\tex\latex\ams\math\amsbsy.sty"
Package: amsbsy 1999/11/29 v1.2d
\pmbraise@=\dimen174
)
("C:\Program Files (x86)\MiKTeX 2.9\tex\latex\ams\math\amsopn.sty"
Package: amsopn 1999/12/14 v2.01 operator names
)
\inf@bad=\count140
LaTeX Info: Redefining \frac on input line 211.
\uproot@=\count141
\leftroot@=\count142
LaTeX Info: Redefining \overline on input line 307.
\classnum@=\count143
\DOTSCASE@=\count144
LaTeX Info: Redefining \ldots on input line 379.
LaTeX Info: Redefining \dots on input line 382.
LaTeX Info: Redefining \cdots on input line 467.
\Mathstrutbox@=\box51
\strutbox@=\box52
\big@size=\dimen175
LaTeX Font Info:    Redeclaring font encoding OML on input line 567.
LaTeX Font Info:    Redeclaring font encoding OMS on input line 568.
\macc@depth=\count145
\c@MaxMatrixCols=\count146
\dotsspace@=\muskip11
\c@parentequation=\count147
\dspbrk@lvl=\count148
\tag@help=\toks30
\row@=\count149
\column@=\count150
\maxfields@=\count151
\andhelp@=\toks31
\eqnshift@=\dimen176
\alignsep@=\dimen177
\tagshift@=\dimen178
\tagwidth@=\dimen179
\totwidth@=\dimen180
\lineht@=\dimen181
\@envbody=\toks32
\multlinegap=\skip52
\multlinetaggap=\skip53
\mathdisplay@stack=\toks33
LaTeX Info: Redefining \[ on input line 2666.
LaTeX Info: Redefining \] on input line 2667.
)
("C:\Program Files (x86)\MiKTeX 2.9\tex\latex\ams\classes\amsthm.sty"
Package: amsthm 2004/08/06 v2.20
\thm@style=\toks34
\thm@bodyfont=\toks35
\thm@headfont=\toks36
\thm@notefont=\toks37
\thm@headpunct=\toks38
\thm@preskip=\skip54
\thm@postskip=\skip55
\thm@headsep=\skip56
\dth@everypar=\toks39
)
\c@theorem=\count152
)
(C:\Users\evankaufman\AppData\Roaming\MiKTeX\2.9\tex\latex\beamer\base\beamerba
sethemes.sty
Package: beamerbasethemes 2010/05/01  (rcs-revision efa082c6111d)
))
(C:\Users\evankaufman\AppData\Roaming\MiKTeX\2.9\tex\latex\beamer\base\themes\t
heme\beamerthemedefault.sty
Package: beamerthemedefault 2010/06/17  (rcs-revision d02a7cf4d8ae)

(C:\Users\evankaufman\AppData\Roaming\MiKTeX\2.9\tex\latex\beamer\base\themes\f
ont\beamerfontthemedefault.sty
Package: beamerfontthemedefault 2012/12/19  (rcs-revision 1686da3db3c9)
)
(C:\Users\evankaufman\AppData\Roaming\MiKTeX\2.9\tex\latex\beamer\base\themes\c
olor\beamercolorthemedefault.sty
Package: beamercolorthemedefault 2012/12/19  (rcs-revision 1686da3db3c9)
)
(C:\Users\evankaufman\AppData\Roaming\MiKTeX\2.9\tex\latex\beamer\base\themes\i
nner\beamerinnerthemedefault.sty
Package: beamerinnerthemedefault 2012/05/01  (rcs-revision 67c48b3b652d)
\beamer@dima=\dimen182
\beamer@dimb=\dimen183
)
(C:\Users\evankaufman\AppData\Roaming\MiKTeX\2.9\tex\latex\beamer\base\themes\o
uter\beamerouterthemedefault.sty
Package: beamerouterthemedefault 2012/12/19  (rcs-revision 1686da3db3c9)
)))
("C:\Program Files (x86)\MiKTeX 2.9\tex\generic\babel\babel.sty"
Package: babel 2008/07/08 v3.8m The Babel package

*************************************
* Local config file bblopts.cfg used
*
("C:\Program Files (x86)\MiKTeX 2.9\tex\latex\00miktex\bblopts.cfg"
File: bblopts.cfg 2006/07/31 v1.0 MiKTeX 'babel' configuration
)
("C:\Program Files (x86)\MiKTeX 2.9\tex\generic\babel\english.ldf"
Language: english 2005/03/30 v3.3o English support from the babel system

("C:\Program Files (x86)\MiKTeX 2.9\tex\generic\babel\babel.def"
File: babel.def 2008/07/08 v3.8m Babel common definitions
LaTeX Info: Redefining \textlatin on input line 82.
\babel@savecnt=\count153
\U@D=\dimen184
)
\l@canadian = a dialect from \language\l@american 
\l@australian = a dialect from \language\l@british 
\l@newzealand = a dialect from \language\l@british 
))
("C:\Program Files (x86)\MiKTeX 2.9\tex\latex\psnfss\times.sty"
Package: times 2005/04/12 PSNFSS-v9.2a (SPQR) 
)
(C:\Users\evankaufman\AppData\Roaming\MiKTeX\2.9\tex\latex\subfigure\subfigure.
sty
Package: subfigure 2002/07/30 v2.1.4 subfigure package
\subfigtopskip=\skip57
\subfigcapskip=\skip58
\subfigcaptopadj=\dimen185
\subfigbottomskip=\skip59
\subfigcapmargin=\dimen186
\subfiglabelskip=\skip60
\c@subfigure=\count154
\c@lofdepth=\count155
\c@subtable=\count156
\c@lotdepth=\count157

****************************************
* Local config file subfigure.cfg used *
****************************************

(C:\Users\evankaufman\AppData\Roaming\MiKTeX\2.9\tex\latex\subfigure\subfigure.
cfg)
\subfig@top=\skip61
\subfig@bottom=\skip62
) ("C:\Program Files (x86)\MiKTeX 2.9\tex\latex\tools\tabularx.sty"
Package: tabularx 1999/01/07 v2.07 `tabularx' package (DPC)

("C:\Program Files (x86)\MiKTeX 2.9\tex\latex\tools\array.sty"
Package: array 2008/09/09 v2.4c Tabular extension package (FMi)
\col@sep=\dimen187
\extrarowheight=\dimen188
\NC@list=\toks40
\extratabsurround=\skip63
\backup@length=\skip64
)
\TX@col@width=\dimen189
\TX@old@table=\dimen190
\TX@old@col=\dimen191
\TX@target=\dimen192
\TX@delta=\dimen193
\TX@cols=\count158
\TX@ftn=\toks41
)
(C:\Users\evankaufman\AppData\Roaming\MiKTeX\2.9\tex\latex\booktabs\booktabs.st
y
Package: booktabs 2005/04/14 v1.61803 publication quality tables
\heavyrulewidth=\dimen194
\lightrulewidth=\dimen195
\cmidrulewidth=\dimen196
\belowrulesep=\dimen197
\belowbottomsep=\dimen198
\aboverulesep=\dimen199
\abovetopsep=\dimen200
\cmidrulesep=\dimen201
\cmidrulekern=\dimen202
\defaultaddspace=\dimen203
\@cmidla=\count159
\@cmidlb=\count160
\@aboverulesep=\dimen204
\@belowrulesep=\dimen205
\@thisruleclass=\count161
\@lastruleclass=\count162
\@thisrulewidth=\dimen206
)
(C:\Users\evankaufman\AppData\Roaming\MiKTeX\2.9\tex\latex\colortbl\colortbl.st
y
Package: colortbl 2012/02/13 v1.0a Color table columns (DPC)
\everycr=\toks42
\minrowclearance=\skip65
) ("C:\Program Files (x86)\MiKTeX 2.9\tex\latex\multirow\multirow.sty"
\bigstrutjot=\dimen207
)
(C:\Users\evankaufman\AppData\Roaming\MiKTeX\2.9\tex\latex\threeparttable\three
parttable.sty
Package: threeparttable 2003/06/13  v 3.0
\@tempboxb=\box53
)
(C:\Users\evankaufman\AppData\Roaming\MiKTeX\2.9\tex\latex\movie15\movie15.sty
Package: movie15 2012/05/16

("C:\Program Files (x86)\MiKTeX 2.9\tex\latex\base\ifthen.sty"
Package: ifthen 2001/05/26 v1.1c Standard LaTeX ifthen package (DPC)
)
("C:\Program Files (x86)\MiKTeX 2.9\tex\latex\oberdiek\ifdraft.sty"
Package: ifdraft 2008/08/11 v1.3 Detect class options draft and final (HO)
)
\@MXV@page=\count163
\@MXV@adict=\count164
\@MXV@aadict=\count165
\@MXV@includes=\count166
\@MXV@players=\count167
\@MXV@links=\count168
\@MXV@width=\dimen208
\@MXV@height=\dimen209
\@MXV@depth=\dimen210
\@MXV@totalheight=\dimen211
\@MXV@@boxdepth=\dimen212
\@MXV@traiselen=\dimen213
\@MXV@braiselen=\dimen214
\@MXV@start=\dimen215
\@MXV@end=\dimen216
\@MXV@textbox=\box54
)
(C:\Users\evankaufman\AppData\Roaming\MiKTeX\2.9\tex\latex\beamer\base\themes\t
heme\beamerthemeWarsaw.sty
Package: beamerthemeWarsaw 2010/06/17  (rcs-revision d02a7cf4d8ae)

(C:\Users\evankaufman\AppData\Roaming\MiKTeX\2.9\tex\latex\beamer\base\themes\i
nner\beamerinnerthemerounded.sty
Package: beamerinnerthemerounded 2010/06/17  (rcs-revision d02a7cf4d8ae)
)
(C:\Users\evankaufman\AppData\Roaming\MiKTeX\2.9\tex\latex\beamer\base\themes\o
uter\beamerouterthemeshadow.sty
Package: beamerouterthemeshadow 2010/06/17  (rcs-revision d02a7cf4d8ae)

(C:\Users\evankaufman\AppData\Roaming\MiKTeX\2.9\tex\latex\beamer\base\themes\o
uter\beamerouterthemesplit.sty
Package: beamerouterthemesplit 2012/10/16  (rcs-revision 51a8c72084af)
))
(C:\Users\evankaufman\AppData\Roaming\MiKTeX\2.9\tex\latex\beamer\base\themes\c
olor\beamercolorthemeorchid.sty
Package: beamercolorthemeorchid 2010/06/17  (rcs-revision d02a7cf4d8ae)
)
(C:\Users\evankaufman\AppData\Roaming\MiKTeX\2.9\tex\latex\beamer\base\themes\c
olor\beamercolorthemewhale.sty
Package: beamercolorthemewhale 2010/06/17  (rcs-revision d02a7cf4d8ae)
))
(C:\Users\evankaufman\AppData\Roaming\MiKTeX\2.9\tex\latex\beamer\base\themes\f
ont\beamerfontthemeserif.sty
Package: beamerfontthemeserif 2010/06/17  (rcs-revision d02a7cf4d8ae)
)

Package hyperref Warning: Token not allowed in a PDF string (PDFDocEncoding):
(hyperref)                removing `\\' on input line 85.


Package hyperref Warning: Token not allowed in a PDF string (PDFDocEncoding):
(hyperref)                removing `\\' on input line 85.


Package hyperref Warning: Token not allowed in a PDF string (PDFDocEncoding):
(hyperref)                removing `math shift' on input line 85.


Package hyperref Warning: Token not allowed in a PDF string (PDFDocEncoding):
(hyperref)                removing `math shift' on input line 85.


Package hyperref Warning: Token not allowed in a PDF string (PDFDocEncoding):
(hyperref)                removing `\\' on input line 85.


Package hyperref Warning: Token not allowed in a PDF string (PDFDocEncoding):
(hyperref)                removing `\new@ifnextchar' on input line 85.


Package hyperref Warning: Token not allowed in a PDF string (PDFDocEncoding):
(hyperref)                removing `\columnwidth' on input line 85.


Package hyperref Warning: Token not allowed in a PDF string (PDFDocEncoding):
(hyperref)                removing `\\' on input line 85.


Package hyperref Warning: Token not allowed in a PDF string (PDFDocEncoding):
(hyperref)                removing `\\' on input line 85.


Package hyperref Warning: Token not allowed in a PDF string (PDFDocEncoding):
(hyperref)                removing `math shift' on input line 85.


Package hyperref Warning: Token not allowed in a PDF string (PDFDocEncoding):
(hyperref)                removing `math shift' on input line 85.


Package hyperref Warning: Token not allowed in a PDF string (PDFDocEncoding):
(hyperref)                removing `\\' on input line 85.


Package hyperref Warning: Token not allowed in a PDF string (PDFDocEncoding):
(hyperref)                removing `\new@ifnextchar' on input line 85.


Package hyperref Warning: Token not allowed in a PDF string (PDFDocEncoding):
(hyperref)                removing `\columnwidth' on input line 85.


Package hyperref Warning: Token not allowed in a PDF string (PDFDocEncoding):
(hyperref)                removing `\\' on input line 85.


Package hyperref Warning: Token not allowed in a PDF string (PDFDocEncoding):
(hyperref)                removing `\\' on input line 85.


("C:\Users\evankaufman\Google Drive\FDCL\Evan\Publications\AAS 2015 OD EKF\Pres
entation\AAS15_Observability_RelativeOD_EKF.aux"

LaTeX Warning: Label `tab:ResultsTBP' multiply defined.

)
LaTeX Font Info:    Checking defaults for OML/cmm/m/it on input line 102.
LaTeX Font Info:    ... okay on input line 102.
LaTeX Font Info:    Checking defaults for T1/cmr/m/n on input line 102.
LaTeX Font Info:    ... okay on input line 102.
LaTeX Font Info:    Checking defaults for OT1/cmr/m/n on input line 102.
LaTeX Font Info:    ... okay on input line 102.
LaTeX Font Info:    Checking defaults for OMS/cmsy/m/n on input line 102.
LaTeX Font Info:    ... okay on input line 102.
LaTeX Font Info:    Checking defaults for OMX/cmex/m/n on input line 102.
LaTeX Font Info:    ... okay on input line 102.
LaTeX Font Info:    Checking defaults for U/cmr/m/n on input line 102.
LaTeX Font Info:    ... okay on input line 102.
LaTeX Font Info:    Checking defaults for PD1/pdf/m/n on input line 102.
LaTeX Font Info:    ... okay on input line 102.
LaTeX Font Info:    Try loading font information for OT1+ptm on input line 102.

 ("C:\Program Files (x86)\MiKTeX 2.9\tex\latex\psnfss\ot1ptm.fd"
File: ot1ptm.fd 2001/06/04 font definitions for OT1/ptm.
)
*geometry* driver: auto-detecting
*geometry* detected driver: pdftex
*geometry* verbose mode - [ preamble ] result:
* driver: pdftex
* paper: custom
* layout: <same size as paper>
* layoutoffset:(h,v)=(0.0pt,0.0pt)
* modes: includehead includefoot 
* h-part:(L,W,R)=(28.45274pt, 307.28987pt, 28.45274pt)
* v-part:(T,H,B)=(0.0pt, 273.14662pt, 0.0pt)
* \paperwidth=364.19536pt
* \paperheight=273.14662pt
* \textwidth=307.28987pt
* \textheight=244.6939pt
* \oddsidemargin=-43.81725pt
* \evensidemargin=-43.81725pt
* \topmargin=-72.26999pt
* \headheight=14.22636pt
* \headsep=0.0pt
* \topskip=10.0pt
* \footskip=14.22636pt
* \marginparwidth=3.0pt
* \marginparsep=11.0pt
* \columnsep=10.0pt
* \skip\footins=9.0pt plus 4.0pt minus 2.0pt
* \hoffset=0.0pt
* \voffset=0.0pt
* \mag=1000
* \@twocolumnfalse
* \@twosidefalse
* \@mparswitchfalse
* \@reversemarginfalse
* (1in=72.27pt=25.4mm, 1cm=28.453pt)

("C:\Program Files (x86)\MiKTeX 2.9\tex\context\base\supp-pdf.mkii"
[Loading MPS to PDF converter (version 2006.09.02).]
\scratchcounter=\count169
\scratchdimen=\dimen217
\scratchbox=\box55
\nofMPsegments=\count170
\nofMParguments=\count171
\everyMPshowfont=\toks43
\MPscratchCnt=\count172
\MPscratchDim=\dimen218
\MPnumerator=\count173
\makeMPintoPDFobject=\count174
\everyMPtoPDFconversion=\toks44
) ABD: EveryShipout initializing macros
\AtBeginShipoutBox=\box56
Package hyperref Info: Link coloring OFF on input line 102.

("C:\Program Files (x86)\MiKTeX 2.9\tex\latex\hyperref\nameref.sty"
Package: nameref 2010/04/30 v2.40 Cross-referencing by name of section

("C:\Program Files (x86)\MiKTeX 2.9\tex\generic\oberdiek\gettitlestring.sty"
Package: gettitlestring 2010/12/03 v1.4 Cleanup title references (HO)
)
\c@section@level=\count175
)
LaTeX Info: Redefining \ref on input line 102.
LaTeX Info: Redefining \pageref on input line 102.
LaTeX Info: Redefining \nameref on input line 102.

("C:\Users\evankaufman\Google Drive\FDCL\Evan\Publications\AAS 2015 OD EKF\Pres
entation\AAS15_Observability_RelativeOD_EKF.out")
("C:\Users\evankaufman\Google Drive\FDCL\Evan\Publications\AAS 2015 OD EKF\Pres
entation\AAS15_Observability_RelativeOD_EKF.out")
\@outlinefile=\write5
\symnumbers=\mathgroup6
\sympureletters=\mathgroup7
LaTeX Font Info:    Overwriting math alphabet `\mathrm' in version `normal'
(Font)                  OT1/cmr/m/n --> OT1/ptm/m/n on input line 102.
LaTeX Font Info:    Redeclaring math alphabet \mathbf on input line 102.
LaTeX Font Info:    Overwriting math alphabet `\mathbf' in version `normal'
(Font)                  OT1/cmr/bx/n --> OT1/ptm/bx/n on input line 102.
LaTeX Font Info:    Overwriting math alphabet `\mathbf' in version `bold'
(Font)                  OT1/cmr/bx/n --> OT1/ptm/bx/n on input line 102.
LaTeX Font Info:    Redeclaring math alphabet \mathsf on input line 102.
LaTeX Font Info:    Overwriting math alphabet `\mathsf' in version `normal'
(Font)                  OT1/cmss/m/n --> OT1/phv/m/n on input line 102.
LaTeX Font Info:    Overwriting math alphabet `\mathsf' in version `bold'
(Font)                  OT1/cmss/bx/n --> OT1/phv/m/n on input line 102.
LaTeX Font Info:    Redeclaring math alphabet \mathit on input line 102.
LaTeX Font Info:    Overwriting math alphabet `\mathit' in version `normal'
(Font)                  OT1/cmr/m/it --> OT1/ptm/m/it on input line 102.
LaTeX Font Info:    Overwriting math alphabet `\mathit' in version `bold'
(Font)                  OT1/cmr/bx/it --> OT1/ptm/m/it on input line 102.
LaTeX Font Info:    Redeclaring math alphabet \mathtt on input line 102.
LaTeX Font Info:    Overwriting math alphabet `\mathtt' in version `normal'
(Font)                  OT1/cmtt/m/n --> OT1/pcr/m/n on input line 102.
LaTeX Font Info:    Overwriting math alphabet `\mathtt' in version `bold'
(Font)                  OT1/cmtt/m/n --> OT1/pcr/m/n on input line 102.
LaTeX Font Info:    Overwriting symbol font `numbers' in version `bold'
(Font)                  OT1/ptm/m/n --> OT1/ptm/bx/n on input line 102.
LaTeX Font Info:    Overwriting symbol font `pureletters' in version `bold'
(Font)                  OT1/ptm/m/it --> OT1/ptm/bx/it on input line 102.
LaTeX Font Info:    Overwriting math alphabet `\mathrm' in version `bold'
(Font)                  OT1/cmr/bx/n --> OT1/ptm/bx/n on input line 102.
LaTeX Font Info:    Overwriting math alphabet `\mathbf' in version `bold'
(Font)                  OT1/ptm/bx/n --> OT1/ptm/bx/n on input line 102.
LaTeX Font Info:    Overwriting math alphabet `\mathsf' in version `bold'
(Font)                  OT1/phv/m/n --> OT1/phv/bx/n on input line 102.
LaTeX Font Info:    Overwriting math alphabet `\mathit' in version `bold'
(Font)                  OT1/ptm/m/it --> OT1/ptm/bx/it on input line 102.
LaTeX Font Info:    Overwriting math alphabet `\mathtt' in version `bold'
(Font)                  OT1/pcr/m/n --> OT1/pcr/bx/n on input line 102.

(C:\Users\evankaufman\AppData\Roaming\MiKTeX\2.9\tex\latex\beamer\base\translat
or\dicts\translator-basic-dictionary\translator-basic-dictionary-English.dict
Dictionary: translator-basic-dictionary, Language: English 
)
(C:\Users\evankaufman\AppData\Roaming\MiKTeX\2.9\tex\latex\beamer\base\translat
or\dicts\translator-bibliography-dictionary\translator-bibliography-dictionary-
English.dict
Dictionary: translator-bibliography-dictionary, Language: English 
)
(C:\Users\evankaufman\AppData\Roaming\MiKTeX\2.9\tex\latex\beamer\base\translat
or\dicts\translator-environment-dictionary\translator-environment-dictionary-En
glish.dict
Dictionary: translator-environment-dictionary, Language: English 
)
(C:\Users\evankaufman\AppData\Roaming\MiKTeX\2.9\tex\latex\beamer\base\translat
or\dicts\translator-months-dictionary\translator-months-dictionary-English.dict
Dictionary: translator-months-dictionary, Language: English 
)
(C:\Users\evankaufman\AppData\Roaming\MiKTeX\2.9\tex\latex\beamer\base\translat
or\dicts\translator-numbers-dictionary\translator-numbers-dictionary-English.di
ct
Dictionary: translator-numbers-dictionary, Language: English 
)
(C:\Users\evankaufman\AppData\Roaming\MiKTeX\2.9\tex\latex\beamer\base\translat
or\dicts\translator-theorem-dictionary\translator-theorem-dictionary-English.di
ct
Dictionary: translator-theorem-dictionary, Language: English 
)
LaTeX Info: Redefining \includegraphics on input line 102.

("C:\Users\evankaufman\Google Drive\FDCL\Evan\Publications\AAS 2015 OD EKF\Pres
entation\AAS15_Observability_RelativeOD_EKF.nav")
LaTeX Font Info:    Try loading font information for U+msa on input line 106.

("C:\Program Files (x86)\MiKTeX 2.9\tex\latex\amsfonts\umsa.fd"
File: umsa.fd 2009/06/22 v3.00 AMS symbols A
)
LaTeX Font Info:    Try loading font information for U+msb on input line 106.

("C:\Program Files (x86)\MiKTeX 2.9\tex\latex\amsfonts\umsb.fd"
File: umsb.fd 2009/06/22 v3.00 AMS symbols B
) [1

{C:/Users/evankaufman/AppData/Local/MiKTeX/2.9/pdftex/config/pdftex.map}]
<Figs/XSS11.jpg, id=53, 195.73125pt x 190.46156pt>
File: Figs/XSS11.jpg Graphic file (type jpg)
 <use Figs/XSS11.jpg>
Package pdftex.def Info: Figs/XSS11.jpg used on input line 131.
(pdftex.def)             Requested size: 78.94518pt x 76.82234pt.

<Figs/DLRPrisma.jpg, id=54, 381.425pt x 381.425pt>
File: Figs/DLRPrisma.jpg Graphic file (type jpg)
 <use Figs/DLRPrisma.jpg>
Package pdftex.def Info: Figs/DLRPrisma.jpg used on input line 131.
(pdftex.def)             Requested size: 76.81909pt x 76.82234pt.

<Figs/OrbitalExpress.jpg, id=55, 158.994pt x 119.2455pt>
File: Figs/OrbitalExpress.jpg Graphic file (type jpg)

<use Figs/OrbitalExpress.jpg>
Package pdftex.def Info: Figs/OrbitalExpress.jpg used on input line 131.
(pdftex.def)             Requested size: 102.43025pt x 76.82234pt.
 [2

 <C:/Users/evankaufman/Google Drive/FDCL/Evan/Publications/AAS 2015 OD EKF/Pres
entation/Figs/XSS11.jpg> <C:/Users/evankaufman/Google Drive/FDCL/Evan/Publicati
ons/AAS 2015 OD EKF/Presentation/Figs/DLRPrisma.jpg> <C:/Users/evankaufman/Goog
le Drive/FDCL/Evan/Publications/AAS 2015 OD EKF/Presentation/Figs/OrbitalExpres
s.jpg>]
LaTeX Font Info:    Font shape `OT1/ptm/bx/n' in size <9> not available
(Font)              Font shape `OT1/ptm/b/n' tried instead on input line 161.
LaTeX Font Info:    Font shape `OT1/ptm/bx/it' in size <9> not available
(Font)              Font shape `OT1/ptm/b/it' tried instead on input line 161.
 [3

] [4

] [5

]
<Figs/PF0.pdf, id=176, 451.6875pt x 436.63126pt>
File: Figs/PF0.pdf Graphic file (type pdf)
 <use Figs/PF0.pdf>
Package pdftex.def Info: Figs/PF0.pdf used on input line 230.
(pdftex.def)             Requested size: 199.16928pt x 192.53142pt.

Overfull \hbox (14.2263pt too wide) in paragraph at lines 230--230
[] 
 []

LaTeX Font Info:    Font shape `OT1/ptm/bx/n' in size <6> not available
(Font)              Font shape `OT1/ptm/b/n' tried instead on input line 230.
LaTeX Font Info:    Font shape `OT1/ptm/bx/n' in size <5> not available
(Font)              Font shape `OT1/ptm/b/n' tried instead on input line 230.
LaTeX Font Info:    Font shape `OT1/ptm/bx/n' in size <10> not available
(Font)              Font shape `OT1/ptm/b/n' tried instead on input line 230.
LaTeX Font Info:    Font shape `OT1/ptm/bx/n' in size <7> not available
(Font)              Font shape `OT1/ptm/b/n' tried instead on input line 230.
[6

 <C:/Users/evankaufman/Google Drive/FDCL/Evan/Publications/AAS 2015 OD EKF/Pres
entation/Figs/PF0.pdf>] <Figs/PF1.pdf, id=222, 451.6875pt x 436.63126pt>
File: Figs/PF1.pdf Graphic file (type pdf)

<use Figs/PF1.pdf>
Package pdftex.def Info: Figs/PF1.pdf used on input line 230.
(pdftex.def)             Requested size: 199.16928pt x 192.53142pt.
LaTeX Font Info:    Font shape `OT1/ptm/bx/n' in size <8> not available
(Font)              Font shape `OT1/ptm/b/n' tried instead on input line 230.

Overfull \hbox (14.2263pt too wide) in paragraph at lines 230--230
[] 
 []

[7

 <C:/Users/evankaufman/Google Drive/FDCL/Evan/Publications/AAS 2015 OD EKF/Pres
entation/Figs/PF1.pdf>] <Figs/PF2.pdf, id=257, 451.6875pt x 436.63126pt>
File: Figs/PF2.pdf Graphic file (type pdf)

<use Figs/PF2.pdf>
Package pdftex.def Info: Figs/PF2.pdf used on input line 230.
(pdftex.def)             Requested size: 199.16928pt x 192.53142pt.

Overfull \hbox (14.2263pt too wide) in paragraph at lines 230--230
[] 
 []

[8

 <C:/Users/evankaufman/Google Drive/FDCL/Evan/Publications/AAS 2015 OD EKF/Pres
entation/Figs/PF2.pdf>] [9

] [10

]
<Figs/PF3.pdf, id=346, 451.6875pt x 436.63126pt>
File: Figs/PF3.pdf Graphic file (type pdf)
 <use Figs/PF3.pdf>
Package pdftex.def Info: Figs/PF3.pdf used on input line 308.
(pdftex.def)             Requested size: 199.16928pt x 192.53142pt.

Overfull \hbox (14.2263pt too wide) in paragraph at lines 308--308
[]  
 []

[11

 <C:/Users/evankaufman/Google Drive/FDCL/Evan/Publications/AAS 2015 OD EKF/Pres
entation/Figs/PF3.pdf>]
File: Figs/PF3.pdf Graphic file (type pdf)
 <use Figs/PF3.pdf>
Package pdftex.def Info: Figs/PF3.pdf used on input line 308.
(pdftex.def)             Requested size: 199.16928pt x 192.53142pt.

Overfull \hbox (14.2263pt too wide) in paragraph at lines 308--308
[]  
 []

[12

] [13

] [14

] [15

] [16

] [17

] [18

] [19

] [20

] [21

] [22

] [23

]
<Figs/pp.jpg, id=729, 612.2875pt x 451.6875pt>
File: Figs/pp.jpg Graphic file (type jpg)
 <use Figs/pp.jpg>
Package pdftex.def Info: Figs/pp.jpg used on input line 500.
(pdftex.def)             Requested size: 85.35826pt x 62.96701pt.
 [24

 <C:/Users/evankaufman/Google Drive/FDCL/Evan/Publications/AAS 2015 OD EKF/Pres
entation/Figs/pp.jpg>] [25

] <Figs/OM_IOD_0C_traj.pdf, id=785, 506.89375pt x 397.485pt>
File: Figs/OM_IOD_0C_traj.pdf Graphic file (type pdf)

<use Figs/OM_IOD_0C_traj.pdf>
Package pdftex.def Info: Figs/OM_IOD_0C_traj.pdf used on input line 612.
(pdftex.def)             Requested size: 58.38582pt x 45.77956pt.

<Figs/OM_IOD_1_traj.pdf, id=786, 339.2675pt x 388.45125pt>
File: Figs/OM_IOD_1_traj.pdf Graphic file (type pdf)

<use Figs/OM_IOD_1_traj.pdf>
Package pdftex.def Info: Figs/OM_IOD_1_traj.pdf used on input line 612.
(pdftex.def)             Requested size: 58.38582pt x 66.84787pt.

<Figs/OM_IOD_2A_traj.pdf, id=787, 487.8225pt x 392.46625pt>
File: Figs/OM_IOD_2A_traj.pdf Graphic file (type pdf)

<use Figs/OM_IOD_2A_traj.pdf>
Package pdftex.def Info: Figs/OM_IOD_2A_traj.pdf used on input line 612.
(pdftex.def)             Requested size: 58.38582pt x 46.96815pt.

<Figs/OM_IOD_3A_traj.pdf, id=788, 527.9725pt x 323.2075pt>
File: Figs/OM_IOD_3A_traj.pdf Graphic file (type pdf)

<use Figs/OM_IOD_3A_traj.pdf>
Package pdftex.def Info: Figs/OM_IOD_3A_traj.pdf used on input line 612.
(pdftex.def)             Requested size: 58.38582pt x 35.74034pt.

<Figs/OM_IOD_4C_traj.pdf, id=789, 526.96875pt x 262.9825pt>
File: Figs/OM_IOD_4C_traj.pdf Graphic file (type pdf)

<use Figs/OM_IOD_4C_traj.pdf>
Package pdftex.def Info: Figs/OM_IOD_4C_traj.pdf used on input line 612.
(pdftex.def)             Requested size: 58.38582pt x 29.13683pt.
 [26

 <C:/Users/evankaufman/Google Drive/FDCL/Evan/Publications/AAS 2015 OD EKF/Pres
entation/Figs/OM_IOD_0C_traj.pdf> <C:/Users/evankaufman/Google Drive/FDCL/Evan/
Publications/AAS 2015 OD EKF/Presentation/Figs/OM_IOD_1_traj.pdf> <C:/Users/eva
nkaufman/Google Drive/FDCL/Evan/Publications/AAS 2015 OD EKF/Presentation/Figs/
OM_IOD_2A_traj.pdf> <C:/Users/evankaufman/Google Drive/FDCL/Evan/Publications/A
AS 2015 OD EKF/Presentation/Figs/OM_IOD_3A_traj.pdf> <C:/Users/evankaufman/Goog
le Drive/FDCL/Evan/Publications/AAS 2015 OD EKF/Presentation/Figs/OM_IOD_4C_tra
j.pdf>]
Overfull \hbox (2.8119pt too wide) in alignment at lines 668--668
[][][][][][] 
 []

[27

]
Overfull \hbox (1.25397pt too wide) in alignment at lines 766--766
[][][][][][] 
 []


Overfull \hbox (1.25397pt too wide) in alignment at lines 766--766
[][][][][][] 
 []

[28

pdfTeX warning (ext4): destination with the same identifier (name{tab:ResultsTB
P}) has been already used, duplicate ignored

\@EveryShipout@Output ...@Org@Shipout \box \@cclv 
                                                  
l.766 \end{frame}
                 ]
<Figs/Case0Cq1IOD1TBPnormX.pdf, id=968, 420.57124pt x 312.16624pt>
File: Figs/Case0Cq1IOD1TBPnormX.pdf Graphic file (type pdf)

<use Figs/Case0Cq1IOD1TBPnormX.pdf>
Package pdftex.def Info: Figs/Case0Cq1IOD1TBPnormX.pdf used on input line 845.
(pdftex.def)             Requested size: 61.45703pt x 45.61304pt.

<Figs/Case1q1IOD1TBPnormX.pdf, id=969, 420.57124pt x 312.16624pt>
File: Figs/Case1q1IOD1TBPnormX.pdf Graphic file (type pdf)

<use Figs/Case1q1IOD1TBPnormX.pdf>
Package pdftex.def Info: Figs/Case1q1IOD1TBPnormX.pdf used on input line 845.
(pdftex.def)             Requested size: 61.45703pt x 45.61304pt.

<Figs/Case2Aq1IOD1TBPnormX.pdf, id=970, 420.57124pt x 312.16624pt>
File: Figs/Case2Aq1IOD1TBPnormX.pdf Graphic file (type pdf)

<use Figs/Case2Aq1IOD1TBPnormX.pdf>
Package pdftex.def Info: Figs/Case2Aq1IOD1TBPnormX.pdf used on input line 845.
(pdftex.def)             Requested size: 61.45703pt x 45.61304pt.

<Figs/Case3Aq1IOD1TBPnormX.pdf, id=971, 420.57124pt x 312.16624pt>
File: Figs/Case3Aq1IOD1TBPnormX.pdf Graphic file (type pdf)

<use Figs/Case3Aq1IOD1TBPnormX.pdf>
Package pdftex.def Info: Figs/Case3Aq1IOD1TBPnormX.pdf used on input line 845.
(pdftex.def)             Requested size: 61.45703pt x 45.61304pt.

<Figs/Case4Cq1IOD1TBPnormX.pdf, id=972, 420.57124pt x 312.16624pt>
File: Figs/Case4Cq1IOD1TBPnormX.pdf Graphic file (type pdf)

<use Figs/Case4Cq1IOD1TBPnormX.pdf>
Package pdftex.def Info: Figs/Case4Cq1IOD1TBPnormX.pdf used on input line 845.
(pdftex.def)             Requested size: 61.45703pt x 45.61304pt.

<Figs/Case0Cq1IOD2TBPnormX.pdf, id=973, 420.57124pt x 312.16624pt>
File: Figs/Case0Cq1IOD2TBPnormX.pdf Graphic file (type pdf)

<use Figs/Case0Cq1IOD2TBPnormX.pdf>
Package pdftex.def Info: Figs/Case0Cq1IOD2TBPnormX.pdf used on input line 845.
(pdftex.def)             Requested size: 61.45703pt x 45.61304pt.

<Figs/Case1q1IOD2TBPnormX.pdf, id=974, 420.57124pt x 312.16624pt>
File: Figs/Case1q1IOD2TBPnormX.pdf Graphic file (type pdf)

<use Figs/Case1q1IOD2TBPnormX.pdf>
Package pdftex.def Info: Figs/Case1q1IOD2TBPnormX.pdf used on input line 845.
(pdftex.def)             Requested size: 61.45703pt x 45.61304pt.

<Figs/Case2Aq1IOD2TBPnormX.pdf, id=975, 420.57124pt x 312.16624pt>
File: Figs/Case2Aq1IOD2TBPnormX.pdf Graphic file (type pdf)

<use Figs/Case2Aq1IOD2TBPnormX.pdf>
Package pdftex.def Info: Figs/Case2Aq1IOD2TBPnormX.pdf used on input line 845.
(pdftex.def)             Requested size: 61.45703pt x 45.61304pt.

<Figs/Case3Aq1IOD2TBPnormX.pdf, id=976, 420.57124pt x 312.16624pt>
File: Figs/Case3Aq1IOD2TBPnormX.pdf Graphic file (type pdf)

<use Figs/Case3Aq1IOD2TBPnormX.pdf>
Package pdftex.def Info: Figs/Case3Aq1IOD2TBPnormX.pdf used on input line 845.
(pdftex.def)             Requested size: 61.45703pt x 45.61304pt.

<Figs/Case4Cq1IOD2TBPnormX.pdf, id=977, 420.57124pt x 312.16624pt>
File: Figs/Case4Cq1IOD2TBPnormX.pdf Graphic file (type pdf)

<use Figs/Case4Cq1IOD2TBPnormX.pdf>
Package pdftex.def Info: Figs/Case4Cq1IOD2TBPnormX.pdf used on input line 845.
(pdftex.def)             Requested size: 61.45703pt x 45.61304pt.
 [29

 <C:/Users/evankaufman/Google Drive/FDCL/Evan/Publications/AAS 2015 OD EKF/Pres
entation/Figs/Case0Cq1IOD1TBPnormX.pdf> <C:/Users/evankaufman/Google Drive/FDCL
/Evan/Publications/AAS 2015 OD EKF/Presentation/Figs/Case1q1IOD1TBPnormX.pdf> <
C:/Users/evankaufman/Google Drive/FDCL/Evan/Publications/AAS 2015 OD EKF/Presen
tation/Figs/Case2Aq1IOD1TBPnormX.pdf> <C:/Users/evankaufman/Google Drive/FDCL/E
van/Publications/AAS 2015 OD EKF/Presentation/Figs/Case3Aq1IOD1TBPnormX.pdf> <C
:/Users/evankaufman/Google Drive/FDCL/Evan/Publications/AAS 2015 OD EKF/Present
ation/Figs/Case4Cq1IOD1TBPnormX.pdf> <C:/Users/evankaufman/Google Drive/FDCL/Ev
an/Publications/AAS 2015 OD EKF/Presentation/Figs/Case0Cq1IOD2TBPnormX.pdf> <C:
/Users/evankaufman/Google Drive/FDCL/Evan/Publications/AAS 2015 OD EKF/Presenta
tion/Figs/Case1q1IOD2TBPnormX.pdf> <C:/Users/evankaufman/Google Drive/FDCL/Evan
/Publications/AAS 2015 OD EKF/Presentation/Figs/Case2Aq1IOD2TBPnormX.pdf> <C:/U
sers/evankaufman/Google Drive/FDCL/Evan/Publications/AAS 2015 OD EKF/Presentati
on/Figs/Case3Aq1IOD2TBPnormX.pdf> <C:/Users/evankaufman/Google Drive/FDCL/Evan/
Publications/AAS 2015 OD EKF/Presentation/Figs/Case4Cq1IOD2TBPnormX.pdf>]
<Figs/Case3Bq1IOD1TBPnormX.pdf, id=1167, 420.57124pt x 312.16624pt>
File: Figs/Case3Bq1IOD1TBPnormX.pdf Graphic file (type pdf)

<use Figs/Case3Bq1IOD1TBPnormX.pdf>
Package pdftex.def Info: Figs/Case3Bq1IOD1TBPnormX.pdf used on input line 910.
(pdftex.def)             Requested size: 61.45703pt x 45.61304pt.

Underfull \hbox (badness 1117) in paragraph at lines 910--910
\OT1/ptm/m/n/8 with the two-body
 []

<Figs/Case3Bq1IOD1HighFidelitynormX.pdf, id=1168, 421.575pt x 316.18124pt>
File: Figs/Case3Bq1IOD1HighFidelitynormX.pdf Graphic file (type pdf)

<use Figs/Case3Bq1IOD1HighFidelitynormX.pdf>
Package pdftex.def Info: Figs/Case3Bq1IOD1HighFidelitynormX.pdf used on input l
ine 910.
(pdftex.def)             Requested size: 61.45703pt x 46.08873pt.

<Figs/Case3Bq1IOD1TBPeigP.pdf, id=1169, 420.57124pt x 312.16624pt>
File: Figs/Case3Bq1IOD1TBPeigP.pdf Graphic file (type pdf)

<use Figs/Case3Bq1IOD1TBPeigP.pdf>
Package pdftex.def Info: Figs/Case3Bq1IOD1TBPeigP.pdf used on input line 910.
(pdftex.def)             Requested size: 61.45703pt x 45.61304pt.

Underfull \hbox (badness 10000) in paragraph at lines 910--910
[]\OT1/ptm/m/n/8 (c) Un-cer-tainty
 []


Underfull \hbox (badness 5817) in paragraph at lines 910--910
\OT1/ptm/m/n/8 mea-sure with the
 []

<Figs/Case3Bq1IOD1eigP.pdf, id=1170, 421.575pt x 316.18124pt>
File: Figs/Case3Bq1IOD1eigP.pdf Graphic file (type pdf)

<use Figs/Case3Bq1IOD1eigP.pdf>
Package pdftex.def Info: Figs/Case3Bq1IOD1eigP.pdf used on input line 910.
(pdftex.def)             Requested size: 61.45703pt x 46.08873pt.

Underfull \hbox (badness 10000) in paragraph at lines 910--910
[]\OT1/ptm/m/n/8 (d) Un-cer-tainty
 []


Overfull \vbox (27.54521pt too high) detected at line 910
 []

[30

 <C:/Users/evankaufman/Google Drive/FDCL/Evan/Publications/AAS 2015 OD EKF/Pres
entation/Figs/Case3Bq1IOD1TBPnormX.pdf> <C:/Users/evankaufman/Google Drive/FDCL
/Evan/Publications/AAS 2015 OD EKF/Presentation/Figs/Case3Bq1IOD1HighFidelityno
rmX.pdf> <C:/Users/evankaufman/Google Drive/FDCL/Evan/Publications/AAS 2015 OD 
EKF/Presentation/Figs/Case3Bq1IOD1TBPeigP.pdf> <C:/Users/evankaufman/Google Dri
ve/FDCL/Evan/Publications/AAS 2015 OD EKF/Presentation/Figs/Case3Bq1IOD1eigP.pd
f>] [31

] [32

]
\tf@nav=\write6
\tf@toc=\write7
\tf@snm=\write8


Package movie15 Warning: @@@@@@@@@@@@@@@@@@@@@@@@@@@@@@@@@@@@@@@
(movie15)                @@ Package `movie15' is obsolete and @@
(movie15)                @@ superseded by `media9'.           @@
(movie15)                @@@@@@@@@@@@@@@@@@@@@@@@@@@@@@@@@@@@@@@.

Package atveryend Info: Empty hook `BeforeClearDocument' on input line 944.
Package atveryend Info: Empty hook `AfterLastShipout' on input line 944.

("C:\Users\evankaufman\Google Drive\FDCL\Evan\Publications\AAS 2015 OD EKF\Pres
entation\AAS15_Observability_RelativeOD_EKF.aux")
Package atveryend Info: Executing hook `AtVeryEndDocument' on input line 944.
Package atveryend Info: Executing hook `AtEndAfterFileList' on input line 944.
Package rerunfilecheck Info: File `AAS15_Observability_RelativeOD_EKF.out' has 
not changed.
(rerunfilecheck)             Checksum: D41D8CD98F00B204E9800998ECF8427E;0.


LaTeX Warning: There were multiply-defined labels.

Package atveryend Info: Empty hook `AtVeryVeryEnd' on input line 944.
 ) 
Here is how much of TeX's memory you used:
 17083 strings out of 494045
 324137 string characters out of 3145951
 482974 words of memory out of 3000000
 19808 multiletter control sequences out of 15000+200000
 42273 words of font info for 81 fonts, out of 3000000 for 9000
 715 hyphenation exceptions out of 8191
 49i,19n,62p,537b,786s stack positions out of 5000i,500n,10000p,200000b,50000s
{C:/Program Files (x86)/MiKTeX 2.9/fonts/enc/dvips/fontname/8r.enc}<C:/Progra
m Files (x86)/MiKTeX 2.9/fonts/type1/public/amsfonts/cm/cmex10.pfb><C:/Program 
Files (x86)/MiKTeX 2.9/fonts/type1/public/amsfonts/cmextra/cmex7.pfb><C:/Progra
m Files (x86)/MiKTeX 2.9/fonts/type1/public/amsfonts/cmextra/cmex9.pfb><C:/Prog
ram Files (x86)/MiKTeX 2.9/fonts/type1/public/amsfonts/cm/cmmi10.pfb><C:/Progra
m Files (x86)/MiKTeX 2.9/fonts/type1/public/amsfonts/cm/cmmi6.pfb><C:/Program F
iles (x86)/MiKTeX 2.9/fonts/type1/public/amsfonts/cm/cmmi7.pfb><C:/Program File
s (x86)/MiKTeX 2.9/fonts/type1/public/amsfonts/cm/cmmi9.pfb><C:/Program Files (
x86)/MiKTeX 2.9/fonts/type1/public/amsfonts/cm/cmr10.pfb><C:/Program Files (x86
)/MiKTeX 2.9/fonts/type1/public/amsfonts/cm/cmr5.pfb><C:/Program Files (x86)/Mi
KTeX 2.9/fonts/type1/public/amsfonts/cm/cmr6.pfb><C:/Program Files (x86)/MiKTeX
 2.9/fonts/type1/public/amsfonts/cm/cmr7.pfb><C:/Program Files (x86)/MiKTeX 2.9
/fonts/type1/public/amsfonts/cm/cmr9.pfb><C:/Program Files (x86)/MiKTeX 2.9/fon
ts/type1/public/amsfonts/cm/cmsy10.pfb><C:/Program Files (x86)/MiKTeX 2.9/fonts
/type1/public/amsfonts/cm/cmsy5.pfb><C:/Program Files (x86)/MiKTeX 2.9/fonts/ty
pe1/public/amsfonts/cm/cmsy6.pfb><C:/Program Files (x86)/MiKTeX 2.9/fonts/type1
/public/amsfonts/cm/cmsy7.pfb><C:/Program Files (x86)/MiKTeX 2.9/fonts/type1/pu
blic/amsfonts/cm/cmsy9.pfb><C:/Program Files (x86)/MiKTeX 2.9/fonts/type1/publi
c/amsfonts/symbols/msam10.pfb><C:/Program Files (x86)/MiKTeX 2.9/fonts/type1/pu
blic/amsfonts/symbols/msbm10.pfb><C:/Program Files (x86)/MiKTeX 2.9/fonts/type1
/urw/times/utmb8a.pfb><C:/Program Files (x86)/MiKTeX 2.9/fonts/type1/urw/times/
utmbi8a.pfb><C:/Program Files (x86)/MiKTeX 2.9/fonts/type1/urw/times/utmr8a.pfb
><C:/Program Files (x86)/MiKTeX 2.9/fonts/type1/urw/times/utmri8a.pfb>
Output written on AAS15_Observability_RelativeOD_EKF.pdf (32 pages, 3718802 byt
es).
PDF statistics:
 1413 PDF objects out of 1440 (max. 8388607)
 86 named destinations out of 1000 (max. 500000)
 238 words of extra memory for PDF output out of 10000 (max. 10000000)

