This is pdfTeX, Version 3.14159265-2.6-1.40.16 (TeX Live 2015) (preloaded format=pdflatex 2015.5.24)  17 FEB 2016 09:53
entering extended mode
 restricted \write18 enabled.
 file:line:error style messages enabled.
 %&-line parsing enabled.
**"ACC16.1 IRA.tex"
(./ACC16.1 IRA.tex
LaTeX2e <2015/01/01>
Babel <3.9l> and hyphenation patterns for 79 languages loaded.
(./ieeeconf.cls
Document Class: ieeeconf 2004/1/15 revision V1.6b by Pradeep Misra
\@IEEEtrantmpdimenA=\dimen102
\@IEEEtrantmpdimenB=\dimen103
\@IEEEtrantmpcountA=\count79
\@IEEEtrantmpcountB=\count80
\@IEEEtrantmptoksA=\toks14
LaTeX Font Info:    Try loading font information for OT1+ptm on input line 792.

(/usr/local/texlive/2015/texmf-dist/tex/latex/psnfss/ot1ptm.fd
File: ot1ptm.fd 2001/06/04 font definitions for OT1/ptm.
)
\@IEEEnormalsizefontbaselineskip=\skip41

-- This is a 10 point document.
\normalsizebaselineskip=\skip42
\normaljot=\skip43
LaTeX Font Info:    Font shape `OT1/ptm/bx/n' in size <5> not available
(Font)              Font shape `OT1/ptm/b/n' tried instead on input line 1111.
LaTeX Font Info:    Font shape `OT1/ptm/bx/it' in size <5> not available
(Font)              Font shape `OT1/ptm/b/it' tried instead on input line 1111.

LaTeX Font Info:    Font shape `OT1/ptm/bx/n' in size <7> not available
(Font)              Font shape `OT1/ptm/b/n' tried instead on input line 1111.
LaTeX Font Info:    Font shape `OT1/ptm/bx/it' in size <7> not available
(Font)              Font shape `OT1/ptm/b/it' tried instead on input line 1111.

LaTeX Font Info:    Font shape `OT1/ptm/bx/n' in size <8> not available
(Font)              Font shape `OT1/ptm/b/n' tried instead on input line 1111.
LaTeX Font Info:    Font shape `OT1/ptm/bx/it' in size <8> not available
(Font)              Font shape `OT1/ptm/b/it' tried instead on input line 1111.

LaTeX Font Info:    Font shape `OT1/ptm/bx/n' in size <9> not available
(Font)              Font shape `OT1/ptm/b/n' tried instead on input line 1111.
LaTeX Font Info:    Font shape `OT1/ptm/bx/it' in size <9> not available
(Font)              Font shape `OT1/ptm/b/it' tried instead on input line 1111.

LaTeX Font Info:    Font shape `OT1/ptm/bx/n' in size <10> not available
(Font)              Font shape `OT1/ptm/b/n' tried instead on input line 1111.
LaTeX Font Info:    Font shape `OT1/ptm/bx/it' in size <10> not available
(Font)              Font shape `OT1/ptm/b/it' tried instead on input line 1111.

LaTeX Font Info:    Font shape `OT1/ptm/bx/n' in size <11> not available
(Font)              Font shape `OT1/ptm/b/n' tried instead on input line 1111.
LaTeX Font Info:    Font shape `OT1/ptm/bx/it' in size <11> not available
(Font)              Font shape `OT1/ptm/b/it' tried instead on input line 1111.

LaTeX Font Info:    Font shape `OT1/ptm/bx/n' in size <12> not available
(Font)              Font shape `OT1/ptm/b/n' tried instead on input line 1111.
LaTeX Font Info:    Font shape `OT1/ptm/bx/it' in size <12> not available
(Font)              Font shape `OT1/ptm/b/it' tried instead on input line 1111.

LaTeX Font Info:    Font shape `OT1/ptm/bx/n' in size <16> not available
(Font)              Font shape `OT1/ptm/b/n' tried instead on input line 1111.
LaTeX Font Info:    Font shape `OT1/ptm/bx/it' in size <16> not available
(Font)              Font shape `OT1/ptm/b/it' tried instead on input line 1111.

LaTeX Font Info:    Font shape `OT1/ptm/bx/n' in size <20> not available
(Font)              Font shape `OT1/ptm/b/n' tried instead on input line 1111.
LaTeX Font Info:    Font shape `OT1/ptm/bx/it' in size <20> not available
(Font)              Font shape `OT1/ptm/b/it' tried instead on input line 1111.

LaTeX Font Info:    Font shape `OT1/ptm/bx/n' in size <24> not available
(Font)              Font shape `OT1/ptm/b/n' tried instead on input line 1111.
LaTeX Font Info:    Font shape `OT1/ptm/bx/it' in size <24> not available
(Font)              Font shape `OT1/ptm/b/it' tried instead on input line 1111.

\IEEEilabelindentA=\dimen104
\IEEEilabelindentB=\dimen105
\IEEEilabelindent=\dimen106
\IEEEelabelindent=\dimen107
\IEEEdlabelindent=\dimen108
\labelindent=\dimen109
\IEEEiednormlabelsep=\dimen110
\IEEEiedmathlabelsep=\dimen111
\IEEEiedtopsep=\skip44
\c@section=\count81
\c@subsection=\count82
\c@subsubsection=\count83
\c@paragraph=\count84
\c@IEEEsubequation=\count85
\abovecaptionskip=\skip45
\belowcaptionskip=\skip46
\c@figure=\count86
\c@table=\count87
\@IEEEeqnnumcols=\count88
\@IEEEeqncolcnt=\count89
\@IEEEtmpitemindent=\dimen112
\c@biography=\count90
\@IEEEtranrubishbin=\box26
)
** ATTENTION: Overriding command lockouts (line 2).
** ATTENTION: Overriding IEEE standard margins (line 2).
(/usr/local/texlive/2015/texmf-dist/tex/latex/amsmath/amsmath.sty
Package: amsmath 2013/01/14 v2.14 AMS math features
\@mathmargin=\skip47

For additional information on amsmath, use the `?' option.
(/usr/local/texlive/2015/texmf-dist/tex/latex/amsmath/amstext.sty
Package: amstext 2000/06/29 v2.01

(/usr/local/texlive/2015/texmf-dist/tex/latex/amsmath/amsgen.sty
File: amsgen.sty 1999/11/30 v2.0
\@emptytoks=\toks15
\ex@=\dimen113
))
(/usr/local/texlive/2015/texmf-dist/tex/latex/amsmath/amsbsy.sty
Package: amsbsy 1999/11/29 v1.2d
\pmbraise@=\dimen114
)
(/usr/local/texlive/2015/texmf-dist/tex/latex/amsmath/amsopn.sty
Package: amsopn 1999/12/14 v2.01 operator names
)
\inf@bad=\count91
LaTeX Info: Redefining \frac on input line 210.
\uproot@=\count92
\leftroot@=\count93
LaTeX Info: Redefining \overline on input line 306.
\classnum@=\count94
\DOTSCASE@=\count95
LaTeX Info: Redefining \ldots on input line 378.
LaTeX Info: Redefining \dots on input line 381.
LaTeX Info: Redefining \cdots on input line 466.
\Mathstrutbox@=\box27
\strutbox@=\box28
\big@size=\dimen115
LaTeX Font Info:    Redeclaring font encoding OML on input line 566.
LaTeX Font Info:    Redeclaring font encoding OMS on input line 567.
\macc@depth=\count96
\c@MaxMatrixCols=\count97
\dotsspace@=\muskip10
\c@parentequation=\count98
\dspbrk@lvl=\count99
\tag@help=\toks16
\row@=\count100
\column@=\count101
\maxfields@=\count102
\andhelp@=\toks17
\eqnshift@=\dimen116
\alignsep@=\dimen117
\tagshift@=\dimen118
\tagwidth@=\dimen119
\totwidth@=\dimen120
\lineht@=\dimen121
\@envbody=\toks18
\multlinegap=\skip48
\multlinetaggap=\skip49
\mathdisplay@stack=\toks19
LaTeX Info: Redefining \[ on input line 2665.
LaTeX Info: Redefining \] on input line 2666.
)
(/usr/local/texlive/2015/texmf-dist/tex/latex/amsfonts/amssymb.sty
Package: amssymb 2013/01/14 v3.01 AMS font symbols

(/usr/local/texlive/2015/texmf-dist/tex/latex/amsfonts/amsfonts.sty
Package: amsfonts 2013/01/14 v3.01 Basic AMSFonts support
\symAMSa=\mathgroup4
\symAMSb=\mathgroup5
LaTeX Font Info:    Overwriting math alphabet `\mathfrak' in version `bold'
(Font)                  U/euf/m/n --> U/euf/b/n on input line 106.
))
(/usr/local/texlive/2015/texmf-dist/tex/latex/url/url.sty
\Urlmuskip=\muskip11
Package: url 2013/09/16  ver 3.4  Verb mode for urls, etc.
)
(/usr/local/texlive/2015/texmf-dist/tex/latex/psnfss/times.sty
Package: times 2005/04/12 PSNFSS-v9.2a (SPQR) 
)
(/usr/local/texlive/2015/texmf-dist/tex/latex/subfigure/subfigure.sty
Package: subfigure 2002/03/15 v2.1.5 subfigure package


Package subfigure Warning: Your document class has a bad definition
 of \endfigure, most likely
 \let\endfigure=\end@float
 which has now been changed to
 \def\endfigure{\end@float}
 because otherwise subsequent changes to \end@float
 (like done by several packages changing float behaviour)
 can't take effect on \endfigure.
 Please complain to your document class author.


Package subfigure Warning: Your document class has a bad definition
 of \endtable, most likely
 \let\endtable=\end@float
 which has now been changed to
 \def\endtable{\end@float}
 because otherwise subsequent changes to \end@float
 (like done by several packages changing float behaviour)
 can't take effect on \endtable.
 Please complain to your document class author.

\subfigtopskip=\skip50
\subfigcapskip=\skip51
\subfigcaptopadj=\dimen122
\subfigbottomskip=\skip52
\subfigcapmargin=\dimen123
\subfiglabelskip=\skip53
\c@subfigure=\count103
\c@lofdepth=\count104
\c@subtable=\count105
\c@lotdepth=\count106
****************************************
* Local config file subfigure.cfg used *
****************************************
(/usr/local/texlive/2015/texmf-dist/tex/latex/subfigure/subfigure.cfg)
\subfig@top=\skip54
\subfig@bottom=\skip55
)
(/usr/local/texlive/2015/texmf-dist/tex/latex/graphics/graphicx.sty
Package: graphicx 2014/10/28 v1.0g Enhanced LaTeX Graphics (DPC,SPQR)

(/usr/local/texlive/2015/texmf-dist/tex/latex/graphics/keyval.sty
Package: keyval 2014/10/28 v1.15 key=value parser (DPC)
\KV@toks@=\toks20
)
(/usr/local/texlive/2015/texmf-dist/tex/latex/graphics/graphics.sty
Package: graphics 2014/10/28 v1.0p Standard LaTeX Graphics (DPC,SPQR)

(/usr/local/texlive/2015/texmf-dist/tex/latex/graphics/trig.sty
Package: trig 1999/03/16 v1.09 sin cos tan (DPC)
)
(/usr/local/texlive/2015/texmf-dist/tex/latex/latexconfig/graphics.cfg
File: graphics.cfg 2010/04/23 v1.9 graphics configuration of TeX Live
)
Package graphics Info: Driver file: pdftex.def on input line 94.

(/usr/local/texlive/2015/texmf-dist/tex/latex/pdftex-def/pdftex.def
File: pdftex.def 2011/05/27 v0.06d Graphics/color for pdfTeX

(/usr/local/texlive/2015/texmf-dist/tex/generic/oberdiek/infwarerr.sty
Package: infwarerr 2010/04/08 v1.3 Providing info/warning/error messages (HO)
)
(/usr/local/texlive/2015/texmf-dist/tex/generic/oberdiek/ltxcmds.sty
Package: ltxcmds 2011/11/09 v1.22 LaTeX kernel commands for general use (HO)
)
\Gread@gobject=\count107
))
\Gin@req@height=\dimen124
\Gin@req@width=\dimen125
)
(/usr/local/texlive/2015/texmf-dist/tex/latex/tools/theorem.sty
Package: theorem 2014/10/28 v2.2c Theorem extension package (FMi)
\theorem@style=\toks21
\theorem@bodyfont=\toks22
\theorempreskipamount=\skip56
\theorempostskipamount=\skip57

(/usr/local/texlive/2015/texmf-dist/tex/latex/tools/thp.sty
File: thp.sty 2014/10/28 v2.2c Theorem extension package (FMi)
))
(/usr/local/texlive/2015/texmf-dist/tex/latex/hyperref/hyperref.sty
Package: hyperref 2012/11/06 v6.83m Hypertext links for LaTeX

(/usr/local/texlive/2015/texmf-dist/tex/generic/oberdiek/hobsub-hyperref.sty
Package: hobsub-hyperref 2012/05/28 v1.13 Bundle oberdiek, subset hyperref (HO)


(/usr/local/texlive/2015/texmf-dist/tex/generic/oberdiek/hobsub-generic.sty
Package: hobsub-generic 2012/05/28 v1.13 Bundle oberdiek, subset generic (HO)
Package: hobsub 2012/05/28 v1.13 Construct package bundles (HO)
Package hobsub Info: Skipping package `infwarerr' (already loaded).
Package hobsub Info: Skipping package `ltxcmds' (already loaded).
Package: ifluatex 2010/03/01 v1.3 Provides the ifluatex switch (HO)
Package ifluatex Info: LuaTeX not detected.
Package: ifvtex 2010/03/01 v1.5 Detect VTeX and its facilities (HO)
Package ifvtex Info: VTeX not detected.
Package: intcalc 2007/09/27 v1.1 Expandable calculations with integers (HO)
Package: ifpdf 2011/01/30 v2.3 Provides the ifpdf switch (HO)
Package ifpdf Info: pdfTeX in PDF mode is detected.
Package: etexcmds 2011/02/16 v1.5 Avoid name clashes with e-TeX commands (HO)
Package etexcmds Info: Could not find \expanded.
(etexcmds)             That can mean that you are not using pdfTeX 1.50 or
(etexcmds)             that some package has redefined \expanded.
(etexcmds)             In the latter case, load this package earlier.
Package: kvsetkeys 2012/04/25 v1.16 Key value parser (HO)
Package: kvdefinekeys 2011/04/07 v1.3 Define keys (HO)
Package: pdftexcmds 2011/11/29 v0.20 Utility functions of pdfTeX for LuaTeX (HO
)
Package pdftexcmds Info: LuaTeX not detected.
Package pdftexcmds Info: \pdf@primitive is available.
Package pdftexcmds Info: \pdf@ifprimitive is available.
Package pdftexcmds Info: \pdfdraftmode found.
Package: pdfescape 2011/11/25 v1.13 Implements pdfTeX's escape features (HO)
Package: bigintcalc 2012/04/08 v1.3 Expandable calculations on big integers (HO
)
Package: bitset 2011/01/30 v1.1 Handle bit-vector datatype (HO)
Package: uniquecounter 2011/01/30 v1.2 Provide unlimited unique counter (HO)
)
Package hobsub Info: Skipping package `hobsub' (already loaded).
Package: letltxmacro 2010/09/02 v1.4 Let assignment for LaTeX macros (HO)
Package: hopatch 2012/05/28 v1.2 Wrapper for package hooks (HO)
Package: xcolor-patch 2011/01/30 xcolor patch
Package: atveryend 2011/06/30 v1.8 Hooks at the very end of document (HO)
Package atveryend Info: \enddocument detected (standard20110627).
Package: atbegshi 2011/10/05 v1.16 At begin shipout hook (HO)
Package: refcount 2011/10/16 v3.4 Data extraction from label references (HO)
Package: hycolor 2011/01/30 v1.7 Color options for hyperref/bookmark (HO)
)
(/usr/local/texlive/2015/texmf-dist/tex/generic/ifxetex/ifxetex.sty
Package: ifxetex 2010/09/12 v0.6 Provides ifxetex conditional
)
(/usr/local/texlive/2015/texmf-dist/tex/latex/oberdiek/auxhook.sty
Package: auxhook 2011/03/04 v1.3 Hooks for auxiliary files (HO)
)
(/usr/local/texlive/2015/texmf-dist/tex/latex/oberdiek/kvoptions.sty
Package: kvoptions 2011/06/30 v3.11 Key value format for package options (HO)
)
\@linkdim=\dimen126
\Hy@linkcounter=\count108
\Hy@pagecounter=\count109

(/usr/local/texlive/2015/texmf-dist/tex/latex/hyperref/pd1enc.def
File: pd1enc.def 2012/11/06 v6.83m Hyperref: PDFDocEncoding definition (HO)
)
\Hy@SavedSpaceFactor=\count110

(/usr/local/texlive/2015/texmf-dist/tex/latex/latexconfig/hyperref.cfg
File: hyperref.cfg 2002/06/06 v1.2 hyperref configuration of TeXLive
)
Package hyperref Info: Hyper figures OFF on input line 4443.
Package hyperref Info: Link nesting OFF on input line 4448.
Package hyperref Info: Hyper index ON on input line 4451.
Package hyperref Info: Plain pages OFF on input line 4458.
Package hyperref Info: Backreferencing OFF on input line 4463.
Package hyperref Info: Implicit mode ON; LaTeX internals redefined.
Package hyperref Info: Bookmarks ON on input line 4688.
\c@Hy@tempcnt=\count111
LaTeX Info: Redefining \url on input line 5041.
\XeTeXLinkMargin=\dimen127
\Fld@menulength=\count112
\Field@Width=\dimen128
\Fld@charsize=\dimen129
Package hyperref Info: Hyper figures OFF on input line 6295.
Package hyperref Info: Link nesting OFF on input line 6300.
Package hyperref Info: Hyper index ON on input line 6303.
Package hyperref Info: backreferencing OFF on input line 6310.
Package hyperref Info: Link coloring OFF on input line 6315.
Package hyperref Info: Link coloring with OCG OFF on input line 6320.
Package hyperref Info: PDF/A mode OFF on input line 6325.
LaTeX Info: Redefining \ref on input line 6365.
LaTeX Info: Redefining \pageref on input line 6369.
\Hy@abspage=\count113
\c@Item=\count114
\c@Hfootnote=\count115
)

Package hyperref Message: Driver (autodetected): hpdftex.

(/usr/local/texlive/2015/texmf-dist/tex/latex/hyperref/hpdftex.def
File: hpdftex.def 2012/11/06 v6.83m Hyperref driver for pdfTeX
\Fld@listcount=\count116
\c@bookmark@seq@number=\count117

(/usr/local/texlive/2015/texmf-dist/tex/latex/oberdiek/rerunfilecheck.sty
Package: rerunfilecheck 2011/04/15 v1.7 Rerun checks for auxiliary files (HO)
Package uniquecounter Info: New unique counter `rerunfilecheck' on input line 2
82.
)
\Hy@SectionHShift=\skip58
)
(/usr/local/texlive/2015/texmf-dist/tex/latex/graphics/color.sty
Package: color 2014/10/28 v1.1a Standard LaTeX Color (DPC)

(/usr/local/texlive/2015/texmf-dist/tex/latex/latexconfig/color.cfg
File: color.cfg 2007/01/18 v1.5 color configuration of teTeX/TeXLive
)
Package color Info: Driver file: pdftex.def on input line 142.
)
(/usr/local/texlive/2015/texmf-dist/tex/latex/comment/comment.sty
\CommentStream=\write3

Excluding comment 'comment')
(/usr/local/texlive/2015/texmf-dist/tex/latex/csquotes/csquotes.sty
Package: csquotes 2015/04/15 v5.1e context-sensitive quotations (JAW)

(/usr/local/texlive/2015/texmf-dist/tex/latex/etoolbox/etoolbox.sty
Package: etoolbox 2015/05/04 v2.2 e-TeX tools for LaTeX (JAW)
\etb@tempcnta=\count118
)
\csq@reset=\count119
\csq@gtype=\count120
\csq@glevel=\count121
\csq@qlevel=\count122
\csq@maxlvl=\count123
\csq@tshold=\count124
\csq@ltx@everypar=\toks23

(/usr/local/texlive/2015/texmf-dist/tex/latex/csquotes/csquotes.def
File: csquotes.def 2015/04/15 v5.1e csquotes generic definitions (JAW)
)
Package csquotes Info: Trying to load configuration file 'csquotes.cfg'...
Package csquotes Info: ... configuration file loaded successfully.

(/usr/local/texlive/2015/texmf-dist/tex/latex/csquotes/csquotes.cfg
File: csquotes.cfg 
))
(/usr/local/texlive/2015/texmf-dist/tex/latex/eepic/epic.sty
Enhancements to Picture Environment. Version 1.2 - Released June 1, 1986
\@@multicnt=\count125
\d@lta=\count126
\@delta=\dimen130
\@@delta=\dimen131
\@gridcnt=\count127
\@joinkind=\count128
\@dotgap=\dimen132
\@ddotgap=\dimen133
\@x@diff=\count129
\@y@diff=\count130
\x@diff=\dimen134
\y@diff=\dimen135
\@dotbox=\box29
\num@segments=\count131
\num@segmentsi=\count132
\@datafile=\read1
) (/usr/local/texlive/2015/texmf-dist/tex/latex/eepic/eepic.sty
Extension to Epic and LaTeX. Version 1.1e - Released Dec 21, 1999
\@gphlinewidth=\count133
\@eepictcnt=\count134
\@tempdimc=\dimen136
\maxovaldiam=\dimen137
\@filltype=\box30
) (/usr/local/texlive/2015/texmf-dist/tex/latex/algorithm2e/algorithm2e.sty
Package: algorithm2e 2013/01/06 v5.00 algorithms environments
\c@AlgoLine=\count135

(/usr/local/texlive/2015/texmf-dist/tex/latex/base/ifthen.sty
Package: ifthen 2014/09/29 v1.1c Standard LaTeX ifthen package (DPC)
)
(/usr/local/texlive/2015/texmf-dist/tex/latex/tools/xspace.sty
Package: xspace 2014/10/28 v1.13 Space after command names (DPC,MH)
)
(/usr/local/texlive/2015/texmf-dist/tex/latex/relsize/relsize.sty
Package: relsize 2013/03/29 ver 4.1
)
********************************************************
Package `algorithm2e' Release 5.0 -- january 06 2013 --
- algorithm2e-announce@lirmm.fr mailing list for announcement about releases
- algorithm2e-discussion@lirmm.fr mailing list for discussion about package
subscribe by emailing sympa@lirmm.fr with 'subscribe <list> <firstname name>'
- Author: Christophe Fiorio (cfiorio@um2.fr)
********************************************************
\skiptotal=\skip59
\skiplinenumber=\skip60
\skiprule=\skip61
\skiphlne=\skip62
\skiptext=\skip63
\skiplength=\skip64
\algomargin=\skip65
\skipalgocfslide=\skip66
\algowidth=\dimen138
\inoutsize=\dimen139
\inoutindent=\dimen140
\interspacetitleruled=\dimen141
\interspacealgoruled=\dimen142
\interspacetitleboxruled=\dimen143
\algocf@inoutbox=\box31
\algocf@inputbox=\box32
\AlCapSkip=\skip67
\AlCapHSkip=\skip68
\algoskipindent=\skip69
\algocf@nlbox=\box33
\algocf@hangingbox=\box34
\algocf@untilbox=\box35
\algocf@skipuntil=\skip70
\algocf@capbox=\box36
\algoheightruledefault=\skip71
\algoheightrule=\skip72
\algotitleheightruledefault=\skip73
\algotitleheightrule=\skip74
\c@algocfline=\count136
\c@algocfproc=\count137
\c@algocf=\count138
\algocf@algoframe=\box37
\algocf@algobox=\box38
)
\c@definition=\count139
\c@lem=\count140
\c@prop=\count141
\c@cor=\count142
\c@remark=\count143
Package csquotes Info: Checking for multilingual support...
Package csquotes Info: ... none found.
 (./ACC16.1 IRA.aux)
\openout1 = `"ACC16.1 IRA.aux"'.

LaTeX Font Info:    Checking defaults for OML/cmm/m/it on input line 83.
LaTeX Font Info:    ... okay on input line 83.
LaTeX Font Info:    Checking defaults for T1/cmr/m/n on input line 83.
LaTeX Font Info:    ... okay on input line 83.
LaTeX Font Info:    Checking defaults for OT1/cmr/m/n on input line 83.
LaTeX Font Info:    ... okay on input line 83.
LaTeX Font Info:    Checking defaults for OMS/cmsy/m/n on input line 83.
LaTeX Font Info:    ... okay on input line 83.
LaTeX Font Info:    Checking defaults for OMX/cmex/m/n on input line 83.
LaTeX Font Info:    ... okay on input line 83.
LaTeX Font Info:    Checking defaults for U/cmr/m/n on input line 83.
LaTeX Font Info:    ... okay on input line 83.
LaTeX Font Info:    Checking defaults for PD1/pdf/m/n on input line 83.
LaTeX Font Info:    ... okay on input line 83.

(/usr/local/texlive/2015/texmf-dist/tex/context/base/supp-pdf.mkii
[Loading MPS to PDF converter (version 2006.09.02).]
\scratchcounter=\count144
\scratchdimen=\dimen144
\scratchbox=\box39
\nofMPsegments=\count145
\nofMParguments=\count146
\everyMPshowfont=\toks24
\MPscratchCnt=\count147
\MPscratchDim=\dimen145
\MPnumerator=\count148
\makeMPintoPDFobject=\count149
\everyMPtoPDFconversion=\toks25
) (/usr/local/texlive/2015/texmf-dist/tex/latex/oberdiek/epstopdf-base.sty
Package: epstopdf-base 2010/02/09 v2.5 Base part for package epstopdf

(/usr/local/texlive/2015/texmf-dist/tex/latex/oberdiek/grfext.sty
Package: grfext 2010/08/19 v1.1 Manage graphics extensions (HO)
)
Package grfext Info: Graphics extension search list:
(grfext)             [.png,.pdf,.jpg,.mps,.jpeg,.jbig2,.jb2,.PNG,.PDF,.JPG,.JPE
G,.JBIG2,.JB2,.eps]
(grfext)             \AppendGraphicsExtensions on input line 452.

(/usr/local/texlive/2015/texmf-dist/tex/latex/latexconfig/epstopdf-sys.cfg
File: epstopdf-sys.cfg 2010/07/13 v1.3 Configuration of (r)epstopdf for TeX Liv
e
))
\AtBeginShipoutBox=\box40
Package hyperref Info: Link coloring OFF on input line 83.

(/usr/local/texlive/2015/texmf-dist/tex/latex/hyperref/nameref.sty
Package: nameref 2012/10/27 v2.43 Cross-referencing by name of section

(/usr/local/texlive/2015/texmf-dist/tex/generic/oberdiek/gettitlestring.sty
Package: gettitlestring 2010/12/03 v1.4 Cleanup title references (HO)
)
\c@section@level=\count150
)
LaTeX Info: Redefining \ref on input line 83.
LaTeX Info: Redefining \pageref on input line 83.
LaTeX Info: Redefining \nameref on input line 83.

(./ACC16.1 IRA.out) (./ACC16.1 IRA.out)
\@outlinefile=\write4
\openout4 = `"ACC16.1 IRA.out"'.

LaTeX Font Info:    Try loading font information for U+msa on input line 87.

(/usr/local/texlive/2015/texmf-dist/tex/latex/amsfonts/umsa.fd
File: umsa.fd 2013/01/14 v3.01 AMS symbols A
)
LaTeX Font Info:    Try loading font information for U+msb on input line 87.

(/usr/local/texlive/2015/texmf-dist/tex/latex/amsfonts/umsb.fd
File: umsb.fd 2013/01/14 v3.01 AMS symbols B
)
LaTeX Font Info:    Try loading font information for OT1+pcr on input line 87.

(/usr/local/texlive/2015/texmf-dist/tex/latex/psnfss/ot1pcr.fd
File: ot1pcr.fd 2001/06/04 font definitions for OT1/pcr.
)
LaTeX Font Info:    Try loading font information for OMS+pcr on input line 87.

(/usr/local/texlive/2015/texmf-dist/tex/latex/psnfss/omspcr.fd
File: omspcr.fd 
)
LaTeX Font Info:    Font shape `OMS/pcr/m/n' in size <8> not available
(Font)              Font shape `OMS/cmsy/m/n' tried instead on input line 87.

Underfull \hbox (badness 4634) in paragraph at lines 87--87
[][][]\OT1/ptm/m/n/8 Evan Kauf-man, Taey-oung Lee, Me-chan-i-cal and Aerospace 
En-
 []


Underfull \hbox (badness 8132) in paragraph at lines 87--87
\OT1/ptm/m/n/8 gi-neer-ing, George Wash-ing-ton Uni-ver-sity, Wash-ing-ton DC 2
0052
 []


LaTeX Warning: Citation `WolSuk05' on page 1 undefined on input line 96.


LaTeX Warning: Citation `WurHorBenStaBur10' on page 1 undefined on input line 9
6.


LaTeX Warning: Citation `MonThrKolWeg02' on page 1 undefined on input line 97.


LaTeX Warning: Citation `ThrBurFox05' on page 1 undefined on input line 101.


LaTeX Warning: Citation `MorElf85' on page 1 undefined on input line 104.


LaTeX Warning: Citation `Elf89' on page 1 undefined on input line 104.


LaTeX Warning: Citation `ChoLynHutKanBurKavThr05' on page 1 undefined on input 
line 106.


LaTeX Warning: Citation `And09' on page 1 undefined on input line 106.


LaTeX Warning: Citation `PirRutBisSch11' on page 1 undefined on input line 106.



LaTeX Warning: Citation `ThrBurFox05' on page 1 undefined on input line 108.


LaTeX Warning: Citation `Thr01' on page 1 undefined on input line 108.

[1{/usr/local/texlive/2015/texmf-var/fonts/map/pdftex/updmap/pdftex.map}


]

LaTeX Warning: Citation `ThrBurFox05' on page 2 undefined on input line 142.


LaTeX Warning: Citation `ThrBurFox05' on page 2 undefined on input line 182.


LaTeX Warning: Citation `Thr01' on page 2 undefined on input line 183.


LaTeX Warning: Citation `Thr03' on page 2 undefined on input line 183.


LaTeX Warning: Citation `MorElf85' on page 2 undefined on input line 183.


LaTeX Warning: Citation `Elf89' on page 2 undefined on input line 183.


Underfull \hbox (badness 2486) in paragraph at lines 224--225
\OT1/ptm/m/n/10 is known. Here we con-struct a pos-te-ri-ori prob-a-bil-ity
 []

[2]
Underfull \hbox (badness 10000) in paragraph at lines 284--286
\OT1/ptm/m/it/10 where it is con-sid-ered $\OML/cmm/m/it/10 P\OT1/cmr/m/n/10 ([
]\OMS/cmsy/m/n/10 j\OML/cmm/m/it/10 X[]; Z[]\OT1/cmr/m/n/10 ) =
 []


Underfull \hbox (badness 5578) in paragraph at lines 348--349
\OT1/ptm/m/n/10 and its com-pli-ment $\OML/cmm/m/it/10 P\OT1/cmr/m/n/10 ([]\OMS
/cmsy/m/n/10 j\OML/cmm/m/it/10 X[]; Z[]\OT1/cmr/m/n/10 ) = 1 \OMS/cmsy/m/n/10 ^
^@
 []


Underfull \hbox (badness 10000) in paragraph at lines 368--371
\OT1/ptm/m/n/10 Alternatively, mea-sure-ments from mul-ti-ple rays
 []


Underfull \hbox (badness 10000) in paragraph at lines 368--371
\OT1/ptm/m/n/10 can be in-te-grated syn-er-gis-ti-cally, based on the
 []


Underfull \hbox (badness 2980) in paragraph at lines 439--444
\OT1/ptm/m/n/10 cell $\OT1/cmr/bx/n/10 m[]$\OT1/ptm/m/n/10 , where $\OT1/cmr/bx
/n/10 r[]$ \OT1/ptm/m/n/10 cor-re-sponds to the cell $\OT1/cmr/bx/n/10 m[]$ \OT
1/ptm/m/n/10 in
 []


Underfull \hbox (badness 2326) in paragraph at lines 439--444
\OML/cmm/m/it/10 P\OT1/cmr/m/n/10 (\OT1/cmr/bx/n/10 m[]\OMS/cmsy/m/n/10 j\OML/c
mm/m/it/10 z[]; X[]; Z[]\OT1/cmr/m/n/10 ) = \OML/cmm/m/it/10 P\OT1/cmr/m/n/10 (
\OT1/cmr/bx/n/10 r[]\OMS/cmsy/m/n/10 j\OML/cmm/m/it/10 z[]; X[]; Z[]\OT1/cmr/m/
n/10 ) =
 []

[3]
Overfull \hbox (2.11258pt too wide) in paragraph at lines 506--506
[] 
 []


Overfull \hbox (6.51839pt too wide) in paragraph at lines 513--549
[][] 
 []

<Compare_ISM_1.png, id=132, 258.9675pt x 259.7203pt>
File: Compare_ISM_1.png Graphic file (type png)
 <use Compare_ISM_1.png>
Package pdftex.def Info: Compare_ISM_1.png used on input line 597.
(pdftex.def)             Requested size: 97.9977pt x 98.28574pt.

<Compare_Approx_1.png, id=134, 259.7203pt x 259.7203pt>
File: Compare_Approx_1.png Graphic file (type png)

<use Compare_Approx_1.png>
Package pdftex.def Info: Compare_Approx_1.png used on input line 597.
(pdftex.def)             Requested size: 98.28258pt x 98.28574pt.

<Compare_ISM_2.png, id=135, 259.7203pt x 259.7203pt>
File: Compare_ISM_2.png Graphic file (type png)
 <use Compare_ISM_2.png>
Package pdftex.def Info: Compare_ISM_2.png used on input line 605.
(pdftex.def)             Requested size: 98.28258pt x 98.28574pt.

<Compare_Approx_2.png, id=136, 259.7203pt x 258.9675pt>
File: Compare_Approx_2.png Graphic file (type png)

<use Compare_Approx_2.png>
Package pdftex.def Info: Compare_Approx_2.png used on input line 605.
(pdftex.def)             Requested size: 98.57188pt x 98.28574pt.

<Compare_ISM_3.png, id=137, 258.9675pt x 260.47313pt>
File: Compare_ISM_3.png Graphic file (type png)
 <use Compare_ISM_3.png>
Package pdftex.def Info: Compare_ISM_3.png used on input line 613.
(pdftex.def)             Requested size: 97.71715pt x 98.28574pt.

<Compare_Approx_3.png, id=138, 260.47313pt x 260.47313pt>
File: Compare_Approx_3.png Graphic file (type png)

<use Compare_Approx_3.png>
Package pdftex.def Info: Compare_Approx_3.png used on input line 613.
(pdftex.def)             Requested size: 98.28528pt x 98.28574pt.

<Compare_ISM_4.png, id=139, 261.22594pt x 260.47313pt>
File: Compare_ISM_4.png Graphic file (type png)
 <use Compare_ISM_4.png>
Package pdftex.def Info: Compare_ISM_4.png used on input line 621.
(pdftex.def)             Requested size: 98.56932pt x 98.28574pt.

<Compare_Approx_4.png, id=140, 261.22594pt x 260.47313pt>
File: Compare_Approx_4.png Graphic file (type png)

<use Compare_Approx_4.png>
Package pdftex.def Info: Compare_Approx_4.png used on input line 621.
(pdftex.def)             Requested size: 98.56932pt x 98.28574pt.

<Compare_ISM_5.png, id=141, 261.22594pt x 260.47313pt>
File: Compare_ISM_5.png Graphic file (type png)
 <use Compare_ISM_5.png>
Package pdftex.def Info: Compare_ISM_5.png used on input line 629.
(pdftex.def)             Requested size: 98.56932pt x 98.28574pt.

<Compare_Approx_5.png, id=142, 259.7203pt x 259.7203pt>
File: Compare_Approx_5.png Graphic file (type png)

<use Compare_Approx_5.png>
Package pdftex.def Info: Compare_Approx_5.png used on input line 629.
(pdftex.def)             Requested size: 98.28258pt x 98.28574pt.


LaTeX Warning: Float too large for page by 1.67218pt on input line 634.


LaTeX Warning: Citation `PirRutBisSch11' on page 4 undefined on input line 644.



LaTeX Warning: Citation `KhoElb12' on page 4 undefined on input line 644.


LaTeX Warning: Citation `And09' on page 4 undefined on input line 653.

[4]

LaTeX Warning: Citation `ThrBurFox05' on page 5 undefined on input line 680.


LaTeX Warning: Citation `KhoElb12' on page 5 undefined on input line 680.


LaTeX Warning: Citation `DevBK86' on page 5 undefined on input line 680.

[5 <./Compare_ISM_1.png> <./Compare_Approx_1.png> <./Compare_ISM_2.png> <./Comp
are_Approx_2.png> <./Compare_ISM_3.png> <./Compare_Approx_3.png> <./Compare_ISM
_4.png> <./Compare_Approx_4.png> <./Compare_ISM_5.png> <./Compare_Approx_5.png>
] <EntropyEvolution.png, id=197, 421.575pt x 316.18124pt>
File: EntropyEvolution.png Graphic file (type png)

<use EntropyEvolution.png>
Package pdftex.def Info: EntropyEvolution.png used on input line 708.
(pdftex.def)             Requested size: 98.28534pt x 73.71617pt.

<Compare_ISM_H.png, id=198, 260.47313pt x 259.7203pt>
File: Compare_ISM_H.png Graphic file (type png)
 <use Compare_ISM_H.png>
Package pdftex.def Info: Compare_ISM_H.png used on input line 708.
(pdftex.def)             Requested size: 73.92957pt x 73.71617pt.

<Compare_Approx_H.png, id=199, 260.47313pt x 258.9675pt>
File: Compare_Approx_H.png Graphic file (type png)

<use Compare_Approx_H.png>
Package pdftex.def Info: Compare_Approx_H.png used on input line 708.
(pdftex.def)             Requested size: 74.1442pt x 73.71617pt.


LaTeX Warning: Citation `KhoElb12' on page 6 undefined on input line 719.


LaTeX Warning: Citation `PirRutBisSch11' on page 6 undefined on input line 719.



LaTeX Warning: Citation `KhoElb12' on page 6 undefined on input line 719.

<TestSetup.jpg, id=201, 870.25125pt x 702.625pt>
File: TestSetup.jpg Graphic file (type jpg)
 <use TestSetup.jpg>
Package pdftex.def Info: TestSetup.jpg used on input line 761.
(pdftex.def)             Requested size: 91.29276pt x 73.71617pt.

<KinectDeskISM.png, id=202, 349.305pt x 348.30125pt>
File: KinectDeskISM.png Graphic file (type png)
 <use KinectDeskISM.png>
Package pdftex.def Info: KinectDeskISM.png used on input line 761.
(pdftex.def)             Requested size: 73.92651pt x 73.71617pt.

<KinectDeskISM_H.png, id=203, 350.30875pt x 349.305pt>
File: KinectDeskISM_H.png Graphic file (type png)

<use KinectDeskISM_H.png>
Package pdftex.def Info: KinectDeskISM_H.png used on input line 761.
(pdftex.def)             Requested size: 73.92514pt x 73.71617pt.
 <KinectView.jpg, id=204, 1003.75pt x 827.09pt>
File: KinectView.jpg Graphic file (type jpg)

<use KinectView.jpg>
Package pdftex.def Info: KinectView.jpg used on input line 772.
(pdftex.def)             Requested size: 89.46059pt x 73.71617pt.
 <KinectDeskApprox.png, id=205, 349.305pt x 348.30125pt>
File: KinectDeskApprox.png Graphic file (type png)

<use KinectDeskApprox.png>
Package pdftex.def Info: KinectDeskApprox.png used on input line 772.
(pdftex.def)             Requested size: 73.92651pt x 73.71617pt.

<KinectDeskApprox_H.png, id=206, 349.305pt x 347.2975pt>
File: KinectDeskApprox_H.png Graphic file (type png)

<use KinectDeskApprox_H.png>
Package pdftex.def Info: KinectDeskApprox_H.png used on input line 772.
(pdftex.def)             Requested size: 74.13971pt x 73.71617pt.

Overfull \hbox (4.90776pt too wide) in paragraph at lines 804--804
[] 
 []

[6 <./EntropyEvolution.png (PNG copy)> <./Compare_ISM_H.png> <./Compare_Approx_
H.png> <./TestSetup.jpg> <./KinectDeskISM.png> <./KinectDeskISM_H.png> <./Kinec
tView.jpg> <./KinectDeskApprox.png> <./KinectDeskApprox_H.png>]
Overfull \hbox (1.55756pt too wide) in paragraph at lines 824--824
[] 
 []


Overfull \hbox (2.86938pt too wide) in paragraph at lines 920--920
[] 
 []


Underfull \hbox (badness 10000) in paragraph at lines 938--940
\OT1/ptm/m/n/10 where $\OML/cmm/m/it/10 p\OT1/cmr/m/n/10 (\OML/cmm/m/it/10 z[]\
OMS/cmsy/m/n/10 j\OT1/cmr/bx/n/10 r[]\OML/cmm/m/it/10 ; X[]\OT1/cmr/m/n/10 )$ \
OT1/ptm/m/n/10 cor-re-sponds to the
 []


Underfull \hbox (badness 10000) in paragraph at lines 938--940
\OT1/ptm/m/n/10 for-ward sen-sor model of max-i-mum read-ing and
 []


Underfull \hbox (badness 3396) in paragraph at lines 938--940
\OML/cmm/m/it/10 P\OT1/cmr/m/n/10 (\OT1/cmr/bx/n/10 r[]\OMS/cmsy/m/n/10 j\OML/c
mm/m/it/10 X[]; Z[]\OT1/cmr/m/n/10 ) = 1$ \OT1/ptm/m/n/10 for con-ve-nience for

 []

No file "ACC16.1 IRA".bbl.

** Conference Paper **
Before submitting the final camera ready copy, remember to:

 1. Manually equalize the lengths of two columns on the last page
 of your paper;

 2. Ensure that any PostScript and/or PDF output post-processing
 uses only Type 1 fonts and that every step in the generation
 process uses the US letter (8.5in X 11in) paper size.

Package atveryend Info: Empty hook `BeforeClearDocument' on input line 1111.
[7]
Package atveryend Info: Empty hook `AfterLastShipout' on input line 1111.
 (./ACC16.1 IRA.aux)
Package atveryend Info: Executing hook `AtVeryEndDocument' on input line 1111.
Package atveryend Info: Executing hook `AtEndAfterFileList' on input line 1111.

Package rerunfilecheck Info: File `"ACC16.1 IRA".out' has not changed.
(rerunfilecheck)             Checksum: 9E33BA6478C3073BAD5DE200B66B34B5;1019.


LaTeX Warning: There were undefined references.

Package atveryend Info: Empty hook `AtVeryVeryEnd' on input line 1111.
 ) 
Here is how much of TeX's memory you used:
 9475 strings out of 493089
 139010 string characters out of 6134842
 283628 words of memory out of 5000000
 12734 multiletter control sequences out of 15000+600000
 43236 words of font info for 93 fonts, out of 8000000 for 9000
 1141 hyphenation exceptions out of 8191
 29i,18n,30p,1031b,440s stack positions out of 5000i,500n,10000p,200000b,80000s
{/usr/local/texlive/2015/texmf-dist/fonts/enc/dvips/base/8r.enc}</usr/local/t
exlive/2015/texmf-dist/fonts/type1/public/amsfonts/cm/cmbx10.pfb></usr/local/te
xlive/2015/texmf-dist/fonts/type1/public/amsfonts/cm/cmbx5.pfb></usr/local/texl
ive/2015/texmf-dist/fonts/type1/public/amsfonts/cm/cmbx6.pfb></usr/local/texliv
e/2015/texmf-dist/fonts/type1/public/amsfonts/cm/cmbx7.pfb></usr/local/texlive/
2015/texmf-dist/fonts/type1/public/amsfonts/cm/cmbx8.pfb></usr/local/texlive/20
15/texmf-dist/fonts/type1/public/amsfonts/cm/cmex10.pfb></usr/local/texlive/201
5/texmf-dist/fonts/type1/public/amsfonts/cmextra/cmex7.pfb></usr/local/texlive/
2015/texmf-dist/fonts/type1/public/amsfonts/cmextra/cmex8.pfb></usr/local/texli
ve/2015/texmf-dist/fonts/type1/public/amsfonts/cm/cmmi10.pfb></usr/local/texliv
e/2015/texmf-dist/fonts/type1/public/amsfonts/cm/cmmi5.pfb></usr/local/texlive/
2015/texmf-dist/fonts/type1/public/amsfonts/cm/cmmi6.pfb></usr/local/texlive/20
15/texmf-dist/fonts/type1/public/amsfonts/cm/cmmi7.pfb></usr/local/texlive/2015
/texmf-dist/fonts/type1/public/amsfonts/cm/cmmi8.pfb></usr/local/texlive/2015/t
exmf-dist/fonts/type1/public/amsfonts/cm/cmr10.pfb></usr/local/texlive/2015/tex
mf-dist/fonts/type1/public/amsfonts/cm/cmr5.pfb></usr/local/texlive/2015/texmf-
dist/fonts/type1/public/amsfonts/cm/cmr6.pfb></usr/local/texlive/2015/texmf-dis
t/fonts/type1/public/amsfonts/cm/cmr7.pfb></usr/local/texlive/2015/texmf-dist/f
onts/type1/public/amsfonts/cm/cmr8.pfb></usr/local/texlive/2015/texmf-dist/font
s/type1/public/amsfonts/cm/cmsy10.pfb></usr/local/texlive/2015/texmf-dist/fonts
/type1/public/amsfonts/cm/cmsy5.pfb></usr/local/texlive/2015/texmf-dist/fonts/t
ype1/public/amsfonts/cm/cmsy6.pfb></usr/local/texlive/2015/texmf-dist/fonts/typ
e1/public/amsfonts/cm/cmsy7.pfb></usr/local/texlive/2015/texmf-dist/fonts/type1
/public/amsfonts/cm/cmsy8.pfb></usr/local/texlive/2015/texmf-dist/fonts/type1/p
ublic/amsfonts/symbols/msam10.pfb></usr/local/texlive/2015/texmf-dist/fonts/typ
e1/public/amsfonts/symbols/msbm10.pfb></usr/local/texlive/2015/texmf-dist/fonts
/type1/urw/courier/ucrr8a.pfb></usr/local/texlive/2015/texmf-dist/fonts/type1/u
rw/times/utmb8a.pfb></usr/local/texlive/2015/texmf-dist/fonts/type1/urw/times/u
tmbi8a.pfb></usr/local/texlive/2015/texmf-dist/fonts/type1/urw/times/utmr8a.pfb
></usr/local/texlive/2015/texmf-dist/fonts/type1/urw/times/utmri8a.pfb>
Output written on "ACC16.1 IRA.pdf" (7 pages, 753214 bytes).
PDF statistics:
 373 PDF objects out of 1000 (max. 8388607)
 296 compressed objects within 3 object streams
 78 named destinations out of 1000 (max. 500000)
 224 words of extra memory for PDF output out of 10000 (max. 10000000)

